CREATE (n0 :L1:L2{k17 : false, k16 : 1124238001, k11 : false, id : 0, k6 : "u", k10 : "g", k7 : true, k8 : "jCLRM2", k12 : -273781868, k9 : false, k15 : true, k14 : 850497236})
CREATE (n0 :L1{k11 : false, id : 1, k6 : "1", k10 : "3", k7 : true, k8 : "jCLRM2", k9 : false})
CREATE (n0 :L1{k11 : false, id : 2, k6 : "tiQ", k10 : "u", k8 : "yJ", k9 : true})
CREATE (n0 :L0:L2:L6{k0 : "j", k1 : false, k40 : false, k2 : 1324238974, k3 : "i", k42 : "R", k4 : true, k41 : true, k5 : "c", k43 : "G3", k13 : "8hb", k15 : false, k37 : "r5z", k14 : -1414990596, k17 : false, k39 : true, k16 : -523195554, k38 : -556332152, id : 3})
CREATE (n0 :L0:L3:L4{k0 : "NHfyKvFmL", k2 : -1029454397, k3 : "rhEGEtX", k20 : true, k5 : "4AGcMe8nA", k22 : "C", k21 : -1601545096, k24 : 237668661, k23 : 1606931480, k26 : "rG", k28 : true, k27 : false, k19 : true, k18 : 313978232, k29 : "H", id : 4})
CREATE (n0 :L4{k28 : true, k27 : true, k29 : "z", id : 5, k25 : true})
CREATE (n0 :L5:L2:L1{k31 : "T", k30 : -631783745, k33 : false, k11 : true, k32 : false, k6 : "b5K", k35 : -787479639, k13 : "dgOGjxMck", k7 : false, k34 : "5DbNA", k12 : 1355149169, k8 : "ErJEJtbSo", k15 : false, k36 : "vdzIfDmK", k14 : 981977993, k17 : false, k16 : -1890012946, id : 6})
CREATE (n0 {id : 7})
CREATE (n0 :L5{k31 : "3k", k30 : 1748712520, k33 : false, id : 8, k32 : true, k35 : -1346691465, k34 : "bbEo8e", k36 : "p"})
CREATE (n0 {id : 9})
CREATE (n0 :L5:L1:L0{k0 : "c", k1 : true, k2 : -1204094313, k31 : "j", k3 : "fFEdIng", k30 : 1154392042, k4 : true, k33 : false, k11 : false, k5 : "K1", k32 : true, k6 : "tiQ", k10 : "0", k35 : 922847893, k7 : false, k34 : "0", k8 : "du5T29", k9 : true, k36 : "e", id : 10})
CREATE (n0 :L0:L2{k0 : "b0", k1 : false, k2 : 2000028696, k3 : "fFEdIng", k4 : false, k5 : "lKW", k13 : "G", k12 : -1052492445, k15 : true, k14 : -1763572513, k17 : true, k16 : 234828816, id : 11})
CREATE (n0 :L6:L1{k38 : 2071823480, k40 : true, k42 : "R", k41 : false, k11 : true, id : 12, k43 : "k", k6 : "b5K", k10 : "b", k8 : "yJ", k37 : "K", k9 : false})
CREATE (n0 :L6:L1:L5{k40 : true, k42 : "vIpaeh8Np", k31 : "j", k41 : false, k30 : -156340381, k11 : false, k33 : true, k43 : "wYsIGrFM", k6 : "a", k10 : "SB", k7 : true, k35 : -787479639, k8 : "I", k34 : "bbEo8e", k37 : "j", k9 : false, k39 : false, k38 : -549223718, id : 13})
CREATE (n0 :L4:L3{k28 : false, k27 : true, k19 : false, k18 : -512825709, k20 : true, k22 : "GehfX", id : 14, k21 : 895691487, k24 : -105317603, k23 : 1722522746, k26 : "CSSZwO", k25 : false})
CREATE (n0 :L0{k0 : "r", k1 : true, k2 : 1831007676, k3 : "qwCT", k4 : true, k5 : "HFzGBFvK", id : 15})
CREATE (n0 :L6{k39 : false, k38 : -556332152, k40 : false, k42 : "yx", k41 : false, id : 16, k43 : "G3", k37 : "K"})
CREATE (n0 :L0:L2{k0 : "1", k1 : true, k2 : 1367876712, k3 : "8H", k4 : false, k5 : "SwwTS1", k13 : "k", k12 : 235289529, k15 : true, k14 : -749260005, k17 : true, k16 : 1356181575, id : 17})
CREATE (n0 :L3{k19 : false, k18 : -1692888666, k20 : true, k22 : "C", id : 18, k21 : 1085879122, k24 : 331091642, k23 : 232314650})
CREATE (n0 :L5:L0{k0 : "c", k1 : false, k2 : -970541078, k31 : "mpI0D4Bg", k3 : "H", k30 : -631783745, k4 : true, k33 : false, k5 : "c", k32 : false, k35 : 1143702643, k34 : "K", k36 : "D2rYE", id : 19})
CREATE (n0 :L3:L4{k28 : true, k27 : false, k19 : false, k18 : 1747951293, k29 : "RPC4TNk", k20 : false, k22 : "Y", id : 20, k21 : 574227580, k24 : 271699846, k26 : "yItCgu", k25 : false})
CREATE (n0 {id : 21})
CREATE (n0 :L2:L0:L4{k0 : "e5bPU3LF1", k2 : -1591415180, k3 : "m", k4 : false, k5 : "F", k13 : "3N", k12 : 2068274061, k15 : false, k26 : "P", k14 : -121659067, k25 : false, k17 : false, k28 : false, k16 : 509124838, k27 : false, k29 : "z", id : 22})
CREATE (n0 :L1{k11 : true, id : 23, k6 : "G", k10 : "g", k7 : false, k8 : "dzM", k9 : false})
CREATE (n0 {id : 24})
CREATE (n0 :L4{k28 : false, k29 : "7", id : 25, k26 : "qWzmOE", k25 : false})
CREATE (n0 :L6{k39 : false, k38 : 1083030192, k40 : true, k42 : "mZ0Lb", k41 : false, id : 26, k43 : "k", k37 : "r5z"})
CREATE (n0 :L6{k39 : true, k38 : -1890314211, k40 : false, k42 : "h", k41 : false, id : 27, k43 : "0", k37 : "TpRb99FO"})
CREATE (n0 :L5{k31 : "If8", k30 : -156340381, k33 : false, id : 28, k32 : true, k35 : -1346691465, k34 : "0", k36 : "e"})
CREATE (n0 :L4:L0:L1{k0 : "eQIKo", k1 : false, k2 : -1591415180, k3 : "qwCT", k4 : true, k5 : "M", k11 : false, k6 : "zEN0nm", k10 : "B", k7 : true, k8 : "yJ", k26 : "MG", k9 : false, k25 : false, k28 : true, k27 : true, k29 : "B", id : 29})
CREATE (n0 :L1:L5{k30 : -47052699, k11 : true, k33 : true, id : 30, k6 : "a", k10 : "SB", k32 : true, k7 : false, k35 : -416392529, k34 : "HiG17xLFi", k9 : false, k36 : "bJvCuVQER"})
CREATE (n0 :L4:L6{k28 : true, k39 : false, k27 : true, k38 : 2071823480, k29 : "B", k40 : true, k42 : "4", k41 : false, id : 31, k43 : "G", k26 : "5", k37 : "NwQ"})
CREATE (n0 :L5{k31 : "zhWtED", k30 : -47052699, k33 : false, id : 32, k32 : false, k35 : 204214371, k34 : "W", k36 : "Sa3iIq"})
CREATE (n0 :L0:L2:L5{k0 : "1", k1 : false, k2 : 1987473590, k3 : "qwCT", k31 : "mpI0D4Bg", k4 : true, k30 : -47052699, k5 : "SwwTS1", k33 : false, k32 : true, k13 : "3WiN0xdg", k35 : -416392529, k12 : 1418451373, k34 : "CZ", k15 : false, k36 : "vdzIfDmK", k17 : true, k16 : -1932303447, id : 33})
CREATE (n0 :L1{k11 : false, id : 34, k6 : "3", k10 : "cwJuJA", k7 : false, k8 : "Qu", k9 : false})
CREATE (n0 :L0{k0 : "RRMr", k1 : false, k2 : -184799963, k3 : "rhEGEtX", k4 : false, k5 : "W", id : 35})
CREATE (n0 :L1{k11 : false, id : 36, k6 : "3", k10 : "X", k7 : false, k8 : "Qys5SnB", k9 : true})
CREATE (n0 :L5:L1{k31 : "rLDIu", k30 : -893760909, k33 : true, k11 : true, k32 : false, k6 : "H", k10 : "X", k35 : -787479639, k7 : true, k34 : "uDTW", k8 : "2Z3Ga", k9 : false, k36 : "5P6l", id : 37})
CREATE (n0 :L0{k0 : "b", k1 : false, k2 : 1987473590, k3 : "i", k4 : true, k5 : "oKJf", id : 38})
CREATE (n0 {id : 39})
CREATE (n0 {id : 40})
CREATE (n0 :L5{k31 : "Z", k30 : -2075043224, k33 : true, id : 41, k35 : -676796963, k34 : "OFA", k36 : "X"})
CREATE (n0 {id : 42})
CREATE (n0 :L2{k17 : true, k16 : -1009057231, id : 43, k13 : "J", k12 : 1161371909, k15 : false, k14 : 1700052454})
CREATE (n0 :L3{k19 : true, k18 : 655244100, k20 : true, k22 : "3", id : 44, k21 : 2128297357, k24 : 296333492})
CREATE (n0 {id : 45})
CREATE (n0 :L0{k1 : true, k2 : 1831007676, k3 : "fDb", k4 : false, id : 46})
CREATE (n0 :L4:L3{k27 : true, k19 : true, k29 : "9eB", k18 : 94541842, k20 : true, k22 : "2iXKOo", id : 47, k21 : -1782589701, k24 : 331091642, k23 : -1973586478, k26 : "b", k25 : true})
CREATE (n0 {id : 48})
CREATE (n0 :L5:L0:L6{k0 : "j", k1 : false, k40 : true, k2 : 1367876712, k31 : "BOje", k3 : "fDb", k42 : "d", k30 : 1308818691, k4 : true, k41 : true, k33 : false, k5 : "W", k32 : false, k43 : "NB7rG", k34 : "PYh", k37 : "7", k36 : "8L42", k39 : true, k38 : -1108745175, id : 49})
CREATE (n0 :L5{k31 : "8E", k30 : -2075043224, k33 : false, id : 50, k32 : true, k35 : -1217126084, k34 : "W", k36 : "3C"})
CREATE (n0 :L6{k39 : true, k38 : 1083030192, k40 : true, k42 : "U", k41 : true, id : 51, k37 : "irKx2S"})
CREATE (n0 :L0{k0 : "h4", k1 : false, k2 : -1029454397, k3 : "W", k4 : false, k5 : "W", id : 52})
CREATE (n0 {id : 53})
CREATE (n0 :L1:L5{k31 : "2", k30 : -47052699, k11 : false, k33 : false, k6 : "tiQ", k10 : "b", k32 : false, k7 : false, k35 : 765512146, k8 : "QrN8WvSWT", k34 : "OFA", k9 : false, k36 : "5P6l", id : 54})
CREATE (n0 :L0{k0 : "1", k2 : -1029454397, k3 : "bl6hB1", k4 : true, k5 : "SwwTS1", id : 55})
CREATE (n0 :L6:L2:L5{k42 : "3", k31 : "2", k41 : false, k30 : -293385405, k33 : false, k43 : "a", k32 : false, k13 : "3N", k35 : 1143702643, k12 : 347197618, k34 : "CZ", k37 : "irKx2S", k15 : false, k14 : 981977993, k36 : "PI4Ofb5Up", k39 : false, k17 : true, k38 : -439524847, k16 : 1124238001, id : 56})
CREATE (n0 :L0{k0 : "0", k1 : true, k3 : "yhZk1", k4 : true, k5 : "xh", id : 57})
CREATE (n0 :L1:L5{k31 : "T", k30 : -93964312, k11 : false, k33 : false, k6 : "b5K", k10 : "Zzl", k32 : false, k7 : true, k35 : 1074385150, k8 : "QrN8WvSWT", k34 : "YIv9xe9X", k9 : false, k36 : "R", id : 58})
CREATE (n0 :L3{k18 : 1700500771, k20 : true, k22 : "C", id : 59, k24 : 2116861324, k23 : 1774601990})
CREATE (n0 :L2{k17 : true, k16 : -2048487695, id : 60, k12 : 1399010877, k15 : false, k14 : 894949935})
CREATE (n0 :L5:L4{k28 : false, k29 : "gxO9eCd", k33 : true, id : 61, k32 : true, k35 : -416392529, k34 : "HiG17xLFi", k26 : "R", k36 : "JK", k25 : true})
CREATE (n0 {id : 62})
CREATE (n0 :L5{k31 : "n", k30 : -156340381, k33 : false, id : 63, k35 : -787479639, k34 : "0", k36 : "e"})
CREATE (n0 :L0{k0 : "NHfyKvFmL", k1 : false, k2 : -184799963, k3 : "W", k4 : true, k5 : "w0m", id : 64})
CREATE (n0 :L3:L1{k19 : false, k18 : 94541842, k20 : true, k22 : "C", k11 : false, id : 65, k21 : -974118585, k6 : "a", k10 : "N", k24 : 331091642, k7 : false, k9 : false})
CREATE (n0 {id : 66})
CREATE (n0 :L2{k17 : false, k16 : -733832452, id : 67, k13 : "8hb", k12 : -921004613, k15 : true, k14 : 520622268})
CREATE (n0 :L5{k31 : "bD4q3hD", k30 : 1226297457, k33 : false, id : 68, k32 : true, k35 : 1382327434, k34 : "s", k36 : "WrZkvn"})
CREATE (n0 {id : 69})
CREATE (n0 :L4:L2{k28 : false, k17 : false, k27 : true, k16 : -282393788, k29 : "7", id : 70, k13 : "Y", k12 : -273781868, k26 : "Nw", k25 : false})
CREATE (n0 :L5:L3{k31 : "GQu1", k30 : -781592578, k33 : true, k22 : "BM8", k32 : true, k21 : -1814475230, k35 : -676796963, k24 : 437841033, k34 : "pf", k23 : 494932309, k36 : "x2ScbSh", k19 : false, k18 : 137839006, id : 71})
CREATE (n0 :L5{k31 : "G", k30 : 569357271, k33 : false, id : 72, k32 : false, k35 : -1346691465, k34 : "bbEo8e", k36 : "X"})
CREATE (n0 {id : 73})
CREATE (n0 :L0:L6:L1{k0 : "c", k1 : true, k40 : false, k2 : 360138126, k3 : "W", k42 : "e", k4 : false, k41 : false, k5 : "L9Uv4N", k11 : true, k43 : "l", k6 : "w", k10 : "3", k7 : true, k8 : "2Z3Ga", k37 : "j", k9 : false, k39 : true, k38 : -496178155, id : 74})
CREATE (n0 :L0{k0 : "c", k1 : false, k2 : -970541078, k3 : "W", k4 : true, k5 : "i4W", id : 75})
CREATE (n0 {id : 76})
CREATE (n0 :L5{k31 : "8E", k30 : 609948159, k33 : true, id : 77, k32 : false, k35 : -1217126084, k34 : "pf", k36 : "PI4Ofb5Up"})
CREATE (n0 :L1:L4{k28 : true, k27 : true, k11 : true, id : 78, k6 : "tiQ", k10 : "a", k7 : false, k9 : true, k26 : "Nw", k25 : true})
CREATE (n0 :L3:L2{k20 : true, k22 : "DdzEG", k21 : 1047470999, k24 : 469477173, k13 : "1", k23 : -688147766, k12 : -1052492445, k15 : false, k14 : 981977993, k17 : false, k16 : -1009057231, k19 : true, k18 : 1747951293, id : 79})
CREATE (n0 :L1:L5{k31 : "n", k11 : false, k33 : true, k6 : "H", k10 : "u", k32 : true, k7 : false, k35 : 204214371, k8 : "M80A4O", k34 : "CZ", k9 : false, k36 : "x2ScbSh", id : 80})
CREATE (n0 :L1{k11 : false, id : 81, k6 : "3", k10 : "B", k7 : false, k8 : "l5b9Yaw3"})
CREATE (n0 :L4{k28 : false, k27 : false, k29 : "JJMQXA8", id : 82, k26 : "5", k25 : true})
CREATE (n0 :L2:L3{k17 : false, k16 : 52808050, k18 : 777886117, k20 : true, k22 : "YD", id : 83, k13 : "k", k24 : 765644015, k12 : -1900970874, k23 : -1302365064, k15 : true, k14 : 520622268})
CREATE (n0 :L0{k0 : "b0", k1 : false, k2 : 1367876712, k3 : "bl6hB1", k4 : true, k5 : "xh", id : 84})
CREATE (n0 :L5{k31 : "W", k30 : -1553560869, k33 : false, id : 85, k32 : true, k35 : -1674177478})
CREATE (n0 :L0:L2{k0 : "c", k1 : true, k2 : -401472960, k3 : "djFDjiK", k4 : true, k5 : "SwwTS1", k13 : "v", k12 : -1900970874, k15 : true, k14 : 246295341, k17 : true, k16 : -523195554, id : 86})
CREATE (n0 :L6{k39 : true, k38 : -1721040211, k40 : false, k42 : "cdDfLANU", k41 : false, id : 87, k43 : "a", k37 : "NwQ"})
CREATE (n0 :L0:L4:L6{k0 : "b0", k1 : true, k40 : false, k2 : 1987473590, k3 : "oExalFdZg", k42 : "yx", k4 : true, k41 : false, k5 : "MEjywUCqW", k43 : "v", k26 : "A", k37 : "4", k25 : true, k39 : true, k27 : false, k38 : 1385987967, k29 : "4FWKT6F", id : 88})
CREATE (n0 :L0{k0 : "h4", k1 : true, k2 : -2134183297, k3 : "CUKLwOv", k4 : true, k5 : "4AGcMe8nA", id : 89})
CREATE (n0 :L2:L4{k17 : true, k28 : true, k16 : 1142852681, k27 : true, k29 : "H", id : 90, k13 : "8hb", k12 : 2068274061, k15 : false, k26 : "tCtaD", k14 : 782236251, k25 : true})
CREATE (n0 :L4:L5{k31 : "rLDIu", k30 : 569357271, k33 : false, k32 : true, k35 : -676796963, k34 : "CZ", k26 : "Nw", k25 : true, k36 : "5P6l", k28 : true, k27 : true, k29 : "I0", id : 91})
CREATE (n0 :L6{k39 : false, k38 : -439524847, k40 : true, k42 : "h", k41 : true, id : 92, k43 : "VT", k37 : "r5z"})
CREATE (n0 :L3{k19 : true, k18 : -1692888666, k20 : true, k22 : "8", id : 93, k21 : 1347460942, k24 : 1002836076, k23 : -767016736})
CREATE (n0 :L4{k28 : true, k27 : false, k29 : "z", id : 94, k26 : "P", k25 : true})
CREATE (n0 :L4{k28 : true, k27 : false, k29 : "z", id : 95, k26 : "Pz", k25 : true})
CREATE (n0 :L5{k31 : "edORv", k30 : -93964312, k33 : true, id : 96, k32 : true, k35 : 922847893, k34 : "YODhJ", k36 : "bJvCuVQER"})
CREATE (n0 :L6{k39 : false, k38 : -1721040211, k40 : false, k42 : "hf", k41 : false, id : 97, k43 : "RE7NhR", k37 : "wbU1"})
CREATE (n0 :L0{k0 : "Y", k1 : true, k2 : 2000028696, k3 : "qwCT", k4 : true, k5 : "HFzGBFvK", id : 98})
CREATE (n0 :L6{k39 : true, k38 : -2135203032, k40 : true, k42 : "e", k41 : false, id : 99, k43 : "k", k37 : "C3"})
CREATE (n0 :L5:L6:L0{k0 : "eQIKo", k40 : false, k1 : false, k2 : -163509275, k31 : "BOje", k42 : "e", k3 : "W", k30 : -93964312, k41 : true, k33 : false, k5 : "u", k32 : true, k35 : -651638206, k34 : "K", k36 : "vdzIfDmK", k39 : false, k38 : 264458872, id : 100})
CREATE (n0 :L6:L0{k0 : "R", k40 : true, k1 : true, k2 : -1029454397, k42 : "3", k3 : "fFEdIng", k41 : true, k4 : true, k5 : "lKW", k43 : "d7b", k37 : "KJR", k39 : true, k38 : -2135203032, id : 101})
CREATE (n0 :L2{k17 : false, k16 : 509124838, id : 102, k13 : "3uY", k12 : 1459565694, k15 : true, k14 : 981977993})
CREATE (n0 :L1:L5{k31 : "Z", k30 : 1748712520, k11 : false, k33 : false, k6 : "G", k10 : "Q", k32 : false, k7 : false, k35 : 1382327434, k8 : "jIpXASwC", k34 : "0", k9 : false, k36 : "JK", id : 103})
CREATE (n0 :L0{k0 : "1", k1 : false, k2 : -401472960, k3 : "oExalFdZg", k4 : true, k5 : "L9Uv4N", id : 104})
CREATE (n0 :L2:L6{k40 : true, k42 : "4", k41 : false, k43 : "G", k13 : "Xu0H18EW", k12 : 1610923028, k37 : "B", k14 : 894949935, k17 : true, k39 : false, k16 : -1009057231, k38 : -1201498500, id : 105})
CREATE (n0 :L1:L2{k17 : false, k11 : false, id : 106, k6 : "p4", k10 : "e3YQi", k7 : true, k13 : "J", k8 : "jCLRM2", k12 : 347197618, k9 : true, k15 : true, k14 : -496534012})
CREATE (n0 :L3{k19 : true, k18 : 1700500771, k20 : true, k22 : "2iXKOo", id : 107, k24 : -1768461727, k23 : 169128317})
CREATE (n0 :L1:L3:L6{k40 : true, k20 : true, k42 : "zamOfKo", k41 : false, k11 : false, k22 : "Y", k6 : "zEN0nm", k10 : "SB", k21 : -327933810, k43 : "kC", k7 : true, k24 : -1885540502, k8 : "jIpXASwC", k23 : 652124965, k9 : true, k37 : "7", k39 : true, k38 : 1385987967, k19 : false, k18 : 777886117, id : 108})
CREATE (n0 :L4{k28 : true, k27 : true, k29 : "g", id : 109, k26 : "rG", k25 : true})
CREATE (n0 :L3:L0:L5{k0 : "c", k1 : true, k2 : -2134183297, k20 : true, k3 : "oExalFdZg", k31 : "T", k4 : true, k30 : -47052699, k22 : "W", k5 : "u", k33 : true, k21 : -1601545096, k32 : false, k24 : 469477173, k35 : -416392529, k23 : -1973586478, k34 : "Nx", k36 : "bJvCuVQER", k19 : false, k18 : 897727715, id : 110})
CREATE (n0 :L3:L4{k20 : false, k22 : "sTd", k21 : 1430826732, k24 : 2116861324, k23 : 1606931480, k26 : "CSSZwO", k25 : false, k28 : true, k27 : true, k19 : true, k18 : -672552838, k29 : "9eB", id : 111})
CREATE (n0 :L5:L4:L6{k40 : true, k31 : "T", k42 : "U", k30 : 993275943, k33 : true, k32 : true, k43 : "kC", k35 : 223807519, k34 : "25E", k26 : "MG", k37 : "N", k25 : true, k28 : true, k39 : true, k27 : true, k38 : -1721040211, k29 : "B", id : 112})
CREATE (n0 :L1{k11 : false, id : 113, k6 : "a", k10 : "Zzl", k7 : true, k8 : "O", k9 : false})
CREATE (n0 :L1:L6{k39 : false, k38 : -496178155, k42 : "zFr", k41 : true, k11 : false, id : 114, k6 : "o5w", k10 : "UVJ", k43 : "a1PBo", k9 : true, k37 : "M4"})
CREATE (n0 :L2:L0{k0 : "1", k1 : false, k2 : 1987473590, k3 : "fDb", k4 : true, k5 : "M", k13 : "8hb", k12 : -1126952353, k15 : false, k14 : 850497236, k17 : true, k16 : -1932303447, id : 115})
CREATE (n0 :L1:L0{k0 : "NHfyKvFmL", k1 : false, k2 : -445456023, k3 : "yhZk1", k4 : false, k11 : false, k5 : "oKJf", k6 : "Q", k10 : "Q", k7 : false, k8 : "1", k9 : true, id : 116})
CREATE (n0 :L1{k11 : false, id : 117, k6 : "o", k10 : "Va8", k7 : true, k8 : "dzM", k9 : true})
CREATE (n0 :L3{k19 : true, k18 : 1734488283, k20 : true, k22 : "2iXKOo", id : 118, k21 : -1814475230, k24 : -905451571, k23 : 1993216401})
CREATE (n0 :L1{k11 : false, id : 119, k6 : "u", k10 : "X", k7 : true, k8 : "jCLRM2", k9 : true})
CREATE (n0 :L2{k17 : false, k16 : -733832452, id : 120, k13 : "shuM6i", k12 : -1900970874, k15 : true, k14 : -1763572513})
CREATE (n0 :L6:L4{k39 : false, k28 : true, k38 : -496178155, k27 : true, k40 : false, k42 : "4", k41 : false, id : 121, k43 : "l", k37 : "prcdA", k26 : "P", k25 : false})
CREATE (n0 :L2:L1{k11 : true, k6 : "l3", k10 : "B", k13 : "k", k7 : true, k12 : 1959521087, k8 : "ErJEJtbSo", k15 : true, k9 : false, k14 : -1017010520, k17 : true, k16 : -1510488223, id : 122})
CREATE (n0 :L3{k19 : true, k20 : true, k22 : "b", id : 123, k21 : 1092878689, k24 : 469477173, k23 : 1606931480})
CREATE (n0 :L6:L2:L0{k40 : true, k1 : false, k2 : -445456023, k3 : "fDb", k41 : false, k4 : true, k5 : "M", k43 : "a", k13 : "S", k12 : -1126952353, k37 : "KJR", k15 : true, k14 : 890282085, k39 : true, k17 : true, k38 : 2071823480, k16 : -523195554, id : 124})
CREATE (n0 :L5{k31 : "j", k30 : 1226297457, k33 : true, id : 125, k32 : true, k35 : -1346691465, k36 : "X"})
CREATE (n0 :L4:L1{k28 : true, k27 : true, k29 : "9eB", k11 : true, id : 126, k6 : "G", k10 : "SB", k7 : false, k8 : "l5b9Yaw3", k26 : "rG", k9 : false, k25 : true})
CREATE (n0 {id : 127})