CREATE (n0 :L3{k19 : -313239881, k18 : "n", k20 : false, k22 : "hpQ", id : 0, k21 : false, k23 : "Ll"});
CREATE (n0 :L1{k5 : "QY", id : 1, k6 : -378204085, k7 : "v", k8 : "1", k9 : "6mCYtr"});
CREATE (n0 :L2{k17 : false, k16 : "N0s", k11 : "XJRggg", id : 2, k13 : 1973117947, k12 : false, k15 : 1248863303, k14 : "xONc7yQ8D"});
CREATE (n0 {id : 3});
CREATE (n0 :L1:L3{k20 : false, k5 : "r96", k22 : "M", k6 : -300369441, k10 : true, k21 : true, k7 : "0", k8 : "g", k23 : "d6p", k9 : "6Z", k19 : 10487487, k18 : "N", id : 4});
CREATE (n0 :L4:L2{k11 : "RNuZvfllh", k24 : -804777403, k13 : 888257089, k12 : false, k26 : 1565782160, k15 : 415615452, k25 : "W", k14 : "3b", k28 : "ts", k17 : true, k27 : "z", k16 : "N0s", k29 : true, id : 5});
CREATE (n0 :L0{k0 : 810852051, k2 : false, k3 : "R", k4 : -1754108411, id : 6});
CREATE (n0 {id : 7});
CREATE (n0 :L2{k17 : false, k16 : "I6GWcX", k11 : "MA2a", id : 8, k13 : 1620478440, k12 : true, k15 : 1054006968, k14 : "K"});
CREATE (n0 {id : 9});
CREATE (n0 :L0{k0 : -2063712806, k1 : "V", k2 : true, k4 : -1800085128, id : 10});
CREATE (n0 :L3:L4:L2{k20 : true, k22 : "B", k21 : true, k24 : 1721148523, k13 : -2075951989, k23 : "RZT8", k12 : false, k26 : 697403330, k15 : -1985273870, k25 : "M", k14 : "P", k28 : "x", k17 : false, k27 : "E", k16 : "L", k19 : 1882838906, k18 : "n", k29 : true, id : 11});
CREATE (n0 :L2{k16 : "N0s", k11 : "8", id : 12, k13 : -2090867912, k12 : false, k15 : 1346965699, k14 : "3b"});
CREATE (n0 :L3:L2:L0{k0 : -528996208, k1 : "sU", k2 : true, k20 : false, k3 : "bbHt6pXlB", k4 : -5605641, k22 : "G", k11 : "x", k21 : true, k13 : 1176790746, k23 : "d6p", k14 : "K", k16 : "4", k19 : -629040536, k18 : "Z", id : 13});
CREATE (n0 :L4{k28 : "x", k27 : "5XF", k29 : true, id : 14, k24 : -804777403, k26 : -979108239, k25 : "p"});
CREATE (n0 :L0{k0 : 1603788774, k1 : "fWZX", k2 : false, k3 : "jkNH", k4 : 2077353690, id : 15});
CREATE (n0 :L1{k5 : "1EcG8gcC", id : 16, k6 : 886823246, k10 : true, k8 : "T", k9 : "W"});
CREATE (n0 :L1:L4:L2{k5 : "o", k11 : "hbhWs8", k6 : -300369441, k10 : false, k7 : "7", k24 : -1051215897, k13 : -1307035215, k8 : "1", k12 : false, k9 : "7", k15 : -1718350559, k25 : "p", k14 : "k", k28 : "g", k17 : false, k27 : "D", k16 : "D", k29 : false, id : 17});
CREATE (n0 :L4:L2{k11 : "RNuZvfllh", k24 : 799444904, k13 : 888257089, k12 : true, k26 : -979108239, k15 : 43426185, k25 : "eyU4zSuqv", k14 : "k", k28 : "ts", k17 : false, k27 : "bS", k16 : "k86GjAbly", k29 : false, id : 18});
CREATE (n0 :L2{k17 : true, k16 : "x", k11 : "MP", id : 19, k13 : 1576335638, k12 : true, k15 : -1050608072, k14 : "5x"});
CREATE (n0 :L2{k17 : false, k16 : "Zh", k11 : "MA2a", id : 20, k13 : -16664739, k12 : false, k15 : 614153136, k14 : "c"});
CREATE (n0 :L4{k28 : "x", k27 : "k", k29 : true, id : 21, k24 : 82764192, k26 : -979108239, k25 : "xF"});
CREATE (n0 :L4:L0{k28 : "b", k27 : "bS", k29 : true, k0 : -528996208, k1 : "sENpxLP", k2 : false, k3 : "H", k4 : 2077353690, id : 22, k24 : 292421494, k26 : -1036987544, k25 : "G"});
CREATE (n0 :L2{k17 : true, k16 : "L", k11 : "MA2a", id : 23, k13 : 1176790746, k12 : true, k15 : -1718350559, k14 : "i"});
CREATE (n0 :L3{k19 : 416958888, k18 : "3pOUA9gG", k20 : false, k22 : "ne", id : 24, k21 : false, k23 : "x"});
CREATE (n0 :L0{k0 : 2061370502, k1 : "0j", k2 : false, k3 : "0", k4 : 253899158, id : 25});
CREATE (n0 :L3:L1{k20 : true, k22 : "oatvgEx", k5 : "o", k21 : true, k6 : 886823246, k10 : true, k7 : "k", k23 : "36U", k8 : "Xa1ln", k9 : "5", k19 : 416958888, k18 : "Z", id : 26});
CREATE (n0 :L1{k5 : "1EcG8gcC", id : 27, k6 : -863153800, k10 : true, k7 : "1", k8 : "5v", k9 : "CaXG"});
CREATE (n0 :L3{k19 : -1104161149, k18 : "rP", k20 : false, k22 : "v9Cl", id : 28, k21 : false, k23 : "iw"});
CREATE (n0 :L1{k5 : "hUA", id : 29, k6 : -745972180, k10 : true, k7 : "2BF", k8 : "s", k9 : "tw"});
CREATE (n0 :L1{k5 : "NToHLY", id : 30, k6 : 1066664435, k10 : false, k7 : "2", k8 : "B", k9 : "7"});
CREATE (n0 :L4{k28 : "L", k27 : "D", k29 : false, id : 31, k24 : 478031400, k26 : 1278984640, k25 : "3qVuN0x"});
CREATE (n0 :L0:L1{k0 : 1695239556, k1 : "nKXfo", k2 : true, k3 : "H4AJ", k4 : 253899158, k5 : "xw3", id : 32, k6 : 1544857273, k10 : true, k7 : "SzsJpYA", k8 : "2", k9 : "Q09OhAOf4"});
CREATE (n0 {id : 33});
CREATE (n0 :L0:L2{k0 : 2061370502, k1 : "i6sTG72", k2 : false, k3 : "H4AJ", k4 : -1205939809, k11 : "9", k13 : -2090867912, k12 : true, k15 : 43426185, k14 : "5x", k17 : false, k16 : "W", id : 34});
CREATE (n0 :L2:L1:L0{k0 : 810852051, k1 : "m", k2 : true, k3 : "R", k4 : 1056212217, k11 : "0", k5 : "f", k6 : 382865239, k10 : false, k13 : 1973117947, k7 : "ht", k12 : false, k8 : "T", k15 : 1248863303, k9 : "6mCYtr", k14 : "i", k17 : true, k16 : "E", id : 35});
CREATE (n0 :L1:L0{k0 : -408238565, k1 : "d", k2 : false, k4 : 120655045, k5 : "t", id : 36, k6 : -745972180, k10 : false, k7 : "v", k8 : "0", k9 : "7"});
CREATE (n0 :L1{k5 : "hUA", id : 37, k6 : -745972180, k10 : true, k7 : "SzsJpYA", k8 : "Xa1ln", k9 : "6Z"});
CREATE (n0 :L0{k1 : "4", k2 : true, k3 : "jUh8i4ZB", k4 : 1056212217, id : 38});
CREATE (n0 :L4{k28 : "f", k27 : "k", k29 : true, id : 39, k24 : 478031400, k26 : -1036987544, k25 : "8"});
CREATE (n0 :L3{k19 : -710311447, k18 : "rP", k20 : false, k22 : "g", id : 40, k21 : true, k23 : "ROi"});
CREATE (n0 :L4:L3{k28 : "L", k27 : "m", k19 : -629040536, k29 : false, k18 : "u", k20 : false, k22 : "FJ16", id : 41, k21 : false, k24 : 799444904, k26 : -1036987544, k25 : "A"});
CREATE (n0 :L2{k17 : false, k16 : "Zh", k11 : "ONLiZ", id : 42, k13 : -2075951989, k12 : false, k15 : 1054006968, k14 : "DBj6Y7F90"});
CREATE (n0 :L3:L4{k28 : "g", k27 : "m", k19 : -508822183, k18 : "Z", k29 : false, k20 : false, k22 : "W", id : 43, k21 : false, k24 : 1979010973, k23 : "D", k26 : 1599437309});
CREATE (n0 :L2{k17 : false, id : 44, k13 : 1973117947, k12 : true, k15 : 1248863303, k14 : "xONc7yQ8D"});
CREATE (n0 :L0:L3:L4{k0 : 1840404788, k1 : "4", k2 : true, k3 : "0", k20 : false, k4 : -2098546661, k22 : "v5J", k21 : true, k24 : 1199911648, k23 : "s", k26 : 618308662, k25 : "M", k28 : "b", k27 : "Rk", k19 : -2127194256, k18 : "n", id : 45});
CREATE (n0 :L4{k28 : "g", k27 : "k", k29 : true, id : 46, k24 : -1051215897, k26 : -1105914780, k25 : "0HHk"});
CREATE (n0 {id : 47});
CREATE (n0 :L2{k17 : false, k16 : "N0s", k11 : "MP", id : 48, k13 : 1753951405, k12 : true, k15 : 1045264968, k14 : "M"});
CREATE (n0 {id : 49});
CREATE (n0 :L1:L3{k20 : false, k5 : "5y", k22 : "R", k6 : -1725082612, k10 : false, k21 : false, k7 : "0", k8 : "1", k23 : "sUyDjGid", k9 : "t2XXMmmNA", k19 : -1104161149, k18 : "rP", id : 50});
CREATE (n0 :L2{k17 : false, k16 : "DKFD", k11 : "e0", id : 51, k13 : 888257089, k12 : false, k15 : -1718350559, k14 : "dy"});
CREATE (n0 :L0{k0 : -1612076732, k1 : "XH6U", k2 : true, k3 : "w", k4 : 1574856033, id : 52});
CREATE (n0 :L3:L0:L1{k0 : -2063712806, k1 : "5cjO84H", k2 : false, k20 : false, k3 : "bBiXE", k4 : 1584894028, k5 : "T56", k21 : false, k6 : -1896982804, k10 : true, k23 : "36U", k8 : "B", k9 : "Q09OhAOf4", k19 : -1773602717, k18 : "N", id : 53});
CREATE (n0 :L2{k16 : "1dF", k11 : "9", id : 54, k13 : -1834106448, k12 : false, k15 : 1054006968, k14 : "i"});
CREATE (n0 :L3:L0{k18 : "nuu3T", k0 : -2063712806, k1 : "5cjO84H", k2 : true, k20 : false, k3 : "L", k4 : 1056212217, k22 : "fDAdG", id : 55, k21 : true, k23 : "iw"});
CREATE (n0 :L4:L3{k20 : false, k22 : "v9Cl", k21 : true, k24 : 1979010973, k23 : "6", k26 : -1105914780, k25 : "W", k28 : "qiTU25", k27 : "nWlj", k19 : 411329958, k29 : false, k18 : "r", id : 56});
CREATE (n0 :L4{k28 : "m3jGtJ4cl", k27 : "k", k29 : true, id : 57, k24 : -1026876229, k26 : -979108239, k25 : "eyU4zSuqv"});
CREATE (n0 :L4{k28 : "x", k27 : "k", k29 : true, id : 58, k24 : 48997864, k26 : -1127502617, k25 : "W"});
CREATE (n0 :L3:L4:L1{k20 : false, k22 : "f", k5 : "8", k21 : true, k10 : false, k24 : 48997864, k7 : "7", k23 : "RZT8", k8 : "g", k26 : -1036987544, k9 : "M", k25 : "U1", k28 : "JuMzEc", k27 : "k", k19 : -2127194256, k18 : "t", k29 : true, id : 59});
CREATE (n0 :L1{k5 : "k", id : 60, k6 : 382865239, k10 : true, k7 : "ht", k8 : "B", k9 : "7"});
CREATE (n0 :L1{k5 : "A6", id : 61, k6 : 98626342, k10 : true, k8 : "Py", k9 : "eCPrjNS"});
CREATE (n0 :L2:L1:L3{k20 : false, k11 : "RNuZvfllh", k5 : "r96", k22 : "FJ16", k6 : 353003349, k10 : false, k21 : true, k13 : 55747237, k7 : "v9BNKd", k12 : false, k8 : "NHX7cQVXd", k23 : "gCW", k15 : 1054006968, k9 : "t2XXMmmNA", k14 : "i", k17 : false, k16 : "DRO8I", k19 : -2127194256, k18 : "J", id : 62});
CREATE (n0 :L4{k28 : "m3jGtJ4cl", k29 : false, id : 63, k24 : 1437647778, k26 : 1565782160, k25 : "m"});
CREATE (n0 :L1{k5 : "mqW4V", id : 64, k6 : -863153800, k10 : false, k7 : "y", k8 : "wWjS4t", k9 : "6Z"});
CREATE (n0 :L1{k5 : "81wjzKLX", id : 65, k6 : -447025448, k10 : false, k8 : "B", k9 : "W"});
CREATE (n0 :L0:L4{k28 : "JuMzEc", k27 : "1wxgj", k29 : false, k0 : 1712978443, k1 : "G", k2 : true, k3 : "L", k4 : -1456926917, id : 66, k24 : 292421494, k26 : -701473543, k25 : "3qVuN0x"});
CREATE (n0 :L2:L0{k17 : false, k16 : "x", k0 : -2042346558, k1 : "i6sTG72", k2 : false, k3 : "yl8CCgaJ", k4 : -2098546661, k11 : "ONLiZ", id : 67, k13 : -1275019853, k15 : 415615452, k14 : "dy"});
CREATE (n0 :L2:L0{k17 : false, k16 : "mecsQWHQW", k1 : "0j", k2 : true, k3 : "H4AJ", k4 : -2098546661, k11 : "ONLiZ", id : 68, k12 : true, k15 : 415615452, k14 : "7"});
CREATE (n0 {id : 69});
CREATE (n0 {id : 70});
CREATE (n0 :L4{k28 : "JuMzEc", k27 : "E", k29 : false, id : 71, k24 : -1026876229, k26 : -1796151338, k25 : "oQ"});
CREATE (n0 :L3:L0:L4{k0 : -1576803232, k1 : "DnUIj1i6", k2 : false, k20 : false, k3 : "6", k4 : 1056212217, k22 : "f", k21 : true, k23 : "sUyDjGid", k26 : 1417758302, k25 : "Fn", k28 : "3ziYmXh", k27 : "m", k19 : 411329958, k18 : "oA", k29 : false, id : 72});
CREATE (n0 :L0{k0 : -555938010, k1 : "d", k2 : true, k3 : "jkNH", k4 : -877489273, id : 73});
CREATE (n0 :L3:L4:L2{k20 : false, k22 : "B", k11 : "7", k21 : true, k24 : -804777403, k13 : -2075951989, k23 : "s", k12 : false, k26 : -1626024096, k15 : 1346965699, k25 : "x4bd", k14 : "xONc7yQ8D", k28 : "g", k17 : false, k27 : "k", k19 : -629040536, k18 : "J", k29 : true, id : 74});
CREATE (n0 :L0:L1{k0 : 1840404788, k1 : "NUt06waa", k2 : true, k3 : "H4AJ", k4 : -2098546661, k5 : "R", id : 75, k6 : -410010274, k10 : true, k7 : "k6tPIkP3", k8 : "ioN6Qnug0", k9 : "t2XXMmmNA"});
CREATE (n0 :L4{k28 : "ts", k27 : "ENbE", k29 : false, id : 76, k24 : 1297743980, k26 : 1599437309, k25 : "8"});
CREATE (n0 :L4{k28 : "S", k27 : "u", k29 : true, id : 77, k24 : 478031400, k26 : 322977289, k25 : "U1"});
CREATE (n0 :L4:L2:L3{k20 : true, k11 : "0", k22 : "f", k21 : false, k24 : -804777403, k13 : 1753951405, k23 : "U3xxADN", k26 : 1417758302, k15 : -1985592891, k25 : "eyU4zSuqv", k14 : "fU", k28 : "wh", k17 : true, k27 : "v", k19 : 1843385503, k29 : true, k18 : "nuu3T", id : 78});
CREATE (n0 :L4{k28 : "g", k27 : "v", k29 : true, id : 79, k24 : 1437647778, k26 : 1599437309, k25 : "XC2O"});
CREATE (n0 :L3:L4{k28 : "9", k27 : "5XF", k19 : 262408403, k18 : "v", k29 : false, k20 : true, k22 : "R", id : 80, k24 : 48997864, k26 : 962624712, k25 : "A"});
CREATE (n0 :L1:L3:L4{k20 : false, k5 : "T56", k22 : "6ks", k6 : 1066664435, k10 : false, k21 : true, k7 : "i", k24 : -254474139, k8 : "aX5", k23 : "36U", k9 : "6Z", k26 : -979108239, k25 : "8", k28 : "l", k27 : "k", k19 : -1563289428, k18 : "v", k29 : false, id : 81});
CREATE (n0 :L2{k17 : false, k16 : "U8Bn77IC", k11 : "9YQ2nZw", id : 82, k13 : 1620478440, k15 : 825486152, k14 : "5x"});
CREATE (n0 :L2{k17 : true, k16 : "x", id : 83, k12 : true, k15 : 43426185});
CREATE (n0 :L4:L3{k20 : false, k22 : "t", k21 : false, k24 : 1979010973, k23 : "d6p", k26 : 1278984640, k25 : "m", k28 : "f", k27 : "k", k19 : 416958888, k29 : false, k18 : "C9r", id : 84});
CREATE (n0 :L2{k17 : false, k16 : "N0s", k11 : "MA2a", id : 85, k13 : 1753951405, k12 : false, k15 : -1985592891, k14 : "nTdABqQ"});
CREATE (n0 :L2:L1:L4{k11 : "MA2a", k5 : "BNvVfalGh", k6 : 353003349, k10 : true, k13 : -16664739, k7 : "i", k24 : 82764192, k12 : false, k8 : "0", k15 : 1045264968, k9 : "tw", k26 : 1565782160, k14 : "k", k25 : "3qVuN0x", k17 : false, k28 : "f", k16 : "x", k27 : "k", id : 86});
CREATE (n0 :L1:L0:L2{k0 : -408238565, k1 : "DnUIj1i6", k2 : false, k3 : "ay7", k4 : -1684294050, k5 : "k", k11 : "0", k6 : -447025448, k10 : false, k7 : "1", k13 : 1406712597, k8 : "1", k12 : false, k9 : "lu", k15 : -1050608072, k14 : "Z3KiE6kkA", k17 : false, k16 : "x", id : 87});
CREATE (n0 :L3:L4{k20 : true, k22 : "g", k21 : true, k24 : 1437647778, k23 : "s", k26 : -1626024096, k25 : "G", k28 : "g", k27 : "z", k19 : -1854827370, k18 : "rP", k29 : true, id : 88});
CREATE (n0 :L2{k17 : false, k16 : "DRO8I", k11 : "e0", id : 89, k13 : -1275019853, k12 : false, k15 : 1341405007, k14 : "7"});
CREATE (n0 :L3:L1:L2{k20 : true, k22 : "hILUT3r", k5 : "NToHLY", k11 : "ONLiZ", k6 : 382865239, k10 : false, k7 : "y", k13 : -1834106448, k23 : "son9m1G07", k8 : "wWjS4t", k12 : true, k9 : "Q09OhAOf4", k15 : -1718350559, k17 : true, k16 : "g", k18 : "nuu3T", id : 90});
CREATE (n0 {id : 91});
CREATE (n0 :L2{k17 : false, k16 : "x", k11 : "ONLiZ", id : 92, k13 : 1620478440, k12 : false, k15 : -990437704, k14 : "3b"});
CREATE (n0 :L1{k5 : "A6", id : 93, k6 : -1896982804, k10 : true, k7 : "Z", k8 : "NHX7cQVXd", k9 : "J1"});
CREATE (n0 :L4:L2{k11 : "hlG", k24 : 82764192, k13 : 1176790746, k12 : true, k26 : 351480084, k15 : -754253088, k25 : "oQ", k14 : "Z3KiE6kkA", k28 : "f", k17 : false, k27 : "IPl", k29 : false, id : 94});
CREATE (n0 :L0{k0 : 1840404788, k1 : "f", k2 : false, k3 : "w", k4 : -1503955317, id : 95});
CREATE (n0 :L1:L3:L2{k20 : true, k5 : "X", k22 : "ne", k11 : "hlG", k10 : true, k21 : false, k7 : "ht", k13 : 1753951405, k8 : "MKKUN", k23 : "iw", k12 : false, k9 : "d", k15 : 1054006968, k14 : "d", k17 : false, k16 : "g", k18 : "n", id : 96});
CREATE (n0 :L1{k5 : "h", id : 97, k6 : 548350559, k10 : true, k7 : "OAsBm", k8 : "MKKUN", k9 : "3Z"});
CREATE (n0 :L1{k5 : "A6", id : 98, k6 : 382865239, k10 : true, k7 : "2BF", k8 : "s", k9 : "W"});
CREATE (n0 :L1:L0:L4{k0 : -742250444, k1 : "m", k2 : true, k3 : "l", k4 : 748602264, k5 : "X", k6 : 1670137505, k10 : true, k7 : "k6tPIkP3", k24 : -1051215897, k8 : "aX5", k26 : 1794480704, k25 : "W", k28 : "x", k27 : "1wxgj", k29 : true, id : 99});
CREATE (n0 :L4{k28 : "4", k27 : "z", k29 : false, id : 100, k24 : 292421494, k26 : 453686071, k25 : "x4bd"});
CREATE (n0 :L2{k17 : false, k16 : "3VjSoIjre", k11 : "XJRggg", id : 101, k13 : 1973117947, k12 : true, k15 : 1346965699, k14 : "P"});
CREATE (n0 :L3:L0{k19 : -710311447, k18 : "v", k0 : -528996208, k1 : "N", k2 : false, k20 : false, k3 : "R", k4 : 2077353690, k22 : "6ks", id : 102, k21 : true, k23 : "OOBqZ"});
CREATE (n0 {id : 103});
CREATE (n0 {id : 104});
CREATE (n0 :L0:L4{k28 : "4", k27 : "1wxgj", k29 : false, k0 : -2042346558, k1 : "h9I21", k2 : false, k3 : "l", k4 : -2098546661, id : 105, k24 : -160194620, k26 : -482055254});
CREATE (n0 {id : 106});
CREATE (n0 {id : 107});
CREATE (n0 :L4{k28 : "6", k27 : "5XF", k29 : false, id : 108, k24 : 1101804901, k26 : -701473543, k25 : "0HHk"});
CREATE (n0 :L3{k19 : -710311447, k18 : "s", k20 : true, k22 : "v5J", id : 109, k21 : true, k23 : "d6p"});
CREATE (n0 :L4{k28 : "S", k27 : "IPl", k29 : true, id : 110, k24 : 82764192, k26 : -1127502617, k25 : "8"});
CREATE (n0 :L2:L1{k11 : "e0", k5 : "NToHLY", k6 : -1725082612, k10 : true, k13 : 1976493692, k7 : "k", k12 : false, k8 : "o", k15 : 1455450340, k14 : "xONc7yQ8D", k17 : true, k16 : "W", id : 111});
CREATE (n0 :L2:L3:L4{k20 : false, k11 : "MP", k22 : "6ks", k21 : false, k13 : 1224424496, k24 : -1051215897, k12 : false, k23 : "OOBqZ", k15 : -1718350559, k26 : -1127502617, k14 : "DBj6Y7F90", k25 : "74G7P6", k17 : false, k28 : "ts", k16 : "k86GjAbly", k27 : "bS", k19 : 1132969620, k18 : "z5", k29 : true, id : 112});
CREATE (n0 :L1:L2{k5 : "o", k11 : "u", k6 : -378204085, k10 : true, k7 : "v9BNKd", k13 : 1224424496, k8 : "wWjS4t", k12 : false, k9 : "g", k15 : 1341405007, k14 : "fU", k16 : "1dF", id : 113});
CREATE (n0 :L2{k17 : false, k16 : "k86GjAbly", k11 : "9YQ2nZw", id : 114, k13 : 55747237, k12 : true, k15 : -1718350559, k14 : "d"});
CREATE (n0 :L2{k17 : false, k11 : "7", id : 115, k13 : -1972756356, k12 : false, k14 : "Z3KiE6kkA"});
CREATE (n0 :L0{k0 : 1840404788, k1 : "5cjO84H", k2 : false, k3 : "bbHt6pXlB", k4 : -1214731359, id : 116});
CREATE (n0 :L0:L4{k28 : "wh", k27 : "5XF", k29 : false, k0 : 1695239556, k1 : "h9I21", k2 : false, k3 : "rX", k4 : -877489273, id : 117, k24 : -254474139, k26 : -701473543});
CREATE (n0 :L3{k18 : "z5", k20 : false, k22 : "9", id : 118, k21 : true, k23 : "x"});
CREATE (n0 :L3:L1{k19 : -508822183, k18 : "N", k20 : true, k22 : "oatvgEx", k5 : "f", id : 119, k21 : false, k6 : -1599054479, k10 : false, k7 : "2BF", k23 : "sUyDjGid", k8 : "o"});
CREATE (n0 {id : 120});
CREATE (n0 :L4{k27 : "FsRs6T05K", k29 : false, id : 121, k24 : 226488089, k26 : 618308662, k25 : "W"});
CREATE (n0 :L2:L0{k17 : true, k16 : "E", k0 : -1576803232, k2 : false, k3 : "jUh8i4ZB", k4 : 1574856033, k11 : "x", id : 122, k13 : 1406712597, k12 : false, k14 : "nTdABqQ"});
CREATE (n0 :L2:L4{k11 : "JE", k24 : -1026876229, k12 : false, k15 : -990437704, k26 : -1796151338, k14 : "xONc7yQ8D", k25 : "rtPUS9", k17 : false, k28 : "6", k16 : "DKFD", k27 : "nWlj", k29 : true, id : 123});
CREATE (n0 :L2:L1{k11 : "8", k5 : "BNvVfalGh", k6 : -863153800, k10 : false, k13 : 1976493692, k7 : "2", k12 : true, k8 : "aX5", k15 : 756987163, k9 : "5", k14 : "nTdABqQ", k17 : true, k16 : "U8Bn77IC", id : 124});
CREATE (n0 {id : 125});
CREATE (n0 :L3{k19 : -1023637740, k18 : "z5", k22 : "M", id : 126, k21 : true, k23 : "PUaqn4sFW"});
CREATE (n0 :L4{k28 : "d8L", k27 : "eLNgN", k29 : false, id : 127, k24 : 1721148523, k26 : 697403330, k25 : "74G7P6"});
MATCH (n0 {id : 2}), (n1 {id : 21}) MERGE(n0)-[r :T3{k49 : "I", k51 : -1832373288, k50 : "ituQrWV", id : 128, k48 : -545247706, k47 : "s"}]->(n1);
MATCH (n0 {id : 31}), (n1 {id : 30}) MERGE(n0)-[r :T5{k60 : true, k62 : -891692354, k61 : false, id : 129, k57 : 2043959010, k59 : false, k58 : true}]->(n1);
MATCH (n0 {id : 68}), (n1 {id : 79}) MERGE(n0)-[r :T5{k60 : false, k61 : false, id : 130, k57 : -1593382856, k59 : true, k58 : false}]->(n1);
MATCH (n0 {id : 0}), (n1 {id : 81}) MERGE(n0)-[r :T3{k49 : "p", k51 : 706053352, k50 : "Q2", id : 131, k48 : -885927527, k47 : "LNyvMW3kw"}]->(n1);
MATCH (n0 {id : 60}), (n1 {id : 26}) MERGE(n0)-[r :T0{k30 : "O", k33 : -994224406, id : 132, k32 : "tWC7sXsPF", k34 : true}]->(n1);
MATCH (n0 {id : 105}), (n1 {id : 86}) MERGE(n0)-[r :T5{k60 : false, k62 : -1921901298, k61 : false, id : 133, k57 : 780325367, k59 : true, k58 : true}]->(n1);
MATCH (n0 {id : 17}), (n1 {id : 118}) MERGE(n0)-[r :T0{k31 : "j", k30 : "6F", k33 : 11525089, id : 134, k32 : "DAXDwKo", k34 : true}]->(n1);
MATCH (n0 {id : 6}), (n1 {id : 113}) MERGE(n0)-[r :T4{k52 : -752749527, k55 : true, id : 135, k54 : 330343537, k56 : 542187060}]->(n1);
MATCH (n0 {id : 32}), (n1 {id : 5}) MERGE(n0)-[r :T0{k31 : "Tv", k30 : "k", k33 : -1370742683, id : 136, k32 : "T", k34 : false}]->(n1);
MATCH (n0 {id : 54}), (n1 {id : 10}) MERGE(n0)-[r :T3{k49 : "qJCaFW5LZ", k51 : -496863864, k50 : "7", id : 137, k48 : -885927527, k47 : "Oni"}]->(n1);
MATCH (n0 {id : 106}), (n1 {id : 48}) MERGE(n0)-[r :T5{k60 : true, k62 : -601728963, k61 : false, id : 138, k57 : 1952211841, k59 : false, k58 : false}]->(n1);
MATCH (n0 {id : 75}), (n1 {id : 87}) MERGE(n0)-[r :T3{k49 : "pukpAJzE", k51 : 1270197090, k50 : "L5JysfR3", id : 139, k48 : -1347364511, k47 : "LNyvMW3kw"}]->(n1);
MATCH (n0 {id : 83}), (n1 {id : 105}) MERGE(n0)-[r :T1{k39 : true, k38 : -359172189, id : 140, k35 : false, k37 : true, k36 : "l4phBEf"}]->(n1);
MATCH (n0 {id : 16}), (n1 {id : 17}) MERGE(n0)-[r :T1{k39 : false, k38 : -1038982790, id : 141, k35 : true, k37 : true, k36 : "m"}]->(n1);
MATCH (n0 {id : 110}), (n1 {id : 25}) MERGE(n0)-[r :T2{k40 : 518690213, k42 : "8vujbOhu", k41 : -1536466531, k44 : "Q", id : 142, k43 : false, k46 : "a", k45 : true}]->(n1);
MATCH (n0 {id : 38}), (n1 {id : 42}) MERGE(n0)-[r :T3{k49 : "G", k51 : -1348636197, k50 : "ituQrWV", id : 143, k48 : -107612962, k47 : "tixyE"}]->(n1);
MATCH (n0 {id : 51}), (n1 {id : 116}) MERGE(n0)-[r :T5{k60 : true, k62 : -1921901298, k61 : false, id : 144, k57 : -213622605, k59 : false, k58 : false}]->(n1);
MATCH (n0 {id : 1}), (n1 {id : 64}) MERGE(n0)-[r :T1{k39 : false, k38 : 863505759, id : 145, k35 : false, k37 : false, k36 : "J"}]->(n1);
MATCH (n0 {id : 91}), (n1 {id : 19}) MERGE(n0)-[r :T2{k40 : 1677002394, k42 : "v", k41 : 169368982, k44 : "5", id : 146, k43 : true, k46 : "2Hhb", k45 : true}]->(n1);
MATCH (n0 {id : 117}), (n1 {id : 93}) MERGE(n0)-[r :T3{k49 : "TR", k51 : 549350961, k50 : "2", id : 147, k48 : -1537350339, k47 : "s"}]->(n1);
MATCH (n0 {id : 122}), (n1 {id : 18}) MERGE(n0)-[r :T1{k39 : true, k38 : -359172189, id : 148, k35 : false, k37 : true, k36 : "J"}]->(n1);
MATCH (n0 {id : 91}), (n1 {id : 6}) MERGE(n0)-[r :T4{k53 : "6", k52 : -1962531590, k55 : true, id : 149, k54 : 1373082644, k56 : 1479839118}]->(n1);
MATCH (n0 {id : 29}), (n1 {id : 127}) MERGE(n0)-[r :T2{k40 : 2047214637, k42 : "CHaJC", k41 : 1686374157, k44 : "h", id : 150, k43 : true, k46 : "3", k45 : false}]->(n1);
MATCH (n0 {id : 0}), (n1 {id : 47}) MERGE(n0)-[r :T1{k39 : false, k38 : 2033578219, id : 151, k37 : false, k36 : "x"}]->(n1);
MATCH (n0 {id : 79}), (n1 {id : 13}) MERGE(n0)-[r :T2{k42 : "x", k41 : 1372898659, k44 : "n1", id : 152, k43 : false, k46 : "2Hhb", k45 : false}]->(n1);
MATCH (n0 {id : 5}), (n1 {id : 55}) MERGE(n0)-[r :T5{k60 : false, k62 : -1770662376, k61 : true, id : 153, k57 : 2093116068, k59 : true, k58 : true}]->(n1);
MATCH (n0 {id : 103}), (n1 {id : 104}) MERGE(n0)-[r :T2{k40 : 1288693039, k42 : "R96E", k41 : 126335884, k44 : "h6ZL", id : 154, k43 : false, k45 : false}]->(n1);
MATCH (n0 {id : 17}), (n1 {id : 64}) MERGE(n0)-[r :T1{k39 : true, k38 : -359172189, id : 155, k35 : false, k37 : false, k36 : "9"}]->(n1);
MATCH (n0 {id : 47}), (n1 {id : 52}) MERGE(n0)-[r :T3{k49 : "l", k51 : -372914302, k50 : "jC", id : 156, k48 : -885927527, k47 : "LNyvMW3kw"}]->(n1);
MATCH (n0 {id : 75}), (n1 {id : 107}) MERGE(n0)-[r :T5{k60 : true, k62 : 2120929119, k61 : true, id : 157, k57 : 2093116068, k59 : true}]->(n1);
MATCH (n0 {id : 110}), (n1 {id : 121}) MERGE(n0)-[r :T4{k53 : "ks", k52 : 1056151158, k55 : true, id : 158, k56 : 2096791532}]->(n1);
MATCH (n0 {id : 48}), (n1 {id : 60}) MERGE(n0)-[r :T0{k31 : "sCa", k30 : "6F", id : 159, k32 : "A", k34 : true}]->(n1);
MATCH (n0 {id : 53}), (n1 {id : 37}) MERGE(n0)-[r :T0{k31 : "e", k30 : "k", k33 : -713594796, id : 160, k32 : "A", k34 : false}]->(n1);
MATCH (n0 {id : 79}), (n1 {id : 111}) MERGE(n0)-[r :T1{k39 : false, k38 : -2123810929, id : 161, k35 : true, k37 : true}]->(n1);
MATCH (n0 {id : 42}), (n1 {id : 35}) MERGE(n0)-[r :T1{k39 : true, k38 : 614128723, id : 162, k35 : true, k37 : false, k36 : "x"}]->(n1);
MATCH (n0 {id : 81}), (n1 {id : 82}) MERGE(n0)-[r :T4{k53 : "j", k52 : -1183273363, k55 : false, id : 163, k54 : -719448757, k56 : 310447962}]->(n1);
MATCH (n0 {id : 28}), (n1 {id : 47}) MERGE(n0)-[r :T3{k49 : "I", k51 : 1798512550, k50 : "7", id : 164, k48 : -154717616, k47 : "X"}]->(n1);
MATCH (n0 {id : 112}), (n1 {id : 70}) MERGE(n0)-[r :T1{k39 : true, k38 : 383877736, id : 165, k35 : false, k37 : true, k36 : "V4jOCTr8"}]->(n1);
MATCH (n0 {id : 70}), (n1 {id : 81}) MERGE(n0)-[r :T5{k60 : true, k62 : -1605431843, k61 : true, id : 166, k57 : 2093116068, k59 : true, k58 : true}]->(n1);
MATCH (n0 {id : 93}), (n1 {id : 73}) MERGE(n0)-[r :T3{k49 : "pukpAJzE", k51 : -1282289600, k50 : "6mPzJ", id : 167, k48 : -1720718159, k47 : "k9"}]->(n1);
MATCH (n0 {id : 57}), (n1 {id : 79}) MERGE(n0)-[r :T5{k60 : true, k62 : -1910120219, k61 : true, id : 168, k57 : -973004113, k59 : false, k58 : true}]->(n1);
MATCH (n0 {id : 24}), (n1 {id : 61}) MERGE(n0)-[r :T1{k39 : false, k38 : 230895633, id : 169, k35 : true, k37 : true, k36 : "jUgg2HBR"}]->(n1);
MATCH (n0 {id : 92}), (n1 {id : 28}) MERGE(n0)-[r :T3{k49 : "p", k51 : 1798512550, k50 : "Xt67w", id : 170, k48 : 1954175588, k47 : "IJg2d8f"}]->(n1);
MATCH (n0 {id : 12}), (n1 {id : 107}) MERGE(n0)-[r :T2{k40 : 518690213, k42 : "f1", k41 : 1416887526, k44 : "zD", id : 171, k43 : true, k46 : "A", k45 : true}]->(n1);
MATCH (n0 {id : 4}), (n1 {id : 33}) MERGE(n0)-[r :T2{k40 : 448273771, k42 : "R96E", k41 : -90419656, id : 172, k43 : true, k46 : "W", k45 : false}]->(n1);
MATCH (n0 {id : 24}), (n1 {id : 77}) MERGE(n0)-[r :T2{k40 : 1288693039, k42 : "H", k41 : 1894515203, k44 : "d", id : 173, k43 : true, k46 : "y", k45 : true}]->(n1);
MATCH (n0 {id : 104}), (n1 {id : 81}) MERGE(n0)-[r :T5{k60 : true, k62 : -203016692, k61 : false, id : 174, k57 : 1842004370, k59 : false, k58 : true}]->(n1);
MATCH (n0 {id : 68}), (n1 {id : 72}) MERGE(n0)-[r :T1{k39 : true, k38 : 1027297182, id : 175, k35 : true, k37 : false, k36 : "zH"}]->(n1);
MATCH (n0 {id : 77}), (n1 {id : 58}) MERGE(n0)-[r :T4{k53 : "7", k52 : -70143817, k55 : true, id : 176, k54 : -678372689, k56 : -481124897}]->(n1);
MATCH (n0 {id : 95}), (n1 {id : 82}) MERGE(n0)-[r :T3{k49 : "BkTgdNz", k50 : "f", id : 177, k48 : 1180616252, k47 : "IT"}]->(n1);
MATCH (n0 {id : 75}), (n1 {id : 23}) MERGE(n0)-[r :T0{k31 : "O7X", k30 : "k", k33 : 337313541, id : 178, k32 : "4j", k34 : true}]->(n1);
MATCH (n0 {id : 96}), (n1 {id : 70}) MERGE(n0)-[r :T2{k40 : 1221902968, k42 : "21", k41 : -1119881835, k44 : "t", id : 179, k43 : true, k46 : "W", k45 : false}]->(n1);
MATCH (n0 {id : 69}), (n1 {id : 35}) MERGE(n0)-[r :T4{k53 : "BJ", k52 : -1962531590, k55 : false, id : 180, k54 : -492545120, k56 : 71284098}]->(n1);
MATCH (n0 {id : 25}), (n1 {id : 107}) MERGE(n0)-[r :T1{k39 : false, k38 : -1501470834, id : 181, k35 : false, k37 : true, k36 : "93Zx"}]->(n1);
MATCH (n0 {id : 72}), (n1 {id : 118}) MERGE(n0)-[r :T4{k53 : "lJANA", k52 : 971048739, k55 : true, id : 182, k54 : 1939039839, k56 : -1985515009}]->(n1);
MATCH (n0 {id : 110}), (n1 {id : 33}) MERGE(n0)-[r :T1{k38 : -1501470834, id : 183, k35 : true, k36 : "GlN6JoIpG"}]->(n1);
MATCH (n0 {id : 73}), (n1 {id : 36}) MERGE(n0)-[r :T4{k53 : "BJ", k52 : 1185742553, k55 : true, id : 184, k54 : -719448757, k56 : 1872116766}]->(n1);
MATCH (n0 {id : 123}), (n1 {id : 1}) MERGE(n0)-[r :T2{k40 : 1221902968, k42 : "e", k41 : -547733045, k44 : "k", id : 185, k43 : true, k46 : "2Hhb"}]->(n1);
MATCH (n0 {id : 18}), (n1 {id : 106}) MERGE(n0)-[r :T3{k51 : 2046208450, k50 : "qg", id : 186, k47 : "LWsKmN9a2"}]->(n1);
MATCH (n0 {id : 108}), (n1 {id : 96}) MERGE(n0)-[r :T3{k49 : "TR", k51 : 861660250, id : 187, k48 : -1856392590, k47 : "f4tc20d"}]->(n1);
MATCH (n0 {id : 97}), (n1 {id : 44}) MERGE(n0)-[r :T1{k39 : false, k38 : -1946802354, id : 188, k35 : true, k37 : true, k36 : "fR5lja"}]->(n1);
MATCH (n0 {id : 93}), (n1 {id : 0}) MERGE(n0)-[r :T1{k39 : false, k38 : -839417628, id : 189, k35 : true, k37 : false, k36 : "x"}]->(n1);
MATCH (n0 {id : 78}), (n1 {id : 99}) MERGE(n0)-[r :T5{k60 : false, k62 : -601728963, k61 : true, id : 190, k57 : 2093116068, k59 : false, k58 : true}]->(n1);
MATCH (n0 {id : 23}), (n1 {id : 21}) MERGE(n0)-[r :T3{k49 : "Yd4", k51 : 1270197090, k50 : "pvEqsrPo7", id : 191, k48 : 1395211739, k47 : "LWsKmN9a2"}]->(n1);
MATCH (n0 {id : 82}), (n1 {id : 58}) MERGE(n0)-[r :T4{k53 : "1fA2qKaoK", k52 : 476063896, k55 : true, id : 192, k54 : 1939039839, k56 : 1872116766}]->(n1);
MATCH (n0 {id : 82}), (n1 {id : 76}) MERGE(n0)-[r :T1{k39 : false, k38 : -61885461, id : 193, k35 : false, k37 : false, k36 : "x"}]->(n1);
MATCH (n0 {id : 12}), (n1 {id : 99}) MERGE(n0)-[r :T1{k39 : true, k38 : 1878649138, id : 194, k35 : true, k37 : false, k36 : "I"}]->(n1);
MATCH (n0 {id : 11}), (n1 {id : 78}) MERGE(n0)-[r :T4{k53 : "P", k52 : -771265358, id : 195, k54 : -109909289, k56 : 71284098}]->(n1);
MATCH (n0 {id : 106}), (n1 {id : 108}) MERGE(n0)-[r :T5{k60 : false, k62 : 1339471057, k61 : false, id : 196, k57 : 1952211841, k59 : false, k58 : true}]->(n1);
MATCH (n0 {id : 82}), (n1 {id : 21}) MERGE(n0)-[r :T3{k49 : "qJCaFW5LZ", k51 : 532776495, k50 : "Xt67w", id : 197, k48 : -741053930, k47 : "Oni"}]->(n1);
MATCH (n0 {id : 9}), (n1 {id : 40}) MERGE(n0)-[r :T4{k53 : "6", k52 : -751004541, k55 : false, id : 198, k54 : 330343537, k56 : 527026456}]->(n1);
MATCH (n0 {id : 79}), (n1 {id : 33}) MERGE(n0)-[r :T0{k31 : "O7X", k30 : "8L8", k33 : 11525089, id : 199, k32 : "tWC7sXsPF", k34 : true}]->(n1);
MATCH (n0 {id : 116}), (n1 {id : 108}) MERGE(n0)-[r :T0{k31 : "j", k30 : "l", k33 : 1481835573, id : 200, k32 : "LEC", k34 : true}]->(n1);
MATCH (n0 {id : 125}), (n1 {id : 72}) MERGE(n0)-[r :T3{k49 : "TR", k50 : "qg", id : 201, k48 : -545247706, k47 : "k9"}]->(n1);
MATCH (n0 {id : 36}), (n1 {id : 34}) MERGE(n0)-[r :T4{k53 : "lJANA", k52 : -751004541, k55 : true, id : 202, k54 : 1587843623, k56 : 1872116766}]->(n1);
MATCH (n0 {id : 9}), (n1 {id : 82}) MERGE(n0)-[r :T3{k49 : "H", k51 : -1970127291, k50 : "L5JysfR3", id : 203, k48 : 1479217172, k47 : "MV"}]->(n1);
MATCH (n0 {id : 16}), (n1 {id : 44}) MERGE(n0)-[r :T0{k31 : "j", k30 : "um", k33 : -1370742683, id : 204, k32 : "v", k34 : true}]->(n1);
MATCH (n0 {id : 10}), (n1 {id : 5}) MERGE(n0)-[r :T5{k62 : -891692354, k61 : false, id : 205, k57 : -941082710, k59 : false, k58 : true}]->(n1);
MATCH (n0 {id : 103}), (n1 {id : 79}) MERGE(n0)-[r :T2{k40 : 1585314875, k42 : "djYsh9", k41 : -547733045, k44 : "t", id : 206, k43 : true, k46 : "x", k45 : false}]->(n1);
MATCH (n0 {id : 23}), (n1 {id : 20}) MERGE(n0)-[r :T0{k31 : "ZYBTt", k30 : "s", k33 : -1557032587, id : 207, k32 : "T", k34 : false}]->(n1);
MATCH (n0 {id : 34}), (n1 {id : 4}) MERGE(n0)-[r :T5{k60 : true, k62 : 1951152753, k61 : true, id : 208, k57 : -973004113, k59 : false}]->(n1);
MATCH (n0 {id : 7}), (n1 {id : 3}) MERGE(n0)-[r :T5{k60 : false, k62 : -1457196382, k61 : false, id : 209, k59 : true, k58 : true}]->(n1);
MATCH (n0 {id : 95}), (n1 {id : 51}) MERGE(n0)-[r :T5{k60 : true, k62 : 1951152753, k61 : false, id : 210, k57 : 1186646499, k59 : false, k58 : true}]->(n1);
MATCH (n0 {id : 17}), (n1 {id : 99}) MERGE(n0)-[r :T2{k40 : -281671887, k42 : "j", k41 : 487920940, k44 : "zD", id : 211, k43 : false, k46 : "W", k45 : false}]->(n1);
MATCH (n0 {id : 14}), (n1 {id : 38}) MERGE(n0)-[r :T0{k31 : "CZZR3ExDP", k30 : "QFoVg", k33 : -1370742683, id : 212, k32 : "H", k34 : true}]->(n1);
MATCH (n0 {id : 82}), (n1 {id : 102}) MERGE(n0)-[r :T3{k49 : "U", k51 : -789833732, k50 : "ituQrWV", id : 213, k48 : -107612962, k47 : "Y"}]->(n1);
MATCH (n0 {id : 18}), (n1 {id : 42}) MERGE(n0)-[r :T2{k40 : 2047214637, k42 : "7", k41 : -146978755, k44 : "Q", id : 214, k43 : false, k46 : "JYyz7rl", k45 : false}]->(n1);
MATCH (n0 {id : 15}), (n1 {id : 63}) MERGE(n0)-[r :T2{k40 : 1130307083, k42 : "j", k41 : 1491921963, k44 : "Ri", id : 215, k43 : false, k46 : "x", k45 : false}]->(n1);
MATCH (n0 {id : 63}), (n1 {id : 76}) MERGE(n0)-[r :T1{k39 : true, id : 216, k35 : true, k37 : false, k36 : "W"}]->(n1);
MATCH (n0 {id : 116}), (n1 {id : 119}) MERGE(n0)-[r :T5{k60 : false, k62 : 1720710717, k61 : false, id : 217, k57 : 2101078981, k59 : true, k58 : false}]->(n1);
MATCH (n0 {id : 19}), (n1 {id : 92}) MERGE(n0)-[r :T5{k60 : true, k62 : -1910120219, k61 : false, id : 218, k57 : 66405689, k59 : true, k58 : false}]->(n1);
MATCH (n0 {id : 38}), (n1 {id : 44}) MERGE(n0)-[r :T0{k31 : "CZZR3ExDP", k30 : "H", k33 : -909167897, id : 219, k32 : "y", k34 : false}]->(n1);
MATCH (n0 {id : 105}), (n1 {id : 10}) MERGE(n0)-[r :T3{k49 : "I", k50 : "iAs2rqvB1", id : 220, k48 : 1395211739, k47 : "k9"}]->(n1);
MATCH (n0 {id : 96}), (n1 {id : 61}) MERGE(n0)-[r :T2{k40 : -281671887, k42 : "7", k41 : -1119881835, k44 : "k", id : 221, k43 : true, k45 : false}]->(n1);
MATCH (n0 {id : 69}), (n1 {id : 37}) MERGE(n0)-[r :T2{k40 : 1964974469, k42 : "P14NAr", k41 : 487920940, k44 : "k", id : 222, k43 : true, k46 : "y", k45 : false}]->(n1);
MATCH (n0 {id : 6}), (n1 {id : 127}) MERGE(n0)-[r :T1{k39 : false, k38 : -1946802354, id : 223, k35 : true, k37 : true, k36 : "W"}]->(n1);
MATCH (n0 {id : 75}), (n1 {id : 95}) MERGE(n0)-[r :T0{k31 : "9Oe", k30 : "O", k33 : 11525089, id : 224, k32 : "DAXDwKo", k34 : true}]->(n1);
MATCH (n0 {id : 116}), (n1 {id : 63}) MERGE(n0)-[r :T4{k53 : "P", k52 : 1100862095, k55 : true, id : 225, k54 : 1587843623, k56 : 527026456}]->(n1);
MATCH (n0 {id : 58}), (n1 {id : 75}) MERGE(n0)-[r :T2{k40 : 230443420, k42 : "x", k41 : 126335884, k44 : "h6ZL", id : 226, k43 : true, k46 : "8", k45 : false}]->(n1);
MATCH (n0 {id : 65}), (n1 {id : 80}) MERGE(n0)-[r :T2{k40 : 654305679, k42 : "21", k41 : 169368982, k44 : "5", id : 227, k43 : true, k46 : "y", k45 : false}]->(n1);
MATCH (n0 {id : 79}), (n1 {id : 118}) MERGE(n0)-[r :T5{k60 : true, k62 : -1910120219, k61 : false, id : 228, k57 : 1952211841, k59 : false, k58 : false}]->(n1);
MATCH (n0 {id : 97}), (n1 {id : 24}) MERGE(n0)-[r :T5{k60 : false, k62 : 2120929119, k61 : false, id : 229, k57 : 1411700382, k59 : false, k58 : true}]->(n1);
MATCH (n0 {id : 100}), (n1 {id : 39}) MERGE(n0)-[r :T1{k39 : false, k38 : -839417628, id : 230, k35 : false, k37 : true, k36 : "m"}]->(n1);
MATCH (n0 {id : 76}), (n1 {id : 29}) MERGE(n0)-[r :T5{k60 : true, k62 : 1339471057, k61 : true, id : 231, k59 : true, k58 : true}]->(n1);
MATCH (n0 {id : 25}), (n1 {id : 102}) MERGE(n0)-[r :T5{k60 : true, k62 : 631414250, k61 : false, id : 232, k57 : 1952211841, k59 : true, k58 : true}]->(n1);
MATCH (n0 {id : 90}), (n1 {id : 18}) MERGE(n0)-[r :T1{k39 : false, k38 : 383877736, id : 233, k35 : false, k37 : true, k36 : "J62LWrYNc"}]->(n1);
MATCH (n0 {id : 32}), (n1 {id : 59}) MERGE(n0)-[r :T2{k40 : -1151793773, k42 : "djYsh9", k41 : -1132363899, k44 : "k", id : 234, k43 : false, k46 : "n71In", k45 : true}]->(n1);
MATCH (n0 {id : 61}), (n1 {id : 124}) MERGE(n0)-[r :T1{k39 : true, k38 : 1803661101, id : 235, k35 : false, k37 : true, k36 : "l4phBEf"}]->(n1);
MATCH (n0 {id : 43}), (n1 {id : 113}) MERGE(n0)-[r :T0{k31 : "wqL", k30 : "O", k33 : 337313541, id : 236, k32 : "y", k34 : true}]->(n1);
MATCH (n0 {id : 79}), (n1 {id : 2}) MERGE(n0)-[r :T4{k53 : "4", k52 : -583207115, k55 : true, id : 237, k54 : 868617730, k56 : -481124897}]->(n1);
MATCH (n0 {id : 4}), (n1 {id : 100}) MERGE(n0)-[r :T4{k53 : "GCphB0Xc", k52 : -751004541, k55 : true, id : 238, k54 : -109909289, k56 : -1985515009}]->(n1);
MATCH (n0 {id : 85}), (n1 {id : 30}) MERGE(n0)-[r :T1{k39 : true, id : 239, k37 : true, k36 : "Xb9ecl"}]->(n1);
MATCH (n0 {id : 98}), (n1 {id : 110}) MERGE(n0)-[r :T0{k31 : "e", k30 : "nJ", k33 : 11525089, id : 240, k32 : "A", k34 : false}]->(n1);
MATCH (n0 {id : 27}), (n1 {id : 9}) MERGE(n0)-[r :T4{k53 : "Rke2qW", k52 : 1056151158, k55 : true, id : 241, k54 : 100087557, k56 : 721017489}]->(n1);
MATCH (n0 {id : 115}), (n1 {id : 119}) MERGE(n0)-[r :T2{k40 : -281671887, k42 : "H", k41 : 1416887526, k44 : "zD", id : 242, k43 : true, k46 : "2Hhb", k45 : true}]->(n1);
MATCH (n0 {id : 70}), (n1 {id : 71}) MERGE(n0)-[r :T2{k40 : 230443420, k42 : "j", k41 : 1491921963, k44 : "k", id : 243, k43 : false, k46 : "W", k45 : false}]->(n1);
MATCH (n0 {id : 65}), (n1 {id : 12}) MERGE(n0)-[r :T1{k39 : false, k38 : -1501470834, id : 244, k35 : false, k37 : true, k36 : "fR5lja"}]->(n1);
MATCH (n0 {id : 11}), (n1 {id : 1}) MERGE(n0)-[r :T0{k31 : "fIpp", k30 : "t", k33 : -113802018, id : 245, k32 : "4j", k34 : true}]->(n1);
MATCH (n0 {id : 84}), (n1 {id : 40}) MERGE(n0)-[r :T2{k40 : 230443420, k42 : "Uv", k41 : 1894515203, id : 246, k43 : false, k46 : "A", k45 : false}]->(n1);
MATCH (n0 {id : 56}), (n1 {id : 33}) MERGE(n0)-[r :T0{k31 : "CZZR3ExDP", k30 : "wfYoQ58", k33 : 1389844333, id : 247, k32 : "H", k34 : true}]->(n1);
MATCH (n0 {id : 72}), (n1 {id : 90}) MERGE(n0)-[r :T1{k39 : false, k38 : -839417628, id : 248, k35 : false, k37 : false}]->(n1);
MATCH (n0 {id : 70}), (n1 {id : 68}) MERGE(n0)-[r :T5{k60 : false, k62 : -891692354, k61 : false, id : 249, k57 : 2093116068, k59 : false, k58 : false}]->(n1);
MATCH (n0 {id : 17}), (n1 {id : 23}) MERGE(n0)-[r :T3{k49 : "p", k51 : -590113429, k50 : "Q2", id : 250, k48 : -107612962, k47 : "G"}]->(n1);
MATCH (n0 {id : 96}), (n1 {id : 66}) MERGE(n0)-[r :T5{k60 : false, k62 : 1951152753, k61 : true, id : 251, k57 : 1497433932, k59 : false, k58 : true}]->(n1);
MATCH (n0 {id : 37}), (n1 {id : 35}) MERGE(n0)-[r :T2{k40 : 1964974469, k42 : "7", k41 : 932324709, k44 : "d", id : 252, k43 : false, k46 : "3", k45 : true}]->(n1);
MATCH (n0 {id : 66}), (n1 {id : 30}) MERGE(n0)-[r :T1{k39 : false, k38 : -359172189, id : 253, k35 : true, k37 : false, k36 : "93Zx"}]->(n1);
MATCH (n0 {id : 98}), (n1 {id : 97}) MERGE(n0)-[r :T0{k30 : "tu", k33 : -909167897, id : 254, k32 : "m", k34 : false}]->(n1);
MATCH (n0 {id : 82}), (n1 {id : 11}) MERGE(n0)-[r :T5{k60 : false, k62 : -891692354, k61 : true, id : 255, k57 : -881495743, k59 : true, k58 : true}]->(n1);
MATCH (n0 {id : 125}), (n1 {id : 43}) MERGE(n0)-[r :T0{k31 : "CN", k33 : -875160798, id : 256, k32 : "f", k34 : true}]->(n1);
MATCH (n0 {id : 113}), (n1 {id : 66}) MERGE(n0)-[r :T0{k31 : "Tv", k30 : "C9", k33 : -909167897, id : 257, k32 : "DAXDwKo", k34 : true}]->(n1);
MATCH (n0 {id : 43}), (n1 {id : 0}) MERGE(n0)-[r :T1{k39 : false, k38 : -156946381, id : 258, k37 : false, k36 : "V4jOCTr8"}]->(n1);
MATCH (n0 {id : 95}), (n1 {id : 106}) MERGE(n0)-[r :T2{k40 : 1288693039, k42 : "8vujbOhu", k41 : 1894515203, k44 : "C8d", id : 259, k43 : false, k46 : "u", k45 : false}]->(n1);
MATCH (n0 {id : 51}), (n1 {id : 80}) MERGE(n0)-[r :T5{k62 : -634888853, k61 : true, id : 260, k57 : 1186646499, k59 : true, k58 : false}]->(n1);
MATCH (n0 {id : 48}), (n1 {id : 53}) MERGE(n0)-[r :T4{k53 : "cy", k52 : -1721509581, k55 : false, id : 261, k54 : -1913476157, k56 : 2096791532}]->(n1);
MATCH (n0 {id : 42}), (n1 {id : 23}) MERGE(n0)-[r :T2{k40 : 448273771, k42 : "f1", k41 : 1491921963, k44 : "C8d", id : 262, k43 : true, k46 : "a", k45 : true}]->(n1);
MATCH (n0 {id : 29}), (n1 {id : 12}) MERGE(n0)-[r :T2{k40 : -281671887, k42 : "H", k41 : 487920940, k44 : "5", id : 263, k43 : false, k46 : "N", k45 : true}]->(n1);
MATCH (n0 {id : 47}), (n1 {id : 69}) MERGE(n0)-[r :T0{k31 : "j", k30 : "H", k33 : 1832912611, id : 264, k32 : "9", k34 : true}]->(n1);
MATCH (n0 {id : 8}), (n1 {id : 113}) MERGE(n0)-[r :T3{k49 : "p", k51 : -789833732, k50 : "L5JysfR3", id : 265, k48 : -1537350339, k47 : "IT"}]->(n1);
MATCH (n0 {id : 28}), (n1 {id : 44}) MERGE(n0)-[r :T3{k49 : "p5pAwfRd", k51 : -1796648415, k50 : "ituQrWV", id : 266, k48 : -1347364511, k47 : "LNyvMW3kw"}]->(n1);
MATCH (n0 {id : 77}), (n1 {id : 114}) MERGE(n0)-[r :T0{k31 : "sCa", k30 : "6F", k33 : 878625716, id : 267, k32 : "v", k34 : true}]->(n1);
MATCH (n0 {id : 47}), (n1 {id : 19}) MERGE(n0)-[r :T3{k49 : "kj", k51 : -1602119412, k50 : "LSqm", id : 268, k48 : -741053930, k47 : "IT"}]->(n1);
MATCH (n0 {id : 11}), (n1 {id : 51}) MERGE(n0)-[r :T5{k60 : false, k62 : -1605431843, k61 : true, id : 269, k57 : 1842004370, k59 : false, k58 : true}]->(n1);
MATCH (n0 {id : 122}), (n1 {id : 18}) MERGE(n0)-[r :T2{k40 : 2010753613, k42 : "0Vd", k41 : -1790944870, k44 : "O1u", id : 270, k43 : true, k46 : "a", k45 : true}]->(n1);
MATCH (n0 {id : 104}), (n1 {id : 29}) MERGE(n0)-[r :T4{k53 : "lJANA", k52 : 1185742553, k55 : true, id : 271, k54 : 1373082644, k56 : -481124897}]->(n1);
MATCH (n0 {id : 58}), (n1 {id : 21}) MERGE(n0)-[r :T0{k31 : "sCa", k30 : "um", k33 : -811044971, id : 272, k32 : "9", k34 : true}]->(n1);
MATCH (n0 {id : 90}), (n1 {id : 37}) MERGE(n0)-[r :T1{k39 : false, k38 : -1946802354, id : 273, k35 : false, k37 : true, k36 : "fR5lja"}]->(n1);
MATCH (n0 {id : 127}), (n1 {id : 15}) MERGE(n0)-[r :T4{k53 : "6", k52 : 971048739, k55 : true, id : 274, k54 : 100087557, k56 : 721017489}]->(n1);
MATCH (n0 {id : 83}), (n1 {id : 40}) MERGE(n0)-[r :T5{k60 : false, k61 : false, id : 275, k57 : -213622605, k59 : true, k58 : true}]->(n1);
MATCH (n0 {id : 91}), (n1 {id : 124}) MERGE(n0)-[r :T1{k39 : false, k38 : 863505759, id : 276, k35 : false, k37 : false, k36 : "M"}]->(n1);
MATCH (n0 {id : 37}), (n1 {id : 119}) MERGE(n0)-[r :T5{k60 : false, k62 : 1339471057, k61 : false, id : 277, k57 : 2093116068, k59 : true, k58 : false}]->(n1);
MATCH (n0 {id : 63}), (n1 {id : 54}) MERGE(n0)-[r :T4{k53 : "fL", k52 : -771265358, k55 : true, id : 278, k54 : -492545120, k56 : 1479839118}]->(n1);
MATCH (n0 {id : 125}), (n1 {id : 11}) MERGE(n0)-[r :T0{k31 : "9Oe", k30 : "8L8", k33 : -875160798, id : 279, k32 : "NWm0RgQS", k34 : false}]->(n1);
MATCH (n0 {id : 70}), (n1 {id : 42}) MERGE(n0)-[r :T5{k60 : false, k62 : -2080428037, k61 : true, id : 280, k57 : 1842004370, k59 : false, k58 : true}]->(n1);
MATCH (n0 {id : 8}), (n1 {id : 111}) MERGE(n0)-[r :T1{k39 : false, k38 : -1946802354, id : 281, k35 : true, k37 : true, k36 : "W"}]->(n1);
MATCH (n0 {id : 78}), (n1 {id : 32}) MERGE(n0)-[r :T3{k49 : "qJCaFW5LZ", k51 : -1796648415, k50 : "Q2", id : 282, k48 : -545247706, k47 : "k9"}]->(n1);
MATCH (n0 {id : 39}), (n1 {id : 112}) MERGE(n0)-[r :T5{k60 : true, k62 : 631414250, k61 : false, id : 283, k57 : -973004113, k59 : true, k58 : false}]->(n1);
MATCH (n0 {id : 66}), (n1 {id : 53}) MERGE(n0)-[r :T4{k53 : "GCphB0Xc", k52 : -583207115, k55 : true, id : 284, k54 : -1583619289, k56 : -1087147591}]->(n1);
MATCH (n0 {id : 51}), (n1 {id : 126}) MERGE(n0)-[r :T2{k40 : 2010753613, k42 : "21", k41 : -1132363899, k44 : "5", id : 285, k43 : true, k46 : "y"}]->(n1);
MATCH (n0 {id : 15}), (n1 {id : 89}) MERGE(n0)-[r :T0{k31 : "A5", k30 : "H", k33 : 1389844333, id : 286, k32 : "ARs", k34 : true}]->(n1);
MATCH (n0 {id : 86}), (n1 {id : 11}) MERGE(n0)-[r :T3{k49 : "pukpAJzE", k51 : -372914302, k50 : "jC", id : 287, k48 : -1856392590, k47 : "z"}]->(n1);
MATCH (n0 {id : 53}), (n1 {id : 64}) MERGE(n0)-[r :T2{k40 : -1251064560, k42 : "R96E", k41 : 1372898659, k44 : "k", id : 288, k43 : false, k46 : "Q6gz"}]->(n1);
MATCH (n0 {id : 24}), (n1 {id : 0}) MERGE(n0)-[r :T1{k39 : false, k38 : -1946802354, id : 289, k35 : false, k37 : false, k36 : "J62LWrYNc"}]->(n1);
MATCH (n0 {id : 10}), (n1 {id : 95}) MERGE(n0)-[r :T5{k60 : true, k62 : -2125309769, k61 : false, id : 290, k57 : 530994294, k59 : true}]->(n1);
MATCH (n0 {id : 92}), (n1 {id : 73}) MERGE(n0)-[r :T4{k53 : "1fA2qKaoK", k52 : 42382077, k55 : true, id : 291, k54 : 1587843623, k56 : -1243546700}]->(n1);
MATCH (n0 {id : 24}), (n1 {id : 6}) MERGE(n0)-[r :T4{k53 : "6", id : 292, k54 : -1938614626, k56 : -1985515009}]->(n1);
MATCH (n0 {id : 51}), (n1 {id : 117}) MERGE(n0)-[r :T2{k40 : 481761832, k42 : "e", k41 : -1536466531, k44 : "n1", id : 293, k43 : true, k46 : "y", k45 : true}]->(n1);
MATCH (n0 {id : 94}), (n1 {id : 59}) MERGE(n0)-[r :T3{k49 : "TR", k51 : 1270197090, k50 : "L5JysfR3", id : 294, k48 : -1691765958, k47 : "IJg2d8f"}]->(n1);
MATCH (n0 {id : 28}), (n1 {id : 52}) MERGE(n0)-[r :T4{k53 : "ITTQ2p", k52 : -771265358, k55 : false, id : 295, k54 : 1395560068}]->(n1);
MATCH (n0 {id : 6}), (n1 {id : 16}) MERGE(n0)-[r :T0{k31 : "B", k30 : "l", k33 : -1370742683, id : 296, k32 : "4j", k34 : true}]->(n1);
MATCH (n0 {id : 50}), (n1 {id : 78}) MERGE(n0)-[r :T1{k39 : true, k38 : -1038982790, id : 297, k35 : true, k37 : true, k36 : "V4jOCTr8"}]->(n1);
MATCH (n0 {id : 39}), (n1 {id : 92}) MERGE(n0)-[r :T5{k60 : false, k62 : -634888853, k61 : true, id : 298, k57 : -973004113, k59 : true, k58 : true}]->(n1);
MATCH (n0 {id : 117}), (n1 {id : 124}) MERGE(n0)-[r :T1{k39 : false, k38 : 614128723, id : 299, k35 : false, k37 : true, k36 : "GlN6JoIpG"}]->(n1);
MATCH (n0 {id : 104}), (n1 {id : 68}) MERGE(n0)-[r :T5{k60 : true, k62 : 1339471057, k61 : false, id : 300, k57 : -973004113, k59 : true, k58 : true}]->(n1);
MATCH (n0 {id : 101}), (n1 {id : 0}) MERGE(n0)-[r :T4{k53 : "1fA2qKaoK", k52 : 1185742553, k55 : true, id : 301, k54 : 893392863, k56 : 1479839118}]->(n1);
MATCH (n0 {id : 47}), (n1 {id : 124}) MERGE(n0)-[r :T4{k53 : "GCphB0Xc", k52 : -771265358, k55 : true, id : 302, k54 : 1480626053, k56 : 721017489}]->(n1);