CREATE (n0 :L4{k28 : true, k27 : -1835776373, id : 0, k24 : -1718394817, k23 : true});
CREATE (n0 :L0:L1:L4{k0 : true, k1 : true, k2 : false, k3 : -1412103355, k4 : true, k5 : "tMbetL", k11 : false, k6 : true, k10 : -1746508955, k7 : 196617498, k24 : -2015224906, k8 : "dMCU63Q6", k12 : true, k23 : false, k9 : false, k26 : true, k25 : 773425785, k28 : false, k27 : -937637122, id : 1});
CREATE (n0 {id : 2});
CREATE (n0 :L3{k19 : true, k18 : "s", k20 : "PT1By", k22 : false, id : 3, k21 : false});
CREATE (n0 :L0{k0 : false, k1 : true, k2 : false, k3 : 736817323, k5 : "s0", id : 4});
CREATE (n0 :L2{k17 : -949794772, k16 : true, id : 5, k13 : 85357795, k15 : true, k14 : true});
CREATE (n0 :L3:L4{k28 : false, k27 : 569954511, k19 : true, k18 : "c", k20 : "l", k22 : false, id : 6, k21 : true, k24 : 2017793320, k23 : true, k26 : false, k25 : 1994537010});
CREATE (n0 :L4:L1:L0{k0 : true, k1 : false, k2 : true, k3 : 787554623, k4 : false, k11 : true, k5 : "x", k6 : true, k10 : -1105867571, k24 : 918402013, k7 : -299455616, k23 : true, k8 : "zs5RbE4", k12 : true, k26 : false, k9 : true, k25 : -864335834, k28 : true, k27 : 1752848369, id : 7});
CREATE (n0 :L1{k11 : true, id : 8, k6 : true, k10 : -2053628318, k7 : 1081976299, k8 : "VU", k12 : true, k9 : true});
CREATE (n0 :L0{k0 : true, k1 : false, k2 : false, k3 : -3901152, k4 : true, k5 : "YcHkZaQ1", id : 9});
CREATE (n0 :L1{k11 : true, id : 10, k6 : false, k10 : 767657075, k7 : -583706155, k8 : "EwqvPcuE", k12 : true, k9 : true});
CREATE (n0 :L2{k17 : 1832230094, k16 : false, id : 11, k13 : -1441876228, k15 : true, k14 : false});
CREATE (n0 :L4{k28 : false, k27 : 795133357, id : 12, k24 : 1568101031, k26 : false, k25 : 1707669400});
CREATE (n0 :L2{k17 : -1023290434, k16 : true, id : 13, k13 : 711037151, k15 : false, k14 : true});
CREATE (n0 {id : 14});
CREATE (n0 :L4{k28 : false, k27 : -937637122, id : 15, k24 : -1718394817, k23 : false, k26 : true, k25 : 1994537010});
CREATE (n0 :L2:L3:L0{k0 : true, k1 : false, k2 : true, k20 : "p9iC", k3 : 772824217, k4 : true, k22 : false, k5 : "3qNK", k21 : false, k13 : 773568832, k15 : false, k14 : false, k17 : -487960333, k16 : true, k19 : true, k18 : "l", id : 16});
CREATE (n0 :L2{k17 : -259178862, k16 : false, id : 17, k13 : 1307868415, k14 : false});
CREATE (n0 :L3:L4{k28 : false, k27 : 591229783, k19 : true, k18 : "P", k20 : "NcE", k22 : false, id : 18, k21 : true, k24 : -2015224906, k23 : true, k26 : false, k25 : -198454926});
CREATE (n0 {id : 19});
CREATE (n0 {id : 20});
CREATE (n0 {id : 21});
CREATE (n0 :L0:L4{k0 : true, k1 : true, k2 : true, k3 : -980462634, k4 : true, k5 : "M", k24 : 1568101031, k23 : false, k26 : false, k25 : 1707669400, k28 : true, k27 : 265969103, id : 22});
CREATE (n0 :L1:L2{k17 : 1832230094, k11 : true, id : 23, k6 : false, k10 : 1923815966, k7 : 209344758, k13 : 1832947238, k12 : false, k9 : true, k15 : true, k14 : true});
CREATE (n0 :L1:L3{k19 : true, k18 : "T", k20 : "T7", k11 : false, k22 : false, id : 24, k6 : true, k10 : -1156963485, k21 : true, k8 : "VU", k12 : false, k9 : false});
CREATE (n0 :L1:L0{k0 : false, k1 : true, k2 : true, k3 : 736817323, k4 : false, k11 : true, k5 : "tMbetL", k6 : true, k10 : -862267747, k7 : -2101502432, k8 : "zs5RbE4", k12 : true, k9 : false, id : 25});
CREATE (n0 :L0{k0 : true, k1 : false, k2 : true, k3 : 1949996805, k4 : true, k5 : "5t", id : 26});
CREATE (n0 :L2{k17 : -487960333, k16 : true, id : 27, k13 : -1935034849, k15 : false, k14 : true});
CREATE (n0 :L4{k28 : false, k27 : 1752848369, id : 28, k24 : -659857552, k23 : false, k25 : 1707669400});
CREATE (n0 :L4{k28 : false, id : 29, k24 : -1718394817, k23 : true, k26 : true});
CREATE (n0 :L2{k16 : true, id : 30, k13 : -2069602367, k15 : false, k14 : true});
CREATE (n0 {id : 31});
CREATE (n0 :L0{k0 : true, k1 : true, k2 : false, k3 : -128532491, k4 : false, k5 : "s0", id : 32});
CREATE (n0 :L0{k0 : true, k1 : false, k2 : true, k3 : 772824217, k5 : "P4", id : 33});
CREATE (n0 :L1:L3{k19 : false, k18 : "l", k20 : "vfTESj", k11 : true, id : 34, k6 : false, k10 : -1245134594, k21 : true, k7 : 209344758, k8 : "v", k12 : false, k9 : false});
CREATE (n0 :L1:L3:L4{k20 : "H", k11 : true, k22 : false, k6 : false, k10 : 767657075, k7 : -1834413473, k24 : -1718394817, k8 : "1kK1Z2bm0", k12 : true, k23 : true, k9 : false, k26 : false, k25 : 181345009, k28 : false, k27 : 1262328761, k18 : "ZiJf6ckT6", id : 35});
CREATE (n0 :L3:L0:L2{k0 : true, k1 : false, k2 : true, k20 : "i", k3 : -1760740406, k4 : true, k22 : true, k21 : true, k15 : false, k14 : false, k17 : 484051998, k16 : true, k19 : true, k18 : "Efo", id : 36});
CREATE (n0 :L4{k28 : false, k27 : 795133357, id : 37, k24 : 2017793320, k23 : false, k26 : false, k25 : -198454926});
CREATE (n0 :L3{k19 : true, k18 : "NUTf", k20 : "bWfH", k22 : false, id : 38, k21 : false});
CREATE (n0 :L0{k0 : false, k1 : false, k2 : true, k4 : true, k5 : "V", id : 39});
CREATE (n0 :L0:L2:L1{k0 : false, k1 : true, k2 : true, k3 : 772824217, k4 : true, k5 : "s0", k11 : true, k6 : false, k13 : 167854762, k7 : -2070010444, k8 : "EwqvPcuE", k12 : false, k15 : true, k9 : false, k14 : false, k17 : 420192135, k16 : false, id : 40});
CREATE (n0 :L0{k0 : true, k1 : true, k2 : true, k3 : -1102579466, k5 : "P4", id : 41});
CREATE (n0 {id : 42});
CREATE (n0 :L1:L4{k11 : true, k6 : true, k10 : -862267747, k7 : -2133522313, k24 : 263249990, k8 : "oQF", k12 : false, k23 : true, k9 : true, k26 : true, k25 : -1615349435, k28 : false, k27 : 1320544556, id : 43});
CREATE (n0 :L4{k28 : false, k27 : -937637122, id : 44, k24 : 1020300240, k23 : true, k26 : false, k25 : 945722502});
CREATE (n0 :L1{k11 : true, id : 45, k10 : -1245134594, k7 : -1834413473, k8 : "j", k12 : false, k9 : false});
CREATE (n0 :L3{k19 : false, k18 : "x", k20 : "yp3tAELJE", k22 : false, id : 46, k21 : false});
CREATE (n0 {id : 47});
CREATE (n0 :L4:L0:L2{k0 : false, k2 : false, k3 : 790681722, k4 : true, k5 : "x", k24 : 1897925894, k13 : -281154859, k23 : false, k26 : false, k15 : false, k25 : 1586857570, k14 : false, k16 : true, id : 48});
CREATE (n0 :L2:L1{k11 : false, k6 : true, k10 : -1746508955, k13 : -2069602367, k7 : 1515929617, k8 : "Svk0LTQ9", k12 : true, k15 : false, k9 : true, k14 : false, k17 : -594281160, k16 : false, id : 49});
CREATE (n0 :L1{id : 50, k6 : true, k10 : -637596912, k7 : 937587029, k8 : "v", k12 : false, k9 : true});
CREATE (n0 {id : 51});
CREATE (n0 :L0{k0 : true, k1 : true, k2 : true, k3 : 772824217, k4 : true, k5 : "s0", id : 52});
CREATE (n0 :L4{k28 : false, k27 : 1262328761, id : 53, k24 : 1568101031, k23 : false, k26 : true, k25 : 1970961124});
CREATE (n0 :L3{k19 : true, k18 : "sa6OPOA", k20 : "PT1By", k22 : false, id : 54, k21 : false});
CREATE (n0 :L4{k28 : false, k27 : 569954511, id : 55, k24 : 2132524231, k23 : false, k26 : true, k25 : -374826943});
CREATE (n0 :L2{k17 : 1832230094, k16 : true, id : 56, k13 : -263754076, k15 : true, k14 : false});
CREATE (n0 :L3{k19 : true, k18 : "sa6OPOA", k20 : "REa", k22 : false, id : 57, k21 : true});
CREATE (n0 :L1:L4{k11 : true, k6 : true, k10 : -862267747, k7 : -299455616, k24 : -1024467839, k8 : "dMCU63Q6", k12 : false, k23 : false, k9 : true, k26 : false, k25 : 97733018, k28 : true, k27 : -1835776373, id : 58});
CREATE (n0 :L2{k17 : 351720485, k16 : false, id : 59, k13 : -281154859, k15 : true, k14 : false});
CREATE (n0 :L3{k19 : true, k18 : "mZj", k20 : "A", k22 : false, id : 60});
CREATE (n0 :L4{k28 : true, k27 : 1034865080, id : 61, k24 : 677704553, k23 : true, k26 : true, k25 : 1970961124});
CREATE (n0 :L1{k11 : true, id : 62, k6 : true, k10 : -1156963485, k7 : -2070010444, k8 : "cvdhqqFQO", k12 : true, k9 : false});
CREATE (n0 {id : 63});
CREATE (n0 :L1{k11 : true, id : 64, k6 : true, k10 : -2103377322, k7 : 1520016923, k12 : false, k9 : false});
CREATE (n0 {id : 65});
CREATE (n0 :L3:L2:L1{k20 : "NcE", k22 : false, k11 : true, k21 : false, k6 : true, k10 : -1105867571, k13 : -904737542, k7 : -1834413473, k8 : "1kK1Z2bm0", k12 : false, k15 : false, k9 : true, k14 : true, k17 : 106726787, k16 : false, k19 : false, k18 : "1", id : 66});
CREATE (n0 :L1{k11 : true, id : 67, k6 : true, k10 : 1923815966, k7 : -288265396, k8 : "njJVUCV", k12 : true, k9 : false});
CREATE (n0 :L3:L1{k19 : true, k18 : "QMDrzlO", k20 : "bWfH", k22 : false, k11 : true, id : 68, k21 : true, k10 : -1156963485, k7 : -299455616, k8 : "L", k12 : false, k9 : true});
CREATE (n0 :L2{k17 : 1865474405, k16 : false, id : 69, k13 : 436369044, k15 : false, k14 : true});
CREATE (n0 :L0:L2:L3{k0 : true, k1 : false, k2 : true, k3 : 736817323, k20 : "i", k4 : false, k5 : "3qNK", k22 : false, k21 : false, k13 : 167854762, k15 : false, k14 : false, k16 : false, k19 : true, k18 : "s", id : 70});
CREATE (n0 :L1:L4:L3{k20 : "bWfH", k11 : true, k22 : false, k6 : false, k10 : -2103377322, k21 : true, k7 : -1834413473, k8 : "1kK1Z2bm0", k12 : true, k23 : true, k9 : true, k26 : false, k25 : 1586857570, k28 : false, k27 : -750816561, k19 : true, k18 : "1", id : 71});
CREATE (n0 :L0:L3{k18 : "T8", k0 : false, k1 : false, k2 : true, k3 : 1949996805, k20 : "2", k4 : true, k5 : "aZeESm", k22 : true, id : 72, k21 : true});
CREATE (n0 :L4{k28 : false, k27 : 591229783, id : 73, k24 : 263249990, k23 : true, k26 : true, k25 : -374826943});
CREATE (n0 :L4:L2:L1{k11 : false, k6 : false, k10 : -1105867571, k24 : -1024467839, k13 : 1307868415, k7 : -1545000769, k23 : false, k8 : "Svk0LTQ9", k12 : false, k26 : false, k15 : false, k9 : true, k25 : -2131276587, k14 : true, k28 : true, k17 : 1160956970, k27 : 336823340, k16 : true, id : 74});
CREATE (n0 :L4{k28 : false, k27 : 1752848369, id : 75, k24 : 677704553, k23 : true, k26 : false, k25 : 181345009});
CREATE (n0 {id : 76});
CREATE (n0 :L1:L2{k11 : true, k6 : true, k10 : -405060901, k7 : -288265396, k13 : 618157076, k8 : "dMCU63Q6", k12 : false, k9 : false, k15 : false, k14 : true, k17 : -259178862, k16 : false, id : 77});
CREATE (n0 :L4{k28 : false, k27 : -988378171, id : 78, k24 : 968343680, k23 : true, k26 : true, k25 : 749928987});
CREATE (n0 :L1:L0:L3{k0 : true, k1 : false, k2 : false, k3 : -1760740406, k20 : "T7", k4 : true, k11 : true, k5 : "ArjFTm", k22 : false, k6 : true, k10 : -2103377322, k21 : false, k8 : "EwqvPcuE", k12 : false, k9 : false, k19 : false, k18 : "T", id : 79});
CREATE (n0 :L1:L3{k19 : false, k18 : "R", k20 : "p9iC", k11 : true, k22 : false, id : 80, k6 : true, k10 : -360448552, k7 : -1527880589, k12 : true, k9 : true});
CREATE (n0 :L0{k0 : false, k1 : true, k2 : true, k3 : 787554623, k4 : false, k5 : "P4", id : 81});
CREATE (n0 :L3:L0{k19 : true, k18 : "NUTf", k0 : false, k1 : true, k2 : false, k20 : "C", k3 : -1412103355, k4 : true, k22 : false, k5 : "aZeESm", id : 82, k21 : false});
CREATE (n0 :L0:L3{k19 : true, k18 : "7", k0 : false, k1 : false, k3 : -128532491, k20 : "A", k4 : true, k5 : "uVm", k22 : false, id : 83, k21 : false});
CREATE (n0 {id : 84});
CREATE (n0 :L2:L0{k17 : -463101895, k16 : false, k0 : false, k1 : true, k2 : false, k3 : 912185765, k4 : false, k5 : "tMbetL", id : 85, k13 : 167854762, k15 : false, k14 : true});
CREATE (n0 :L2:L3{k17 : 1160956970, k16 : true, k19 : false, k18 : "s", k20 : "vfTESj", k22 : false, id : 86, k21 : false, k13 : -904737542, k14 : false});
CREATE (n0 {id : 87});
CREATE (n0 :L0{k1 : true, k2 : true, k3 : 772824217, k4 : false, k5 : "aZeESm", id : 88});
CREATE (n0 :L3{k19 : false, k18 : "1", k20 : "2", k22 : false, id : 89, k21 : false});
CREATE (n0 :L1:L0:L3{k1 : true, k2 : true, k3 : -128532491, k20 : "r", k4 : false, k11 : true, k5 : "M", k22 : false, k6 : false, k10 : -1609844833, k21 : false, k7 : 196617498, k8 : "xhxIUF4", k12 : false, k9 : true, k19 : true, k18 : "sa6OPOA", id : 90});
CREATE (n0 :L1{k11 : true, id : 91, k6 : true, k10 : -360448552, k7 : 209344758, k8 : "rZQiqICsF", k12 : true, k9 : true});
CREATE (n0 :L1:L0{k0 : false, k1 : false, k3 : 912185765, k4 : false, k11 : true, k5 : "M", id : 92, k10 : -1105867571, k7 : -583706155, k8 : "Svk0LTQ9", k12 : false, k9 : true});
CREATE (n0 :L1:L4{k11 : true, k6 : false, k10 : -1105867571, k7 : -1042348663, k24 : 814137133, k8 : "L", k12 : false, k23 : false, k9 : false, k26 : false, k25 : 97733018, k28 : true, k27 : -419865295, id : 93});
CREATE (n0 :L1:L4:L2{k11 : true, k6 : false, k10 : -360448552, k7 : -288265396, k24 : 614072153, k13 : -2069602367, k8 : "J", k12 : true, k23 : false, k9 : true, k26 : true, k15 : true, k25 : 1994537010, k14 : false, k28 : true, k17 : 1278201001, k27 : -1901602990, k16 : true, id : 94});
CREATE (n0 :L0:L3{k19 : true, k18 : "QMDrzlO", k0 : true, k1 : false, k2 : true, k3 : -1038783858, k20 : "REa", k4 : true, k5 : "v", k22 : false, id : 95, k21 : false});
CREATE (n0 :L3:L0{k19 : true, k18 : "s", k0 : false, k1 : false, k2 : true, k20 : "l", k3 : 787554623, k4 : false, k22 : false, k5 : "S", id : 96, k21 : false});
CREATE (n0 :L1:L0{k0 : true, k1 : true, k2 : false, k4 : true, k11 : true, k5 : "5t", k6 : true, k10 : -2053628318, k7 : 1520016923, k8 : "rZQiqICsF", k12 : false, k9 : true, id : 97});
CREATE (n0 :L3:L4:L2{k20 : "l", k22 : false, k21 : true, k24 : 2017793320, k13 : 436369044, k26 : true, k15 : false, k14 : false, k28 : true, k17 : 1865474405, k16 : false, k19 : true, k18 : "s", id : 98});
CREATE (n0 {id : 99});
CREATE (n0 :L1{id : 100, k6 : false, k10 : -217249508, k7 : -583706155, k8 : "0waawp1G", k12 : false});
CREATE (n0 {id : 101});
CREATE (n0 :L2:L1:L3{k20 : "NcE", k11 : true, k22 : false, k6 : true, k10 : -360448552, k21 : false, k13 : -1935034849, k7 : -884321308, k8 : "cvdhqqFQO", k12 : true, k15 : true, k9 : true, k14 : false, k17 : 591175838, k16 : true, k19 : false, k18 : "7", id : 102});
CREATE (n0 :L2:L0{k17 : 591175838, k1 : false, k2 : true, k3 : -1102579466, k4 : false, k5 : "tMbetL", id : 103, k13 : 1307868415, k15 : false, k14 : true});
CREATE (n0 {id : 104});
CREATE (n0 :L2:L0{k17 : -487960333, k16 : true, k0 : true, k1 : true, k2 : false, k3 : -1760740406, k4 : true, k5 : "ArjFTm", id : 105, k13 : 618157076, k15 : false, k14 : true});
CREATE (n0 {id : 106});
CREATE (n0 {id : 107});
CREATE (n0 :L1{k11 : true, id : 108, k6 : true, k10 : -1721844585, k7 : -1527880589, k8 : "rZQiqICsF", k12 : false, k9 : true});
CREATE (n0 {id : 109});
CREATE (n0 :L4{k28 : false, k27 : -1835776373, id : 110, k24 : -1251000326, k23 : false, k26 : true, k25 : 1970961124});
CREATE (n0 {id : 111});
CREATE (n0 :L2{k17 : -837864297, k16 : true, id : 112, k13 : 773568832, k15 : true});
CREATE (n0 :L2:L0{k17 : 1865474405, k16 : true, k0 : false, k1 : true, k2 : true, k3 : 1168601613, k4 : true, k5 : "uVm", id : 113, k13 : -2069602367, k15 : false, k14 : false});
CREATE (n0 :L3:L1:L0{k0 : false, k1 : false, k2 : true, k20 : "H", k3 : 1949996805, k4 : true, k22 : false, k11 : true, k5 : "pRhnVJwy", k21 : false, k6 : true, k10 : -637596912, k7 : 937587029, k8 : "Svk0LTQ9", k12 : true, k9 : true, k19 : false, k18 : "hs", id : 114});
CREATE (n0 :L4{k28 : false, id : 115, k24 : -983845340, k23 : false, k26 : false, k25 : -374826943});
CREATE (n0 :L1{id : 116, k6 : false, k10 : -360448552, k7 : -1042348663, k8 : "EwqvPcuE", k12 : false, k9 : false});
CREATE (n0 {id : 117});
CREATE (n0 :L4:L3{k28 : true, k27 : 1034865080, k19 : true, k18 : "QMDrzlO", k20 : "yp3tAELJE", k22 : true, id : 118, k21 : true, k24 : 1568101031, k23 : false, k26 : false, k25 : 1970961124});
CREATE (n0 :L1{k11 : true, id : 119, k6 : true, k7 : -2070010444, k8 : "EwqvPcuE", k12 : false, k9 : true});
CREATE (n0 :L3{k19 : false, k18 : "Efo", k20 : "zzq4iBo5X", k22 : false, id : 120, k21 : false});
CREATE (n0 :L4{k28 : true, k27 : -1835776373, id : 121, k24 : -1189203027, k23 : true, k26 : false, k25 : 945722502});
CREATE (n0 :L0:L1:L3{k0 : true, k1 : true, k2 : true, k3 : -1038783858, k20 : "PT1By", k4 : true, k5 : "tMbetL", k11 : true, k22 : false, k6 : false, k10 : -1746508955, k21 : true, k7 : -2070010444, k8 : "oQF", k12 : true, k9 : false, k19 : false, k18 : "hs", id : 122});
CREATE (n0 {id : 123});
CREATE (n0 :L3{k19 : true, k18 : "7", k22 : false, id : 124, k21 : false});
CREATE (n0 :L4:L0{k0 : true, k1 : true, k2 : false, k3 : -1038783858, k4 : false, k5 : "p", k24 : -1024467839, k23 : false, k26 : true, k25 : 97733018, k28 : false, k27 : -981501742, id : 125});
CREATE (n0 :L4{k28 : false, k27 : 795133357, id : 126, k24 : 2132524231, k23 : true, k26 : false, k25 : 1586857570});
CREATE (n0 :L1:L4{k11 : false, k6 : true, k10 : -1105867571, k7 : -2101502432, k24 : 2132524231, k8 : "0waawp1G", k12 : false, k23 : false, k9 : true, k26 : false, k25 : -1615349435, k28 : false, k27 : 1320544556, id : 127});
MATCH (n0 {id : 12}), (n1 {id : 53}) MERGE(n0)-[r :T2{k42 : true, k41 : false, k44 : "yo", id : 128, k43 : 93104231, k46 : "I2bxWAJz2", k45 : -316637549, k47 : true}]->(n1);
MATCH (n0 {id : 31}), (n1 {id : 79}) MERGE(n0)-[r :T4{k60 : "UUVx", k55 : 1460908906, id : 129, k54 : 582853659, k57 : -1163899336, k56 : "LTJzmKviy", k59 : 1864065529, k58 : "hnSNdtw"}]->(n1);
MATCH (n0 {id : 61}), (n1 {id : 94}) MERGE(n0)-[r :T0{k29 : "uu8r", k31 : 778182177, k30 : true, k33 : 664556260, id : 130, k32 : "5CU72EK"}]->(n1);
MATCH (n0 {id : 7}), (n1 {id : 100}) MERGE(n0)-[r :T2{k42 : false, k41 : true, id : 131, k43 : -2082125530, k46 : "d", k45 : -1785473100, k47 : true}]->(n1);
MATCH (n0 {id : 65}), (n1 {id : 34}) MERGE(n0)-[r :T1{k39 : "Eo", k38 : false, k40 : false, id : 132, k35 : "LQ", k34 : -386045448, k37 : 1063173812, k36 : false}]->(n1);
MATCH (n0 {id : 111}), (n1 {id : 63}) MERGE(n0)-[r :T0{k29 : "tpXN", k31 : -1224108734, k30 : false, k33 : -291917577, id : 133, k32 : "i"}]->(n1);
MATCH (n0 {id : 66}), (n1 {id : 105}) MERGE(n0)-[r :T3{k49 : 1754930416, k51 : "QECd4", k50 : 788437379, k53 : 1758586778, k52 : -1199469942, id : 134, k48 : 1989582013}]->(n1);
MATCH (n0 {id : 90}), (n1 {id : 101}) MERGE(n0)-[r :T5{k62 : 644473174, k61 : 1864838814, k64 : "ylWBWo", k63 : "cJ", id : 135, k65 : 1988641572, k67 : "U"}]->(n1);
MATCH (n0 {id : 84}), (n1 {id : 52}) MERGE(n0)-[r :T0{k29 : "B", k31 : -1390192743, k30 : false, k33 : 2135678149, id : 136, k32 : "bmIoXqL"}]->(n1);
MATCH (n0 {id : 77}), (n1 {id : 74}) MERGE(n0)-[r :T3{k49 : 1651334527, k51 : "E", k50 : -737070144, k53 : -1237473879, k52 : 1205456442, id : 137, k48 : -1828411875}]->(n1);
MATCH (n0 {id : 76}), (n1 {id : 32}) MERGE(n0)-[r :T4{k60 : "H9bNwMgXs", k55 : -1252429222, id : 138, k54 : 1113762459, k57 : -1161906205, k56 : "670u", k59 : 1539755412, k58 : "uppvZ1"}]->(n1);
MATCH (n0 {id : 0}), (n1 {id : 99}) MERGE(n0)-[r :T1{k39 : "ZMI", k38 : false, k40 : true, id : 139, k35 : "xwRWgqIY", k34 : 2125836629, k37 : -1605311826, k36 : false}]->(n1);
MATCH (n0 {id : 55}), (n1 {id : 61}) MERGE(n0)-[r :T2{k42 : true, k41 : false, k44 : "XSP", id : 140, k43 : 471018132, k46 : "n69TL", k45 : 1823756373, k47 : false}]->(n1);
MATCH (n0 {id : 122}), (n1 {id : 117}) MERGE(n0)-[r :T0{k29 : "BEt", k31 : 2096422365, k30 : false, k33 : 1659145058, id : 141, k32 : "bmIoXqL"}]->(n1);
MATCH (n0 {id : 124}), (n1 {id : 101}) MERGE(n0)-[r :T1{k39 : "BXGNZPnG4", k38 : true, k40 : true, id : 142, k35 : "4gxW", k34 : -867566205, k37 : -2024365188, k36 : true}]->(n1);
MATCH (n0 {id : 55}), (n1 {id : 119}) MERGE(n0)-[r :T3{k49 : -1764607506, k51 : "Mk133", k50 : 36965614, k53 : -1562886837, k52 : -991043936, id : 143, k48 : -1817760640}]->(n1);
MATCH (n0 {id : 23}), (n1 {id : 91}) MERGE(n0)-[r :T4{k60 : "Z", k55 : -1524977550, id : 144, k54 : -624581188, k56 : "y", k59 : -1490043888, k58 : "r"}]->(n1);
MATCH (n0 {id : 20}), (n1 {id : 12}) MERGE(n0)-[r :T2{k42 : false, k41 : true, k44 : "Y920EGAuT", id : 145, k43 : -14001026, k46 : "HqoQFdm", k45 : -1490634720, k47 : false}]->(n1);
MATCH (n0 {id : 110}), (n1 {id : 26}) MERGE(n0)-[r :T2{k42 : true, k41 : false, k44 : "n", id : 146, k43 : 2107956400, k46 : "T", k45 : 1823756373, k47 : true}]->(n1);
MATCH (n0 {id : 50}), (n1 {id : 72}) MERGE(n0)-[r :T5{k62 : -675490586, k61 : 1402660589, k64 : "I39Ng1vH", k63 : "7", k66 : "zxy", id : 147, k65 : 1988641572, k67 : "w"}]->(n1);
MATCH (n0 {id : 11}), (n1 {id : 88}) MERGE(n0)-[r :T1{k39 : "N", k38 : false, k40 : true, id : 148, k35 : "lOBCNwf", k34 : 1887606982, k37 : 529104052, k36 : false}]->(n1);
MATCH (n0 {id : 26}), (n1 {id : 71}) MERGE(n0)-[r :T5{k62 : -411162327, k61 : 1921903299, k64 : "p", k63 : "JoF0wXi", k66 : "N", id : 149, k65 : 1931895753, k67 : "Z4"}]->(n1);
MATCH (n0 {id : 72}), (n1 {id : 95}) MERGE(n0)-[r :T0{k29 : "tpXN", k31 : 2096422365, k30 : true, k33 : -142274243, id : 150, k32 : "b"}]->(n1);
MATCH (n0 {id : 126}), (n1 {id : 116}) MERGE(n0)-[r :T5{k62 : 1287971909, k61 : 2021310804, k64 : "Ri", k63 : "T", k66 : "FR", id : 151, k65 : 1367383307, k67 : "m"}]->(n1);
MATCH (n0 {id : 0}), (n1 {id : 38}) MERGE(n0)-[r :T0{k29 : "Bppx", k31 : 198638186, k30 : false, k33 : 1659145058, id : 152, k32 : "2NHLJM"}]->(n1);
MATCH (n0 {id : 5}), (n1 {id : 104}) MERGE(n0)-[r :T0{k29 : "7", k31 : -1979297386, k30 : true, k33 : 1659145058, id : 153, k32 : "r"}]->(n1);
MATCH (n0 {id : 25}), (n1 {id : 31}) MERGE(n0)-[r :T5{k62 : -1537662163, k61 : 146704295, k64 : "Q", k66 : "J", id : 154, k65 : -2081295967, k67 : "71qsWH"}]->(n1);
MATCH (n0 {id : 19}), (n1 {id : 62}) MERGE(n0)-[r :T2{k42 : false, k41 : false, k44 : "4", id : 155, k43 : -273084072, k46 : "LnEaEbK", k45 : 115315909, k47 : true}]->(n1);
MATCH (n0 {id : 82}), (n1 {id : 107}) MERGE(n0)-[r :T2{k42 : false, k41 : true, k44 : "l", id : 156, k43 : 1128026160, k45 : -1552348965, k47 : false}]->(n1);
MATCH (n0 {id : 57}), (n1 {id : 107}) MERGE(n0)-[r :T5{k62 : 964198047, k61 : -365302967, k64 : "ylWBWo", k63 : "LPfhOvs", k66 : "ko1x", id : 157, k65 : -704503831}]->(n1);
MATCH (n0 {id : 39}), (n1 {id : 44}) MERGE(n0)-[r :T3{k49 : 1754930416, k50 : -1457979555, k53 : 1131485636, k52 : -51533601, id : 158, k48 : 12921992}]->(n1);
MATCH (n0 {id : 2}), (n1 {id : 97}) MERGE(n0)-[r :T1{k39 : "Gg", k38 : false, k40 : true, id : 159, k34 : 2138977230, k37 : -2024365188, k36 : true}]->(n1);
MATCH (n0 {id : 102}), (n1 {id : 91}) MERGE(n0)-[r :T1{k39 : "1HpA", k38 : false, k40 : false, id : 160, k35 : "7QOSg89hw", k34 : 1240495307, k37 : 2011302776, k36 : true}]->(n1);
MATCH (n0 {id : 112}), (n1 {id : 90}) MERGE(n0)-[r :T1{k39 : "1HpA", k38 : true, k40 : false, id : 161, k35 : "8", k34 : 468311224, k37 : 1388432298, k36 : false}]->(n1);
MATCH (n0 {id : 105}), (n1 {id : 7}) MERGE(n0)-[r :T4{k60 : "Keu", k55 : 1019778925, id : 162, k54 : -272642548, k57 : 64998929, k56 : "LTJzmKviy", k59 : 1429436212, k58 : "j"}]->(n1);
MATCH (n0 {id : 25}), (n1 {id : 105}) MERGE(n0)-[r :T4{k60 : "bLB4", k55 : -1168146019, id : 163, k54 : -643789809, k57 : -2035508045, k56 : "Zdd", k59 : 954200868, k58 : "j"}]->(n1);
MATCH (n0 {id : 72}), (n1 {id : 9}) MERGE(n0)-[r :T4{k60 : "H9bNwMgXs", k55 : 1956811324, id : 164, k54 : -291655144, k57 : 343419893, k56 : "4", k59 : 9971010, k58 : "j"}]->(n1);
MATCH (n0 {id : 62}), (n1 {id : 110}) MERGE(n0)-[r :T3{k49 : -1538725544, k51 : "Kzai3", k50 : 184788698, k53 : 1995582924, k52 : 360163424, id : 165, k48 : -1029345447}]->(n1);
MATCH (n0 {id : 25}), (n1 {id : 48}) MERGE(n0)-[r :T5{k62 : 136624654, k61 : 1921903299, k64 : "z", k63 : "JoF0wXi", k66 : "b", id : 166, k65 : 213669194, k67 : "u"}]->(n1);
MATCH (n0 {id : 81}), (n1 {id : 107}) MERGE(n0)-[r :T2{k42 : true, k44 : "o", id : 167, k43 : -1716650426, k46 : "HqoQFdm", k47 : false}]->(n1);
MATCH (n0 {id : 96}), (n1 {id : 87}) MERGE(n0)-[r :T1{k39 : "l", k38 : false, k40 : true, id : 168, k35 : "5Wyp1rH", k34 : 2138977230, k37 : 629511780, k36 : true}]->(n1);
MATCH (n0 {id : 30}), (n1 {id : 0}) MERGE(n0)-[r :T1{k39 : "Y", k38 : true, k40 : false, id : 169, k35 : "0s", k34 : 2095015887, k37 : 1200772761, k36 : false}]->(n1);
MATCH (n0 {id : 121}), (n1 {id : 53}) MERGE(n0)-[r :T2{k42 : false, k41 : false, k44 : "6b7sjo2y", id : 170, k43 : 1201135087, k46 : "c", k45 : -1490634720, k47 : false}]->(n1);
MATCH (n0 {id : 57}), (n1 {id : 126}) MERGE(n0)-[r :T4{k60 : "3b", k55 : 652818053, id : 171, k54 : 582853659, k57 : -1806759288, k56 : "M3", k59 : -1183895190, k58 : "C"}]->(n1);
MATCH (n0 {id : 38}), (n1 {id : 98}) MERGE(n0)-[r :T2{k42 : true, k41 : true, k44 : "XSP", id : 172, k43 : 1201135087, k45 : -2061812059, k47 : true}]->(n1);
MATCH (n0 {id : 22}), (n1 {id : 8}) MERGE(n0)-[r :T3{k49 : -772295359, k51 : "87", k50 : 332762082, k53 : 1995582924, k52 : 1015650977, id : 173, k48 : 703473934}]->(n1);
MATCH (n0 {id : 39}), (n1 {id : 68}) MERGE(n0)-[r :T0{k29 : "BEt", k31 : -341143368, k30 : true, k33 : -1331547871, id : 174, k32 : "i"}]->(n1);
MATCH (n0 {id : 34}), (n1 {id : 110}) MERGE(n0)-[r :T4{k60 : "Mn6yCJ", k55 : 1019778925, id : 175, k54 : 677147154, k57 : 1403566349, k56 : "4", k59 : 855983148, k58 : "C"}]->(n1);
MATCH (n0 {id : 5}), (n1 {id : 116}) MERGE(n0)-[r :T2{k42 : true, k41 : true, k44 : "PutA", id : 176, k43 : -2082125530, k46 : "1", k45 : -802994053, k47 : true}]->(n1);
MATCH (n0 {id : 41}), (n1 {id : 44}) MERGE(n0)-[r :T3{k49 : 1754930416, k51 : "lLR4sj", k50 : 281350459, k53 : -384934923, k52 : -1199469942, id : 177, k48 : -1817760640}]->(n1);
MATCH (n0 {id : 54}), (n1 {id : 5}) MERGE(n0)-[r :T0{k29 : "J", k31 : 198638186, k30 : false, id : 178, k32 : "r"}]->(n1);
MATCH (n0 {id : 51}), (n1 {id : 58}) MERGE(n0)-[r :T5{k62 : -411162327, k64 : "DGbYx", k63 : "I", k66 : "ko1x", id : 179, k65 : -264930599, k67 : "K"}]->(n1);
MATCH (n0 {id : 67}), (n1 {id : 36}) MERGE(n0)-[r :T0{k29 : "k", k31 : 778182177, k30 : false, k33 : 918925402, id : 180, k32 : "3"}]->(n1);
MATCH (n0 {id : 126}), (n1 {id : 88}) MERGE(n0)-[r :T0{k29 : "7", k31 : -1390192743, k30 : false, k33 : 1201374094, id : 181, k32 : "i"}]->(n1);
MATCH (n0 {id : 81}), (n1 {id : 33}) MERGE(n0)-[r :T3{k49 : -414286446, k51 : "Kzai3", k50 : 605441630, k53 : -1562886837, k52 : 349789715, id : 182, k48 : 365094301}]->(n1);
MATCH (n0 {id : 41}), (n1 {id : 79}) MERGE(n0)-[r :T4{k60 : "bLB4", k55 : -1452355037, id : 183, k54 : -1518462150, k57 : 1403566349, k56 : "Z", k59 : 1539755412, k58 : "uppvZ1"}]->(n1);
MATCH (n0 {id : 10}), (n1 {id : 97}) MERGE(n0)-[r :T1{k39 : "7", k38 : false, k40 : false, id : 184, k35 : "lOBCNwf", k34 : 2138977230, k37 : 1063173812, k36 : false}]->(n1);
MATCH (n0 {id : 10}), (n1 {id : 27}) MERGE(n0)-[r :T4{k60 : "XEAK", k55 : -11354645, id : 185, k54 : 155934919, k57 : 470127815, k56 : "h", k58 : "C"}]->(n1);
MATCH (n0 {id : 108}), (n1 {id : 48}) MERGE(n0)-[r :T0{k29 : "RJ", k31 : 1507987965, k30 : false, k33 : -18417649, id : 186, k32 : "2NHLJM"}]->(n1);
MATCH (n0 {id : 100}), (n1 {id : 58}) MERGE(n0)-[r :T4{k60 : "a", k55 : 1956811324, id : 187, k54 : 697660319, k57 : 470127815, k56 : "P", k58 : "B"}]->(n1);
MATCH (n0 {id : 43}), (n1 {id : 127}) MERGE(n0)-[r :T0{k29 : "J", k31 : -694948535, k30 : true, k33 : -518651231, id : 188, k32 : "i"}]->(n1);
MATCH (n0 {id : 89}), (n1 {id : 22}) MERGE(n0)-[r :T1{k39 : "5", k38 : true, k40 : true, id : 189, k35 : "5Wyp1rH", k34 : 468311224, k37 : -1163968390, k36 : true}]->(n1);
MATCH (n0 {id : 31}), (n1 {id : 42}) MERGE(n0)-[r :T3{k49 : -755385256, k51 : "Q", k50 : 1858541005, k53 : -1708653336, k52 : -991043936, id : 190, k48 : 365094301}]->(n1);
MATCH (n0 {id : 68}), (n1 {id : 116}) MERGE(n0)-[r :T2{k41 : true, k44 : "Y920EGAuT", id : 191, k43 : 471018132, k46 : "T", k45 : 1823756373, k47 : false}]->(n1);
MATCH (n0 {id : 73}), (n1 {id : 20}) MERGE(n0)-[r :T3{k49 : 963535245, k51 : "Mk133", k50 : 1226766117, k53 : -384934923, k52 : -1699086204, id : 192, k48 : 1704110633}]->(n1);
MATCH (n0 {id : 81}), (n1 {id : 40}) MERGE(n0)-[r :T5{k62 : 1287971909, k61 : 146704295, k64 : "i", k63 : "ZKger", k66 : "N", id : 193, k65 : 625910942, k67 : "U"}]->(n1);
MATCH (n0 {id : 116}), (n1 {id : 69}) MERGE(n0)-[r :T1{k39 : "ZMI", k38 : true, k40 : false, id : 194, k35 : "v", k34 : -1519857413, k37 : -2024365188, k36 : false}]->(n1);
MATCH (n0 {id : 72}), (n1 {id : 33}) MERGE(n0)-[r :T5{k62 : -1453630757, k61 : 1754741041, k64 : "X", k63 : "7", k66 : "1r", id : 195, k65 : 1207910207, k67 : "VBQoRV"}]->(n1);
MATCH (n0 {id : 21}), (n1 {id : 69}) MERGE(n0)-[r :T2{k42 : false, k41 : true, k44 : "PutA", id : 196, k43 : -938710637, k46 : "LnEaEbK", k45 : -2041781882, k47 : false}]->(n1);
MATCH (n0 {id : 35}), (n1 {id : 56}) MERGE(n0)-[r :T2{k42 : true, k41 : true, k44 : "6", id : 197, k43 : -938710637, k46 : "T", k45 : -243096502, k47 : true}]->(n1);
MATCH (n0 {id : 58}), (n1 {id : 3}) MERGE(n0)-[r :T2{k42 : false, k41 : true, k44 : "j", id : 198, k43 : 93104231, k46 : "c", k45 : -2041781882, k47 : false}]->(n1);
MATCH (n0 {id : 34}), (n1 {id : 45}) MERGE(n0)-[r :T5{k62 : 644473174, k61 : -750906358, k64 : "ylWBWo", k63 : "6o9S", id : 199, k65 : 625910942, k67 : "8RiBV"}]->(n1);
MATCH (n0 {id : 16}), (n1 {id : 35}) MERGE(n0)-[r :T2{k42 : true, k41 : true, k44 : "o", id : 200, k43 : 2107956400, k46 : "F", k45 : -1352373638, k47 : true}]->(n1);
MATCH (n0 {id : 26}), (n1 {id : 5}) MERGE(n0)-[r :T0{k29 : "7", k30 : true, k33 : 983662654, id : 201, k32 : "5CU72EK"}]->(n1);
MATCH (n0 {id : 66}), (n1 {id : 32}) MERGE(n0)-[r :T0{k29 : "Ky", k31 : 1507987965, k30 : true, k33 : -142274243, id : 202, k32 : "x"}]->(n1);
MATCH (n0 {id : 78}), (n1 {id : 37}) MERGE(n0)-[r :T1{k39 : "M9lH", k38 : true, k40 : false, id : 203, k35 : "g", k34 : 1515565873, k37 : 629511780, k36 : true}]->(n1);
MATCH (n0 {id : 71}), (n1 {id : 123}) MERGE(n0)-[r :T1{k38 : true, k40 : true, id : 204, k34 : -1229541863, k37 : -1605311826, k36 : false}]->(n1);
MATCH (n0 {id : 108}), (n1 {id : 73}) MERGE(n0)-[r :T4{k60 : "bLB4", k55 : -1524977550, id : 205, k54 : 2008939585, k57 : -1997808062, k56 : "vLkhV1", k59 : 103291659, k58 : "r"}]->(n1);
MATCH (n0 {id : 66}), (n1 {id : 110}) MERGE(n0)-[r :T0{k29 : "BEt", k31 : 853394551, k30 : true, k33 : -1867128011, id : 206, k32 : "WV"}]->(n1);
MATCH (n0 {id : 121}), (n1 {id : 106}) MERGE(n0)-[r :T3{k49 : 700679709, k51 : "i", k50 : 1913213409, k53 : 1014674237, k52 : -397100959, id : 207}]->(n1);
MATCH (n0 {id : 116}), (n1 {id : 99}) MERGE(n0)-[r :T1{k39 : "Y", k38 : false, k40 : false, id : 208, k35 : "v", k34 : -386045448, k37 : -1757683862, k36 : true}]->(n1);
MATCH (n0 {id : 88}), (n1 {id : 90}) MERGE(n0)-[r :T0{k29 : "RJ", k31 : -1979297386, k30 : false, k33 : -1867128011, id : 209, k32 : "5CU72EK"}]->(n1);
MATCH (n0 {id : 97}), (n1 {id : 94}) MERGE(n0)-[r :T3{k49 : -420297192, k51 : "ju", k50 : 184788698, k53 : -1237473879, k52 : -996204733, id : 210, k48 : 1989582013}]->(n1);
MATCH (n0 {id : 123}), (n1 {id : 70}) MERGE(n0)-[r :T3{k49 : 963535245, k50 : -317746610, k53 : 1330769210, k52 : 1479415262, id : 211, k48 : 12921992}]->(n1);
MATCH (n0 {id : 102}), (n1 {id : 102}) MERGE(n0)-[r :T5{k62 : -1537662163, k61 : -365302967, k64 : "Ri", k63 : "PX", k66 : "L", id : 212, k65 : 1659701548, k67 : "71qsWH"}]->(n1);
MATCH (n0 {id : 22}), (n1 {id : 93}) MERGE(n0)-[r :T0{k29 : "7", k31 : 2096422365, k33 : -1331547871, id : 213, k32 : "oYrwt5"}]->(n1);
MATCH (n0 {id : 76}), (n1 {id : 53}) MERGE(n0)-[r :T5{k62 : -112965144, k61 : 146704295, k64 : "gMxH7lUgb", k63 : "I", id : 214, k65 : 1207910207, k67 : "w"}]->(n1);
MATCH (n0 {id : 28}), (n1 {id : 85}) MERGE(n0)-[r :T1{k39 : "pw", k38 : true, k40 : false, id : 215, k35 : "lOBCNwf", k34 : 6929870, k37 : -1605311826, k36 : false}]->(n1);
MATCH (n0 {id : 107}), (n1 {id : 92}) MERGE(n0)-[r :T1{k39 : "1HpA", k38 : true, k40 : false, id : 216, k35 : "4gxW", k34 : -867566205, k37 : 629511780, k36 : true}]->(n1);
MATCH (n0 {id : 26}), (n1 {id : 106}) MERGE(n0)-[r :T1{k39 : "S", k38 : true, id : 217, k35 : "g", k34 : 1940820632, k37 : -1146258774, k36 : true}]->(n1);
MATCH (n0 {id : 127}), (n1 {id : 113}) MERGE(n0)-[r :T2{k42 : false, k41 : true, k44 : "YBif", id : 218, k43 : -1765584636, k46 : "I", k45 : -1286213269, k47 : false}]->(n1);
MATCH (n0 {id : 125}), (n1 {id : 56}) MERGE(n0)-[r :T3{k49 : -414286446, k51 : "NLra", k50 : -987478334, k53 : -355186661, k52 : -991043936, id : 219, k48 : -1029345447}]->(n1);
MATCH (n0 {id : 19}), (n1 {id : 96}) MERGE(n0)-[r :T5{k62 : 629194355, k61 : 1921903299, k64 : "i", k63 : "b", k66 : "jNwASw3V", id : 220, k65 : -1060821616, k67 : "ri8IbL0Y5"}]->(n1);
MATCH (n0 {id : 13}), (n1 {id : 111}) MERGE(n0)-[r :T1{k39 : "5", k38 : false, k40 : true, id : 221, k35 : "LQ", k34 : 1973251275, k37 : 1225822631, k36 : true}]->(n1);
MATCH (n0 {id : 51}), (n1 {id : 100}) MERGE(n0)-[r :T5{k61 : 1777361842, k64 : "7", k63 : "JoF0wXi", k66 : "N", id : 222, k65 : 1367383307, k67 : "m"}]->(n1);
MATCH (n0 {id : 86}), (n1 {id : 14}) MERGE(n0)-[r :T1{k39 : "N", k38 : false, k40 : false, id : 223, k35 : "5Wyp1rH", k34 : -1240071083, k37 : 1370199027, k36 : false}]->(n1);
MATCH (n0 {id : 89}), (n1 {id : 38}) MERGE(n0)-[r :T5{k62 : -411162327, k61 : 180630133, k64 : "DGbYx", k63 : "l", k66 : "K1", id : 224, k65 : -2081295967, k67 : "VBQoRV"}]->(n1);
MATCH (n0 {id : 73}), (n1 {id : 2}) MERGE(n0)-[r :T4{k60 : "T", k55 : 1460908906, id : 225, k54 : 155934919, k57 : 2056496390, k56 : "A", k59 : 135927940, k58 : "PQ"}]->(n1);
MATCH (n0 {id : 112}), (n1 {id : 43}) MERGE(n0)-[r :T1{k39 : "1HpA", k38 : true, k40 : true, id : 226, k35 : "5Wyp1rH", k34 : 468311224, k37 : -1867759903, k36 : false}]->(n1);
MATCH (n0 {id : 21}), (n1 {id : 40}) MERGE(n0)-[r :T1{k39 : "ZMI", k38 : true, k40 : true, id : 227, k35 : "5Wyp1rH", k34 : 2095015887, k37 : 1200772761, k36 : true}]->(n1);
MATCH (n0 {id : 0}), (n1 {id : 2}) MERGE(n0)-[r :T3{k49 : -772295359, k51 : "Mk133", k50 : 446999797, k53 : -384934923, k52 : 1815163991, id : 228, k48 : 1375957852}]->(n1);
MATCH (n0 {id : 0}), (n1 {id : 58}) MERGE(n0)-[r :T2{k42 : true, k41 : false, k44 : "XSP", id : 229, k43 : 471018132, k46 : "LnEaEbK", k45 : -2061812059}]->(n1);
MATCH (n0 {id : 35}), (n1 {id : 57}) MERGE(n0)-[r :T3{k49 : -78950015, k51 : "QECd4", k50 : 1437248461, k53 : 1941545666, k52 : -991043936, id : 230, k48 : 12921992}]->(n1);
MATCH (n0 {id : 16}), (n1 {id : 17}) MERGE(n0)-[r :T4{k60 : "u", k55 : 1119858079, id : 231, k54 : -291655144, k57 : 734923750, k56 : "l", k59 : -1490043888, k58 : "jPODXYequ"}]->(n1);
MATCH (n0 {id : 58}), (n1 {id : 108}) MERGE(n0)-[r :T3{k49 : -1764607506, k51 : "m6fr5", k50 : -1400283728, k53 : -384934923, k52 : 636692002, id : 232}]->(n1);
MATCH (n0 {id : 55}), (n1 {id : 39}) MERGE(n0)-[r :T0{k29 : "uu8r", k31 : 1507987965, k30 : false, k33 : -518651231, id : 233, k32 : "e"}]->(n1);
MATCH (n0 {id : 20}), (n1 {id : 72}) MERGE(n0)-[r :T0{k29 : "6Kb", k30 : true, k33 : 664556260, id : 234, k32 : "oYrwt5"}]->(n1);
MATCH (n0 {id : 18}), (n1 {id : 2}) MERGE(n0)-[r :T4{k60 : "tXH9lKDi", k55 : -1036611088, id : 235, k54 : -624581188, k57 : -1163899336, k59 : -1183895190, k58 : "hnSNdtw"}]->(n1);
MATCH (n0 {id : 108}), (n1 {id : 45}) MERGE(n0)-[r :T3{k49 : -414286446, k51 : "m6fr5", k50 : 1858541005, k53 : 1330769210, k52 : -1848273954, id : 236, k48 : -1828411875}]->(n1);
MATCH (n0 {id : 1}), (n1 {id : 19}) MERGE(n0)-[r :T1{k39 : "M9lH", k38 : false, k40 : true, id : 237, k35 : "0", k34 : -1229541863, k37 : -1757683862, k36 : false}]->(n1);
MATCH (n0 {id : 88}), (n1 {id : 80}) MERGE(n0)-[r :T0{k29 : "Ky", k31 : 778182177, k30 : false, k33 : 995867385, id : 238, k32 : "i"}]->(n1);
MATCH (n0 {id : 77}), (n1 {id : 42}) MERGE(n0)-[r :T5{k62 : 486955760, k61 : -1408443726, k64 : "q", k63 : "B3YN6", k66 : "lLhjE8M6", id : 239, k65 : -1838965147}]->(n1);
MATCH (n0 {id : 85}), (n1 {id : 18}) MERGE(n0)-[r :T2{k42 : true, k41 : true, k44 : "GCokUOc", id : 240, k43 : 471018132, k46 : "F", k45 : -2061812059, k47 : false}]->(n1);
MATCH (n0 {id : 87}), (n1 {id : 90}) MERGE(n0)-[r :T2{k41 : false, k44 : "l8", id : 241, k43 : -111476876, k46 : "d", k45 : 1914985137, k47 : true}]->(n1);
MATCH (n0 {id : 28}), (n1 {id : 113}) MERGE(n0)-[r :T3{k49 : -772295359, k51 : "ju", k50 : 184788698, k53 : -1580670349, k52 : 1409336893, id : 242}]->(n1);
MATCH (n0 {id : 56}), (n1 {id : 87}) MERGE(n0)-[r :T4{k60 : "GMcRkl5", k55 : 1781400364, id : 243, k54 : 677147154, k57 : -205771590, k56 : "qpwESt", k59 : -1490043888, k58 : "S"}]->(n1);
MATCH (n0 {id : 77}), (n1 {id : 79}) MERGE(n0)-[r :T4{k60 : "7E", k55 : 1092942549, id : 244, k54 : -2138921999, k57 : -2035508045, k56 : "g", k59 : -1775296984, k58 : "uppvZ1"}]->(n1);
MATCH (n0 {id : 113}), (n1 {id : 120}) MERGE(n0)-[r :T0{k29 : "o", k31 : -1442123957, k30 : false, k33 : -1867128011, id : 245, k32 : "v"}]->(n1);
MATCH (n0 {id : 47}), (n1 {id : 105}) MERGE(n0)-[r :T4{k60 : "XEAK", k55 : -2066992160, id : 246, k54 : 1589667269, k57 : 64998929, k56 : "Z", k59 : 1429436212, k58 : "hnSNdtw"}]->(n1);
MATCH (n0 {id : 53}), (n1 {id : 3}) MERGE(n0)-[r :T4{k60 : "tXH9lKDi", k55 : -1524977550, id : 247, k54 : 677147154, k57 : 137564852, k56 : "4", k59 : 9971010, k58 : "S"}]->(n1);
MATCH (n0 {id : 127}), (n1 {id : 115}) MERGE(n0)-[r :T3{k49 : 700679709, k51 : "2GJzXoasQ", k50 : -1457979555, k53 : -1580670349, k52 : 1015650977, id : 248, k48 : 1989582013}]->(n1);
MATCH (n0 {id : 64}), (n1 {id : 40}) MERGE(n0)-[r :T2{k42 : true, k41 : false, k44 : "j", id : 249, k43 : -1011484653, k46 : "n"}]->(n1);
MATCH (n0 {id : 55}), (n1 {id : 68}) MERGE(n0)-[r :T1{k39 : "5", k38 : true, k40 : true, id : 250, k35 : "xOLq", k34 : 1887606982, k37 : 637722049, k36 : true}]->(n1);
MATCH (n0 {id : 116}), (n1 {id : 92}) MERGE(n0)-[r :T1{k39 : "URxmKf", k38 : false, k40 : false, id : 251, k35 : "7QOSg89hw", k34 : 2125836629, k37 : 2011302776, k36 : false}]->(n1);
MATCH (n0 {id : 114}), (n1 {id : 120}) MERGE(n0)-[r :T0{k29 : "Ky", k31 : 1446442583, k30 : false, k33 : -291917577, id : 252, k32 : "i"}]->(n1);
MATCH (n0 {id : 95}), (n1 {id : 103}) MERGE(n0)-[r :T1{k39 : "pw", k38 : true, k40 : true, id : 253, k35 : "4vS", k34 : -867566205, k37 : -1867759903, k36 : false}]->(n1);
MATCH (n0 {id : 11}), (n1 {id : 55}) MERGE(n0)-[r :T1{k38 : true, k40 : true, id : 254, k35 : "v", k34 : 468311224, k37 : 629511780, k36 : true}]->(n1);
MATCH (n0 {id : 82}), (n1 {id : 48}) MERGE(n0)-[r :T5{k61 : 1754741041, k64 : "i", k63 : "JoF0wXi", k66 : "ko1x", id : 255, k65 : -1752308141, k67 : "b"}]->(n1);
MATCH (n0 {id : 24}), (n1 {id : 66}) MERGE(n0)-[r :T0{k29 : "BEt", k31 : -565050314, k30 : false, k33 : 1659145058, id : 256, k32 : "bmIoXqL"}]->(n1);
MATCH (n0 {id : 109}), (n1 {id : 35}) MERGE(n0)-[r :T2{k42 : true, k41 : true, id : 257, k43 : 2099075386, k46 : "w2", k45 : -1490634720, k47 : false}]->(n1);
MATCH (n0 {id : 109}), (n1 {id : 90}) MERGE(n0)-[r :T5{k62 : -1288986384, k61 : -796257916, k63 : "x", k66 : "H", id : 258, k65 : 1367383307, k67 : "K"}]->(n1);
MATCH (n0 {id : 71}), (n1 {id : 50}) MERGE(n0)-[r :T4{k60 : "a", k55 : 1341014244, id : 259, k54 : 1589667269, k57 : -205771590, k56 : "M3", k59 : 177326148}]->(n1);
MATCH (n0 {id : 17}), (n1 {id : 8}) MERGE(n0)-[r :T1{k39 : "pw", k40 : false, id : 260, k35 : "5Wyp1rH", k34 : 1766130816, k37 : 529104052, k36 : true}]->(n1);
MATCH (n0 {id : 27}), (n1 {id : 73}) MERGE(n0)-[r :T3{k49 : -414286446, k51 : "hcL9G", k50 : 1858541005, k53 : 1941545666, k52 : 733741087, id : 261, k48 : 703473934}]->(n1);
MATCH (n0 {id : 20}), (n1 {id : 20}) MERGE(n0)-[r :T5{k62 : -675490586, k61 : 1688975199, k64 : "Ri", k63 : "B3YN6", k66 : "K1", id : 262, k65 : 1630113534, k67 : "ZvdJwYKY"}]->(n1);
MATCH (n0 {id : 91}), (n1 {id : 81}) MERGE(n0)-[r :T1{k39 : "1HpA", k38 : false, k40 : true, id : 263, k35 : "g", k34 : 1515565873, k36 : true}]->(n1);
MATCH (n0 {id : 56}), (n1 {id : 58}) MERGE(n0)-[r :T4{k60 : "RSVdmARt", k55 : -1036611088, id : 264, k57 : 734923750, k56 : "Z", k59 : -175399879, k58 : "9TEg"}]->(n1);
MATCH (n0 {id : 57}), (n1 {id : 60}) MERGE(n0)-[r :T2{k42 : false, k41 : false, k44 : "PutA", id : 265, k43 : -1716650426, k46 : "LEuV3ylX", k45 : -1352373638, k47 : true}]->(n1);
MATCH (n0 {id : 63}), (n1 {id : 74}) MERGE(n0)-[r :T2{k42 : false, k41 : true, k44 : "j", id : 266, k43 : 2099075386, k46 : "AIbzL2", k45 : 1062049467, k47 : false}]->(n1);
MATCH (n0 {id : 126}), (n1 {id : 44}) MERGE(n0)-[r :T5{k62 : -580394431, k61 : -796257916, k64 : "p", k63 : "LPfhOvs", k66 : "dy", id : 267, k65 : 1367383307, k67 : "u"}]->(n1);
MATCH (n0 {id : 125}), (n1 {id : 40}) MERGE(n0)-[r :T5{k62 : 486955760, k61 : 180630133, k64 : "i", k63 : "JoF0wXi", k66 : "P", id : 268, k65 : -704503831, k67 : "8RiBV"}]->(n1);
MATCH (n0 {id : 69}), (n1 {id : 8}) MERGE(n0)-[r :T0{k29 : "RJ", k31 : 1924102260, k30 : true, k33 : -1586136663, id : 269, k32 : "bmIoXqL"}]->(n1);
MATCH (n0 {id : 76}), (n1 {id : 18}) MERGE(n0)-[r :T4{k60 : "Z", k55 : -11354645, id : 270, k54 : 677147154, k57 : 2056496390, k56 : "Z", k59 : -1301082422, k58 : "j"}]->(n1);
MATCH (n0 {id : 122}), (n1 {id : 57}) MERGE(n0)-[r :T4{k55 : -1524977550, id : 271, k54 : -1075407966, k57 : 644906154, k56 : "vLkhV1", k59 : 40323904, k58 : "J"}]->(n1);
MATCH (n0 {id : 30}), (n1 {id : 71}) MERGE(n0)-[r :T1{k38 : false, k40 : true, id : 272, k35 : "7QOSg89hw", k34 : 2125836629, k37 : 1388432298, k36 : false}]->(n1);
MATCH (n0 {id : 3}), (n1 {id : 96}) MERGE(n0)-[r :T3{k49 : 1778268390, k51 : "Q", k50 : 2010297792, k53 : -384934923, k52 : 360163424, id : 273, k48 : -789132602}]->(n1);
MATCH (n0 {id : 34}), (n1 {id : 91}) MERGE(n0)-[r :T1{k39 : "Y", k38 : false, k40 : false, id : 274, k35 : "xwRWgqIY", k34 : -1229541863, k37 : -1757683862, k36 : true}]->(n1);
MATCH (n0 {id : 24}), (n1 {id : 18}) MERGE(n0)-[r :T5{k62 : -675490586, k61 : 146704295, k64 : "i", k63 : "I", k66 : "dy", id : 275, k65 : -1752308141, k67 : "K"}]->(n1);
MATCH (n0 {id : 74}), (n1 {id : 65}) MERGE(n0)-[r :T1{k39 : "7", k38 : false, k40 : false, id : 276, k35 : "5Wyp1rH", k34 : 1515565873, k37 : 629511780, k36 : false}]->(n1);
MATCH (n0 {id : 65}), (n1 {id : 46}) MERGE(n0)-[r :T3{k49 : 1854531748, k51 : "o", k50 : 2010297792, k53 : 1330769210, k52 : 1205456442, id : 277, k48 : -666594424}]->(n1);
MATCH (n0 {id : 30}), (n1 {id : 20}) MERGE(n0)-[r :T5{k62 : 1167932258, k61 : -1408443726, k64 : "7", k63 : "I", k66 : "f", id : 278, k65 : -447277453, k67 : "VBQoRV"}]->(n1);
MATCH (n0 {id : 39}), (n1 {id : 28}) MERGE(n0)-[r :T3{k49 : -755385256, k50 : -809858134, k53 : 1131485636, k52 : -397100959, id : 279, k48 : -765703183}]->(n1);
MATCH (n0 {id : 69}), (n1 {id : 13}) MERGE(n0)-[r :T2{k42 : true, k41 : false, k44 : "6", id : 280, k43 : -2082125530, k46 : "T", k45 : -1352373638, k47 : true}]->(n1);
MATCH (n0 {id : 31}), (n1 {id : 80}) MERGE(n0)-[r :T5{k62 : -411162327, k61 : 2108102217, k64 : "q", k63 : "GOn", k66 : "L", id : 281, k65 : 1659701548, k67 : "K"}]->(n1);
MATCH (n0 {id : 93}), (n1 {id : 62}) MERGE(n0)-[r :T4{k60 : "u", k55 : 1469252290, id : 282, k54 : 600223640, k57 : -205771590, k56 : "l", k59 : 1539755412, k58 : "J"}]->(n1);
MATCH (n0 {id : 71}), (n1 {id : 95}) MERGE(n0)-[r :T1{k39 : "1HpA", k38 : false, k40 : true, id : 283, k35 : "xOLq", k34 : 563578715, k37 : 2011302776, k36 : true}]->(n1);
MATCH (n0 {id : 37}), (n1 {id : 58}) MERGE(n0)-[r :T3{k49 : -78950015, k51 : "jJZ", k50 : 2010297792, k53 : -1589261042, k52 : 1015650977, id : 284}]->(n1);
MATCH (n0 {id : 64}), (n1 {id : 82}) MERGE(n0)-[r :T3{k49 : 1651334527, k51 : "2GJzXoasQ", k50 : 1913213409, k53 : 1131485636, id : 285, k48 : 1704110633}]->(n1);
MATCH (n0 {id : 32}), (n1 {id : 106}) MERGE(n0)-[r :T4{k60 : "u", k55 : 1119858079, id : 286, k54 : 1214248619, k57 : 734923750, k56 : "h", k59 : 103291659, k58 : "uppvZ1"}]->(n1);
MATCH (n0 {id : 54}), (n1 {id : 25}) MERGE(n0)-[r :T1{k39 : "S", k38 : false, k40 : true, id : 287, k35 : "5Wyp1rH", k34 : 1240495307, k37 : 629511780, k36 : false}]->(n1);
MATCH (n0 {id : 46}), (n1 {id : 56}) MERGE(n0)-[r :T1{k39 : "S", k38 : false, k40 : true, id : 288, k35 : "0s", k34 : -1240071083, k37 : -2024365188, k36 : false}]->(n1);
MATCH (n0 {id : 78}), (n1 {id : 78}) MERGE(n0)-[r :T0{k29 : "7", k31 : -694948535, k30 : false, k33 : -18417649, id : 289, k32 : "e"}]->(n1);
MATCH (n0 {id : 105}), (n1 {id : 121}) MERGE(n0)-[r :T1{k39 : "URxmKf", k38 : false, k40 : true, id : 290, k35 : "LQ", k34 : 1887606982, k37 : -1908387544, k36 : false}]->(n1);
MATCH (n0 {id : 34}), (n1 {id : 116}) MERGE(n0)-[r :T3{k51 : "QECd4", k50 : 36965614, k53 : 1941545666, k52 : -344250638, id : 291, k48 : 190963340}]->(n1);
MATCH (n0 {id : 61}), (n1 {id : 68}) MERGE(n0)-[r :T2{k42 : false, k41 : true, k44 : "X", id : 292, k43 : -2082125530, k46 : "d", k45 : -1552348965, k47 : true}]->(n1);
MATCH (n0 {id : 84}), (n1 {id : 74}) MERGE(n0)-[r :T0{k29 : "f", k31 : 1033643180, k30 : false, k33 : 659918007, id : 293, k32 : "5CU72EK"}]->(n1);
MATCH (n0 {id : 31}), (n1 {id : 65}) MERGE(n0)-[r :T4{k60 : "Mn6yCJ", k55 : 1092942549, id : 294, k54 : 155934919, k57 : 734923750, k56 : "h", k59 : 40323904, k58 : "NurLzX"}]->(n1);
MATCH (n0 {id : 124}), (n1 {id : 32}) MERGE(n0)-[r :T2{k42 : true, k41 : false, k44 : "yo", id : 295, k43 : 298487371, k46 : "1", k45 : -1785473100, k47 : false}]->(n1);
MATCH (n0 {id : 99}), (n1 {id : 11}) MERGE(n0)-[r :T4{k60 : "UUVx", k55 : -1429155571, id : 296, k54 : -643789809, k57 : 343419893, k56 : "Zdd", k59 : 954200868, k58 : "6"}]->(n1);
MATCH (n0 {id : 91}), (n1 {id : 73}) MERGE(n0)-[r :T1{k38 : false, k40 : false, id : 297, k35 : "lOBCNwf", k37 : 1200772761, k36 : true}]->(n1);
MATCH (n0 {id : 49}), (n1 {id : 20}) MERGE(n0)-[r :T1{k39 : "Y", k38 : true, k40 : false, id : 298, k35 : "qF", k37 : -1908387544, k36 : true}]->(n1);
MATCH (n0 {id : 49}), (n1 {id : 25}) MERGE(n0)-[r :T0{k29 : "o", k31 : -341143368, k30 : true, id : 299, k32 : "oYrwt5"}]->(n1);
MATCH (n0 {id : 81}), (n1 {id : 22}) MERGE(n0)-[r :T5{k62 : -594541878, k61 : 146704295, k64 : "DSgX", k63 : "LPfhOvs", id : 300, k65 : 2049354681, k67 : "Q"}]->(n1);
MATCH (n0 {id : 45}), (n1 {id : 70}) MERGE(n0)-[r :T0{k29 : "7", k31 : -1442123957, k30 : true, k33 : 664556260, id : 301, k32 : "WV"}]->(n1);
MATCH (n0 {id : 17}), (n1 {id : 18}) MERGE(n0)-[r :T2{k42 : false, k41 : true, k44 : "X", id : 302, k43 : 2099075386, k46 : "F6", k45 : -2026719318, k47 : false}]->(n1);
MATCH (n0 {id : 125}), (n1 {id : 65}) MERGE(n0)-[r :T2{k42 : true, k41 : true, k44 : "qCN9eA", id : 303, k43 : -32238680, k46 : "LnEaEbK", k45 : 599105371, k47 : true}]->(n1);
MATCH (n0 {id : 31}), (n1 {id : 85}) MERGE(n0)-[r :T4{k60 : "RSVdmARt", k55 : 1460908906, id : 304, k54 : 600223640, k57 : 1403566349, k56 : "Zdd", k59 : 1539755412, k58 : "v"}]->(n1);
MATCH (n0 {id : 62}), (n1 {id : 84}) MERGE(n0)-[r :T2{k41 : false, k44 : "YBif", id : 305, k43 : -1011484653, k46 : "n", k47 : true}]->(n1);
MATCH (n0 {id : 81}), (n1 {id : 5}) MERGE(n0)-[r :T4{k60 : "L", k55 : -2066992160, id : 306, k54 : 677147154, k57 : 644906154, k59 : 1429436212, k58 : "jPODXYequ"}]->(n1);
MATCH (n0 {id : 84}), (n1 {id : 45}) MERGE(n0)-[r :T3{k49 : 1336592496, k51 : "o", k50 : 1226766117, k53 : -1562886837, k52 : -51533601, id : 307, k48 : -1818961487}]->(n1);
MATCH (n0 {id : 75}), (n1 {id : 83}) MERGE(n0)-[r :T3{k49 : -112335783, k51 : "2GJzXoasQ", k50 : 1437248461, k53 : 795467698, k52 : -1468452026, id : 308, k48 : 1010927537}]->(n1);
MATCH (n0 {id : 90}), (n1 {id : 62}) MERGE(n0)-[r :T5{k62 : -580394431, k61 : -796257916, k64 : "I39Ng1vH", k63 : "T", k66 : "L", id : 309, k65 : -809115350, k67 : "8RiBV"}]->(n1);
MATCH (n0 {id : 64}), (n1 {id : 10}) MERGE(n0)-[r :T3{k49 : -73404936, k51 : "ju", k50 : 446999797, k53 : -384934923, k52 : -581433417, id : 310, k48 : 12921992}]->(n1);
MATCH (n0 {id : 54}), (n1 {id : 36}) MERGE(n0)-[r :T4{k60 : "GMcRkl5", k55 : 1119858079, id : 311, k54 : -1516537698, k57 : 948774208, k56 : "g", k59 : -1775296984, k58 : "B"}]->(n1);
MATCH (n0 {id : 101}), (n1 {id : 26}) MERGE(n0)-[r :T2{k42 : true, k41 : true, k44 : "YBif", id : 312, k43 : 1297617235, k46 : "n", k45 : -1410316217, k47 : true}]->(n1);
MATCH (n0 {id : 100}), (n1 {id : 106}) MERGE(n0)-[r :T5{k62 : -1537662163, k61 : -1462379424, k63 : "M", k66 : "J", id : 313, k65 : 213669194, k67 : "DMf"}]->(n1);
MATCH (n0 {id : 39}), (n1 {id : 56}) MERGE(n0)-[r :T3{k49 : -420297192, k51 : "jJZ", k50 : 788437379, k53 : -711850109, k52 : -996204733, id : 314, k48 : -1818961487}]->(n1);
MATCH (n0 {id : 45}), (n1 {id : 29}) MERGE(n0)-[r :T5{k62 : -1226256042, k61 : 2108102217, k63 : "q", k66 : "FR", id : 315, k65 : 2049354681, k67 : "DMf"}]->(n1);
MATCH (n0 {id : 3}), (n1 {id : 73}) MERGE(n0)-[r :T5{k62 : 1287971909, k61 : 2021310804, k64 : "ylWBWo", k63 : "T", k66 : "g", id : 316, k65 : -1453484057, k67 : "9X0"}]->(n1);
MATCH (n0 {id : 91}), (n1 {id : 12}) MERGE(n0)-[r :T1{k39 : "URxmKf", k38 : false, k40 : true, id : 317, k35 : "8", k34 : 102865891, k37 : 1043915371, k36 : true}]->(n1);
MATCH (n0 {id : 40}), (n1 {id : 62}) MERGE(n0)-[r :T4{k55 : -1524977550, id : 318, k54 : -1518462150, k57 : 470127815, k56 : "Zdd", k59 : -1418375805, k58 : "B"}]->(n1);
MATCH (n0 {id : 71}), (n1 {id : 113}) MERGE(n0)-[r :T0{k29 : "h5m6Lgy", k31 : -694948535, k30 : true, k33 : -215583984, id : 319, k32 : "1"}]->(n1);
MATCH (n0 {id : 97}), (n1 {id : 91}) MERGE(n0)-[r :T1{k39 : "N1vi3L", k38 : true, k40 : true, id : 320, k35 : "qF", k34 : 2138977230, k37 : 529104052, k36 : false}]->(n1);
MATCH (n0 {id : 1}), (n1 {id : 21}) MERGE(n0)-[r :T2{k42 : false, k41 : false, k44 : "Y920EGAuT", id : 321, k43 : 1128026160, k46 : "F6", k45 : -1490634720}]->(n1);