CREATE (n0 {id : 0});
CREATE (n0 :L3:L2{k17 : 1425866398, k16 : "vfD", k19 : false, k18 : -226855988, k11 : -1060826693, id : 1, k13 : false, k12 : "C3", k15 : "UpC", k14 : "1"});
CREATE (n0 :L2:L4{k11 : -1026510436, k22 : false, k21 : false, k13 : false, k24 : "bP9vjFUSr", k12 : "fJjdN", k23 : "TgksAI", k15 : "l4rFEGv9", k26 : 2006118707, k14 : "LBa7VDmD", k25 : -271837968, k27 : "I", id : 2});
CREATE (n0 :L0{k0 : "iJXMLW", k1 : false, k2 : 319797855, k3 : -2050194655, k4 : "H5", k5 : 825453620, id : 3});
CREATE (n0 :L3:L0{k17 : 1654848286, k16 : "Bxg", k19 : false, k18 : 1820073148, k0 : "H", k1 : false, k2 : 885521117, k20 : -418471017, k3 : 728603868, k4 : "H5", k5 : -1471638759, id : 4});
CREATE (n0 :L3{k17 : 1877385840, k16 : "PK", k19 : true, k18 : -468316396, k20 : 2049502804, id : 5});
CREATE (n0 :L1{id : 6, k6 : true, k10 : 980113645, k7 : true, k8 : true, k9 : 1559978130});
CREATE (n0 :L1{id : 7, k6 : false, k10 : 255953786, k7 : true, k8 : false, k9 : -1585637300});
CREATE (n0 :L4{k27 : "X1", k22 : true, id : 8, k21 : false, k24 : "HfNrpAPh", k23 : "k", k26 : 410773106, k25 : -2005061011});
CREATE (n0 :L1{id : 9, k6 : false, k10 : 1095047993, k7 : true, k8 : true, k9 : 1559978130});
CREATE (n0 :L0{k0 : "iJXMLW", k1 : true, k2 : 1904434233, k3 : -842865810, k4 : "0", k5 : -1325865228, id : 10});
CREATE (n0 :L0{k0 : "gx8Mm6c", k1 : false, k2 : 1911433543, k3 : 1706051629, k4 : "H", k5 : -1471638759, id : 11});
CREATE (n0 :L1:L0{k0 : "FDoUGl", k1 : false, k2 : -1243184335, k3 : -1929448870, k4 : "Em", k5 : 568588973, id : 12, k6 : false, k10 : 1095047993, k7 : false, k8 : true, k9 : -1384036841});
CREATE (n0 :L2:L1{k11 : 588904868, id : 13, k6 : false, k13 : true, k7 : true, k12 : "S", k8 : false, k15 : "rc", k9 : -1585637300, k14 : "p"});
CREATE (n0 :L4:L1{k22 : true, k21 : false, k6 : true, k10 : 929366886, k24 : "JCP6hds", k7 : true, k23 : "2KMBE2ONd", k8 : true, k26 : 1535461494, k9 : 110533022, k25 : 1607034915, k27 : "1utCa", id : 14});
CREATE (n0 :L0{k0 : "kE8", k1 : true, k2 : -1191565242, k3 : 34753996, k4 : "bG", k5 : -706687391, id : 15});
CREATE (n0 :L2{k11 : -272519901, id : 16, k13 : false, k15 : "U", k14 : "W68ZvG"});
CREATE (n0 :L3:L0{k16 : "A36", k19 : true, k18 : -1135975623, k0 : "H", k1 : true, k2 : 1332577493, k20 : -87605171, k3 : 1351475223, k4 : "RBwg2WKLB", id : 17});
CREATE (n0 :L3:L4:L2{k20 : 260915866, k22 : false, k11 : -1026510436, k21 : false, k24 : "WZSKs4", k13 : true, k23 : "o", k26 : -1501596458, k15 : "A6qV", k14 : "Q", k17 : -1388290215, k27 : "X1", k19 : false, k18 : -632917260, id : 18});
CREATE (n0 :L0:L3:L4{k0 : "FDoUGl", k2 : -1277511837, k3 : 1351475223, k20 : -278229278, k4 : "H5", k5 : 568588973, k22 : false, k21 : true, k24 : "Hu", k23 : "TgksAI", k26 : -437930140, k25 : -735507957, k17 : 1425866398, k16 : "k", k27 : "O02GeV2Y", k19 : false, k18 : -632917260, id : 19});
CREATE (n0 :L1{id : 20, k6 : true, k10 : 1273066579, k7 : false, k8 : true});
CREATE (n0 {id : 21});
CREATE (n0 :L2{k11 : 448312017, id : 22, k13 : false, k12 : "BN8", k15 : "Q", k14 : "qXxFhTj5"});
CREATE (n0 {id : 23});
CREATE (n0 :L1{id : 24, k6 : false, k10 : 1177138874, k7 : false, k8 : false});
CREATE (n0 {id : 25});
CREATE (n0 :L3:L1{k17 : -331036933, k16 : "N872", k19 : true, k18 : -1891978925, k20 : -1793017207, id : 26, k6 : true, k10 : 451775913, k8 : true, k9 : -1893235681});
CREATE (n0 :L3{k17 : 1877385840, k16 : "N872", k19 : false, k18 : -1943165600, k20 : 337560965, id : 27});
CREATE (n0 :L0{k0 : "4", k1 : false, k2 : 982288313, k3 : -842865810, k4 : "7", k5 : -903381747, id : 28});
CREATE (n0 :L3{k17 : -1005206408, k16 : "e", k19 : true, k18 : -468316396, k20 : -160194783, id : 29});
CREATE (n0 :L1:L2:L3{k20 : 890825278, k11 : -1026510436, k6 : true, k10 : 2060031, k7 : false, k13 : true, k8 : true, k12 : "rAQHb", k9 : 233267530, k15 : "v", k14 : "HqdsT", k17 : -331036933, k16 : "Q", k19 : false, k18 : -888657995, id : 30});
CREATE (n0 :L4{k27 : "BwKNdcRa1", k22 : true, id : 31, k21 : true, k24 : "4", k23 : "vikz", k26 : -1501596458, k25 : 1599911896});
CREATE (n0 {id : 32});
CREATE (n0 :L2{k11 : 1380068612, id : 33, k13 : true, k12 : "73YUboN", k14 : "LBa7VDmD"});
CREATE (n0 :L2{k11 : -738414993, id : 34, k13 : true, k12 : "j", k15 : "U", k14 : "Q"});
CREATE (n0 :L4{k27 : "1utCa", k22 : false, id : 35, k21 : false, k24 : "h", k23 : "tluL2iOs", k26 : 585973513, k25 : 1948155623});
CREATE (n0 :L1:L2{k11 : 1835019598, id : 36, k6 : true, k10 : -193950606, k7 : true, k13 : false, k8 : true, k12 : "5", k9 : -1222535277, k14 : "K"});
CREATE (n0 :L0:L2:L3{k0 : "K", k1 : false, k2 : 982288313, k3 : -842865810, k20 : -172403585, k4 : "UzfD", k5 : -658840789, k11 : -272519901, k13 : true, k12 : "BN8", k15 : "l4rFEGv9", k14 : "p", k17 : 1654848286, k16 : "N872", k19 : false, k18 : 1810886891, id : 37});
CREATE (n0 :L0{k0 : "6", k1 : false, k2 : -1585024434, k3 : -70960101, k4 : "H", id : 38});
CREATE (n0 :L4{k27 : "M", k22 : false, id : 39, k21 : true, k24 : "K1dUPD", k23 : "32GzEXw7", k26 : -2034483606, k25 : 1982427636});
CREATE (n0 :L2:L1{k11 : -272519901, id : 40, k6 : false, k10 : -600651316, k13 : true, k7 : true, k12 : "C3", k8 : false, k15 : "UpC", k9 : -1585637300, k14 : "L"});
CREATE (n0 :L2:L1{k11 : 448312017, id : 41, k6 : false, k10 : -600651316, k13 : true, k7 : true, k12 : "C3", k8 : true, k15 : "YY", k9 : 110533022, k14 : "L"});
CREATE (n0 :L0{k0 : "6", k1 : false, k2 : 1919555069, k3 : -842865810, k4 : "H5", k5 : 1184866828, id : 42});
CREATE (n0 :L0:L3{k17 : 1877385840, k16 : "A36", k19 : false, k18 : -400135066, k0 : "P", k1 : true, k2 : -1243184335, k3 : -1920449067, k20 : -1793017207, k4 : "2F6vo", id : 43});
CREATE (n0 :L2{k11 : -414664464, id : 44, k13 : false, k12 : "18", k15 : "e6n", k14 : "p"});
CREATE (n0 :L2:L1{k11 : 794023122, id : 45, k6 : true, k10 : 856758957, k13 : false, k7 : false, k12 : "73YUboN", k8 : true, k15 : "YY", k9 : -146113115, k14 : "HqdsT"});
CREATE (n0 :L1{id : 46, k6 : true, k10 : 794130810, k7 : false, k8 : true, k9 : 580919959});
CREATE (n0 :L2{k11 : -1825621046, id : 47, k13 : true, k12 : "VBDqt", k15 : "YY", k14 : "RB"});
CREATE (n0 :L1:L0{k0 : "Gj0R6xU", k1 : true, k2 : 1332577493, k3 : 1712704631, k4 : "Xd7w", k5 : -658840789, id : 48, k6 : true, k10 : 1021539848, k7 : true, k9 : 110533022});
CREATE (n0 :L1{id : 49, k6 : false, k10 : 1177138874, k7 : true, k8 : true, k9 : -1384036841});
CREATE (n0 {id : 50});
CREATE (n0 :L3{k17 : 2042173410, k16 : "j", k19 : true, k18 : -1943165600, id : 51});
CREATE (n0 {id : 52});
CREATE (n0 :L2{k11 : -738414993, id : 53, k13 : false, k12 : "bR", k15 : "rc"});
CREATE (n0 :L0:L2{k0 : "G", k1 : true, k3 : 994554471, k4 : "H", k5 : -586084090, k11 : -414664464, id : 54, k13 : true, k12 : "b", k15 : "rc", k14 : "LBa7VDmD"});
CREATE (n0 :L2:L0{k0 : "m", k1 : true, k2 : 1919555069, k3 : -2058529316, k4 : "H5", k11 : -1060826693, k5 : -903381747, id : 55, k13 : false, k12 : "VBDqt", k15 : "Tr59", k14 : "Q"});
CREATE (n0 :L0:L2{k0 : "m", k1 : false, k2 : 319797855, k3 : 133147304, k4 : "Em", k5 : -903381747, k11 : -145398909, id : 56, k13 : false, k12 : "bR", k15 : "v", k14 : "u"});
CREATE (n0 :L1:L4{k27 : "F", k22 : false, id : 57, k6 : true, k10 : 1177138874, k21 : true, k7 : true, k24 : "6", k8 : true, k23 : "s0", k9 : -1222535277, k26 : 585973513});
CREATE (n0 :L3:L2{k17 : -331036933, k16 : "t", k19 : false, k18 : 501644175, k20 : -278229278, k11 : -1825621046, id : 58, k13 : true, k12 : "SF1n", k15 : "t", k14 : "1"});
CREATE (n0 :L2:L1{k11 : -1206336629, id : 59, k6 : true, k13 : false, k7 : true, k12 : "5", k8 : false, k15 : "Q", k14 : "O"});
CREATE (n0 :L2{k11 : 190695856, id : 60, k13 : false, k12 : "SF1n", k15 : "bxO", k14 : "dY"});
CREATE (n0 :L4{k27 : "n", k22 : false, id : 61, k21 : false, k24 : "WZSKs4", k23 : "Anqx", k26 : 410773106, k25 : 1600504476});
CREATE (n0 :L1:L3{k17 : 400924445, k16 : "fV", k19 : true, k18 : 1602238051, k20 : -455700551, id : 62, k6 : true, k10 : 255953786, k7 : true, k8 : false, k9 : 110533022});
CREATE (n0 :L1{id : 63, k6 : true, k10 : -626038661, k7 : false, k8 : true, k9 : 849758572});
CREATE (n0 {id : 64});
CREATE (n0 :L2:L1:L0{k0 : "SuhT", k1 : false, k2 : -1277511837, k3 : 1706051629, k4 : "0", k11 : 190695856, k5 : 1467848053, k6 : true, k10 : -193950606, k13 : false, k7 : true, k12 : "S", k8 : true, k15 : "CNE", k9 : 1662692044, k14 : "RB", id : 65});
CREATE (n0 :L0{k0 : "2", k1 : true, k2 : 509031296, k3 : 1259749376, k4 : "bG", k5 : -658840789, id : 66});
CREATE (n0 :L4{k27 : "2", k22 : false, id : 67, k21 : true, k24 : "WZSKs4", k23 : "TO0bCyT", k26 : 1202742484, k25 : 1948155623});
CREATE (n0 :L2:L1:L0{k0 : "FDoUGl", k1 : true, k2 : 1911433543, k3 : 133147304, k4 : "Xd7w", k11 : -738414993, k6 : false, k10 : -185402069, k13 : false, k7 : true, k12 : "5", k8 : true, k15 : "Q", k9 : 271351399, k14 : "qXxFhTj5", id : 68});
CREATE (n0 :L3:L1:L4{k20 : 2049502804, k22 : false, k6 : true, k10 : 255953786, k21 : false, k7 : false, k24 : "bP9vjFUSr", k8 : true, k9 : 110533022, k26 : 1669451710, k25 : -2005061011, k17 : -1388290215, k16 : "N872", k27 : "B", k19 : true, k18 : -226855988, id : 69});
CREATE (n0 :L1{id : 70, k6 : false, k10 : 451775913, k7 : true, k8 : true, k9 : 233267530});
CREATE (n0 :L3:L1:L0{k0 : "Kfa7R94", k1 : false, k2 : -2113023805, k3 : -1387739713, k5 : 568274897, k6 : true, k10 : 794130810, k7 : false, k8 : false, k9 : 271351399, k17 : -336218507, k16 : "fV", k19 : true, k18 : -888657995, id : 71});
CREATE (n0 :L0{k0 : "4", k1 : true, k2 : -1277511837, k3 : 702189755, k4 : "vVTpSPYJ", k5 : -658840789, id : 72});
CREATE (n0 :L1:L4{k22 : true, id : 73, k6 : true, k10 : 1273066579, k21 : false, k7 : false, k24 : "K1dUPD", k8 : true, k23 : "o", k9 : -1708977459, k26 : 1915787963, k25 : -1561637380});
CREATE (n0 :L0{k0 : "FDoUGl", k1 : true, k2 : 982288313, k3 : -2058529316, k4 : "H", k5 : 1469054991, id : 74});
CREATE (n0 :L0:L2:L1{k0 : "m", k1 : true, k2 : 1911433543, k3 : 34753996, k4 : "0", k5 : 373171153, k11 : 1835019598, k6 : true, k10 : 1273066579, k13 : true, k7 : false, k12 : "18", k8 : true, k15 : "v", k9 : -1222535277, k14 : "h", id : 75});
CREATE (n0 :L1{id : 76, k6 : false, k10 : 1177138874, k7 : true, k8 : true, k9 : -1893235681});
CREATE (n0 :L4{k27 : "2", id : 77, k21 : true, k24 : "a", k23 : "Z0", k26 : -1616396724, k25 : -2005061011});
CREATE (n0 :L3{k17 : -331036933, k16 : "jDIy", k19 : false, k18 : -1890568213, k20 : 1969260975, id : 78});
CREATE (n0 {id : 79});
CREATE (n0 :L3{k17 : -1388290215, k16 : "j", k19 : false, k18 : 21677038, k20 : -418471017, id : 80});
CREATE (n0 :L4:L3:L1{k20 : -87605171, k22 : true, k21 : false, k6 : false, k10 : 1095047993, k24 : "4", k7 : true, k23 : "Anqx", k8 : true, k26 : -1222973668, k9 : 110533022, k25 : -1590972210, k17 : -431306000, k27 : "fpO", k16 : "k", k19 : false, k18 : 1820073148, id : 81});
CREATE (n0 :L4:L2{k22 : false, k11 : -1465480510, k21 : true, k24 : "W", k13 : true, k23 : "8", k12 : "b", k26 : 1939363965, k15 : "l4rFEGv9", k25 : 1869496973, k14 : "w", k27 : "rRX0Vez", id : 82});
CREATE (n0 :L2:L1{k11 : -1696882813, id : 83, k6 : true, k10 : -626038661, k13 : true, k7 : false, k12 : "L4FCRRMM", k8 : false, k9 : -619322154, k14 : "B"});
CREATE (n0 :L1{id : 84, k6 : true, k10 : 255953786, k7 : true, k8 : true, k9 : -1708977459});
CREATE (n0 :L1:L4:L3{k20 : 337560965, k22 : false, k6 : true, k10 : 2060031, k21 : false, k7 : true, k24 : "VCTJN", k8 : true, k23 : "TO0bCyT", k9 : 110533022, k26 : -437930140, k25 : 1600504476, k17 : 119424097, k27 : "W", k16 : "A36", k19 : true, k18 : 876853163, id : 85});
CREATE (n0 :L3:L0:L1{k0 : "m", k1 : true, k2 : 14474302, k3 : 1712704631, k4 : "7", k5 : 1469054991, k6 : false, k10 : -185402069, k7 : false, k8 : false, k9 : -1384036841, k17 : -331036933, k16 : "X", k19 : false, k18 : -888657995, id : 86});
CREATE (n0 :L4{k27 : "wY5FNb", k22 : false, id : 87, k21 : false, k24 : "bP9vjFUSr", k23 : "DY", k25 : 120387117});
CREATE (n0 :L2:L4{k11 : 68057633, k22 : true, k21 : true, k13 : true, k24 : "h", k12 : "L4FCRRMM", k23 : "o", k15 : "e6n", k26 : -725031378, k14 : "dY", k25 : 1869496973, k27 : "F", id : 88});
CREATE (n0 :L0:L4{k0 : "6", k1 : true, k2 : -1108935327, k4 : "w", k5 : -1471638759, k22 : false, k21 : true, k24 : "Cu", k23 : "w", k26 : -725031378, k25 : -761737297, k27 : "X1", id : 89});
CREATE (n0 :L1{id : 90, k6 : false, k10 : 980113645, k7 : true, k8 : false, k9 : 271351399});
CREATE (n0 :L3:L0{k17 : 1510662596, k16 : "vfD", k19 : false, k18 : 501644175, k0 : "t", k1 : true, k2 : -1784711873, k20 : 767893425, k3 : 1706051629, k4 : "2F6vo", k5 : 1469054991, id : 91});
CREATE (n0 :L2{k11 : -1060826693, id : 92, k13 : false, k12 : "5", k15 : "T9", k14 : "qXxFhTj5"});
CREATE (n0 :L0:L3{k17 : 1654848286, k16 : "O", k19 : true, k18 : -1135975623, k1 : false, k2 : 509031296, k3 : -1387739713, k4 : "w", k5 : 1184866828, id : 93});
CREATE (n0 :L3:L2{k17 : 1425866398, k16 : "fN", k19 : true, k18 : -226855988, k20 : -455700551, k11 : -1696882813, id : 94, k13 : false, k12 : "GH", k15 : "Q", k14 : "HqdsT"});
CREATE (n0 :L1{id : 95, k6 : true, k10 : 980113645, k7 : false, k9 : -1376059550});
CREATE (n0 :L3{k17 : 1074402487, k16 : "oDJg", k19 : false, k18 : -468316396, k20 : -1072630788, id : 96});
CREATE (n0 :L3{k16 : "jDIy", k20 : 767893425, id : 97});
CREATE (n0 :L1{id : 98, k6 : true, k10 : -626038661, k7 : false, k8 : false, k9 : -146113115});
CREATE (n0 :L0{k0 : "t", k1 : false, k2 : 1904434233, k3 : -842865810, k4 : "2F6vo", k5 : 1467848053, id : 99});
CREATE (n0 :L2:L4{k11 : 1380068612, k22 : true, k21 : true, k13 : false, k24 : "Cu", k12 : "32", k23 : "t", k15 : "Tr59", k26 : -437930140, k14 : "cD", k25 : -2005061011, k27 : "fpO", id : 100});
CREATE (n0 :L0{k0 : "5gm", k2 : -1243184335, k3 : 133147304, k4 : "UzfD", k5 : 568274897, id : 101});
CREATE (n0 :L0{k0 : "kE8", k1 : false, k2 : 14474302, k3 : -70960101, k4 : "H5", k5 : 972144689, id : 102});
CREATE (n0 {id : 103});
CREATE (n0 :L3:L2:L4{k20 : 890825278, k11 : -1026510436, k22 : true, k21 : true, k13 : false, k24 : "bP9vjFUSr", k12 : "32", k23 : "h", k15 : "t", k26 : 2006118707, k14 : "c", k25 : 1675795920, k17 : 1425866398, k16 : "k", k27 : "PH", k19 : false, k18 : 876853163, id : 104});
CREATE (n0 :L1{id : 105, k6 : true, k10 : 1273066579, k7 : true, k8 : false, k9 : 114669608});
CREATE (n0 :L0{k0 : "G", k1 : true, k2 : 1103625158, k3 : 1712704631, k4 : "H", k5 : 1184866828, id : 106});
CREATE (n0 :L4{k27 : "7Gz54pBV", id : 107, k21 : false, k24 : "1", k23 : "t", k26 : -1501596458, k25 : 1600504476});
CREATE (n0 :L4{k27 : "I", k22 : false, id : 108, k21 : true, k24 : "W", k23 : "DY", k26 : -2034483606, k25 : -2005061011});
CREATE (n0 :L2:L4{k27 : "qGI", k22 : false, id : 109, k21 : true, k24 : "PXDXCt", k23 : "2KMBE2ONd", k15 : "v", k26 : -725031378, k14 : "C4wH", k25 : 1607034915});
CREATE (n0 :L2:L1{k11 : -145398909, id : 110, k6 : false, k10 : 794130810, k13 : true, k7 : true, k12 : "C3", k8 : false, k15 : "CNE", k9 : 580919959, k14 : "C4wH"});
CREATE (n0 :L0{k0 : "t", k1 : true, k2 : 1103625158, k4 : "H", k5 : -658840789, id : 111});
CREATE (n0 :L2:L3{k17 : -1388290215, k16 : "HCn", k19 : false, k18 : 21677038, k20 : -418471017, k11 : -1060826693, id : 112, k13 : false, k12 : "73YUboN", k14 : "dY"});
CREATE (n0 {id : 113});
CREATE (n0 :L1{id : 114, k6 : false, k10 : 794130810, k7 : true, k8 : false, k9 : -1708977459});
CREATE (n0 :L3{k17 : -1635422673, k19 : true, k18 : -1891978925, k20 : 1863283011, id : 115});
CREATE (n0 :L1{id : 116, k6 : false, k10 : -626038661, k7 : true, k8 : true, k9 : -1585637300});
CREATE (n0 :L2{k11 : -1060826693, id : 117, k13 : true, k12 : "bR", k15 : "1", k14 : "cD"});
CREATE (n0 :L3{k17 : -336218507, k16 : "HCn", k19 : false, k18 : 1820073148, k20 : -278229278, id : 118});
CREATE (n0 :L3{k16 : "A36", k19 : true, k18 : -1891978925, k20 : -87605171, id : 119});
CREATE (n0 :L4{k27 : "1utCa", k22 : false, id : 120, k21 : false, k24 : "Q", k23 : "s0", k26 : -925602518, k25 : -703153713});
CREATE (n0 :L1{id : 121, k6 : true, k10 : 794130810, k7 : true, k8 : false, k9 : -1621705075});
CREATE (n0 :L0{k0 : "4", k1 : false, k2 : -1108935327, k3 : 133147304, k4 : "bG", k5 : -1652459495, id : 122});
CREATE (n0 :L1{id : 123, k6 : true, k10 : -151446958, k8 : true, k9 : -619322154});
CREATE (n0 :L2{k11 : -1026510436, id : 124, k13 : true, k12 : "73YUboN", k15 : "Q", k14 : "L"});
CREATE (n0 {id : 125});
CREATE (n0 :L4{k27 : "I", k22 : false, id : 126, k21 : false, k24 : "K1dUPD", k23 : "DY", k26 : 2004777031, k25 : -1832325455});
CREATE (n0 :L1{id : 127, k6 : false, k10 : 1577356182, k7 : true, k8 : false, k9 : 1559978130});
MATCH (n0 {id : 122}), (n1 {id : 102}) MERGE(n0)-[r :T4{k51 : true, k50 : 1735821521, k53 : 918958687, k52 : false, id : 128, k54 : "Kz7iTnud"}]->(n1);
MATCH (n0 {id : 74}), (n1 {id : 107}) MERGE(n0)-[r :T3{k49 : false, id : 129, k46 : "t", k45 : false, k48 : "v", k47 : "8"}]->(n1);
MATCH (n0 {id : 122}), (n1 {id : 36}) MERGE(n0)-[r :T1{k39 : 522031839, k38 : true, k33 : true, id : 130, k35 : -834533342, k34 : -1575054288, k37 : "U", k36 : false}]->(n1);
MATCH (n0 {id : 22}), (n1 {id : 1}) MERGE(n0)-[r :T1{k38 : true, k33 : false, id : 131, k35 : 468416894, k34 : -1976359363, k36 : false}]->(n1);
MATCH (n0 {id : 84}), (n1 {id : 13}) MERGE(n0)-[r :T3{id : 132, k46 : "B6z", k45 : true, k48 : "VAZi", k47 : "8"}]->(n1);
MATCH (n0 {id : 104}), (n1 {id : 126}) MERGE(n0)-[r :T3{id : 133, k46 : "AT", k45 : false, k48 : "3", k47 : "kz"}]->(n1);
MATCH (n0 {id : 116}), (n1 {id : 75}) MERGE(n0)-[r :T4{k51 : false, k50 : -1665398207, k53 : -1760490880, k52 : true, id : 134, k54 : "tmf"}]->(n1);
MATCH (n0 {id : 33}), (n1 {id : 25}) MERGE(n0)-[r :T3{k49 : true, id : 135, k46 : "t", k45 : false, k48 : "phAlx7", k47 : "Y"}]->(n1);
MATCH (n0 {id : 106}), (n1 {id : 100}) MERGE(n0)-[r :T3{k49 : true, id : 136, k45 : true, k48 : "phAlx7", k47 : "o"}]->(n1);
MATCH (n0 {id : 20}), (n1 {id : 74}) MERGE(n0)-[r :T2{k40 : -1758604207, k42 : false, k41 : true, k44 : "3", id : 137, k43 : "5"}]->(n1);
MATCH (n0 {id : 21}), (n1 {id : 106}) MERGE(n0)-[r :T1{k39 : 839074394, k38 : false, k33 : true, id : 138, k35 : -773589306, k34 : -802472288, k37 : "uXAy", k36 : true}]->(n1);
MATCH (n0 {id : 26}), (n1 {id : 61}) MERGE(n0)-[r :T4{k51 : false, k50 : 1901194183, k53 : -1612656929, k52 : false, id : 139, k54 : "e8fNW"}]->(n1);
MATCH (n0 {id : 81}), (n1 {id : 44}) MERGE(n0)-[r :T2{k40 : 771765396, k42 : false, k41 : true, k44 : "T", id : 140, k43 : "nAZ"}]->(n1);
MATCH (n0 {id : 46}), (n1 {id : 65}) MERGE(n0)-[r :T2{k40 : -1758604207, k42 : false, k41 : true, k44 : "3", id : 141, k43 : "kZ8"}]->(n1);
MATCH (n0 {id : 7}), (n1 {id : 10}) MERGE(n0)-[r :T1{k39 : -1359412671, k38 : true, k33 : false, id : 142, k35 : -773589306, k34 : -802472288, k37 : "I", k36 : false}]->(n1);
MATCH (n0 {id : 26}), (n1 {id : 120}) MERGE(n0)-[r :T0{k28 : "6GWUs", k29 : false, k31 : false, k30 : "xoO2TPIl", id : 143, k32 : true}]->(n1);
MATCH (n0 {id : 79}), (n1 {id : 18}) MERGE(n0)-[r :T3{k49 : true, id : 144, k46 : "V4mIF", k45 : false, k48 : "F", k47 : "smL"}]->(n1);
MATCH (n0 {id : 34}), (n1 {id : 76}) MERGE(n0)-[r :T1{k39 : -445556679, k38 : false, k33 : false, id : 145, k35 : -2118926488, k34 : -802472288, k37 : "zA", k36 : true}]->(n1);
MATCH (n0 {id : 39}), (n1 {id : 3}) MERGE(n0)-[r :T0{k28 : "j", k29 : true, k31 : false, k30 : "Ng", id : 146, k32 : true}]->(n1);
MATCH (n0 {id : 97}), (n1 {id : 6}) MERGE(n0)-[r :T4{k51 : true, k50 : 231562036, k53 : -93234108, k52 : true, id : 147, k54 : "I1E"}]->(n1);
MATCH (n0 {id : 1}), (n1 {id : 45}) MERGE(n0)-[r :T0{k28 : "m", k29 : false, k31 : false, k30 : "KJ", id : 148, k32 : true}]->(n1);
MATCH (n0 {id : 111}), (n1 {id : 107}) MERGE(n0)-[r :T0{k28 : "m", k29 : true, k31 : false, k30 : "J4jsEF", id : 149, k32 : false}]->(n1);
MATCH (n0 {id : 4}), (n1 {id : 68}) MERGE(n0)-[r :T4{k51 : false, k50 : -1665398207, k53 : 2121742678, k52 : true, id : 150, k54 : "e8fNW"}]->(n1);
MATCH (n0 {id : 16}), (n1 {id : 84}) MERGE(n0)-[r :T1{k38 : true, k33 : false, id : 151, k35 : 1616383126, k34 : 1875108262, k37 : "LK9Jq", k36 : true}]->(n1);
MATCH (n0 {id : 87}), (n1 {id : 103}) MERGE(n0)-[r :T0{k28 : "6GWUs", k29 : false, k31 : true, k30 : "xoO2TPIl", id : 152, k32 : false}]->(n1);
MATCH (n0 {id : 86}), (n1 {id : 53}) MERGE(n0)-[r :T2{k40 : -1758604207, k42 : false, k41 : true, k44 : "IOZg7", id : 153, k43 : "g"}]->(n1);
MATCH (n0 {id : 93}), (n1 {id : 43}) MERGE(n0)-[r :T2{k40 : -895989748, k42 : true, k41 : true, k44 : "do7", id : 154, k43 : "aVY"}]->(n1);
MATCH (n0 {id : 19}), (n1 {id : 99}) MERGE(n0)-[r :T0{k28 : "C", k29 : false, k31 : false, id : 155, k32 : true}]->(n1);
MATCH (n0 {id : 26}), (n1 {id : 116}) MERGE(n0)-[r :T4{k51 : true, k50 : 1735821521, k53 : -1612656929, k52 : true, id : 156, k54 : "a"}]->(n1);
MATCH (n0 {id : 127}), (n1 {id : 80}) MERGE(n0)-[r :T0{k28 : "m", k29 : true, k31 : true, k30 : "n", id : 157, k32 : true}]->(n1);
MATCH (n0 {id : 126}), (n1 {id : 75}) MERGE(n0)-[r :T2{k40 : -1302061726, k42 : false, k41 : true, k44 : "3", id : 158, k43 : "r"}]->(n1);
MATCH (n0 {id : 21}), (n1 {id : 93}) MERGE(n0)-[r :T4{k51 : true, k50 : 1679923636, k53 : -682180634, k52 : true, id : 159}]->(n1);
MATCH (n0 {id : 50}), (n1 {id : 116}) MERGE(n0)-[r :T5{k60 : -1445202952, k61 : -1282842490, k55 : 479778645, id : 160, k57 : "NP", k56 : false, k59 : false, k58 : false}]->(n1);
MATCH (n0 {id : 33}), (n1 {id : 106}) MERGE(n0)-[r :T5{k60 : -764388425, k61 : -1985105827, k55 : -2036408830, id : 161, k57 : "G", k56 : false, k59 : true, k58 : false}]->(n1);
MATCH (n0 {id : 73}), (n1 {id : 62}) MERGE(n0)-[r :T0{k28 : "j", k29 : false, k30 : "SS1v", id : 162, k32 : false}]->(n1);
MATCH (n0 {id : 72}), (n1 {id : 118}) MERGE(n0)-[r :T4{k51 : true, k50 : -641301976, k53 : -597598458, id : 163, k54 : "Lu1vOxH7e"}]->(n1);
MATCH (n0 {id : 73}), (n1 {id : 103}) MERGE(n0)-[r :T4{k51 : false, k50 : 1670377248, k53 : 2016068053, k52 : true, id : 164, k54 : "n"}]->(n1);
MATCH (n0 {id : 71}), (n1 {id : 113}) MERGE(n0)-[r :T2{k40 : -1372066336, k42 : true, k41 : false, k44 : "3", id : 165, k43 : "m"}]->(n1);
MATCH (n0 {id : 1}), (n1 {id : 63}) MERGE(n0)-[r :T5{k60 : 750205262, k61 : 687339371, k55 : -1480682038, id : 166, k57 : "M", k56 : true, k59 : false, k58 : true}]->(n1);
MATCH (n0 {id : 118}), (n1 {id : 12}) MERGE(n0)-[r :T3{k49 : false, id : 167, k46 : "gjC4", k45 : true, k48 : "oW3", k47 : "3Mg5VpwzA"}]->(n1);
MATCH (n0 {id : 68}), (n1 {id : 61}) MERGE(n0)-[r :T5{k61 : 1417923672, k55 : 479778645, id : 168, k57 : "9xw", k56 : false, k59 : true, k58 : false}]->(n1);
MATCH (n0 {id : 52}), (n1 {id : 16}) MERGE(n0)-[r :T1{k39 : 839074394, k38 : true, k33 : false, id : 169, k35 : -695717976, k34 : -1183781725, k37 : "M", k36 : true}]->(n1);
MATCH (n0 {id : 50}), (n1 {id : 21}) MERGE(n0)-[r :T5{k60 : -1904413196, k61 : -203015131, k55 : -50342560, id : 170, k57 : "x", k56 : true, k59 : false, k58 : true}]->(n1);
MATCH (n0 {id : 81}), (n1 {id : 123}) MERGE(n0)-[r :T5{k60 : -5685361, k61 : -1400151977, k55 : 479778645, id : 171, k57 : "G0", k56 : true, k59 : true, k58 : true}]->(n1);
MATCH (n0 {id : 120}), (n1 {id : 106}) MERGE(n0)-[r :T0{k28 : "Yc", k29 : false, k31 : false, k30 : "I", id : 172, k32 : false}]->(n1);
MATCH (n0 {id : 101}), (n1 {id : 40}) MERGE(n0)-[r :T2{k40 : -1715343999, k42 : true, k41 : false, k44 : "zGBa", id : 173, k43 : "BaKe1KdE"}]->(n1);
MATCH (n0 {id : 62}), (n1 {id : 56}) MERGE(n0)-[r :T4{k51 : false, k50 : 1132185349, k53 : -97782069, k52 : true, id : 174, k54 : "Kl"}]->(n1);
MATCH (n0 {id : 29}), (n1 {id : 121}) MERGE(n0)-[r :T1{k39 : 1185132764, k38 : true, k33 : false, id : 175, k35 : -695717976, k34 : -788825765, k37 : "R", k36 : false}]->(n1);
MATCH (n0 {id : 22}), (n1 {id : 101}) MERGE(n0)-[r :T1{k39 : -1359412671, k38 : true, k33 : false, id : 176, k35 : 1495223670, k34 : 1875108262, k37 : "I", k36 : true}]->(n1);
MATCH (n0 {id : 112}), (n1 {id : 67}) MERGE(n0)-[r :T0{k28 : "3QhLNBr", k29 : false, k30 : "mEh2QJj7", id : 177, k32 : true}]->(n1);
MATCH (n0 {id : 39}), (n1 {id : 113}) MERGE(n0)-[r :T3{k49 : true, id : 178, k46 : "tt0", k45 : false, k48 : "Or6jH8z"}]->(n1);
MATCH (n0 {id : 11}), (n1 {id : 29}) MERGE(n0)-[r :T1{k39 : -388033160, k38 : false, k33 : true, id : 179, k35 : -598430363, k34 : 304838122, k37 : "E"}]->(n1);
MATCH (n0 {id : 11}), (n1 {id : 55}) MERGE(n0)-[r :T1{k39 : 1503624387, k38 : true, k33 : true, id : 180, k35 : 871933793, k34 : 1997119873, k37 : "T", k36 : true}]->(n1);
MATCH (n0 {id : 39}), (n1 {id : 109}) MERGE(n0)-[r :T1{k39 : -1359412671, k38 : true, k33 : true, id : 181, k35 : -2118926488, k34 : -802472288, k37 : "Z8"}]->(n1);
MATCH (n0 {id : 22}), (n1 {id : 96}) MERGE(n0)-[r :T1{k39 : -290122969, k38 : true, k33 : true, id : 182, k35 : 1957726401, k37 : "M", k36 : true}]->(n1);
MATCH (n0 {id : 51}), (n1 {id : 79}) MERGE(n0)-[r :T1{k39 : -445556679, k38 : true, k33 : true, id : 183, k35 : -1476662925, k34 : -1183781725, k37 : "Ujn8y1C8S", k36 : false}]->(n1);
MATCH (n0 {id : 95}), (n1 {id : 84}) MERGE(n0)-[r :T0{k28 : "j", k29 : false, k31 : false, k30 : "gMkNiCHl", id : 184, k32 : false}]->(n1);
MATCH (n0 {id : 26}), (n1 {id : 76}) MERGE(n0)-[r :T3{k49 : true, id : 185, k46 : "6", k45 : false, k48 : "oW3", k47 : "iRBR"}]->(n1);
MATCH (n0 {id : 89}), (n1 {id : 55}) MERGE(n0)-[r :T3{k49 : true, id : 186, k46 : "AT", k45 : false, k48 : "VAZi", k47 : "Y"}]->(n1);
MATCH (n0 {id : 68}), (n1 {id : 70}) MERGE(n0)-[r :T5{k60 : -1904413196, k61 : 1906789860, k55 : -2036408830, id : 187, k57 : "y", k56 : false, k59 : false, k58 : true}]->(n1);
MATCH (n0 {id : 108}), (n1 {id : 105}) MERGE(n0)-[r :T2{k40 : 771765396, k42 : true, k41 : false, id : 188, k43 : "E"}]->(n1);
MATCH (n0 {id : 123}), (n1 {id : 48}) MERGE(n0)-[r :T0{k28 : "SRN6S", k29 : true, k31 : true, k30 : "gMkNiCHl", id : 189, k32 : true}]->(n1);
MATCH (n0 {id : 39}), (n1 {id : 31}) MERGE(n0)-[r :T2{k40 : 504245681, k42 : true, k41 : false, k44 : "G4qyT", id : 190, k43 : "nAZ"}]->(n1);
MATCH (n0 {id : 117}), (n1 {id : 44}) MERGE(n0)-[r :T1{k39 : -388033160, k38 : true, k33 : true, id : 191, k35 : -834533342, k34 : -1756654332, k37 : "M", k36 : false}]->(n1);
MATCH (n0 {id : 95}), (n1 {id : 71}) MERGE(n0)-[r :T3{k49 : false, id : 192, k46 : "1P", k45 : false, k48 : "I", k47 : "z"}]->(n1);
MATCH (n0 {id : 99}), (n1 {id : 127}) MERGE(n0)-[r :T3{k49 : false, id : 193, k46 : "m", k45 : false, k48 : "atiA", k47 : "e"}]->(n1);
MATCH (n0 {id : 102}), (n1 {id : 125}) MERGE(n0)-[r :T1{k39 : 1455300338, k38 : true, k33 : true, id : 194, k35 : -773589306, k34 : -1987887074, k37 : "Ujn8y1C8S", k36 : false}]->(n1);
MATCH (n0 {id : 3}), (n1 {id : 112}) MERGE(n0)-[r :T0{k28 : "I", k29 : false, k31 : true, k30 : "J4jsEF", id : 195, k32 : false}]->(n1);
MATCH (n0 {id : 118}), (n1 {id : 19}) MERGE(n0)-[r :T0{k28 : "m", k29 : true, k31 : false, k30 : "Q5", id : 196, k32 : true}]->(n1);
MATCH (n0 {id : 23}), (n1 {id : 118}) MERGE(n0)-[r :T0{k28 : "sVB", k29 : false, k31 : true, k30 : "Ng", id : 197, k32 : true}]->(n1);
MATCH (n0 {id : 42}), (n1 {id : 46}) MERGE(n0)-[r :T5{k60 : -1904413196, k61 : 158365055, k55 : -346064244, id : 198, k57 : "v", k56 : true, k59 : false, k58 : false}]->(n1);
MATCH (n0 {id : 43}), (n1 {id : 79}) MERGE(n0)-[r :T4{k51 : false, k50 : 818280502, k53 : -597598458, k52 : true, id : 199, k54 : "EJbq25R"}]->(n1);
MATCH (n0 {id : 49}), (n1 {id : 105}) MERGE(n0)-[r :T2{k40 : 931945858, k42 : false, k41 : true, k44 : "G4qyT", id : 200, k43 : "w"}]->(n1);
MATCH (n0 {id : 62}), (n1 {id : 121}) MERGE(n0)-[r :T1{k39 : -445556679, k38 : true, k33 : false, id : 201, k35 : -2065761303, k34 : 1722386602, k37 : "KE", k36 : false}]->(n1);
MATCH (n0 {id : 10}), (n1 {id : 97}) MERGE(n0)-[r :T3{k49 : false, id : 202, k46 : "tt0", k45 : false, k48 : "atiA", k47 : "smL"}]->(n1);
MATCH (n0 {id : 28}), (n1 {id : 103}) MERGE(n0)-[r :T0{k28 : "Yc", k29 : true, k31 : true, k30 : "mEh2QJj7", id : 203, k32 : false}]->(n1);
MATCH (n0 {id : 28}), (n1 {id : 83}) MERGE(n0)-[r :T1{k39 : 1503624387, k38 : true, k33 : true, id : 204, k35 : 1495223670, k34 : 304838122, k37 : "R", k36 : false}]->(n1);
MATCH (n0 {id : 92}), (n1 {id : 60}) MERGE(n0)-[r :T1{k39 : -388033160, k38 : true, k33 : true, id : 205, k35 : 1760679463, k34 : -1976359363, k37 : "o5idkBxv", k36 : false}]->(n1);
MATCH (n0 {id : 45}), (n1 {id : 96}) MERGE(n0)-[r :T4{k50 : 818280502, k53 : 543646398, k52 : false, id : 206, k54 : "S"}]->(n1);
MATCH (n0 {id : 72}), (n1 {id : 16}) MERGE(n0)-[r :T2{k40 : 351515494, k42 : false, k41 : false, k44 : "G4qyT", id : 207, k43 : "c"}]->(n1);
MATCH (n0 {id : 103}), (n1 {id : 42}) MERGE(n0)-[r :T0{k28 : "j", k29 : false, k31 : false, k30 : "I", id : 208, k32 : true}]->(n1);
MATCH (n0 {id : 5}), (n1 {id : 75}) MERGE(n0)-[r :T1{k39 : -445556679, k38 : true, k33 : true, id : 209, k35 : 1957726401, k34 : 1875108262, k37 : "KE", k36 : false}]->(n1);
MATCH (n0 {id : 3}), (n1 {id : 31}) MERGE(n0)-[r :T3{k49 : true, id : 210, k46 : "9", k45 : true, k48 : "Or6jH8z", k47 : "EQF"}]->(n1);
MATCH (n0 {id : 52}), (n1 {id : 62}) MERGE(n0)-[r :T0{k28 : "K", k29 : false, k31 : true, k30 : "O", id : 211, k32 : true}]->(n1);
MATCH (n0 {id : 103}), (n1 {id : 34}) MERGE(n0)-[r :T4{k51 : false, k50 : 481398421, k53 : -682180634, k52 : true, id : 212, k54 : "r"}]->(n1);
MATCH (n0 {id : 60}), (n1 {id : 7}) MERGE(n0)-[r :T0{k28 : "C", k29 : false, k31 : false, k30 : "O", id : 213, k32 : true}]->(n1);
MATCH (n0 {id : 9}), (n1 {id : 125}) MERGE(n0)-[r :T3{k49 : false, id : 214, k45 : false, k48 : "I", k47 : "Y"}]->(n1);
MATCH (n0 {id : 6}), (n1 {id : 86}) MERGE(n0)-[r :T4{k51 : true, k52 : false, id : 215, k54 : "j"}]->(n1);
MATCH (n0 {id : 21}), (n1 {id : 89}) MERGE(n0)-[r :T2{k40 : -981313532, k42 : true, k41 : true, k44 : "T", id : 216, k43 : "r"}]->(n1);
MATCH (n0 {id : 10}), (n1 {id : 21}) MERGE(n0)-[r :T1{k39 : -445556679, k38 : true, k33 : true, id : 217, k35 : 817042637, k34 : -1575054288, k37 : "KE", k36 : true}]->(n1);
MATCH (n0 {id : 57}), (n1 {id : 88}) MERGE(n0)-[r :T4{k51 : false, k50 : -1605972463, k53 : 663998892, k52 : false, id : 218, k54 : "n"}]->(n1);
MATCH (n0 {id : 110}), (n1 {id : 13}) MERGE(n0)-[r :T5{k60 : 462154305, k61 : 1999268755, id : 219, k57 : "G", k56 : false, k59 : false, k58 : true}]->(n1);
MATCH (n0 {id : 16}), (n1 {id : 78}) MERGE(n0)-[r :T4{k51 : false, k50 : 1735821521, k53 : -93234108, k52 : true, id : 220, k54 : "Lu1vOxH7e"}]->(n1);
MATCH (n0 {id : 94}), (n1 {id : 111}) MERGE(n0)-[r :T1{k39 : 1503624387, k38 : true, k33 : true, id : 221, k35 : 1616383126, k34 : -951163543, k37 : "r", k36 : true}]->(n1);
MATCH (n0 {id : 45}), (n1 {id : 36}) MERGE(n0)-[r :T1{k39 : -222186731, k38 : true, k33 : false, id : 222, k35 : -598430363, k34 : -1607450240, k37 : "q", k36 : false}]->(n1);
MATCH (n0 {id : 94}), (n1 {id : 2}) MERGE(n0)-[r :T1{k39 : 1503624387, k38 : true, k33 : true, id : 223, k35 : -2115434049, k34 : 1875108262, k37 : "P", k36 : false}]->(n1);
MATCH (n0 {id : 26}), (n1 {id : 110}) MERGE(n0)-[r :T5{k60 : 1621318957, k61 : -1282842490, k55 : -2036408830, id : 224, k57 : "9xw", k56 : false, k58 : false}]->(n1);
MATCH (n0 {id : 71}), (n1 {id : 9}) MERGE(n0)-[r :T2{k40 : -1729370275, k42 : false, k41 : true, k44 : "m", id : 225, k43 : "BaKe1KdE"}]->(n1);
MATCH (n0 {id : 79}), (n1 {id : 28}) MERGE(n0)-[r :T0{k28 : "u5wy0", k29 : false, k31 : true, k30 : "T", id : 226, k32 : true}]->(n1);
MATCH (n0 {id : 102}), (n1 {id : 118}) MERGE(n0)-[r :T4{k51 : false, k50 : 619177351, k52 : true, id : 227, k54 : "Kl"}]->(n1);
MATCH (n0 {id : 69}), (n1 {id : 65}) MERGE(n0)-[r :T2{k40 : 351515494, k42 : true, k41 : false, k44 : "sfUsmLq8", id : 228, k43 : "E"}]->(n1);
MATCH (n0 {id : 88}), (n1 {id : 43}) MERGE(n0)-[r :T3{k49 : false, id : 229, k46 : "E", k45 : false, k48 : "D9", k47 : "O"}]->(n1);
MATCH (n0 {id : 89}), (n1 {id : 1}) MERGE(n0)-[r :T2{k40 : 1651208853, k42 : true, k41 : true, id : 230, k43 : "BaKe1KdE"}]->(n1);
MATCH (n0 {id : 83}), (n1 {id : 47}) MERGE(n0)-[r :T1{k39 : -807380717, k38 : true, k33 : true, id : 231, k35 : 817042637, k34 : -951163543, k37 : "x", k36 : false}]->(n1);
MATCH (n0 {id : 104}), (n1 {id : 41}) MERGE(n0)-[r :T0{k28 : "Sv4y", k29 : false, k31 : false, k30 : "T", id : 232, k32 : true}]->(n1);
MATCH (n0 {id : 51}), (n1 {id : 123}) MERGE(n0)-[r :T4{k51 : true, k50 : 1679923636, k53 : -93234108, k52 : false, id : 233, k54 : "Lu1vOxH7e"}]->(n1);
MATCH (n0 {id : 122}), (n1 {id : 34}) MERGE(n0)-[r :T5{k60 : -1916622195, k61 : -1985105827, k55 : -50342560, id : 234, k57 : "spNOAV", k56 : true, k59 : false, k58 : true}]->(n1);
MATCH (n0 {id : 4}), (n1 {id : 111}) MERGE(n0)-[r :T2{k40 : -1758604207, k42 : false, k41 : false, id : 235, k43 : "BaKe1KdE"}]->(n1);
MATCH (n0 {id : 17}), (n1 {id : 77}) MERGE(n0)-[r :T4{k51 : true, k50 : 1670377248, k53 : 272674380, k52 : false, id : 236, k54 : "I1E"}]->(n1);
MATCH (n0 {id : 108}), (n1 {id : 87}) MERGE(n0)-[r :T0{k28 : "C", k29 : false, k31 : false, k30 : "SS1v", id : 237, k32 : false}]->(n1);
MATCH (n0 {id : 42}), (n1 {id : 59}) MERGE(n0)-[r :T3{k49 : false, id : 238, k46 : "f", k45 : true, k48 : "4", k47 : "Lu"}]->(n1);
MATCH (n0 {id : 26}), (n1 {id : 101}) MERGE(n0)-[r :T3{k49 : true, id : 239, k46 : "V4mIF", k45 : false, k48 : "gy", k47 : "kz"}]->(n1);
MATCH (n0 {id : 67}), (n1 {id : 20}) MERGE(n0)-[r :T3{k49 : true, id : 240, k46 : "D", k48 : "4", k47 : "kVWtCHqaZ"}]->(n1);
MATCH (n0 {id : 14}), (n1 {id : 93}) MERGE(n0)-[r :T4{k51 : false, k50 : 1193700269, k53 : 1684351792, k52 : false, id : 241, k54 : "I1E"}]->(n1);
MATCH (n0 {id : 64}), (n1 {id : 84}) MERGE(n0)-[r :T4{k51 : true, k50 : 1901194183, k53 : -374614324, k52 : false, id : 242, k54 : "Lu1vOxH7e"}]->(n1);
MATCH (n0 {id : 72}), (n1 {id : 74}) MERGE(n0)-[r :T0{k28 : "O1oHFEoRE", k29 : false, k31 : true, id : 243, k32 : false}]->(n1);
MATCH (n0 {id : 7}), (n1 {id : 119}) MERGE(n0)-[r :T5{k60 : 1109838849, k55 : -50342560, id : 244, k57 : "Li", k56 : true, k59 : false, k58 : false}]->(n1);
MATCH (n0 {id : 5}), (n1 {id : 43}) MERGE(n0)-[r :T2{k40 : -1302061726, k42 : false, k41 : true, k44 : "2", id : 245, k43 : "BaKe1KdE"}]->(n1);
MATCH (n0 {id : 114}), (n1 {id : 3}) MERGE(n0)-[r :T2{k40 : 310824759, k42 : false, k41 : true, k44 : "YIvJgzUlC", id : 246, k43 : "c"}]->(n1);
MATCH (n0 {id : 84}), (n1 {id : 81}) MERGE(n0)-[r :T1{k39 : 481327151, k38 : true, k33 : false, id : 247, k35 : -2065761303, k34 : -802472288, k37 : "uXAy", k36 : false}]->(n1);
MATCH (n0 {id : 92}), (n1 {id : 48}) MERGE(n0)-[r :T4{k51 : false, k50 : -39381676, k53 : 2016068053, k52 : false, id : 248, k54 : "n"}]->(n1);
MATCH (n0 {id : 37}), (n1 {id : 90}) MERGE(n0)-[r :T4{k51 : false, k50 : -57849754, k53 : 918958687, k52 : false, id : 249, k54 : "5"}]->(n1);
MATCH (n0 {id : 105}), (n1 {id : 11}) MERGE(n0)-[r :T2{k40 : -848871662, k42 : true, k41 : true, k44 : "3", id : 250, k43 : "g"}]->(n1);
MATCH (n0 {id : 31}), (n1 {id : 45}) MERGE(n0)-[r :T2{k40 : 351515494, k42 : false, k41 : false, k44 : "b", id : 251, k43 : "nAZ"}]->(n1);
MATCH (n0 {id : 20}), (n1 {id : 32}) MERGE(n0)-[r :T0{k28 : "s", k29 : false, k31 : true, k30 : "J4jsEF", id : 252, k32 : true}]->(n1);
MATCH (n0 {id : 103}), (n1 {id : 54}) MERGE(n0)-[r :T2{k40 : -1758604207, k42 : true, k41 : false, k44 : "m", id : 253, k43 : "w"}]->(n1);
MATCH (n0 {id : 13}), (n1 {id : 54}) MERGE(n0)-[r :T3{k49 : true, id : 254, k46 : "D", k45 : true, k48 : "I", k47 : "kz"}]->(n1);
MATCH (n0 {id : 77}), (n1 {id : 91}) MERGE(n0)-[r :T1{k39 : -222186731, k38 : false, k33 : true, id : 255, k35 : -1476662925, k37 : "zA", k36 : true}]->(n1);
MATCH (n0 {id : 61}), (n1 {id : 65}) MERGE(n0)-[r :T5{k60 : -764388425, k61 : 1820269144, k55 : -915921525, id : 256, k57 : "y", k56 : false, k59 : true, k58 : false}]->(n1);
MATCH (n0 {id : 106}), (n1 {id : 83}) MERGE(n0)-[r :T5{k60 : -1916622195, k61 : 687339371, k55 : -1304778629, id : 257, k57 : "Li", k56 : true, k59 : false}]->(n1);
MATCH (n0 {id : 16}), (n1 {id : 90}) MERGE(n0)-[r :T5{k60 : 1621318957, k61 : -614598127, k55 : -1304778629, id : 258, k57 : "VV", k56 : false, k59 : false, k58 : false}]->(n1);
MATCH (n0 {id : 21}), (n1 {id : 53}) MERGE(n0)-[r :T0{k28 : "6ikt", k29 : true, k31 : true, k30 : "J4jsEF", id : 259, k32 : false}]->(n1);
MATCH (n0 {id : 19}), (n1 {id : 74}) MERGE(n0)-[r :T0{k29 : false, k31 : true, k30 : "z", id : 260, k32 : false}]->(n1);
MATCH (n0 {id : 102}), (n1 {id : 107}) MERGE(n0)-[r :T3{k49 : true, id : 261, k46 : "u", k45 : false, k48 : "x6L", k47 : "kz"}]->(n1);
MATCH (n0 {id : 91}), (n1 {id : 35}) MERGE(n0)-[r :T2{k40 : -1372066336, k42 : false, k41 : true, k44 : "m", id : 262, k43 : "MvDtkhk"}]->(n1);
MATCH (n0 {id : 106}), (n1 {id : 84}) MERGE(n0)-[r :T2{k40 : 351515494, k42 : false, k41 : true, k44 : "N", id : 263, k43 : "hbJa9"}]->(n1);
MATCH (n0 {id : 88}), (n1 {id : 46}) MERGE(n0)-[r :T1{k39 : 522031839, k38 : false, k33 : true, id : 264, k35 : -2118926488, k34 : -973717806, k37 : "KE", k36 : false}]->(n1);
MATCH (n0 {id : 35}), (n1 {id : 125}) MERGE(n0)-[r :T3{k49 : false, id : 265, k46 : "tt0", k45 : false, k48 : "D9", k47 : "kz"}]->(n1);
MATCH (n0 {id : 20}), (n1 {id : 107}) MERGE(n0)-[r :T2{k40 : -1758604207, k42 : true, k41 : false, k44 : "qi", id : 266, k43 : "m"}]->(n1);
MATCH (n0 {id : 107}), (n1 {id : 98}) MERGE(n0)-[r :T5{k60 : -1983209128, k61 : 1820269144, k55 : 479778645, id : 267, k57 : "Vpr358RYe", k56 : false, k59 : false, k58 : false}]->(n1);
MATCH (n0 {id : 27}), (n1 {id : 61}) MERGE(n0)-[r :T1{k39 : 1302632299, k38 : true, k33 : true, id : 268, k35 : 871933793, k34 : -1607450240, k37 : "U", k36 : false}]->(n1);
MATCH (n0 {id : 83}), (n1 {id : 108}) MERGE(n0)-[r :T0{k28 : "6ikt", k29 : false, k31 : true, k30 : "KJ", id : 269, k32 : false}]->(n1);
MATCH (n0 {id : 49}), (n1 {id : 113}) MERGE(n0)-[r :T3{k49 : true, id : 270, k46 : "V4mIF", k45 : true, k48 : "Or6jH8z", k47 : "e"}]->(n1);
MATCH (n0 {id : 84}), (n1 {id : 92}) MERGE(n0)-[r :T4{k51 : true, k50 : 1670377248, k53 : -1334748412, k52 : true, id : 271, k54 : "a"}]->(n1);
MATCH (n0 {id : 19}), (n1 {id : 16}) MERGE(n0)-[r :T5{k60 : 1109838849, k61 : -203015131, k55 : -1133934112, id : 272, k57 : "N", k56 : false, k59 : false, k58 : true}]->(n1);
MATCH (n0 {id : 112}), (n1 {id : 24}) MERGE(n0)-[r :T4{k51 : true, k50 : 1901194183, k53 : 110988197, k52 : false, id : 273, k54 : "Lu1vOxH7e"}]->(n1);
MATCH (n0 {id : 31}), (n1 {id : 19}) MERGE(n0)-[r :T4{k51 : true, k50 : -641301976, k53 : -1612656929, k52 : true, id : 274, k54 : "tmf"}]->(n1);
MATCH (n0 {id : 10}), (n1 {id : 18}) MERGE(n0)-[r :T1{k39 : 904285604, k38 : true, k33 : true, id : 275, k35 : -2115434049, k34 : -1607450240, k37 : "M", k36 : false}]->(n1);
MATCH (n0 {id : 31}), (n1 {id : 48}) MERGE(n0)-[r :T3{k49 : true, id : 276, k46 : "LoB", k45 : false, k48 : "J", k47 : "B5c6uV"}]->(n1);