CREATE (n0 :L5:L1:L2{k31 : false, k30 : "HwgSvP5q", k33 : "Q", k11 : "kf", k32 : 1749610919, k6 : "r", k10 : -1726829506, k35 : -288628011, k7 : -54492812, k13 : false, k34 : false, k8 : true, k12 : -968617162, k9 : "KN", k15 : true, k36 : false, k14 : "h", k17 : 1254570870, k16 : true, id : 0});
CREATE (n0 :L4:L3{k28 : false, k27 : true, k19 : true, k29 : -1035272051, k20 : true, k22 : "SXL", id : 1, k21 : 1131648339, k24 : false, k23 : true, k26 : "4YMo", k25 : "d"});
CREATE (n0 :L1{k11 : "Ce", id : 2, k6 : "1J", k10 : 322454426, k7 : -713872835, k9 : "WuKzC"});
CREATE (n0 :L0:L4:L3{k0 : "59NKRclOr", k1 : -1149862758, k2 : -919557123, k3 : -155413715, k20 : true, k4 : false, k22 : "CE2", k21 : 1976350555, k24 : false, k23 : true, k26 : "o4qpZ", k25 : "wMyq7TA", k28 : false, k27 : false, k19 : true, k29 : -1637204064, id : 3});
CREATE (n0 :L2{k17 : 1705916101, k16 : true, k18 : "stq4DQD", id : 4, k13 : false, k12 : -968617162, k15 : false, k14 : "k"});
CREATE (n0 :L5{k31 : true, k30 : "9T", k33 : "j", id : 5, k32 : -106789739, k35 : 1688631617, k36 : false});
CREATE (n0 :L0{k0 : "fn", k1 : -1140506392, k2 : -2078613945, k3 : 726383618, k4 : true, k5 : "MKk", id : 6});
CREATE (n0 :L2{k17 : 1948795717, k16 : true, k18 : "QxL", id : 7, k13 : false, k12 : 2079680679, k15 : false, k14 : "K"});
CREATE (n0 :L4:L3{k28 : false, k27 : false, k19 : false, k29 : -434921586, k20 : false, k22 : "JU2", id : 8, k21 : 567812894, k24 : false, k23 : false, k26 : "oryjB", k25 : "e"});
CREATE (n0 :L2{k17 : 1948795717, k16 : true, k18 : "MH", id : 9, k13 : false, k12 : -1533526905, k15 : true, k14 : "3"});
CREATE (n0 :L1{id : 10, k6 : "65", k10 : -743314451, k7 : -2051391320, k8 : false, k9 : "Qf8p3bra"});
CREATE (n0 :L1{k11 : "VeW", id : 11, k6 : "1J", k10 : 873846707, k7 : -20708739, k8 : false, k9 : "xW"});
CREATE (n0 :L4{k28 : true, k27 : false, id : 12, k26 : "V", k25 : "e"});
CREATE (n0 :L3:L5:L2{k20 : true, k30 : "z", k22 : "kelSVnpu9", k33 : "acRqAP", k21 : 1099940253, k32 : 740629063, k24 : true, k35 : 2014972593, k13 : false, k23 : false, k34 : true, k12 : 1431261324, k15 : true, k36 : false, k14 : "Q1MLuSm", k17 : -1439117954, k16 : false, k19 : true, k18 : "QxL", id : 13});
CREATE (n0 :L4{k28 : true, k27 : true, k29 : -434921586, id : 14, k25 : "U39"});
CREATE (n0 :L5:L0:L3{k0 : "jKsgC", k1 : -1140506392, k2 : -919557123, k31 : true, k3 : -1149978016, k20 : true, k30 : "p", k4 : false, k33 : "i", k5 : "nA8GsYhMC", k22 : "f", k32 : 280088333, k21 : 567812894, k35 : 1718121781, k24 : false, k34 : true, k23 : false, k36 : false, k19 : true, id : 15});
CREATE (n0 :L5:L2{k31 : false, k30 : "9T", k33 : "A", k32 : 1501176614, k35 : 1688631617, k13 : false, k34 : true, k12 : 1404852377, k36 : false, k14 : "B", k17 : 127657402, k16 : false, k18 : "stq4DQD", id : 16});
CREATE (n0 :L5{k31 : true, k30 : "9T", k33 : "8", id : 17, k32 : 1204976943, k35 : -196560469, k34 : true, k36 : true});
CREATE (n0 :L3{k19 : false, k22 : "Ow", id : 18, k21 : -1602791391, k24 : true, k23 : false});
CREATE (n0 :L2{k17 : -298623071, k16 : true, k18 : "Q", id : 19, k13 : false, k15 : false, k14 : "K"});
CREATE (n0 :L2{k17 : -1439117954, k16 : false, k18 : "1", id : 20, k13 : false, k12 : -767013975, k14 : "Kf"});
CREATE (n0 :L5:L0:L2{k0 : "x4sv", k1 : 954938281, k2 : 1349335775, k31 : false, k3 : -371038720, k30 : "C", k4 : false, k33 : "t", k5 : "V", k32 : 948394654, k35 : 514598967, k13 : false, k34 : true, k12 : -845831437, k15 : true, k36 : false, k14 : "K", k17 : -813765386, k16 : false, k18 : "Vi", id : 21});
CREATE (n0 :L0{k0 : "a", k1 : 444914105, k2 : -1821070130, k3 : -1966382895, k4 : false, k5 : "k4Y45c", id : 22});
CREATE (n0 :L0{k0 : "a", k1 : 954938281, k2 : -559523206, k3 : 751906445, k4 : false, k5 : "3", id : 23});
CREATE (n0 :L1{k11 : "t", id : 24, k6 : "1J", k10 : -743314451, k7 : -713872835, k8 : false});
CREATE (n0 :L5{k31 : true, k30 : "p", k33 : "acRqAP", id : 25, k32 : -1494489900, k35 : -1852966493, k34 : true, k36 : false});
CREATE (n0 :L2{k17 : -1358643402, k16 : true, k18 : "os", id : 26, k13 : false, k12 : -1533526905, k15 : true, k14 : "WQMt"});
CREATE (n0 :L4:L0{k28 : false, k27 : true, k29 : -720268065, k0 : "H", k1 : -1695556753, k2 : -919557123, k3 : -987018790, k4 : false, k5 : "WUD", id : 27, k26 : "WJUr1", k25 : "tZX"});
CREATE (n0 :L2:L4{k28 : false, k16 : false, k27 : false, k18 : "Q", k29 : -1255524961, id : 28, k13 : false, k12 : -1533526905, k15 : true, k26 : "tU1WLc", k14 : "K", k25 : "Z"});
CREATE (n0 :L2{k17 : 1948795717, k16 : true, k18 : "FlOjy8R", id : 29, k13 : true, k12 : 2079680679, k15 : false, k14 : "XjlS"});
CREATE (n0 :L2{k16 : false, k18 : "QxL", id : 30, k13 : false, k12 : -968617162, k15 : false, k14 : "3"});
CREATE (n0 :L2{k17 : -298623071, k16 : false, k18 : "n", id : 31, k13 : false, k12 : -782040025, k14 : "h"});
CREATE (n0 :L4:L3{k28 : true, k27 : true, k19 : true, k29 : -1035272051, k20 : false, k22 : "RBmNbS8ia", id : 32, k21 : -376924983, k24 : true, k23 : true, k26 : "w"});
CREATE (n0 :L2:L5:L4{k31 : false, k30 : "yTuw", k33 : "t", k32 : -1494489900, k13 : false, k35 : 2014972593, k12 : -1818508201, k34 : true, k15 : true, k26 : "o4qpZ", k14 : "f", k36 : false, k25 : "XVR", k17 : -1439117954, k28 : true, k16 : false, k27 : true, k18 : "Vi", k29 : 1509781416, id : 33});
CREATE (n0 :L0{k0 : "b", k1 : -922355542, k2 : -526185678, k3 : -386710312, k4 : true, k5 : "hwJa6eJuo", id : 34});
CREATE (n0 :L5{k31 : true, k30 : "Jg", k33 : "QOe", id : 35, k32 : 1501176614, k35 : -288628011, k34 : true, k36 : false});
CREATE (n0 :L0{k0 : "xjFJ0X64", k1 : -1380637810, k2 : -559523206, k3 : -252845572, k4 : true, k5 : "Y", id : 36});
CREATE (n0 :L4:L0{k28 : false, k29 : -410248399, k0 : "a", k1 : -513896839, k2 : -526185678, k3 : 112665987, k4 : false, k5 : "k4Y45c", id : 37, k26 : "T", k25 : "Z"});
CREATE (n0 :L0{k0 : "C", k1 : -572114046, k2 : -919557123, k3 : -1966382895, k4 : false, k5 : "O", id : 38});
CREATE (n0 :L4{k28 : true, k27 : false, k29 : -434921586, id : 39, k26 : "oryjB", k25 : "PB"});
CREATE (n0 :L5{k31 : false, k30 : "g", k33 : "izGKEc", id : 40, k32 : -1494489900, k35 : 691284243, k34 : false, k36 : false});
CREATE (n0 :L0{k0 : "S9yU", k1 : 2079900947, k2 : -82893377, k3 : -1966382895, k4 : true, k5 : "6JigdQKqI", id : 41});
CREATE (n0 :L1:L4{k28 : false, k27 : false, k29 : -32451665, k11 : "Va", id : 42, k6 : "2M", k10 : 1974474197, k7 : 1722955391, k9 : "iWne", k26 : "x8", k25 : "k6x2OF"});
CREATE (n0 :L5{k31 : false, k30 : "x", k33 : "Q", id : 43, k32 : 740629063, k35 : 1171090005, k34 : true, k36 : false});
CREATE (n0 {id : 44});
CREATE (n0 :L3:L2:L1{k20 : false, k22 : "3", k11 : "YdH2", k21 : 1890079243, k6 : "8XSlH", k10 : -961031291, k24 : true, k13 : false, k7 : 107655531, k23 : true, k12 : -845831437, k8 : false, k15 : false, k9 : "iWne", k14 : "B", k17 : -1625595662, k16 : false, k19 : false, k18 : "eGIz", id : 45});
CREATE (n0 :L1:L0{k0 : "S", k1 : -922355542, k2 : -2040667842, k3 : 169879890, k4 : true, k11 : "CfKh6Iv6K", k5 : "w0Q", k6 : "g", k10 : -2067384662, k7 : 1622840352, k8 : true, k9 : "0", id : 46});
CREATE (n0 :L4{k28 : false, k27 : false, k29 : -2099923260, id : 47, k26 : "o4qpZ", k25 : "XVR"});
CREATE (n0 {id : 48});
CREATE (n0 :L0{k0 : "a", k1 : -1380637810, k2 : -1625412768, k4 : false, k5 : "e", id : 49});
CREATE (n0 :L3{k19 : true, k20 : false, k22 : "f", id : 50, k21 : -449005705, k24 : false, k23 : false});
CREATE (n0 :L3{k19 : false, k20 : false, k22 : "a", id : 51, k21 : -964218990, k24 : true, k23 : true});
CREATE (n0 {id : 52});
CREATE (n0 {id : 53});
CREATE (n0 :L0:L3{k0 : "SxE", k1 : -1695556753, k2 : -2040667842, k3 : 1022275429, k20 : true, k4 : false, k5 : "BgzBI9", k22 : "Z", k21 : 334811194, k24 : true, k23 : true, k19 : true, id : 54});
CREATE (n0 {id : 55});
CREATE (n0 :L0{k0 : "xjFJ0X64", k1 : 530769505, k2 : 526459662, k3 : 751906445, k4 : false, k5 : "hwJa6eJuo", id : 56});
CREATE (n0 :L2:L0{k17 : -1349496746, k16 : true, k18 : "FlOjy8R", k0 : "S", k2 : 837983584, k3 : -1492832126, k4 : false, k5 : "WUD", id : 57, k12 : -684097695, k15 : false, k14 : "WQMt"});
CREATE (n0 :L4:L5:L3{k31 : false, k20 : false, k30 : "p", k33 : "t", k22 : "JU2", k32 : -1017485769, k21 : -1665848925, k35 : 1688631617, k24 : true, k34 : true, k23 : true, k26 : "tU1WLc", k36 : true, k28 : false, k27 : true, k19 : false, k29 : -1588741252, id : 58});
CREATE (n0 :L2{k17 : -298623071, k16 : false, k18 : "lbyDtd5", id : 59, k13 : true, k12 : 2103164196, k15 : false, k14 : "B"});
CREATE (n0 :L3:L5{k20 : false, k31 : false, k30 : "JQGPEz5a", k22 : "P", k33 : "6gZgp", k32 : -2031146141, k24 : true, k35 : 402207633, k23 : true, k34 : true, k36 : false, k19 : true, id : 60});
CREATE (n0 :L3{k19 : false, k20 : true, k22 : "E3G", id : 61, k21 : -449005705, k24 : true, k23 : false});
CREATE (n0 {id : 62});
CREATE (n0 {id : 63});
CREATE (n0 :L0{k0 : "S", k1 : 1174582508, k2 : -1439808728, k3 : -1016884013, k4 : false, k5 : "3", id : 64});
CREATE (n0 :L1:L2{k11 : "Z", k6 : "XKp8", k10 : 2056930777, k7 : -281567026, k13 : false, k8 : false, k12 : -1818508201, k9 : "xW", k15 : true, k14 : "68", k17 : -1625595662, k16 : true, k18 : "lbyDtd5", id : 65});
CREATE (n0 :L0{k0 : "c", k1 : -1140506392, k2 : 837983584, k3 : -1119537507, k4 : true, k5 : "q", id : 66});
CREATE (n0 :L3{k19 : true, k20 : false, k22 : "x", id : 67, k21 : 299996747, k24 : true, k23 : false});
CREATE (n0 :L1{k11 : "YdH2", id : 68, k6 : "bv4C31Vtx", k10 : -954985931, k7 : -281567026, k8 : true, k9 : "WuKzC"});
CREATE (n0 :L2{k17 : 242979594, k16 : false, k18 : "n", id : 69, k13 : false, k12 : -767013975, k15 : true, k14 : "y"});
CREATE (n0 {id : 70});
CREATE (n0 :L0:L1:L4{k0 : "fn", k1 : 1895748976, k2 : -1854910376, k3 : 169879890, k4 : false, k5 : "q", k11 : "KoJEQ", k6 : "k", k10 : -514600959, k7 : -713872835, k8 : false, k9 : "0", k26 : "V", k25 : "pK5420B", k28 : false, k27 : true, k29 : 1509781416, id : 71});
CREATE (n0 :L1{k11 : "UFI", id : 72, k6 : "UyWC5I", k10 : 171089445, k8 : true, k9 : "i"});
CREATE (n0 :L3:L2:L1{k20 : false, k22 : "P", k21 : 18816342, k6 : "bv4C31Vtx", k10 : 1718519743, k24 : true, k13 : false, k7 : 1993005854, k23 : true, k12 : -1533526905, k8 : false, k15 : true, k9 : "pyP", k14 : "oltmv", k17 : 1948795717, k19 : false, id : 73});
CREATE (n0 :L0:L1{k0 : "H", k1 : 1504884811, k3 : 112665987, k4 : true, k5 : "O", k11 : "9glz", id : 74, k6 : "L", k10 : 322454426, k7 : 176826245, k8 : true, k9 : "0"});
CREATE (n0 :L0:L3{k19 : true, k0 : "jKsgC", k1 : 410521760, k2 : -82893377, k4 : true, k5 : "dz", k22 : "E3G", id : 75, k21 : 1233784617, k24 : false, k23 : true});
CREATE (n0 {id : 76});
CREATE (n0 :L2{k17 : -813765386, k16 : false, k18 : "V", id : 77, k13 : false, k12 : -845831437, k15 : false, k14 : "f"});
CREATE (n0 :L0:L1{k0 : "x4sv", k1 : 802861034, k2 : -1439808728, k3 : 667395488, k4 : false, k5 : "MKk", k11 : "z", k6 : "r", k10 : -1726829506, k7 : -1502765415, k8 : false, k9 : "0", id : 78});
CREATE (n0 :L1{k11 : "KoJEQ", id : 79, k6 : "cI", k10 : 113260568, k7 : -20708739, k8 : false, k9 : "KN"});
CREATE (n0 :L3{k19 : true, k20 : true, k22 : "X0", id : 80, k21 : 1890079243, k24 : false, k23 : true});
CREATE (n0 :L1:L0{k0 : "a", k1 : 802861034, k2 : 108237180, k4 : false, k11 : "V", k5 : "nA8GsYhMC", id : 81, k6 : "k", k10 : -1179046369, k7 : 107655531, k8 : false, k9 : "WuKzC"});
CREATE (n0 :L5:L4{k31 : false, k30 : "q", k33 : "QOe", k32 : -1948778963, k35 : 402207633, k34 : true, k26 : "8k", k36 : false, k25 : "d", k28 : false, k27 : true, k29 : -1324443303, id : 82});
CREATE (n0 {id : 83});
CREATE (n0 :L2{k17 : -813765386, k16 : true, k18 : "7", id : 84, k13 : false, k12 : -1818508201, k15 : false});
CREATE (n0 :L1{k11 : "9glz", id : 85, k6 : "cI", k10 : 322454426, k7 : 107655531, k8 : true});
CREATE (n0 :L3{k19 : false, k20 : false, k22 : "RBmNbS8ia", id : 86, k21 : 1796908900, k24 : false, k23 : true});
CREATE (n0 :L2{k17 : -858842717, k16 : true, k18 : "QxL", id : 87, k13 : false, k12 : -845831437, k15 : false, k14 : "oltmv"});
CREATE (n0 :L0{k0 : "xjFJ0X64", k1 : 1174582508, k2 : 55362979, k3 : -1492832126, k4 : false, k5 : "Y", id : 88});
CREATE (n0 :L4{k28 : true, k27 : false, k29 : -1255524961, id : 89, k26 : "T", k25 : "e"});
CREATE (n0 :L2{k17 : -1539829883, k16 : true, k18 : "I", id : 90, k13 : false, k12 : 1228122786, k15 : true, k14 : "h"});
CREATE (n0 :L2{k17 : 1254570870, k16 : true, k18 : "AymrCQ3U", id : 91, k13 : false, k12 : 730754601, k15 : false, k14 : "f"});
CREATE (n0 :L3{k19 : true, k20 : true, k22 : "X", id : 92, k24 : false, k23 : true});
CREATE (n0 :L1{id : 93, k6 : "1J", k10 : -743314451, k7 : 107655531, k8 : false, k9 : "uRl"});
CREATE (n0 :L3:L1{k19 : false, k20 : false, k22 : "n67HyDY", k11 : "Ce", id : 94, k21 : 299996747, k6 : "cI", k10 : 1718519743, k24 : true, k23 : true, k8 : true, k9 : "pyP"});
CREATE (n0 {id : 95});
CREATE (n0 :L2{k17 : 127657402, k16 : true, k18 : "V", id : 96, k13 : false, k12 : 1431261324, k15 : true, k14 : "u8"});
CREATE (n0 :L5{k31 : false, k30 : "9T", id : 97, k32 : -1017485769, k35 : -1854829328, k34 : false, k36 : false});
CREATE (n0 :L3:L4:L1{k20 : false, k22 : "Ow", k11 : "Ce", k21 : 1890079243, k6 : "UyWC5I", k10 : -5571989, k24 : false, k7 : 350484737, k23 : true, k8 : true, k9 : "xW", k25 : "U39", k28 : true, k27 : true, k19 : true, k29 : -32451665, id : 98});
CREATE (n0 :L0:L2:L5{k0 : "2IRNZb", k1 : 410521760, k2 : -919557123, k3 : 667395488, k31 : false, k4 : true, k30 : "8pDx8", k33 : "HXSqXr", k32 : 100055849, k13 : true, k35 : -196560469, k12 : -4378946, k34 : true, k15 : false, k14 : "h", k36 : false, k17 : -298623071, k16 : false, k18 : "Vi", id : 99});
CREATE (n0 :L2:L1{k11 : "4", k6 : "2M", k10 : 171089445, k13 : false, k7 : -2055071686, k12 : 2079680679, k8 : true, k15 : true, k9 : "y6CG6", k14 : "Kf", k17 : -184379402, k16 : true, k18 : "I", id : 100});
CREATE (n0 :L1:L4{k28 : false, k27 : false, k29 : -1653304438, k11 : "Va", id : 101, k6 : "k", k10 : 873846707, k7 : 1993005854, k8 : false, k9 : "0", k26 : "oryjB", k25 : "N"});
CREATE (n0 {id : 102});
CREATE (n0 :L3:L2{k20 : false, k22 : "JU2", k21 : -1665848925, k24 : false, k13 : false, k23 : false, k15 : false, k14 : "y", k17 : 127657402, k16 : true, k19 : false, k18 : "eGIz", id : 103});
CREATE (n0 :L3:L4{k28 : false, k27 : true, k19 : false, k29 : -32451665, k20 : false, k22 : "ixF2", id : 104, k24 : false, k23 : false, k26 : "8k", k25 : "O"});
CREATE (n0 :L2{k17 : -1439117954, k16 : false, k18 : "a", id : 105, k13 : true, k12 : 1171013499, k15 : true, k14 : "B"});
CREATE (n0 :L0{k0 : "R", k1 : 1174582508, k2 : -919557123, k3 : -371038720, k4 : false, k5 : "V", id : 106});
CREATE (n0 :L0:L1{k1 : 1174582508, k2 : -2040667842, k3 : -1119537507, k4 : false, k5 : "y", k11 : "t", id : 107, k6 : "UyWC5I", k10 : 873846707, k7 : 107655531, k8 : false, k9 : "0"});
CREATE (n0 :L1:L2:L0{k0 : "c", k1 : -1140506392, k2 : 837983584, k3 : 1604019797, k4 : false, k11 : "Ce", k5 : "q", k6 : "J", k10 : 2003923787, k7 : 2102682132, k13 : true, k8 : false, k12 : -782040025, k15 : false, k14 : "h", k17 : -298623071, k16 : false, k18 : "eGIz", id : 108});
CREATE (n0 :L0{k0 : "c", k1 : 2079900947, k2 : 289672708, k3 : -252845572, k4 : false, k5 : "dz", id : 109});
CREATE (n0 :L2{k17 : -858842717, k16 : false, k18 : "a", id : 110, k13 : false, k12 : 2079680679, k15 : true, k14 : "K"});
CREATE (n0 {id : 111});
CREATE (n0 :L4{k28 : false, k27 : false, k29 : 1710234968, id : 112, k26 : "o4qpZ", k25 : "N"});
CREATE (n0 :L5:L4{k31 : true, k30 : "v6TLi", k33 : "HXSqXr", k32 : -106789739, k35 : -196560469, k34 : true, k26 : "F", k36 : false, k25 : "gXZz", k28 : false, k27 : true, k29 : -720268065, id : 113});
CREATE (n0 :L0{k0 : "9", k1 : 410521760, k2 : -526185678, k3 : 667395488, k4 : false, k5 : "MKk", id : 114});
CREATE (n0 :L5{k31 : false, k30 : "z", k33 : "A", id : 115, k32 : -1494489900, k35 : -288628011, k34 : true, k36 : false});
CREATE (n0 :L0{k0 : "59NKRclOr", k1 : 802861034, k2 : -559523206, k3 : 113803915, k5 : "wuS", id : 116});
CREATE (n0 :L3:L2:L1{k20 : false, k22 : "X0", k11 : "t", k21 : 1890079243, k6 : "J", k10 : 1563875580, k24 : true, k13 : true, k7 : 350484737, k23 : true, k12 : 1171013499, k15 : false, k9 : "yG46mTP", k14 : "Q1MLuSm", k17 : -184379402, k16 : true, k19 : true, k18 : "a", id : 117});
CREATE (n0 :L1:L2{k11 : "Z", k6 : "2M", k10 : -5571989, k7 : 807741930, k13 : true, k8 : true, k12 : 730754601, k9 : "SUPm5rH", k15 : true, k14 : "3", k17 : 127657402, k16 : true, id : 118});
CREATE (n0 :L3:L2{k20 : false, k22 : "x", k21 : 18816342, k24 : false, k13 : false, k23 : false, k12 : 1431261324, k15 : false, k14 : "Db", k17 : -184379402, k16 : true, k18 : "I", id : 119});
CREATE (n0 :L1{k11 : "S", id : 120, k6 : "L", k10 : -1726829506, k7 : -321511812, k8 : true, k9 : "Qf8p3bra"});
CREATE (n0 :L2:L4{k13 : false, k12 : 1215989485, k15 : true, k26 : "El", k14 : "V", k25 : "XVR", k17 : -1539829883, k28 : false, k16 : true, k27 : true, k18 : "stq4DQD", k29 : 1509781416, id : 121});
CREATE (n0 :L2{k16 : false, k18 : "os", id : 122, k13 : true, k12 : -4378946, k15 : false, k14 : "g"});
CREATE (n0 :L5{k31 : true, k30 : "p", k33 : "8", id : 123, k32 : 1204976943, k35 : 132796526, k34 : false, k36 : false});
CREATE (n0 :L3{k19 : true, k20 : false, k22 : "X0", id : 124, k21 : -313943338, k24 : true, k23 : false});
CREATE (n0 {id : 125});
CREATE (n0 :L3:L4:L0{k0 : "H", k1 : 2079900947, k2 : -82893377, k20 : true, k3 : 113803915, k4 : false, k22 : "P", k5 : "G", k21 : -937085879, k24 : true, k23 : false, k26 : "T", k25 : "k6x2OF", k28 : true, k27 : false, k19 : true, k29 : -1291224632, id : 126});
CREATE (n0 :L3{k19 : true, k20 : false, k22 : "kelSVnpu9", id : 127, k21 : -449005705});
MATCH (n0 {id : 77}), (n1 {id : 92}) MERGE(n0)-[r :T1{k42 : false, k44 : true, id : 128, k43 : -708901256, k46 : false, k45 : 1558242671, k47 : "Pv1b63"}]->(n1);
MATCH (n0 {id : 60}), (n1 {id : 67}) MERGE(n0)-[r :T5{k71 : true, k70 : false, k66 : "xP78tc3pp", id : 129, k65 : "n88QsQrL", k68 : "C", k67 : 1386386222, k69 : 1384347015}]->(n1);
MATCH (n0 {id : 54}), (n1 {id : 46}) MERGE(n0)-[r :T3{k55 : "FIy6", id : 130, k57 : -64310673, k56 : "7", k59 : 1923458352, k58 : "fma"}]->(n1);
MATCH (n0 {id : 0}), (n1 {id : 50}) MERGE(n0)-[r :T4{k60 : -2035630138, k62 : false, k61 : false, k64 : "kQXCkReb", k63 : "k", id : 131}]->(n1);
MATCH (n0 {id : 73}), (n1 {id : 79}) MERGE(n0)-[r :T4{k60 : 761312327, k62 : false, k61 : true, k64 : "x", k63 : "5", id : 132}]->(n1);
MATCH (n0 {id : 51}), (n1 {id : 10}) MERGE(n0)-[r :T3{k55 : "d", id : 133, k57 : -952896604, k56 : "7", k59 : 529736970, k58 : "VYN"}]->(n1);
MATCH (n0 {id : 109}), (n1 {id : 64}) MERGE(n0)-[r :T1{k42 : false, k44 : false, id : 134, k43 : -1716933044, k46 : false, k45 : -1452031606, k47 : "S"}]->(n1);
MATCH (n0 {id : 122}), (n1 {id : 100}) MERGE(n0)-[r :T5{k71 : false, k70 : false, k66 : "6", id : 135, k65 : "A", k67 : 1244343194, k69 : 942579451}]->(n1);
MATCH (n0 {id : 59}), (n1 {id : 95}) MERGE(n0)-[r :T0{k39 : "Ew", k38 : false, k40 : -1495538661, k41 : "Y", id : 136, k37 : false}]->(n1);
MATCH (n0 {id : 81}), (n1 {id : 7}) MERGE(n0)-[r :T4{k60 : -1830360414, k62 : true, k61 : true, k64 : "o", k63 : "k", id : 137}]->(n1);
MATCH (n0 {id : 67}), (n1 {id : 77}) MERGE(n0)-[r :T4{k60 : 761312327, k62 : true, k61 : true, k64 : "kQXCkReb", k63 : "k", id : 138}]->(n1);
MATCH (n0 {id : 38}), (n1 {id : 74}) MERGE(n0)-[r :T0{k39 : "Be7Zo3t", k38 : false, k40 : 764351881, k41 : "I", id : 139, k37 : true}]->(n1);
MATCH (n0 {id : 43}), (n1 {id : 24}) MERGE(n0)-[r :T2{k49 : "d", k51 : -1645836792, k50 : 1693678460, k53 : "xQ", k52 : false, id : 140, k54 : 1967231260, k48 : "b"}]->(n1);
MATCH (n0 {id : 7}), (n1 {id : 64}) MERGE(n0)-[r :T5{k71 : false, k70 : true, k66 : "g", id : 141, k65 : "2O", k68 : "C", k67 : 784503341, k69 : 952681756}]->(n1);
MATCH (n0 {id : 62}), (n1 {id : 75}) MERGE(n0)-[r :T4{k60 : -1237133305, k64 : "H", k63 : "mhN", id : 142}]->(n1);
MATCH (n0 {id : 11}), (n1 {id : 4}) MERGE(n0)-[r :T5{k71 : false, k70 : true, k66 : "M", id : 143, k65 : "I", k68 : "XSPu9XG", k67 : 1566143561, k69 : -1275241485}]->(n1);
MATCH (n0 {id : 41}), (n1 {id : 28}) MERGE(n0)-[r :T4{k60 : -1237133305, k62 : false, k61 : true, k64 : "KG", k63 : "ONNx", id : 144}]->(n1);
MATCH (n0 {id : 74}), (n1 {id : 125}) MERGE(n0)-[r :T4{k60 : -734644534, k62 : false, k61 : true, k64 : "o", k63 : "T", id : 145}]->(n1);
MATCH (n0 {id : 67}), (n1 {id : 31}) MERGE(n0)-[r :T5{k71 : true, k66 : "Ik", id : 146, k65 : "ow8", k68 : "B", k67 : -530792067, k69 : 334130442}]->(n1);
MATCH (n0 {id : 76}), (n1 {id : 101}) MERGE(n0)-[r :T2{k49 : "rHZ2bgOV", k51 : 576134576, k50 : -1057210418, k53 : "O", k52 : false, id : 147, k54 : -1889417337, k48 : "DrP"}]->(n1);
MATCH (n0 {id : 42}), (n1 {id : 109}) MERGE(n0)-[r :T2{k49 : "qTkP99PE", k51 : -472670428, k50 : 2010458101, k53 : "oN", k52 : false, id : 148, k54 : -976173964, k48 : "1L"}]->(n1);
MATCH (n0 {id : 98}), (n1 {id : 36}) MERGE(n0)-[r :T2{k49 : "ZD", k51 : -472670428, k50 : -2062481353, k53 : "P", k52 : true, id : 149, k54 : 1599189041, k48 : "B"}]->(n1);
MATCH (n0 {id : 126}), (n1 {id : 80}) MERGE(n0)-[r :T3{k55 : "t", id : 150, k57 : -1157744266, k56 : "SgYN7Pp", k59 : -1932757058, k58 : "r"}]->(n1);
MATCH (n0 {id : 21}), (n1 {id : 32}) MERGE(n0)-[r :T1{k42 : true, k44 : true, id : 151, k43 : -799485954, k46 : true, k45 : 1835860044, k47 : "Y"}]->(n1);
MATCH (n0 {id : 117}), (n1 {id : 24}) MERGE(n0)-[r :T1{k42 : false, k44 : true, id : 152, k46 : false, k47 : "aYyQj"}]->(n1);
MATCH (n0 {id : 121}), (n1 {id : 22}) MERGE(n0)-[r :T4{k60 : 1991379140, k62 : true, k64 : "kQXCkReb", k63 : "k", id : 153}]->(n1);
MATCH (n0 {id : 105}), (n1 {id : 118}) MERGE(n0)-[r :T1{k42 : true, k44 : false, id : 154, k43 : 1593710289, k46 : true, k45 : 479218330, k47 : "zGQior"}]->(n1);
MATCH (n0 {id : 76}), (n1 {id : 115}) MERGE(n0)-[r :T2{k49 : "r6atzp", k51 : 320156232, k50 : -1192053743, k52 : false, id : 155, k54 : 1967231260, k48 : "x"}]->(n1);
MATCH (n0 {id : 63}), (n1 {id : 80}) MERGE(n0)-[r :T3{k55 : "Ki", id : 156, k57 : 1404642234, k56 : "A", k59 : 147156062, k58 : "K"}]->(n1);
MATCH (n0 {id : 123}), (n1 {id : 58}) MERGE(n0)-[r :T2{k51 : 1663646394, k50 : -2062481353, k53 : "cS7KsEDJd", k52 : false, id : 157, k54 : 1967231260, k48 : "QsSAhqUAE"}]->(n1);
MATCH (n0 {id : 67}), (n1 {id : 10}) MERGE(n0)-[r :T1{k42 : true, k44 : true, id : 158, k43 : 42737841, k46 : true, k45 : -548678555, k47 : "k"}]->(n1);
MATCH (n0 {id : 113}), (n1 {id : 119}) MERGE(n0)-[r :T4{k60 : 2147340629, k62 : false, k61 : true, k64 : "E", k63 : "n", id : 159}]->(n1);
MATCH (n0 {id : 126}), (n1 {id : 33}) MERGE(n0)-[r :T3{k55 : "n1AUWn", id : 160, k57 : 1807697760, k56 : "Z", k59 : 1923458352, k58 : "MK"}]->(n1);
MATCH (n0 {id : 34}), (n1 {id : 37}) MERGE(n0)-[r :T3{k55 : "x", id : 161, k57 : 2096009897, k56 : "IA", k59 : -1410246933, k58 : "VYN"}]->(n1);
MATCH (n0 {id : 12}), (n1 {id : 73}) MERGE(n0)-[r :T0{k39 : "3AQqSp", k38 : true, k40 : 1719466189, k41 : "GjN", id : 162, k37 : false}]->(n1);
MATCH (n0 {id : 47}), (n1 {id : 55}) MERGE(n0)-[r :T5{k70 : false, k66 : "Ik", id : 163, k65 : "ZoFvXv", k68 : "O", k67 : -986868663, k69 : -1635625202}]->(n1);
MATCH (n0 {id : 23}), (n1 {id : 26}) MERGE(n0)-[r :T1{k42 : false, k44 : true, id : 164, k43 : -1716933044, k46 : true, k45 : 1066952584, k47 : "O"}]->(n1);
MATCH (n0 {id : 4}), (n1 {id : 94}) MERGE(n0)-[r :T0{k39 : "S", k38 : false, k40 : 228576409, k41 : "i", id : 165, k37 : false}]->(n1);
MATCH (n0 {id : 10}), (n1 {id : 0}) MERGE(n0)-[r :T1{k42 : true, k44 : false, id : 166, k43 : 42737841, k46 : true, k47 : "q"}]->(n1);
MATCH (n0 {id : 111}), (n1 {id : 123}) MERGE(n0)-[r :T2{k49 : "2", k53 : "UIzPf5fg", k52 : false, id : 167, k54 : -1455122204, k48 : "QsSAhqUAE"}]->(n1);
MATCH (n0 {id : 97}), (n1 {id : 12}) MERGE(n0)-[r :T0{k38 : false, k40 : 1740443723, k41 : "w", id : 168, k37 : true}]->(n1);
MATCH (n0 {id : 4}), (n1 {id : 85}) MERGE(n0)-[r :T5{k71 : true, k70 : false, k66 : "xe", id : 169, k65 : "ow8", k68 : "B0Y", k67 : -966883305, k69 : 1761029090}]->(n1);
MATCH (n0 {id : 79}), (n1 {id : 110}) MERGE(n0)-[r :T4{k60 : 2147340629, k62 : true, k61 : true, k64 : "E", k63 : "T", id : 170}]->(n1);
MATCH (n0 {id : 117}), (n1 {id : 121}) MERGE(n0)-[r :T2{k49 : "T", k51 : 347032470, k50 : 219395358, k53 : "L", k52 : false, id : 171, k54 : 1219450833, k48 : "gSZ4jwjm"}]->(n1);
MATCH (n0 {id : 25}), (n1 {id : 79}) MERGE(n0)-[r :T4{k60 : -1830360414, k62 : false, k61 : false, k64 : "b0", k63 : "i2A", id : 172}]->(n1);
MATCH (n0 {id : 65}), (n1 {id : 115}) MERGE(n0)-[r :T4{k60 : -738035010, k62 : false, k61 : true, k64 : "v", k63 : "Mkqknzj", id : 173}]->(n1);
MATCH (n0 {id : 55}), (n1 {id : 98}) MERGE(n0)-[r :T1{k42 : true, k44 : true, id : 174, k43 : -315336103, k46 : false, k45 : -173054913}]->(n1);
MATCH (n0 {id : 109}), (n1 {id : 21}) MERGE(n0)-[r :T4{k60 : -2035630138, k62 : false, k61 : true, k64 : "E", k63 : "ONNx", id : 175}]->(n1);
MATCH (n0 {id : 45}), (n1 {id : 25}) MERGE(n0)-[r :T2{k49 : "d", k51 : 1042052289, k50 : -1057210418, k53 : "nTsM", k52 : true, id : 176, k54 : -1515202983, k48 : "gSZ4jwjm"}]->(n1);
MATCH (n0 {id : 47}), (n1 {id : 82}) MERGE(n0)-[r :T2{k49 : "u4eHlCC5", k51 : 730578809, k50 : -1057210418, k53 : "nTsM", k52 : false, id : 177, k54 : -1455122204, k48 : "B"}]->(n1);
MATCH (n0 {id : 113}), (n1 {id : 8}) MERGE(n0)-[r :T5{k71 : false, k70 : true, k66 : "xe", id : 178, k65 : "I", k68 : "F3Pli", k67 : -286663552, k69 : 334130442}]->(n1);
MATCH (n0 {id : 58}), (n1 {id : 68}) MERGE(n0)-[r :T0{k39 : "ydKr0qIP", k38 : true, k40 : 228576409, k41 : "w", id : 179, k37 : false}]->(n1);
MATCH (n0 {id : 23}), (n1 {id : 15}) MERGE(n0)-[r :T2{k49 : "u4eHlCC5", k50 : 270978141, k52 : true, id : 180, k54 : 1219450833, k48 : "aJ"}]->(n1);
MATCH (n0 {id : 120}), (n1 {id : 126}) MERGE(n0)-[r :T1{k42 : false, k44 : true, id : 181, k43 : -1716933044, k46 : true}]->(n1);
MATCH (n0 {id : 43}), (n1 {id : 74}) MERGE(n0)-[r :T5{k71 : false, k70 : true, k66 : "a5", id : 182, k65 : "DtY84Bb", k68 : "VEZd5", k67 : 1194721534, k69 : -610145302}]->(n1);
MATCH (n0 {id : 61}), (n1 {id : 29}) MERGE(n0)-[r :T5{k71 : true, k70 : false, k66 : "O", id : 183, k65 : "M", k68 : "0", k67 : -1936399564, k69 : -1275241485}]->(n1);
MATCH (n0 {id : 74}), (n1 {id : 32}) MERGE(n0)-[r :T5{k71 : true, k70 : false, k66 : "Ik", id : 184, k65 : "Z5V1c", k68 : "B", k67 : -90415301}]->(n1);
MATCH (n0 {id : 44}), (n1 {id : 24}) MERGE(n0)-[r :T4{k62 : true, k61 : false, k64 : "C", k63 : "mgW", id : 185}]->(n1);
MATCH (n0 {id : 66}), (n1 {id : 96}) MERGE(n0)-[r :T3{k55 : "VH", id : 186, k57 : -289081938, k56 : "IA", k59 : 147156062, k58 : "fma"}]->(n1);
MATCH (n0 {id : 112}), (n1 {id : 81}) MERGE(n0)-[r :T1{k42 : false, k44 : false, id : 187, k43 : -315336103, k46 : true, k45 : -368699081, k47 : "q"}]->(n1);
MATCH (n0 {id : 8}), (n1 {id : 106}) MERGE(n0)-[r :T2{k49 : "ZD", k51 : -194428757, k50 : -2062481353, k53 : "P", k52 : true, id : 188, k54 : 1179709485, k48 : "b"}]->(n1);
MATCH (n0 {id : 6}), (n1 {id : 89}) MERGE(n0)-[r :T1{k42 : true, k44 : true, id : 189, k43 : -1487581053, k46 : false, k45 : 1066952584, k47 : "zGQior"}]->(n1);
MATCH (n0 {id : 2}), (n1 {id : 20}) MERGE(n0)-[r :T5{k71 : true, k70 : false, k66 : "g", id : 190, k65 : "2O", k68 : "2qUlbo", k67 : -1936399564, k69 : 1384347015}]->(n1);
MATCH (n0 {id : 0}), (n1 {id : 45}) MERGE(n0)-[r :T4{k60 : -1236731120, k62 : true, k61 : true, k64 : "GMwR", k63 : "ONNx", id : 191}]->(n1);
MATCH (n0 {id : 119}), (n1 {id : 13}) MERGE(n0)-[r :T4{k60 : -2035630138, k62 : true, k61 : false, k64 : "H", k63 : "6", id : 192}]->(n1);
MATCH (n0 {id : 41}), (n1 {id : 37}) MERGE(n0)-[r :T1{k44 : true, id : 193, k43 : 42737841, k46 : false, k45 : -1951599733, k47 : "2x"}]->(n1);
MATCH (n0 {id : 20}), (n1 {id : 72}) MERGE(n0)-[r :T3{k55 : "d", id : 194, k57 : 1915935974, k56 : "Z", k59 : 1923458352, k58 : "8"}]->(n1);
MATCH (n0 {id : 98}), (n1 {id : 74}) MERGE(n0)-[r :T5{k71 : false, k70 : false, k66 : "0", id : 195, k65 : "ZoFvXv", k68 : "j", k67 : 499490078, k69 : -1391884361}]->(n1);
MATCH (n0 {id : 50}), (n1 {id : 120}) MERGE(n0)-[r :T5{k71 : false, k70 : true, k66 : "YyQCjM", id : 196, k65 : "n88QsQrL", k68 : "tHZ", k67 : 1566143561, k69 : -83711146}]->(n1);
MATCH (n0 {id : 3}), (n1 {id : 107}) MERGE(n0)-[r :T5{k71 : true, k70 : false, k66 : "xP78tc3pp", id : 197, k65 : "2", k68 : "j", k67 : -1936399564, k69 : 1036852299}]->(n1);
MATCH (n0 {id : 94}), (n1 {id : 106}) MERGE(n0)-[r :T0{k39 : "oZ", k38 : false, k40 : 1661436450, k41 : "INw", id : 198}]->(n1);
MATCH (n0 {id : 93}), (n1 {id : 126}) MERGE(n0)-[r :T1{k42 : true, k44 : true, id : 199, k43 : -755698031, k46 : true, k45 : 1558242671, k47 : "2x"}]->(n1);
MATCH (n0 {id : 68}), (n1 {id : 86}) MERGE(n0)-[r :T0{k39 : "60HaU", k38 : true, k40 : 764351881, k41 : "w", id : 200, k37 : true}]->(n1);
MATCH (n0 {id : 123}), (n1 {id : 82}) MERGE(n0)-[r :T2{k49 : "2", k51 : 347032470, k50 : -2062481353, k53 : "xQ", k52 : false, id : 201, k48 : "B"}]->(n1);
MATCH (n0 {id : 65}), (n1 {id : 98}) MERGE(n0)-[r :T4{k60 : -1394090496, k62 : false, k61 : false, k64 : "o", k63 : "z", id : 202}]->(n1);
MATCH (n0 {id : 72}), (n1 {id : 125}) MERGE(n0)-[r :T1{k42 : true, k44 : false, id : 203, k43 : -1748981046, k46 : true, k45 : 1558242671, k47 : "rl"}]->(n1);
MATCH (n0 {id : 38}), (n1 {id : 18}) MERGE(n0)-[r :T4{k60 : 1806123081, k62 : false, k61 : false, k64 : "Z", k63 : "z", id : 204}]->(n1);
MATCH (n0 {id : 32}), (n1 {id : 104}) MERGE(n0)-[r :T2{k49 : "d", k50 : 450140138, k53 : "42D", k52 : false, id : 205, k54 : 1976291632, k48 : "X"}]->(n1);
MATCH (n0 {id : 123}), (n1 {id : 48}) MERGE(n0)-[r :T2{k49 : "gz", k51 : 730578809, k50 : 1334859006, k53 : "w", k52 : false, id : 206, k54 : -30435752, k48 : "rcD"}]->(n1);
MATCH (n0 {id : 44}), (n1 {id : 77}) MERGE(n0)-[r :T3{k55 : "U", id : 207, k57 : -1693071420, k56 : "4", k58 : "8"}]->(n1);
MATCH (n0 {id : 27}), (n1 {id : 73}) MERGE(n0)-[r :T4{k60 : -1394090496, k62 : true, k61 : false, k64 : "y", k63 : "z", id : 208}]->(n1);
MATCH (n0 {id : 100}), (n1 {id : 100}) MERGE(n0)-[r :T1{k42 : false, k44 : true, id : 209, k43 : 42737841, k46 : true, k47 : "O"}]->(n1);
MATCH (n0 {id : 55}), (n1 {id : 39}) MERGE(n0)-[r :T5{k71 : false, k70 : true, k66 : "xe", id : 210, k65 : "o3rZ", k68 : "XSPu9XG", k67 : -286663552, k69 : 920349068}]->(n1);
MATCH (n0 {id : 90}), (n1 {id : 39}) MERGE(n0)-[r :T0{k39 : "Ew", k38 : false, k40 : -54728086, k41 : "Q", id : 211, k37 : true}]->(n1);
MATCH (n0 {id : 29}), (n1 {id : 117}) MERGE(n0)-[r :T1{k42 : false, k44 : true, id : 212, k46 : true, k45 : -1054397132, k47 : "k"}]->(n1);
MATCH (n0 {id : 45}), (n1 {id : 46}) MERGE(n0)-[r :T5{k71 : false, k70 : true, k66 : "z", id : 213, k65 : "0p", k68 : "hVPP", k67 : -1981552734, k69 : -1635625202}]->(n1);
MATCH (n0 {id : 38}), (n1 {id : 18}) MERGE(n0)-[r :T3{k55 : "9", id : 214, k57 : -289081938, k56 : "dUM", k59 : -496536849}]->(n1);
MATCH (n0 {id : 73}), (n1 {id : 57}) MERGE(n0)-[r :T1{k42 : true, k44 : true, id : 215, k43 : -1384646230, k46 : true, k45 : -368699081, k47 : "q"}]->(n1);
MATCH (n0 {id : 54}), (n1 {id : 105}) MERGE(n0)-[r :T5{k71 : false, k70 : false, k66 : "XP", id : 216, k65 : "ZoFvXv", k68 : "XSPu9XG", k67 : -1201632988, k69 : 334130442}]->(n1);
MATCH (n0 {id : 111}), (n1 {id : 29}) MERGE(n0)-[r :T5{k71 : true, k70 : false, k66 : "xP78tc3pp", id : 217, k65 : "Gzl2s7tsf", k68 : "F3Pli", k67 : -1427869468, k69 : 1761029090}]->(n1);
MATCH (n0 {id : 91}), (n1 {id : 98}) MERGE(n0)-[r :T5{k71 : true, k70 : false, k66 : "Ik", id : 218, k65 : "X", k68 : "Ka", k67 : -530792067, k69 : 1761029090}]->(n1);
MATCH (n0 {id : 67}), (n1 {id : 65}) MERGE(n0)-[r :T2{k49 : "LTGiHnwV", k51 : 320156232, k50 : 450140138, k53 : "3qyosO", k52 : false, id : 219, k54 : -511922558, k48 : "rcD"}]->(n1);
MATCH (n0 {id : 109}), (n1 {id : 66}) MERGE(n0)-[r :T0{k39 : "c", k38 : true, k40 : -54728086, k41 : "34", id : 220, k37 : true}]->(n1);
MATCH (n0 {id : 15}), (n1 {id : 90}) MERGE(n0)-[r :T0{k39 : "UKmh3", k40 : 1719466189, k41 : "O9f", id : 221, k37 : false}]->(n1);
MATCH (n0 {id : 50}), (n1 {id : 120}) MERGE(n0)-[r :T0{k39 : "oZ", k38 : false, k41 : "s", id : 222, k37 : true}]->(n1);
MATCH (n0 {id : 72}), (n1 {id : 44}) MERGE(n0)-[r :T0{k38 : false, k40 : -1954188101, k41 : "OW", id : 223, k37 : false}]->(n1);
MATCH (n0 {id : 30}), (n1 {id : 58}) MERGE(n0)-[r :T3{k55 : "j6LMI", id : 224, k57 : -64310673, k56 : "IA", k59 : 597906279, k58 : "fma"}]->(n1);
MATCH (n0 {id : 119}), (n1 {id : 5}) MERGE(n0)-[r :T3{k55 : "x", id : 225, k57 : 1404642234, k56 : "T", k59 : 2141095892, k58 : "8"}]->(n1);
MATCH (n0 {id : 1}), (n1 {id : 42}) MERGE(n0)-[r :T2{k49 : "S", k51 : 347032470, k50 : 936559026, k53 : "5Z4pp", k52 : false, id : 226, k54 : -1889417337, k48 : "pw"}]->(n1);
MATCH (n0 {id : 109}), (n1 {id : 24}) MERGE(n0)-[r :T4{k60 : -269986446, k62 : true, k61 : false, k64 : "j", k63 : "ZIK", id : 227}]->(n1);
MATCH (n0 {id : 69}), (n1 {id : 65}) MERGE(n0)-[r :T5{k71 : true, k70 : true, k66 : "z", id : 228, k65 : "cMe", k68 : "8", k67 : 1244343194, k69 : -752830862}]->(n1);
MATCH (n0 {id : 16}), (n1 {id : 49}) MERGE(n0)-[r :T1{k42 : true, k44 : false, id : 229, k43 : -1489603525, k46 : true, k45 : -1914275341, k47 : "Y"}]->(n1);
MATCH (n0 {id : 56}), (n1 {id : 111}) MERGE(n0)-[r :T0{k39 : "oZ", k38 : false, k40 : -1647212755, k41 : "TMG3", id : 230, k37 : false}]->(n1);
MATCH (n0 {id : 49}), (n1 {id : 21}) MERGE(n0)-[r :T2{k49 : "I", k51 : 624322052, k50 : 270978141, k53 : "A", k52 : false, id : 231, k54 : 1701735738, k48 : "x"}]->(n1);
MATCH (n0 {id : 56}), (n1 {id : 86}) MERGE(n0)-[r :T4{k60 : 1991379140, k62 : false, k61 : false, k64 : "KG", id : 232}]->(n1);
MATCH (n0 {id : 59}), (n1 {id : 93}) MERGE(n0)-[r :T1{k42 : false, k44 : true, id : 233, k43 : -1297022482, k46 : true, k45 : 479218330, k47 : "k"}]->(n1);
MATCH (n0 {id : 120}), (n1 {id : 7}) MERGE(n0)-[r :T0{k39 : "K", k38 : false, k40 : 592206602, k41 : "O9f", id : 234, k37 : true}]->(n1);
MATCH (n0 {id : 57}), (n1 {id : 96}) MERGE(n0)-[r :T3{k55 : "j6LMI", id : 235, k57 : 1404642234, k56 : "SgYN7Pp", k59 : 1563802855, k58 : "nDI"}]->(n1);
MATCH (n0 {id : 113}), (n1 {id : 90}) MERGE(n0)-[r :T3{k55 : "2", id : 236, k57 : -1739326488, k56 : "Y", k59 : -1930184322, k58 : "8"}]->(n1);
MATCH (n0 {id : 119}), (n1 {id : 33}) MERGE(n0)-[r :T4{k60 : -2035630138, k62 : false, k61 : false, k64 : "C", k63 : "k", id : 237}]->(n1);