CREATE (n0 :L4{k27 : "nUaf", id : 0, k24 : -1601541592, k23 : false, k25 : "h"});
CREATE (n0 :L2:L3:L0{k0 : 2070392568, k1 : -1151696676, k20 : "J", k3 : true, k4 : -1848712223, k22 : -432024353, k21 : "P", k13 : "pIVU", k12 : "ZQNuIgNJX", k15 : 210520070, k14 : true, k17 : "V", k19 : false, k18 : 1468246990, id : 1});
CREATE (n0 :L0{k0 : 938965969, k1 : -155880380, k2 : false, k3 : false, k4 : 66992935, id : 2});
CREATE (n0 :L0:L2{k16 : "VngFBfpJB", k0 : 1846064234, k1 : 1909293829, k2 : true, k3 : false, k4 : 1300121298, id : 3, k12 : "z", k15 : 1576562535, k14 : false});
CREATE (n0 :L1{k5 : false, k11 : false, id : 4, k6 : "V", k10 : -838417871, k7 : false, k8 : 289041946, k9 : false});
CREATE (n0 :L3{k17 : "wBT4Moo", k19 : true, k18 : 702318899, k20 : "EoXja1Xmt", id : 5, k21 : "RrC"});
CREATE (n0 :L3{k17 : "mPGfwiJe", k19 : true, k18 : 1967923462, k20 : "9", k22 : -1380699330, id : 6, k21 : "1teu"});
CREATE (n0 {id : 7});
CREATE (n0 :L3{k17 : "Z", k19 : true, k18 : 180481276, k20 : "upy4", k22 : -1218014336, id : 8, k21 : "jK"});
CREATE (n0 {id : 9});
CREATE (n0 :L4{k27 : "w", id : 10, k24 : -1229407877, k23 : true, k26 : false, k25 : "2"});
CREATE (n0 :L4:L3:L0{k0 : 1163238516, k1 : 927831141, k2 : true, k20 : "J", k3 : true, k4 : -374895510, k22 : -826616328, k21 : "Z", k24 : 488682940, k23 : true, k26 : false, k25 : "b", k17 : "dEm", k27 : "IK", k19 : true, k18 : 2100219157, id : 11});
CREATE (n0 :L2{id : 12, k13 : "f", k12 : "3R09", k15 : 370686639, k14 : true});
CREATE (n0 :L3{k17 : "fxEs", k19 : true, k18 : 543407174, k20 : "Kkl", k22 : 2134811330, id : 13, k21 : "p"});
CREATE (n0 :L3:L4{k27 : "M", k19 : true, k18 : 1468246990, k20 : "9", k22 : -861431664, id : 14, k21 : "P", k24 : 1202827659, k23 : false, k26 : false, k25 : "7"});
CREATE (n0 {id : 15});
CREATE (n0 {id : 16});
CREATE (n0 :L1:L2{k16 : "J7Huv", k5 : false, id : 17, k6 : "8QRdr", k10 : 1218792203, k7 : false, k13 : "pIVU", k8 : 250937419, k12 : "CP3dBH", k9 : false, k15 : 210520070, k14 : false});
CREATE (n0 {id : 18});
CREATE (n0 :L3{k17 : "by7mcVVj", k19 : false, k18 : 1642168826, k20 : "P", k22 : 301544928, id : 19, k21 : "HtDVd7"});
CREATE (n0 :L0:L4{k27 : "M", k0 : 1846064234, k1 : 2030430252, k2 : true, k3 : false, k4 : -374895510, id : 20, k24 : -1756530088, k23 : true, k26 : true, k25 : "M"});
CREATE (n0 :L0{k0 : -1945987826, k1 : 1301655180, k2 : false, k3 : true, id : 21});
CREATE (n0 :L2{k16 : "x", id : 22, k13 : "4H", k12 : "FQMs", k15 : -1838523364, k14 : false});
CREATE (n0 :L4{k27 : "w", id : 23, k24 : -1495885937, k23 : true, k26 : false, k25 : "V"});
CREATE (n0 :L2{k16 : "F", id : 24, k13 : "4H", k12 : "8PU6Q", k15 : -1143855473, k14 : false});
CREATE (n0 :L2{k16 : "brL2V", id : 25, k13 : "Q", k12 : "8PU6Q", k14 : false});
CREATE (n0 {id : 26});
CREATE (n0 :L0:L3{k17 : "mPGfwiJe", k19 : false, k18 : 988538434, k0 : -560068212, k1 : 2030430252, k2 : false, k3 : false, k20 : "7xP", k4 : -2039120388, k22 : -566824106, id : 27, k21 : "jK"});
CREATE (n0 :L0{k0 : -1945987826, k1 : -1151696676, k2 : false, k3 : false, k4 : -812820096, id : 28});
CREATE (n0 {id : 29});
CREATE (n0 {id : 30});
CREATE (n0 {id : 31});
CREATE (n0 :L2{k16 : "R", id : 32, k13 : "TM", k12 : "gekoJYXi7", k14 : false});
CREATE (n0 :L2{k16 : "R", id : 33, k13 : "Bj", k12 : "s", k15 : -1838523364, k14 : true});
CREATE (n0 :L0{k0 : -975139393, k1 : 1663717982, k2 : true, k3 : true, k4 : -627666175, id : 34});
CREATE (n0 :L0:L2{k16 : "R", k0 : -1526529894, k1 : 1301655180, k2 : true, k3 : false, k4 : -2039120388, id : 35, k13 : "5imH4Gez", k12 : "a4Su", k15 : -1471700103, k14 : true});
CREATE (n0 :L3{k17 : "FCvfClZ", k19 : false, k18 : 988538434, k20 : "P", k22 : -432024353, id : 36, k21 : "n"});
CREATE (n0 :L3{k17 : "V", k19 : false, k18 : 1967923462, k20 : "3", k22 : -670012875, id : 37, k21 : "RrC"});
CREATE (n0 :L3:L0{k17 : "e", k19 : false, k18 : -1609580368, k0 : 182101099, k1 : 1301655180, k2 : false, k20 : "3", k3 : false, k4 : 347178398, k22 : -1218014336, id : 38, k21 : "t"});
CREATE (n0 :L4{k27 : "mOfXgUXJ", id : 39, k23 : false, k26 : true, k25 : "wYCW"});
CREATE (n0 :L3:L1{k20 : "3", k22 : -1218014336, k5 : false, k11 : false, k21 : "n", k6 : "h6oU", k10 : 448660113, k7 : false, k8 : -118421219, k17 : "FCvfClZ", k19 : false, k18 : 1677068024, id : 40});
CREATE (n0 :L0:L2:L4{k0 : 1295723109, k1 : -1975682317, k2 : false, k3 : false, k4 : 319818524, k13 : "5imH4Gez", k24 : -1098525746, k12 : "gekoJYXi7", k23 : false, k15 : -213089449, k26 : true, k14 : false, k25 : "S", k16 : "x", k27 : "R", id : 41});
CREATE (n0 :L1{k5 : false, k11 : true, id : 42, k6 : "V", k10 : 66344902, k7 : true, k8 : 1873573268, k9 : false});
CREATE (n0 :L1{k5 : false, k11 : false, id : 43, k6 : "Mg7N5", k10 : 675050720, k7 : true, k8 : 987599342, k9 : false});
CREATE (n0 :L0:L4:L3{k0 : 1163238516, k1 : 927831141, k2 : true, k3 : false, k4 : 1736472744, k22 : -761813041, k21 : "d5QHl1Dou", k24 : -1756530088, k23 : true, k26 : false, k25 : "2", k17 : "Kr", k27 : "M", k19 : false, k18 : -830206015, id : 44});
CREATE (n0 :L1:L2:L0{k0 : 938965969, k1 : 497354640, k2 : true, k3 : false, k4 : -1319380709, k5 : false, k11 : false, k6 : "U", k10 : -838417871, k7 : false, k13 : "5imH4Gez", k8 : 289041946, k12 : "e4Zy2zo9K", k9 : true, k15 : 370686639, k14 : false, k16 : "Pg", id : 45});
CREATE (n0 :L4:L3{k17 : "8h4wE", k19 : true, k18 : 1677068024, k20 : "P", k22 : -1303861316, id : 46, k21 : "jsX", k24 : -1756530088, k23 : true, k26 : false, k25 : "V"});
CREATE (n0 :L0:L2{k0 : -1433902399, k1 : -1975682317, k2 : true, k3 : false, k4 : 1226773041, id : 47, k13 : "Bj", k12 : "e4Zy2zo9K", k15 : -753505026, k14 : true});
CREATE (n0 :L4{k27 : "c", id : 48, k24 : 442841334, k23 : false, k26 : true, k25 : "wYCW"});
CREATE (n0 :L1:L2{k5 : false, k11 : false, k6 : "e", k10 : 720363447, k7 : false, k13 : "qr", k8 : -940609534, k12 : "RSa4coqXI", k9 : true, k15 : -1838523364, k14 : false, k16 : "R", id : 49});
CREATE (n0 :L1:L0{k0 : 1271371188, k1 : -1912791100, k2 : false, k4 : 1736472744, k5 : false, k11 : false, id : 50, k6 : "4", k7 : true, k8 : -743664036, k9 : true});
CREATE (n0 :L0:L2{k16 : "R", k0 : -560068212, k1 : -155880380, k2 : true, k3 : false, k4 : -1319380709, id : 51, k13 : "Bj", k12 : "e4Zy2zo9K", k15 : -1642973186, k14 : true});
CREATE (n0 :L0:L1:L3{k0 : 1295723109, k2 : false, k3 : false, k20 : "f4", k4 : 319818524, k5 : true, k11 : true, k22 : 1254560518, k6 : "8QRdr", k10 : 1218792203, k21 : "1teu", k7 : false, k8 : -743664036, k9 : false, k17 : "fxEs", k19 : false, k18 : 1677068024, id : 52});
CREATE (n0 :L1{k5 : false, k11 : false, id : 53, k6 : "4", k7 : false, k8 : -1108720613, k9 : true});
CREATE (n0 :L4{k27 : "4", id : 54, k24 : -1756530088, k23 : true, k26 : false, k25 : "wYCW"});
CREATE (n0 {id : 55});
CREATE (n0 :L3{k17 : "YD6cr", k19 : true, k18 : 1642168826, k22 : -1010137545, id : 56, k21 : "nnrVrrkV"});
CREATE (n0 :L0:L1{k0 : 1846064234, k1 : -278094357, k2 : true, k3 : true, k4 : 1184953530, k5 : true, k11 : true, k6 : "I", k10 : 460501270, k7 : false, k8 : -127056768, k9 : true, id : 57});
CREATE (n0 :L0{k1 : -1887915939, k2 : true, k3 : false, k4 : -207563821, id : 58});
CREATE (n0 :L3:L2{k17 : "Z", k16 : "V", k18 : -1644621402, k20 : "k6QYqA", id : 59, k21 : "kega", k13 : "p7hVSs", k12 : "ZQNuIgNJX", k15 : -1471700103, k14 : true});
CREATE (n0 :L1:L3{k20 : "b", k5 : true, k11 : true, k22 : 1253457640, k6 : "v", k10 : -1747789134, k21 : "hzsKG6AkK", k7 : true, k8 : -350936146, k9 : true, k17 : "lEg34Gk", k19 : true, k18 : -1644621402, id : 60});
CREATE (n0 :L3:L2{k17 : "Ne0", k16 : "Z", k19 : true, k18 : -569137208, k20 : "4", k22 : 301544928, id : 61, k13 : "T", k12 : "s", k15 : 1713148423, k14 : true});
CREATE (n0 :L0:L3{k17 : "fxEs", k19 : false, k18 : 2100219157, k0 : 661921954, k1 : 2122177280, k2 : true, k3 : false, k20 : "Kkl", k4 : -1319380709, k22 : -1303861316, id : 62, k21 : "n"});
CREATE (n0 :L2:L0{k16 : "Z", k0 : 182101099, k1 : 927831141, k2 : true, k3 : true, k4 : -627666175, id : 63, k13 : "vomvyAmc", k12 : "YbT", k15 : -1471700103, k14 : true});
CREATE (n0 :L4:L0{k27 : "c", k0 : -560068212, k1 : -1912791100, k2 : false, k3 : false, k4 : 1736472744, id : 64, k24 : 488682940, k23 : true, k26 : true, k25 : "h"});
CREATE (n0 :L3{k17 : "Kr", k19 : false, k18 : 1677068024, k20 : "9", k22 : -1218014336, id : 65, k21 : "jsX"});
CREATE (n0 :L4{k27 : "AP1", id : 66, k24 : -1495885937, k23 : true, k26 : false, k25 : "w"});
CREATE (n0 :L2:L0:L1{k0 : 661921954, k2 : true, k3 : true, k4 : -2039120388, k5 : true, k11 : true, k10 : -685465546, k13 : "4H", k7 : false, k12 : "s", k8 : 987599342, k15 : 1576562535, k9 : true, k14 : false, k16 : "bS", id : 67});
CREATE (n0 :L2:L3:L1{k20 : "P", k22 : -137709642, k5 : false, k11 : true, k21 : "nnrVrrkV", k6 : "e1kZO", k10 : 759276060, k13 : "w", k7 : true, k12 : "3R09", k8 : 987599342, k15 : -1642973186, k9 : false, k14 : false, k17 : "5c", k16 : "L", k19 : false, k18 : -1427427760, id : 68});
CREATE (n0 :L1:L0{k0 : -1526529894, k1 : 1909293829, k2 : true, k3 : true, k4 : 319818524, k5 : true, k11 : false, k6 : "u", k10 : -838417871, k7 : false, k8 : -942096896, k9 : true, id : 69});
CREATE (n0 :L3{k17 : "FCvfClZ", k19 : false, k18 : 1873095652, k20 : "3", k22 : 301544928, id : 70});
CREATE (n0 :L3{k17 : "Z", k19 : false, k18 : -1154155903, k20 : "bFS", k22 : -1010137545, id : 71, k21 : "Tu"});
CREATE (n0 :L2{k16 : "x", id : 72, k13 : "pIVU", k12 : "z", k15 : -213089449, k14 : false});
CREATE (n0 :L2{k16 : "Z", id : 73, k12 : "a", k15 : -376354886, k14 : true});
CREATE (n0 :L4{k27 : "d", id : 74, k24 : 56995676, k23 : false, k26 : false, k25 : "wYCW"});
CREATE (n0 :L4{k27 : "M", id : 75, k24 : -341612837, k23 : false, k26 : true, k25 : "6"});
CREATE (n0 :L0:L4{k27 : "Ep", k1 : -155880380, k2 : true, k3 : false, k4 : -207563821, id : 76, k24 : -1046499085, k23 : false, k26 : true, k25 : "kSYTXHJ"});
CREATE (n0 :L2{k16 : "J7Huv", id : 77, k13 : "Bj", k12 : "YbT", k15 : -65187863, k14 : false});
CREATE (n0 :L2:L1{k16 : "x", k11 : true, id : 78, k6 : "v", k10 : -224251762, k13 : "f", k7 : true, k12 : "Lhg6", k8 : -942096896, k15 : 1934811312, k9 : false, k14 : false});
CREATE (n0 :L2:L0:L4{k0 : 1163238516, k1 : -278094357, k2 : true, k4 : -812820096, k24 : -1098525746, k12 : "e4Zy2zo9K", k23 : false, k15 : 370686639, k26 : true, k14 : true, k16 : "Q0wz7", k27 : "B", id : 79});
CREATE (n0 {id : 80});
CREATE (n0 :L3{k17 : "YD6cr", k18 : 2100219157, k22 : -1218014336, id : 81, k21 : "d5QHl1Dou"});
CREATE (n0 :L2{k16 : "VngFBfpJB", id : 82, k13 : "vomvyAmc", k12 : "k", k15 : 1713148423, k14 : true});
CREATE (n0 :L4{k27 : "AP1", id : 83, k24 : 56995676, k26 : true, k25 : "2"});
CREATE (n0 :L1:L0:L4{k0 : -1526529894, k1 : -980564470, k2 : true, k3 : false, k4 : 347178398, k5 : true, k11 : false, k6 : "e1kZO", k10 : 469113022, k7 : true, k24 : -1229407877, k8 : -1108720613, k23 : false, k9 : true, k26 : false, k25 : "gOBI", k27 : "Ep", id : 84});
CREATE (n0 :L4{k27 : "Ep", id : 85, k24 : 222790909, k23 : true, k26 : false, k25 : "h"});
CREATE (n0 {id : 86});
CREATE (n0 :L3{k19 : true, k18 : 1468246990, k20 : "7xP", k22 : -670012875, id : 87, k21 : "d5QHl1Dou"});
CREATE (n0 :L1:L0:L3{k0 : -50775390, k2 : true, k3 : false, k20 : "9", k4 : 1736472744, k5 : false, k11 : false, k6 : "V", k21 : "1teu", k7 : false, k8 : 820222235, k17 : "Ne0", k19 : false, k18 : -1644621402, id : 88});
CREATE (n0 :L2:L1{k5 : true, k11 : true, k6 : "mjw02", k10 : -824778009, k13 : "L", k7 : true, k12 : "RSa4coqXI", k8 : 820222235, k15 : -1642973186, k9 : true, k14 : false, k16 : "Z", id : 89});
CREATE (n0 :L0:L3{k17 : "by7mcVVj", k19 : true, k18 : 1677068024, k0 : 1846064234, k1 : -1912791100, k2 : false, k3 : true, k20 : "1svfEV", k4 : -374895510, k22 : -670012875, id : 90, k21 : "jK"});
CREATE (n0 :L0:L2{k16 : "Q0wz7", k0 : 2070392568, k1 : -1887915939, k2 : false, k3 : false, k4 : 66992935, id : 91, k13 : "qr", k12 : "CP3dBH", k15 : -1471700103, k14 : true});
CREATE (n0 :L1:L3{k20 : "1svfEV", k5 : false, k11 : false, k22 : 1253457640, k6 : "mjw02", k10 : -824778009, k21 : "f", k7 : false, k8 : -743664036, k9 : true, k17 : "e", k19 : false, k18 : -585376680, id : 92});
CREATE (n0 {id : 93});
CREATE (n0 :L4:L0{k27 : "IK", k0 : 1295723109, k1 : -1151696676, k2 : true, k3 : false, k4 : 1226773041, id : 94, k24 : 488682940, k23 : true, k26 : true, k25 : "iyoX"});
CREATE (n0 :L3:L4:L1{k20 : "B", k22 : -432024353, k5 : false, k21 : "p", k6 : "u", k10 : 1218792203, k24 : -1601541592, k7 : false, k23 : false, k8 : -127056768, k26 : true, k9 : true, k25 : "M", k17 : "dEm", k27 : "Ep", k19 : false, k18 : 988538434, id : 95});
CREATE (n0 :L0:L4:L1{k0 : -1433902399, k1 : 1909293829, k3 : true, k4 : -374895510, k5 : false, k11 : true, k6 : "v", k10 : 66344902, k24 : -1762986606, k7 : true, k23 : false, k8 : -1910298522, k26 : true, k9 : true, k25 : "kSYTXHJ", k27 : "xQ", id : 96});
CREATE (n0 :L4:L3{k17 : "s", k27 : "R", k19 : true, k18 : 1468246990, k20 : "P", k22 : 301544928, id : 97, k21 : "X5C5a0", k24 : -1495885937, k23 : true, k26 : false});
CREATE (n0 :L2:L0{k16 : "Q0wz7", k1 : -278094357, k2 : true, k3 : true, k4 : 1300121298, id : 98, k13 : "w", k12 : "QNLdbvV", k15 : -376354886, k14 : true});
CREATE (n0 {id : 99});
CREATE (n0 {id : 100});
CREATE (n0 :L4{k27 : "M", id : 101, k24 : 234722794, k23 : true, k26 : true, k25 : "h"});
CREATE (n0 {id : 102});
CREATE (n0 :L0{k0 : -975139393, k1 : -21058539, k2 : false, k3 : false, k4 : 1736472744, id : 103});
CREATE (n0 :L4:L2{k27 : "w", k16 : "Q0wz7", id : 104, k24 : 234722794, k13 : "Rprtho", k23 : true, k12 : "QNLdbvV", k26 : true, k15 : 1011144275, k25 : "h", k14 : true});
CREATE (n0 :L3{k17 : "ptJKU0g", k19 : false, k18 : -1154155903, k20 : "8", k22 : -1303861316, id : 105, k21 : "Tu"});
CREATE (n0 :L2{k16 : "NmUB", id : 106, k13 : "5imH4Gez", k12 : "3R09", k15 : -213089449});
CREATE (n0 :L3:L0{k17 : "V", k19 : false, k18 : -1427427760, k0 : -50775390, k1 : -21058539, k2 : true, k20 : "bFS", k3 : true, k4 : 906913399, k22 : -137709642, id : 107, k21 : "jK"});
CREATE (n0 :L0{k0 : -1433902399, k1 : 1301655180, k2 : true, k3 : true, k4 : -1848712223, id : 108});
CREATE (n0 :L2{k16 : "L", id : 109, k13 : "Rprtho", k12 : "k", k15 : 370686639, k14 : false});
CREATE (n0 :L0:L3{k17 : "ptJKU0g", k19 : true, k0 : 1097935754, k1 : -980564470, k2 : true, k3 : false, k20 : "4", k22 : -861431664, id : 110, k21 : "PsHeeS"});
CREATE (n0 :L2{k16 : "V4gPlaT", id : 111, k13 : "qr", k12 : "8PU6Q", k15 : -65187863, k14 : false});
CREATE (n0 :L2{k16 : "xftrhJYCF", id : 112, k13 : "Rprtho", k15 : -376354886, k14 : false});
CREATE (n0 :L2:L1{k16 : "J7Huv", k11 : false, id : 113, k6 : "e1kZO", k10 : -783611814, k13 : "w", k7 : true, k12 : "s", k8 : 358733224, k15 : 1576562535, k9 : false, k14 : false});
CREATE (n0 :L3:L2{k17 : "5c", k16 : "brL2V", k19 : false, k18 : 702318899, k20 : "P", k22 : 1794220586, id : 114, k21 : "1teu", k13 : "qr", k12 : "FQMs", k15 : -446450261, k14 : true});
CREATE (n0 :L2{k16 : "J7Huv", id : 115, k13 : "Rprtho", k12 : "8PU6Q", k15 : -1642973186, k14 : true});
CREATE (n0 :L2:L0{k16 : "Q0wz7", k0 : -560068212, k1 : 2030430252, k2 : true, k3 : false, k4 : 1736472744, id : 116, k13 : "LP", k15 : -1642973186, k14 : false});
CREATE (n0 {id : 117});
CREATE (n0 :L1:L0{k0 : -1526529894, k1 : 1769836432, k3 : true, k5 : false, k11 : true, id : 118, k6 : "bbw", k10 : -824778009, k7 : false, k8 : 358733224, k9 : false});
CREATE (n0 :L4:L3{k17 : "wBT4Moo", k19 : false, k18 : -569137208, k20 : "P", k22 : -861431664, id : 119, k21 : "1teu", k24 : 1413201836, k23 : false, k26 : true, k25 : "b"});
CREATE (n0 :L2{k16 : "R", id : 120, k13 : "TM", k12 : "k", k15 : 210520070, k14 : true});
CREATE (n0 :L3{k19 : false, k18 : -1086951093, k20 : "J", k22 : -137709642, id : 121, k21 : "jsX"});
CREATE (n0 :L4{k27 : "w", id : 122, k24 : -71216766, k23 : true, k26 : false, k25 : "A"});
CREATE (n0 :L0:L1:L4{k0 : 861571681, k1 : -980564470, k2 : true, k3 : false, k4 : 347178398, k5 : false, k11 : false, k6 : "bbw", k10 : 1176851906, k7 : true, k24 : -1762986606, k8 : -350936146, k9 : false, k26 : false, k25 : "MoAo", k27 : "IK", id : 123});
CREATE (n0 :L4{k27 : "nUaf", id : 124, k24 : 1202827659, k23 : false, k26 : true, k25 : "h"});
CREATE (n0 {id : 125});
CREATE (n0 :L1:L0:L4{k0 : -975139393, k1 : 497354640, k2 : true, k3 : false, k4 : -627666175, k5 : true, k11 : false, k6 : "2", k10 : -1336838253, k7 : true, k24 : -1046499085, k8 : 358733224, k23 : true, k9 : false, k26 : true, k25 : "V", k27 : "w", id : 126});
CREATE (n0 :L3:L2{k17 : "e", k16 : "Q0wz7", k19 : false, k18 : 1326377713, k20 : "9", k22 : -670012875, id : 127, k21 : "n", k13 : "mHH", k12 : "YbT", k15 : 1713148423, k14 : false});
MATCH (n0 {id : 61}), (n1 {id : 26}) MERGE(n0)-[r :T6{k70 : "n", k64 : "9D6AKizPO", k66 : -1713200235, id : 128, k65 : false, k68 : "8HErP3HjM", k67 : true}]->(n1);
MATCH (n0 {id : 89}), (n1 {id : 27}) MERGE(n0)-[r :T6{k70 : "F", k64 : "N", k66 : 1553710768, id : 129, k65 : false, k68 : "yFQRd", k67 : false, k69 : true}]->(n1);
MATCH (n0 {id : 110}), (n1 {id : 110}) MERGE(n0)-[r :T4{k52 : -806763, k55 : 1716220556, id : 130, k54 : "b", k57 : "DtZMa4XUq", k56 : true}]->(n1);
MATCH (n0 {id : 22}), (n1 {id : 19}) MERGE(n0)-[r :T3{k49 : "c", k50 : true, id : 131, k46 : false, k48 : true, k47 : 653380346}]->(n1);
MATCH (n0 {id : 19}), (n1 {id : 115}) MERGE(n0)-[r :T5{k60 : "c", k62 : "GVR", k61 : true, k63 : "8varhntN", id : 132, k58 : false}]->(n1);
MATCH (n0 {id : 114}), (n1 {id : 113}) MERGE(n0)-[r :T1{k39 : 601580230, k38 : 599218436, id : 133, k35 : "k", k37 : "VN2gc", k36 : 368795246}]->(n1);
MATCH (n0 {id : 105}), (n1 {id : 109}) MERGE(n0)-[r :T5{k60 : "PwSv", k62 : "6", k61 : false, k63 : "8varhntN", id : 134, k59 : -565104470, k58 : false}]->(n1);
MATCH (n0 {id : 65}), (n1 {id : 53}) MERGE(n0)-[r :T4{k51 : "531QG", k53 : "A79", k52 : -1050307295, k55 : -1035440147, id : 135, k54 : "y", k57 : "DPqq5WwdY", k56 : true}]->(n1);
MATCH (n0 {id : 8}), (n1 {id : 53}) MERGE(n0)-[r :T4{k51 : "u", k53 : "y", k52 : 1936920417, k55 : -708313544, id : 136, k57 : "j", k56 : true}]->(n1);
MATCH (n0 {id : 59}), (n1 {id : 7}) MERGE(n0)-[r :T1{k39 : -1901037879, k38 : 553411391, id : 137, k35 : "Z", k37 : "Qmq", k36 : -1416503336}]->(n1);
MATCH (n0 {id : 73}), (n1 {id : 32}) MERGE(n0)-[r :T2{k40 : true, k42 : 352783059, k41 : 676485423, k44 : 1331191792, id : 138, k43 : -2046345883, k45 : "T"}]->(n1);
MATCH (n0 {id : 114}), (n1 {id : 75}) MERGE(n0)-[r :T3{k49 : "0", k50 : false, id : 139, k46 : false, k48 : true, k47 : 45202675}]->(n1);
MATCH (n0 {id : 62}), (n1 {id : 4}) MERGE(n0)-[r :T5{k60 : "U", k62 : "GVR", k61 : false, k63 : "6DiBowq", id : 140, k59 : 1084251673, k58 : false}]->(n1);
MATCH (n0 {id : 37}), (n1 {id : 33}) MERGE(n0)-[r :T6{k70 : "4", k64 : "JGjkAZcL", k66 : 339411721, id : 141, k65 : false, k68 : "Z", k67 : true, k69 : true}]->(n1);
MATCH (n0 {id : 82}), (n1 {id : 114}) MERGE(n0)-[r :T1{k39 : -370455061, k38 : 686006969, id : 142, k35 : "U", k37 : "9", k36 : -827063023}]->(n1);
MATCH (n0 {id : 30}), (n1 {id : 41}) MERGE(n0)-[r :T6{k70 : "n", k64 : "jP6", k66 : 1537887238, id : 143, k65 : false, k68 : "ftqg8DhL", k67 : false, k69 : true}]->(n1);
MATCH (n0 {id : 76}), (n1 {id : 6}) MERGE(n0)-[r :T1{k39 : 601580230, k38 : -848255581, id : 144, k35 : "d", k36 : -1097156712}]->(n1);
MATCH (n0 {id : 5}), (n1 {id : 83}) MERGE(n0)-[r :T4{k51 : "u", k53 : "Ryzn", k52 : -1898078256, k55 : -1999321314, id : 145, k54 : "O", k57 : "f", k56 : true}]->(n1);
MATCH (n0 {id : 52}), (n1 {id : 103}) MERGE(n0)-[r :T3{k49 : "e", k50 : true, id : 146, k48 : false, k47 : 1805128144}]->(n1);
MATCH (n0 {id : 56}), (n1 {id : 113}) MERGE(n0)-[r :T4{k51 : "V", k53 : "f903RJIQx", k52 : 218696133, k55 : 321878599, id : 147, k57 : "DtZMa4XUq", k56 : true}]->(n1);
MATCH (n0 {id : 64}), (n1 {id : 120}) MERGE(n0)-[r :T2{k40 : false, k42 : -1621554485, k41 : -1628788627, k44 : 371599751, id : 148, k43 : -99657808, k45 : "O"}]->(n1);
MATCH (n0 {id : 9}), (n1 {id : 95}) MERGE(n0)-[r :T2{k40 : false, k42 : -1621554485, k41 : -799470622, k44 : 1621042817, id : 149, k43 : -99657808, k45 : "Y"}]->(n1);
MATCH (n0 {id : 4}), (n1 {id : 76}) MERGE(n0)-[r :T2{k40 : true, k42 : 1543860868, k41 : -1378910705, k44 : 1738382889, id : 150, k43 : -1350970261, k45 : "c"}]->(n1);
MATCH (n0 {id : 98}), (n1 {id : 117}) MERGE(n0)-[r :T6{k70 : "ahxrBxw", k64 : "2Ys3MO", k66 : -522738916, id : 151, k65 : false, k68 : "L", k67 : true, k69 : false}]->(n1);
MATCH (n0 {id : 27}), (n1 {id : 117}) MERGE(n0)-[r :T2{k40 : false, k42 : 1612768042, k41 : -2097317270, k44 : 1738382889, id : 152, k43 : -1009962591, k45 : "WTm"}]->(n1);
MATCH (n0 {id : 3}), (n1 {id : 44}) MERGE(n0)-[r :T6{k70 : "N", k64 : "9D6AKizPO", k66 : 661469018, id : 153, k65 : true, k68 : "ftqg8DhL", k67 : true, k69 : true}]->(n1);
MATCH (n0 {id : 47}), (n1 {id : 38}) MERGE(n0)-[r :T2{k40 : false, k42 : 1516669729, k41 : 803047033, k44 : 1576876747, id : 154, k43 : 2071651114, k45 : "Y"}]->(n1);
MATCH (n0 {id : 36}), (n1 {id : 123}) MERGE(n0)-[r :T1{k39 : 2018295087, k38 : -209857958, id : 155, k35 : "Tvez", k37 : "A", k36 : -290236163}]->(n1);
MATCH (n0 {id : 99}), (n1 {id : 68}) MERGE(n0)-[r :T6{k70 : "FBdjqZbIE", k64 : "E", k66 : -828943130, id : 156, k65 : false, k68 : "E", k67 : true, k69 : true}]->(n1);
MATCH (n0 {id : 68}), (n1 {id : 74}) MERGE(n0)-[r :T6{k70 : "p", k64 : "E", k66 : -1713200235, id : 157, k68 : "C", k67 : true, k69 : true}]->(n1);
MATCH (n0 {id : 41}), (n1 {id : 85}) MERGE(n0)-[r :T5{k60 : "PwSv", k62 : "u3VGj", k61 : true, k63 : "IQ", id : 158, k59 : 1893479685, k58 : false}]->(n1);
MATCH (n0 {id : 118}), (n1 {id : 123}) MERGE(n0)-[r :T2{k40 : false, k42 : 1612768042, k41 : 928631058, k44 : -1696173950, id : 159, k43 : 511814385, k45 : "c"}]->(n1);
MATCH (n0 {id : 54}), (n1 {id : 81}) MERGE(n0)-[r :T1{k39 : 684475239, id : 160, k35 : "cmw", k37 : "A", k36 : 1427067833}]->(n1);
MATCH (n0 {id : 5}), (n1 {id : 25}) MERGE(n0)-[r :T1{k39 : -1252050272, id : 161, k35 : "Z", k37 : "A", k36 : -827063023}]->(n1);
MATCH (n0 {id : 34}), (n1 {id : 116}) MERGE(n0)-[r :T6{k70 : "O2OB7V", k64 : "N", k66 : 946452129, id : 162, k65 : false, k68 : "CN", k67 : false, k69 : true}]->(n1);
MATCH (n0 {id : 48}), (n1 {id : 81}) MERGE(n0)-[r :T6{k70 : "t", k64 : "Gel9Ho", k66 : 1836255592, id : 163, k65 : true, k68 : "ftqg8DhL", k67 : false, k69 : true}]->(n1);
MATCH (n0 {id : 49}), (n1 {id : 126}) MERGE(n0)-[r :T2{k40 : true, k42 : -1621554485, k41 : -1247801591, id : 164, k43 : -1344740280, k45 : "O"}]->(n1);
MATCH (n0 {id : 56}), (n1 {id : 105}) MERGE(n0)-[r :T1{k39 : 2018295087, k38 : 686006969, id : 165, k35 : "k", k37 : "geS", k36 : 1427067833}]->(n1);
MATCH (n0 {id : 37}), (n1 {id : 16}) MERGE(n0)-[r :T3{k49 : "18FHsu0", k50 : true, id : 166, k46 : true, k48 : false, k47 : 859127155}]->(n1);
MATCH (n0 {id : 54}), (n1 {id : 83}) MERGE(n0)-[r :T1{k39 : -1176318294, k38 : -848255581, id : 167, k35 : "o8", k37 : "zAvI4w66A", k36 : -290236163}]->(n1);
MATCH (n0 {id : 65}), (n1 {id : 118}) MERGE(n0)-[r :T5{k60 : "A", k62 : "kjnXJy", k61 : true, k63 : "k", id : 168, k59 : -1194197753, k58 : true}]->(n1);
MATCH (n0 {id : 34}), (n1 {id : 83}) MERGE(n0)-[r :T6{k70 : "ahxrBxw", k64 : "G", k66 : -1891648286, id : 169, k65 : false, k68 : "0RVMl0kc8", k67 : true, k69 : true}]->(n1);
MATCH (n0 {id : 81}), (n1 {id : 75}) MERGE(n0)-[r :T1{k39 : 2018295087, k38 : 599218436, id : 170, k35 : "b", k37 : "zAvI4w66A", k36 : 1283128004}]->(n1);
MATCH (n0 {id : 82}), (n1 {id : 99}) MERGE(n0)-[r :T1{k39 : -1558491335, k38 : -1533081944, id : 171, k35 : "yAQFBoi", k37 : "877Bii", k36 : -1416503336}]->(n1);
MATCH (n0 {id : 42}), (n1 {id : 39}) MERGE(n0)-[r :T0{k28 : 1523301438, k29 : "e", k31 : -735703324, k33 : false, id : 172, k32 : true, k34 : true}]->(n1);
MATCH (n0 {id : 123}), (n1 {id : 21}) MERGE(n0)-[r :T2{k40 : false, k42 : -1621554485, k41 : -1932067237, k44 : -1696173950, id : 173, k43 : 1027509604, k45 : "WTm"}]->(n1);
MATCH (n0 {id : 68}), (n1 {id : 54}) MERGE(n0)-[r :T4{k51 : "pvvb4", k53 : "uLrVPun9", k52 : 1936920417, k55 : -15208820, id : 174, k54 : "9b1F", k57 : "n", k56 : true}]->(n1);
MATCH (n0 {id : 86}), (n1 {id : 126}) MERGE(n0)-[r :T6{k70 : "ahxrBxw", k64 : "N", k66 : -1891648286, id : 175, k65 : false, k68 : "yFQRd", k69 : true}]->(n1);
MATCH (n0 {id : 106}), (n1 {id : 116}) MERGE(n0)-[r :T3{k49 : "Mo", k50 : false, id : 176, k48 : false, k47 : 1018661803}]->(n1);
MATCH (n0 {id : 82}), (n1 {id : 11}) MERGE(n0)-[r :T2{k40 : false, k41 : -1247801591, k44 : -1097607846, id : 177, k43 : -522498281, k45 : "F"}]->(n1);
MATCH (n0 {id : 24}), (n1 {id : 76}) MERGE(n0)-[r :T1{k39 : 335893908, k38 : -209857958, id : 178, k35 : "O", k37 : "4", k36 : 1283128004}]->(n1);
MATCH (n0 {id : 79}), (n1 {id : 119}) MERGE(n0)-[r :T1{k39 : 335893908, k38 : -1533081944, id : 179, k35 : "U", k37 : "d", k36 : 16440558}]->(n1);
MATCH (n0 {id : 88}), (n1 {id : 101}) MERGE(n0)-[r :T0{k28 : -1363647269, k29 : "c", k31 : 2068103906, k30 : true, k33 : false, id : 180, k32 : false, k34 : true}]->(n1);
MATCH (n0 {id : 42}), (n1 {id : 75}) MERGE(n0)-[r :T1{k39 : 684475239, k38 : 901555610, id : 181, k35 : "txUY8p", k37 : "a", k36 : 1251966984}]->(n1);
MATCH (n0 {id : 61}), (n1 {id : 99}) MERGE(n0)-[r :T4{k51 : "Tnf8JLPc1", k53 : "7o", k52 : 1168462160, k55 : 1899661934, id : 182, k54 : "3gi", k57 : "Jm", k56 : true}]->(n1);
MATCH (n0 {id : 1}), (n1 {id : 53}) MERGE(n0)-[r :T0{k28 : 116419171, k29 : "e", k31 : -1639757386, k30 : false, k33 : false, id : 183, k32 : false, k34 : false}]->(n1);
MATCH (n0 {id : 15}), (n1 {id : 83}) MERGE(n0)-[r :T0{k28 : 1523301438, k31 : 1701585054, k30 : true, id : 184, k32 : true, k34 : false}]->(n1);
MATCH (n0 {id : 72}), (n1 {id : 27}) MERGE(n0)-[r :T2{k40 : true, k41 : 803047033, k44 : 1331191792, id : 185, k43 : -1009962591, k45 : "t"}]->(n1);
MATCH (n0 {id : 99}), (n1 {id : 87}) MERGE(n0)-[r :T0{k28 : 116419171, k29 : "cH2", k31 : -469717414, k30 : false, k33 : false, id : 186, k32 : false, k34 : true}]->(n1);
MATCH (n0 {id : 104}), (n1 {id : 0}) MERGE(n0)-[r :T0{k28 : 62285743, k31 : 1799217643, k30 : false, k33 : false, id : 187, k32 : false, k34 : false}]->(n1);
MATCH (n0 {id : 42}), (n1 {id : 38}) MERGE(n0)-[r :T5{k60 : "A", k62 : "18wSs", k61 : true, k63 : "6DiBowq", id : 188, k59 : -772372508, k58 : false}]->(n1);
MATCH (n0 {id : 12}), (n1 {id : 107}) MERGE(n0)-[r :T6{k70 : "N", k64 : "4tr6", k66 : -828943130, id : 189, k65 : false, k68 : "XDrGj", k67 : true, k69 : false}]->(n1);
MATCH (n0 {id : 126}), (n1 {id : 82}) MERGE(n0)-[r :T6{k70 : "N", k66 : -1891648286, id : 190, k65 : true, k68 : "DC", k67 : false, k69 : true}]->(n1);
MATCH (n0 {id : 21}), (n1 {id : 109}) MERGE(n0)-[r :T5{k60 : "J", k62 : "HckmFC", k61 : true, k63 : "dn", id : 191, k59 : -1003852804, k58 : true}]->(n1);
MATCH (n0 {id : 63}), (n1 {id : 107}) MERGE(n0)-[r :T2{k40 : false, k42 : 1612768042, k41 : 377951060, k44 : 1738382889, id : 192, k43 : -1009962591, k45 : "9"}]->(n1);
MATCH (n0 {id : 124}), (n1 {id : 108}) MERGE(n0)-[r :T6{k70 : "n", k64 : "2Ys3MO", k66 : -1891648286, id : 193, k65 : false, k68 : "0", k67 : false, k69 : true}]->(n1);
MATCH (n0 {id : 11}), (n1 {id : 54}) MERGE(n0)-[r :T6{k70 : "H8WZB", k64 : "T", k66 : 946452129, id : 194, k65 : false, k68 : "0RVMl0kc8", k67 : true, k69 : true}]->(n1);
MATCH (n0 {id : 104}), (n1 {id : 59}) MERGE(n0)-[r :T0{k28 : -1121883095, k29 : "Pz9H", k31 : -735703324, k30 : true, k33 : true, id : 195, k32 : true, k34 : false}]->(n1);
MATCH (n0 {id : 89}), (n1 {id : 4}) MERGE(n0)-[r :T1{k39 : -1213836831, k38 : -991882979, id : 196, k35 : "9o0Z64R", k37 : "877Bii", k36 : 471114234}]->(n1);
MATCH (n0 {id : 116}), (n1 {id : 3}) MERGE(n0)-[r :T0{k28 : -1559484632, k29 : "M", k31 : -518652965, k30 : true, k33 : false, id : 197, k32 : true, k34 : false}]->(n1);
MATCH (n0 {id : 43}), (n1 {id : 38}) MERGE(n0)-[r :T4{k51 : "Z", k53 : "dTai", k52 : -1898078256, k55 : 321878599, id : 198, k54 : "Y", k57 : "DtZMa4XUq", k56 : false}]->(n1);
MATCH (n0 {id : 126}), (n1 {id : 2}) MERGE(n0)-[r :T0{k28 : 981791466, k31 : -492098877, k30 : true, k33 : true, id : 199, k32 : true, k34 : false}]->(n1);
MATCH (n0 {id : 97}), (n1 {id : 52}) MERGE(n0)-[r :T2{k40 : true, k41 : -456443533, k44 : 1365891021, id : 200, k43 : 1781033732, k45 : "4fqw0OT"}]->(n1);
MATCH (n0 {id : 87}), (n1 {id : 47}) MERGE(n0)-[r :T3{k49 : "NgdxwIv4i", k50 : false, id : 201, k48 : true, k47 : -1413108411}]->(n1);
MATCH (n0 {id : 48}), (n1 {id : 59}) MERGE(n0)-[r :T4{k51 : "G5b6p2Y", k53 : "OA", k52 : -259335130, id : 202, k54 : "3", k57 : "F", k56 : true}]->(n1);
MATCH (n0 {id : 113}), (n1 {id : 6}) MERGE(n0)-[r :T1{k39 : 601580230, k38 : -1808094148, id : 203, k35 : "cmw", k37 : "aj", k36 : -738617303}]->(n1);
MATCH (n0 {id : 97}), (n1 {id : 91}) MERGE(n0)-[r :T6{k70 : "N", k64 : "G", k66 : -1713200235, id : 204, k65 : false, k68 : "0RVMl0kc8", k67 : true, k69 : false}]->(n1);
MATCH (n0 {id : 20}), (n1 {id : 122}) MERGE(n0)-[r :T5{k60 : "E", k62 : "kPuR", k61 : true, k63 : "H", id : 205, k59 : 161740171, k58 : false}]->(n1);
MATCH (n0 {id : 102}), (n1 {id : 35}) MERGE(n0)-[r :T0{k28 : -2036291081, k29 : "PDg", k31 : 789311723, k30 : false, k33 : false, id : 206, k32 : false, k34 : true}]->(n1);
MATCH (n0 {id : 86}), (n1 {id : 114}) MERGE(n0)-[r :T1{k39 : 652126656, k38 : 292562554, id : 207, k35 : "Z", k37 : "877Bii", k36 : 16440558}]->(n1);
MATCH (n0 {id : 72}), (n1 {id : 86}) MERGE(n0)-[r :T3{k49 : "d", k50 : false, id : 208, k46 : true, k48 : true, k47 : 1805128144}]->(n1);
MATCH (n0 {id : 63}), (n1 {id : 23}) MERGE(n0)-[r :T6{k70 : "NY", k64 : "JGjkAZcL", k66 : 1553710768, id : 209, k65 : true, k68 : "Bhn4", k67 : true, k69 : false}]->(n1);
MATCH (n0 {id : 10}), (n1 {id : 37}) MERGE(n0)-[r :T2{k40 : false, k42 : 158824176, k41 : -2097317270, k44 : -1097607846, id : 210, k43 : 991034774, k45 : "Y"}]->(n1);
MATCH (n0 {id : 100}), (n1 {id : 34}) MERGE(n0)-[r :T4{k51 : "G5b6p2Y", k53 : "f903RJIQx", k52 : -1050307295, k55 : -836310912, id : 211, k54 : "zl9e7m", k57 : "n", k56 : false}]->(n1);
MATCH (n0 {id : 40}), (n1 {id : 125}) MERGE(n0)-[r :T2{k40 : false, k42 : -2117105512, k41 : 219882999, k44 : 1238444234, id : 212, k43 : 1027509604, k45 : "F"}]->(n1);
MATCH (n0 {id : 30}), (n1 {id : 55}) MERGE(n0)-[r :T5{k60 : "UfQ", k62 : "k", k61 : true, k63 : "dn", id : 213, k59 : -810142117, k58 : true}]->(n1);
MATCH (n0 {id : 1}), (n1 {id : 52}) MERGE(n0)-[r :T4{k51 : "UW4MW2m", k53 : "w", k52 : -1796803238, k55 : 1104862014, id : 214, k54 : "9b1F", k57 : "eDHKYELz"}]->(n1);
MATCH (n0 {id : 39}), (n1 {id : 33}) MERGE(n0)-[r :T4{k51 : "i", k53 : "f903RJIQx", k52 : -1898078256, k55 : -785870694, id : 215, k54 : "3", k57 : "G71QS", k56 : true}]->(n1);
MATCH (n0 {id : 34}), (n1 {id : 53}) MERGE(n0)-[r :T3{k49 : "m2CrkHnO", k50 : true, id : 216, k46 : true, k48 : false, k47 : -1413108411}]->(n1);
MATCH (n0 {id : 114}), (n1 {id : 95}) MERGE(n0)-[r :T0{k28 : -1680211887, k29 : "3Q", k31 : 199443255, k30 : true, k33 : true, id : 217, k32 : true, k34 : false}]->(n1);
MATCH (n0 {id : 63}), (n1 {id : 108}) MERGE(n0)-[r :T5{k60 : "UfQ", k61 : true, id : 218, k59 : 1264818323, k58 : true}]->(n1);
MATCH (n0 {id : 28}), (n1 {id : 115}) MERGE(n0)-[r :T5{k60 : "w", k62 : "k2DqCPwY", k61 : false, k63 : "w", id : 219, k59 : 814136307, k58 : false}]->(n1);
MATCH (n0 {id : 57}), (n1 {id : 80}) MERGE(n0)-[r :T0{k28 : -2036291081, k29 : "ZadOBQ", k31 : 1799217643, k30 : false, k33 : false, id : 220, k32 : true, k34 : true}]->(n1);
MATCH (n0 {id : 25}), (n1 {id : 89}) MERGE(n0)-[r :T5{k60 : "UfQ", k62 : "jXzz", k61 : false, k63 : "H", id : 221, k59 : -381791088, k58 : true}]->(n1);
MATCH (n0 {id : 74}), (n1 {id : 68}) MERGE(n0)-[r :T1{k39 : -1213836831, k38 : -1343308789, id : 222, k35 : "txUY8p", k37 : "geS", k36 : -1416503336}]->(n1);
MATCH (n0 {id : 88}), (n1 {id : 114}) MERGE(n0)-[r :T5{k60 : "Hw", k62 : "GVR", k61 : true, k63 : "1W", id : 223, k59 : 1893479685, k58 : false}]->(n1);
MATCH (n0 {id : 121}), (n1 {id : 22}) MERGE(n0)-[r :T6{k70 : "AefDyDozZ", k64 : "LgG", k66 : 946452129, id : 224, k65 : true, k68 : "f", k67 : false, k69 : true}]->(n1);
MATCH (n0 {id : 75}), (n1 {id : 119}) MERGE(n0)-[r :T2{k40 : false, k42 : 352783059, k41 : 219882999, k44 : 397015421, id : 225, k43 : 511814385, k45 : "c"}]->(n1);
MATCH (n0 {id : 113}), (n1 {id : 92}) MERGE(n0)-[r :T5{k60 : "1", k62 : "zv", k61 : true, k63 : "1", id : 226, k59 : 161740171, k58 : false}]->(n1);
MATCH (n0 {id : 74}), (n1 {id : 110}) MERGE(n0)-[r :T2{k40 : true, k42 : -226765358, k41 : -1628788627, k44 : 21897976, id : 227, k43 : -1870400887, k45 : "ZT"}]->(n1);
MATCH (n0 {id : 120}), (n1 {id : 95}) MERGE(n0)-[r :T5{k60 : "2b", k62 : "18wSs", k61 : false, k63 : "8varhntN", id : 228, k59 : -1194197753, k58 : false}]->(n1);
MATCH (n0 {id : 116}), (n1 {id : 64}) MERGE(n0)-[r :T2{k40 : true, k42 : 158824176, k41 : -2097317270, k44 : 1344936976, id : 229, k45 : "v"}]->(n1);
MATCH (n0 {id : 102}), (n1 {id : 75}) MERGE(n0)-[r :T3{k49 : "X", k50 : false, id : 230, k46 : false, k48 : false, k47 : 815416625}]->(n1);
MATCH (n0 {id : 82}), (n1 {id : 62}) MERGE(n0)-[r :T5{k60 : "w", k62 : "18wSs", k63 : "EO", id : 231, k59 : -1726908730, k58 : true}]->(n1);
MATCH (n0 {id : 95}), (n1 {id : 96}) MERGE(n0)-[r :T5{k60 : "w", k61 : false, k63 : "pe", id : 232, k59 : 161740171, k58 : true}]->(n1);
MATCH (n0 {id : 86}), (n1 {id : 99}) MERGE(n0)-[r :T2{k40 : true, k42 : 1612768042, k41 : -456443533, k44 : 1932108557, id : 233, k43 : -1009962591, k45 : "q"}]->(n1);
MATCH (n0 {id : 34}), (n1 {id : 38}) MERGE(n0)-[r :T2{k40 : true, k42 : 1559702173, k41 : 1917189478, k44 : 1932108557, id : 234, k43 : -1344740280, k45 : "O"}]->(n1);
MATCH (n0 {id : 17}), (n1 {id : 37}) MERGE(n0)-[r :T2{k40 : false, k42 : -226765358, k41 : -1119101023, k44 : 1238444234, id : 235, k43 : -1009962591, k45 : "WTm"}]->(n1);
MATCH (n0 {id : 0}), (n1 {id : 20}) MERGE(n0)-[r :T6{k70 : "NY", k64 : "2Ys3MO", k66 : 1836255592, id : 236, k65 : false, k67 : true, k69 : true}]->(n1);
MATCH (n0 {id : 80}), (n1 {id : 56}) MERGE(n0)-[r :T3{k49 : "X", k50 : true, id : 237, k46 : true, k48 : false, k47 : 45202675}]->(n1);
MATCH (n0 {id : 90}), (n1 {id : 125}) MERGE(n0)-[r :T5{k60 : "2b", k62 : "k2DqCPwY", k61 : false, k63 : "1", id : 238, k59 : -1792888797, k58 : false}]->(n1);
MATCH (n0 {id : 39}), (n1 {id : 58}) MERGE(n0)-[r :T1{k39 : 684475239, k38 : -1533081944, id : 239, k35 : "o8", k36 : 16440558}]->(n1);
MATCH (n0 {id : 47}), (n1 {id : 15}) MERGE(n0)-[r :T6{k70 : "ahxrBxw", k64 : "EG", k66 : -828943130, id : 240, k65 : false, k68 : "CN", k67 : false, k69 : false}]->(n1);
MATCH (n0 {id : 8}), (n1 {id : 3}) MERGE(n0)-[r :T1{k39 : -1176318294, k38 : -1504045337, id : 241, k35 : "w", k37 : "geS", k36 : 1283128004}]->(n1);
MATCH (n0 {id : 74}), (n1 {id : 22}) MERGE(n0)-[r :T6{k70 : "T", k64 : "LgG", k66 : 1836255592, id : 242, k65 : false, k68 : "7", k67 : true, k69 : true}]->(n1);
MATCH (n0 {id : 66}), (n1 {id : 25}) MERGE(n0)-[r :T6{k70 : "f", k64 : "2Ys3MO", k66 : 1993062103, id : 243, k65 : false, k68 : "rI", k67 : false, k69 : true}]->(n1);
MATCH (n0 {id : 33}), (n1 {id : 47}) MERGE(n0)-[r :T5{k60 : "aXQpE3jTD", k62 : "i44FX", k61 : false, k63 : "1", id : 244, k59 : 161740171, k58 : true}]->(n1);