CREATE INDEX ON :__mg_vertex__(__mg_id__);
CREATE (:__mg_vertex__:`L0`:`L5` {__mg_id__: 19202, `k5`: false, `k37`: "ikP", `k36`: true, `k35`: "BL", `k1`: -1881336446, `k33`: -1878758221, `k34`: -1589869944, `k32`: -1924145230, `k2`: true, `k4`: 77848889, `id`: 0, `k3`: "B", `k0`: 1609758154});
CREATE (:__mg_vertex__:`L3`:`L4` {__mg_id__: 19203, `k23`: "V", `k26`: true, `k25`: "ViC", `k24`: false, `k22`: false, `k21`: false, `k20`: false, `k31`: "8", `k29`: "ZyI", `id`: 1});
CREATE (:__mg_vertex__:`L2` {__mg_id__: 19204, `k17`: "ywTm3Efc", `k18`: "8gZaWTOpf", `k19`: "v", `k15`: "uL", `id`: 2, `k16`: false, `k14`: "K", `k13`: "8XIK"});
CREATE (:__mg_vertex__:`L0` {__mg_id__: 19205, `k2`: true, `k4`: 1178751978, `id`: 3, `k3`: "at3", `k0`: 1609758154});
CREATE (:__mg_vertex__:`L4`:`L6` {__mg_id__: 19206, `k26`: false, `k25`: "ZW", `k44`: "Q", `k28`: "8d", `k31`: "gO7aEDhq", `k40`: -300642920, `k41`: true, `k29`: "9zp5Kx9iJ", `k30`: -493418617, `k43`: "F", `k38`: "3", `id`: 4, `k39`: 1807171031, `k42`: 891911155});
CREATE (:__mg_vertex__:`L0` {__mg_id__: 19207, `k5`: false, `k1`: -1881336446, `k2`: false, `k4`: -1683490527, `id`: 5, `k3`: "fN2VE0z", `k0`: -2014354837});
CREATE (:__mg_vertex__:`L3`:`L6` {__mg_id__: 19208, `k23`: "TStO", `k24`: false, `k22`: true, `k21`: true, `k20`: true, `k44`: "Q", `k40`: 208963069, `k43`: "DYYJ0", `k38`: "fPz", `id`: 6, `k42`: 961861823});
CREATE (:__mg_vertex__:`L1`:`L4` {__mg_id__: 19209, `k9`: true, `k7`: "jx", `k8`: "L", `k11`: true, `k10`: false, `k6`: -1624431768, `k27`: 1235261792, `k26`: false, `k25`: "OHZa", `k28`: "z", `k31`: "Wz", `k29`: "QqiMKzq", `k30`: 401664258, `id`: 7, `k12`: "WwmS"});
CREATE (:__mg_vertex__:`L1`:`L4` {__mg_id__: 19210, `k9`: false, `k7`: "l", `k8`: "W", `k11`: true, `k10`: false, `k6`: 194510091, `k27`: 1228148328, `k26`: true, `k25`: "d", `k31`: "7", `k29`: "ZyI", `k30`: 1658887134, `id`: 8, `k12`: "C"});
CREATE (:__mg_vertex__:`L2` {__mg_id__: 19211, `k17`: "FAg", `k18`: "M", `k19`: "zs", `k15`: "Jrl", `id`: 9, `k16`: true, `k13`: "v5"});
CREATE (:__mg_vertex__:`L4` {__mg_id__: 19212, `k26`: false, `k25`: "5", `k28`: "L", `k31`: "RK", `k30`: 1169511410, `id`: 10});
CREATE (:__mg_vertex__:`L0`:`L1`:`L3` {__mg_id__: 19213, `k23`: "V", `k9`: false, `k7`: "Ue", `k8`: "2", `k11`: true, `k10`: true, `k6`: 1538478026, `k24`: true, `k22`: true, `k21`: true, `k20`: true, `k1`: -1256896600, `k2`: true, `k4`: -767690197, `id`: 11, `k3`: "1LALOszao", `k0`: 1609758154, `k12`: "s"});
CREATE (:__mg_vertex__:`L1` {__mg_id__: 19214, `k9`: true, `k7`: "6p", `k8`: "c", `k11`: true, `k10`: false, `k6`: -1803373638, `id`: 12});
CREATE (:__mg_vertex__:`L1` {__mg_id__: 19215, `k9`: false, `k7`: "hl", `k8`: "7", `k11`: true, `k10`: false, `k6`: -1624431768, `id`: 13, `k12`: "e"});
CREATE (:__mg_vertex__:`L6`:`L5`:`L3` {__mg_id__: 19216, `k23`: "V", `k24`: true, `k22`: true, `k21`: false, `k20`: true, `k44`: "b", `k37`: "PRk97W8Ya", `k36`: true, `k35`: "sS77EJuGm", `k40`: 1274057351, `k33`: -901606142, `k41`: true, `k32`: -665212384, `k43`: "Q0GtRG", `k38`: "3", `id`: 14, `k39`: -2006618332, `k42`: 984411101});
CREATE (:__mg_vertex__:`L4`:`L0` {__mg_id__: 19217, `k27`: 2004933547, `k26`: false, `k25`: "Hl", `k5`: true, `k1`: -685658229, `k28`: "pR", `k31`: "Wz", `k29`: "9", `k30`: -263131298, `k2`: true, `k4`: 1178751978, `id`: 15, `k3`: "9r", `k0`: -1170819443});
CREATE (:__mg_vertex__:`L4`:`L1`:`L5` {__mg_id__: 19218, `k9`: true, `k7`: "rsh", `k8`: "W", `k11`: true, `k10`: true, `k6`: -990736272, `k27`: 614203724, `k26`: false, `k25`: "d", `k37`: "s", `k36`: true, `k35`: "XQG", `k28`: "p", `k31`: "5qM0VvEo", `k33`: 1835370901, `k34`: -12130850, `k29`: "QqiMKzq", `k30`: -814643936, `k32`: 332823810, `id`: 16, `k12`: "s"});
CREATE (:__mg_vertex__ {__mg_id__: 19219, `id`: 17});
CREATE (:__mg_vertex__:`L2` {__mg_id__: 19220, `k17`: "MQrACBO", `k18`: "mSVnT", `k19`: "J", `k15`: "iktm", `id`: 18, `k16`: false, `k14`: "EomLwo", `k13`: "y"});
CREATE (:__mg_vertex__:`L2`:`L4`:`L1` {__mg_id__: 19221, `k9`: true, `k7`: "j", `k8`: "ssATDRL", `k10`: true, `k6`: 684132208, `k27`: 966998034, `k26`: false, `k25`: "SrA8", `k17`: "5", `k18`: "j", `k19`: "SiRQ847yF", `k15`: "f", `k28`: "f", `k31`: "X", `k29`: "QqiMKzq", `k30`: -814643936, `id`: 19, `k16`: true, `k14`: "d", `k13`: "v5", `k12`: "uF3"});
CREATE (:__mg_vertex__:`L4` {__mg_id__: 19222, `k27`: 2004933547, `k26`: false, `k25`: "JzpT0ZP", `k28`: "8", `k31`: "I", `k29`: "1", `k30`: 494826374, `id`: 20});
CREATE (:__mg_vertex__ {__mg_id__: 19223, `id`: 21});
CREATE (:__mg_vertex__:`L3` {__mg_id__: 19224, `k23`: "6nJDNNat", `k24`: true, `k22`: false, `k21`: true, `k20`: false, `id`: 22});
CREATE (:__mg_vertex__:`L3`:`L5` {__mg_id__: 19225, `k23`: "jZ", `k24`: true, `k22`: true, `k21`: true, `k20`: false, `k37`: "6", `k36`: false, `k35`: "g3", `k34`: 1761368612, `k32`: -928268616, `id`: 23});
CREATE (:__mg_vertex__:`L5`:`L1` {__mg_id__: 19226, `k9`: true, `k7`: "4", `k8`: "2K", `k11`: true, `k10`: false, `k6`: 684132208, `k37`: "sdVS", `k36`: false, `k35`: "sh", `k33`: 1385909592, `k34`: 1790143565, `k32`: -1520832286, `id`: 24, `k12`: "eF"});
CREATE (:__mg_vertex__:`L3` {__mg_id__: 19227, `k23`: "idj0Y2", `k24`: true, `k22`: true, `k21`: true, `k20`: false, `id`: 25});
CREATE (:__mg_vertex__:`L6`:`L2` {__mg_id__: 19228, `k17`: "W", `k18`: "i", `k19`: "XU", `k44`: "3", `k15`: "t", `k40`: -901932979, `k41`: false, `k43`: "Ev4T", `k38`: "IrRc", `id`: 26, `k39`: -1573087410, `k42`: -1912173590, `k16`: false, `k14`: "O", `k13`: "WB"});
CREATE (:__mg_vertex__:`L3` {__mg_id__: 19229, `k23`: "Tz5nlSCDz", `k24`: false, `k22`: false, `k21`: false, `k20`: false, `id`: 27});
CREATE (:__mg_vertex__:`L1` {__mg_id__: 19230, `k9`: true, `k7`: "n", `k8`: "2", `k11`: false, `k10`: true, `k6`: 1822407065, `id`: 28, `k12`: "16R"});
CREATE (:__mg_vertex__:`L1` {__mg_id__: 19231, `k9`: true, `k7`: "hl", `k11`: true, `k10`: true, `k6`: 1726596247, `id`: 29, `k12`: "VJj8e8"});
CREATE (:__mg_vertex__:`L5`:`L2` {__mg_id__: 19232, `k17`: "MQrACBO", `k18`: "LtQTIO5", `k19`: "E", `k37`: "s", `k36`: false, `k35`: "sh", `k15`: "f", `k33`: 1259834200, `k32`: 1321842142, `id`: 30, `k16`: false, `k14`: "7", `k13`: "k"});
CREATE (:__mg_vertex__:`L2` {__mg_id__: 19233, `k17`: "pj", `k18`: "8t", `k19`: "ot", `k15`: "5", `id`: 31, `k16`: false, `k14`: "G", `k13`: "WB"});
CREATE (:__mg_vertex__:`L2` {__mg_id__: 19234, `k17`: "ywTm3Efc", `k18`: "j", `k19`: "T", `k15`: "5", `id`: 32, `k16`: false, `k14`: "NDMcEAv", `k13`: "3TwPJ"});
CREATE (:__mg_vertex__:`L3`:`L6`:`L0` {__mg_id__: 19235, `k23`: "P", `k24`: false, `k22`: false, `k21`: false, `k20`: true, `k5`: false, `k44`: "dLTdf6J8L", `k1`: 281275775, `k40`: 2093434398, `k41`: true, `k43`: "DYYJ0", `k38`: "fPz", `k2`: true, `k4`: -1705621051, `id`: 33, `k39`: -1573087410, `k3`: "ST0ct", `k42`: -1316421247, `k0`: 31966412});
CREATE (:__mg_vertex__:`L6`:`L3` {__mg_id__: 19236, `k23`: "soH2WN93", `k24`: true, `k22`: true, `k21`: true, `k20`: false, `k44`: "PmakkS0a", `k40`: 1274057351, `k41`: true, `k43`: "pnF", `k38`: "D", `id`: 34, `k39`: 2059834198, `k42`: 891911155});
CREATE (:__mg_vertex__:`L1`:`L5`:`L0` {__mg_id__: 19237, `k9`: true, `k7`: "rsh", `k8`: "e", `k11`: false, `k10`: false, `k6`: 1729252051, `k5`: true, `k37`: "ikP", `k36`: false, `k35`: "jES6ClE", `k1`: 1519218911, `k33`: -717751638, `k34`: 1226926651, `k32`: -1322066438, `k2`: false, `k4`: -1808693058, `id`: 35, `k3`: "wPJc", `k0`: 1189739604, `k12`: "16R"});
CREATE (:__mg_vertex__:`L6` {__mg_id__: 19238, `k44`: "9U9qB", `k40`: 1274057351, `k41`: true, `k43`: "hHyq4TXG3", `k38`: "Ds", `id`: 36, `k39`: 807932890, `k42`: 1967340951});
CREATE (:__mg_vertex__:`L4` {__mg_id__: 19239, `k27`: 1711944408, `k26`: false, `k25`: "OHZa", `k28`: "0Zaw", `k31`: "fDH3Rl", `k29`: "awlmE", `k30`: -263131298, `id`: 37});
CREATE (:__mg_vertex__:`L2` {__mg_id__: 19240, `k17`: "V", `k18`: "cduS2Ip", `k19`: "v", `id`: 38, `k16`: true, `k14`: "91"});
CREATE (:__mg_vertex__ {__mg_id__: 19241, `id`: 39});
CREATE (:__mg_vertex__:`L0`:`L3`:`L5` {__mg_id__: 19242, `k23`: "TStO", `k24`: true, `k22`: true, `k21`: false, `k20`: false, `k5`: true, `k37`: "PRk97W8Ya", `k36`: false, `k35`: "fxB", `k1`: -5760329, `k33`: 2131336578, `k34`: 1651902440, `k32`: -1178819163, `k2`: false, `k4`: -2045350376, `id`: 40, `k3`: "9r", `k0`: -1305222185});
CREATE (:__mg_vertex__:`L0` {__mg_id__: 19243, `k5`: false, `k1`: 281275775, `k2`: true, `id`: 41, `k3`: "Z", `k0`: -417267310});
CREATE (:__mg_vertex__:`L1` {__mg_id__: 19244, `k9`: true, `k7`: "n", `k8`: "2", `k11`: true, `k6`: -1085550916, `id`: 42, `k12`: "C"});
CREATE (:__mg_vertex__:`L6` {__mg_id__: 19245, `k44`: "b", `k40`: 208963069, `k41`: true, `k43`: "pnF", `k38`: "A", `id`: 43, `k39`: -1462740308, `k42`: 984411101});
CREATE (:__mg_vertex__:`L6` {__mg_id__: 19246, `k44`: "y", `k40`: -800346727, `k41`: true, `k43`: "3Ws", `k38`: "Ds", `id`: 44, `k42`: -1337216915});
CREATE (:__mg_vertex__:`L4`:`L3`:`L2` {__mg_id__: 19247, `k23`: "7bL", `k27`: 1940872109, `k26`: false, `k25`: "o9EVvDw", `k24`: false, `k17`: "ywTm3Efc", `k18`: "mSVnT", `k22`: false, `k21`: false, `k20`: false, `k19`: "WNS", `k15`: "o9", `k28`: "p", `k31`: "Wz", `k29`: "O", `k30`: -263131298, `id`: 45, `k16`: false, `k14`: "O", `k13`: "Qk"});
CREATE (:__mg_vertex__:`L6`:`L4`:`L5` {__mg_id__: 19248, `k27`: 681777976, `k25`: "SrA8", `k44`: "G", `k37`: "UhrK", `k36`: true, `k35`: "XQG", `k28`: "2E", `k31`: "7", `k40`: 208963069, `k33`: 1259834200, `k41`: true, `k34`: 233840066, `k29`: "xf", `k30`: 1169511410, `k32`: -665212384, `k43`: "hHyq4TXG3", `k38`: "H", `id`: 46, `k39`: 211082330, `k42`: 1800288434});
CREATE (:__mg_vertex__:`L5` {__mg_id__: 19249, `k37`: "s", `k36`: false, `k35`: "fxB", `k33`: -669890244, `k34`: 1790143565, `k32`: -1638442046, `id`: 47});
CREATE (:__mg_vertex__:`L1` {__mg_id__: 19250, `k9`: true, `k7`: "n", `k8`: "k", `k11`: true, `k10`: true, `k6`: -1626892726, `id`: 48});
CREATE (:__mg_vertex__:`L5` {__mg_id__: 19251, `k37`: "s", `k36`: true, `k33`: 1601038191, `k34`: 355314650, `k32`: -1267880783, `id`: 49});
CREATE (:__mg_vertex__:`L2`:`L3` {__mg_id__: 19252, `k23`: "kA7w", `k24`: true, `k17`: "3", `k18`: "556KziCg", `k22`: true, `k21`: true, `k20`: false, `k19`: "1", `k15`: "y", `id`: 50, `k16`: true, `k14`: "o", `k13`: "y"});
CREATE (:__mg_vertex__:`L1` {__mg_id__: 19253, `k9`: true, `k7`: "Q", `k8`: "L", `k11`: false, `k10`: true, `k6`: 232289142, `id`: 51});
CREATE (:__mg_vertex__:`L1`:`L4` {__mg_id__: 19254, `k9`: false, `k7`: "lHX", `k8`: "E", `k11`: false, `k10`: false, `k6`: 1729252051, `k27`: 1706542574, `k26`: true, `k25`: "s", `k28`: "wXicwvF", `k31`: "RN", `k29`: "3B", `id`: 52, `k12`: "WwmS"});
CREATE (:__mg_vertex__:`L2`:`L1`:`L4` {__mg_id__: 19255, `k9`: false, `k7`: "hl", `k8`: "W", `k11`: false, `k10`: true, `k6`: -1624431768, `k27`: 966998034, `k26`: false, `k25`: "P", `k17`: "3", `k18`: "8", `k19`: "SiRQ847yF", `k15`: "5Q", `k28`: "8", `k31`: "8O", `k29`: "T", `k30`: -2033459981, `id`: 53, `k16`: false, `k14`: "o", `k13`: "lr", `k12`: "EkKaXb5"});
CREATE (:__mg_vertex__:`L4`:`L6` {__mg_id__: 19256, `k27`: 1235261792, `k26`: false, `k25`: "OHZa", `k44`: "OPU", `k28`: "PJvy", `k40`: -448440128, `k41`: true, `k29`: "kvgKLjc", `k30`: 952220280, `k43`: "MU", `k38`: "IrRc", `id`: 54, `k39`: -1694431328, `k42`: 379075061});
CREATE (:__mg_vertex__:`L3`:`L4`:`L0` {__mg_id__: 19257, `k23`: "TStO", `k27`: 1706542574, `k26`: false, `k24`: true, `k22`: false, `k21`: false, `k20`: false, `k5`: false, `k1`: -1881336446, `k28`: "Ul", `k31`: "gO7aEDhq", `k29`: "R", `k30`: -263131298, `k2`: false, `k4`: -938136050, `id`: 55, `k3`: "Z", `k0`: -756510062});
CREATE (:__mg_vertex__:`L2` {__mg_id__: 19258, `k17`: "MQrACBO", `k18`: "8gZaWTOpf", `k15`: "uL", `id`: 56, `k16`: false, `k14`: "8", `k13`: "z"});
CREATE (:__mg_vertex__ {__mg_id__: 19259, `id`: 57});
CREATE (:__mg_vertex__:`L5` {__mg_id__: 19260, `k37`: "x", `k36`: false, `k35`: "BL", `k33`: -669890244, `k34`: 1070164201, `k32`: -1924145230, `id`: 58});
CREATE (:__mg_vertex__:`L0`:`L2` {__mg_id__: 19261, `k17`: "wEQ", `k18`: "8gZaWTOpf", `k19`: "jt", `k5`: false, `k15`: "5Q", `k1`: -702509921, `k2`: true, `k4`: -2045350376, `id`: 59, `k3`: "X1", `k0`: -233123599, `k16`: true, `k14`: "NDMcEAv", `k13`: "0"});
CREATE (:__mg_vertex__ {__mg_id__: 19262, `id`: 60});
CREATE (:__mg_vertex__ {__mg_id__: 19263, `id`: 61});
CREATE (:__mg_vertex__:`L6`:`L1` {__mg_id__: 19264, `k9`: false, `k7`: "j", `k8`: "c", `k11`: true, `k10`: true, `k6`: 1538478026, `k44`: "b", `k40`: 1475085905, `k41`: true, `k43`: "zbaME8F", `k38`: "ERY", `id`: 62, `k42`: 1800288434, `k12`: "16R"});
CREATE (:__mg_vertex__:`L6`:`L1` {__mg_id__: 19265, `k9`: true, `k7`: "j", `k8`: "ssATDRL", `k11`: true, `k10`: true, `k6`: 194510091, `k44`: "Nwmjea", `k40`: 743964663, `k41`: true, `k43`: "i", `k38`: "A", `id`: 63, `k39`: -1573087410, `k42`: -1912173590, `k12`: "6"});
CREATE (:__mg_vertex__ {__mg_id__: 19266, `id`: 64});
CREATE (:__mg_vertex__:`L3` {__mg_id__: 19267, `k23`: "P", `k24`: true, `k22`: true, `k21`: true, `k20`: false, `id`: 65});
CREATE (:__mg_vertex__:`L0`:`L3`:`L5` {__mg_id__: 19268, `k23`: "x", `k24`: true, `k22`: true, `k21`: true, `k20`: false, `k5`: true, `k36`: false, `k35`: "j0U", `k1`: 187560637, `k33`: 1259834200, `k34`: -316129671, `k32`: -1804181598, `k2`: true, `k4`: -1683490527, `id`: 66, `k3`: "scIqd", `k0`: -1071313286});
CREATE (:__mg_vertex__:`L6`:`L0` {__mg_id__: 19269, `k5`: true, `k44`: "Q", `k1`: -1256896600, `k40`: -448440128, `k41`: true, `k43`: "V", `k38`: "FEBQ", `k2`: true, `k4`: 943447398, `id`: 67, `k39`: -1694431328, `k3`: "AUo1", `k42`: 1967340951, `k0`: -1071313286});
CREATE (:__mg_vertex__:`L4` {__mg_id__: 19270, `k27`: 1377495509, `k26`: true, `k25`: "MWBP", `k28`: "V", `k31`: "J0Qs", `k29`: "9", `id`: 68});
CREATE (:__mg_vertex__:`L2` {__mg_id__: 19271, `k17`: "bF77O2", `k18`: "i", `k19`: "b", `k15`: "eYyJUi5y", `id`: 69, `k16`: false, `k14`: "5E7", `k13`: "oSyXp"});
CREATE (:__mg_vertex__ {__mg_id__: 19272, `id`: 70});
CREATE (:__mg_vertex__:`L0` {__mg_id__: 19273, `k5`: true, `k1`: -1749617873, `k2`: true, `k4`: -1808693058, `id`: 71, `k3`: "pw", `k0`: -1379615852});
CREATE (:__mg_vertex__:`L2`:`L5`:`L3` {__mg_id__: 19274, `k23`: "idj0Y2", `k24`: false, `k17`: "pj", `k18`: "MMZfy1N7", `k21`: false, `k20`: false, `k37`: "R", `k36`: true, `k35`: "Frr3zQ", `k15`: "y", `k33`: 801285378, `k34`: 1761368612, `k32`: 332823810, `id`: 72, `k16`: false, `k14`: "K", `k13`: "K24EGsBEe"});
CREATE (:__mg_vertex__:`L4`:`L6` {__mg_id__: 19275, `k27`: 1239297093, `k26`: false, `k25`: "ViC", `k44`: "3", `k28`: "8", `k31`: "Wz", `k40`: -747848244, `k41`: true, `k29`: "QqiMKzq", `k30`: -263131298, `k43`: "O", `k38`: "IrRc", `id`: 73, `k39`: 1463270847, `k42`: -1912173590});
CREATE (:__mg_vertex__ {__mg_id__: 19276, `id`: 74});
CREATE (:__mg_vertex__:`L0` {__mg_id__: 19277, `k5`: true, `k1`: 562935835, `k2`: true, `id`: 75, `k3`: "ST0ct", `k0`: 1287478510});
CREATE (:__mg_vertex__:`L0`:`L2` {__mg_id__: 19278, `k17`: "X", `k18`: "V", `k19`: "v", `k5`: true, `k15`: "vM", `k1`: 1251835577, `k2`: false, `k4`: -283251413, `id`: 76, `k3`: "NOVXZlrn", `k0`: -1251586234, `k16`: false, `k14`: "o", `k13`: "R"});
CREATE (:__mg_vertex__:`L1` {__mg_id__: 19279, `k9`: true, `k7`: "n", `k8`: "v3MSxcJ", `k11`: true, `k10`: false, `k6`: 1538478026, `id`: 77, `k12`: "C"});
CREATE (:__mg_vertex__:`L5`:`L6`:`L4` {__mg_id__: 19280, `k27`: -2033569000, `k26`: true, `k25`: "Burl8", `k44`: "EKquM", `k37`: "iZ2", `k36`: false, `k35`: "aaQtvFR", `k28`: "PJvy", `k31`: "6RckjLlFg", `k40`: -1885731008, `k33`: -1878758221, `k41`: true, `k34`: 1761368612, `k29`: "O", `k30`: -814643936, `k32`: -1520832286, `k38`: "XOAE", `id`: 78, `k39`: -1573087410, `k42`: -1912173590});
CREATE (:__mg_vertex__:`L1`:`L2` {__mg_id__: 19281, `k9`: true, `k7`: "Ue", `k8`: "Yr", `k11`: true, `k10`: true, `k6`: 1726596247, `k17`: "bF77O2", `k18`: "i", `k15`: "rNI", `id`: 79, `k16`: false, `k14`: "8", `k13`: "6XE", `k12`: "s"});
CREATE (:__mg_vertex__ {__mg_id__: 19282, `id`: 80});
CREATE (:__mg_vertex__:`L3`:`L5` {__mg_id__: 19283, `k23`: "7bL", `k24`: false, `k22`: false, `k21`: false, `k20`: true, `k37`: "ax1aizI3", `k36`: true, `k35`: "XQG", `k33`: -385196890, `k34`: -1589869944, `k32`: 1404136206, `id`: 81});
CREATE (:__mg_vertex__:`L3` {__mg_id__: 19284, `k23`: "3f", `k24`: false, `k22`: true, `k21`: false, `k20`: false, `id`: 82});
CREATE (:__mg_vertex__ {__mg_id__: 19285, `id`: 83});
CREATE (:__mg_vertex__:`L0` {__mg_id__: 19286, `k5`: false, `k1`: -1881336446, `k2`: false, `k4`: -1808693058, `id`: 84, `k3`: "IvH", `k0`: 1189739604});
CREATE (:__mg_vertex__ {__mg_id__: 19287, `id`: 85});
CREATE (:__mg_vertex__ {__mg_id__: 19288, `id`: 86});
CREATE (:__mg_vertex__:`L4` {__mg_id__: 19289, `k27`: 966998034, `k26`: true, `k25`: "s", `k28`: "8", `k31`: "gO7aEDhq", `k29`: "awlmE", `k30`: 306939077, `id`: 87});
CREATE (:__mg_vertex__:`L5`:`L3` {__mg_id__: 19290, `k23`: "Tz5nlSCDz", `k24`: true, `k22`: false, `k21`: true, `k20`: false, `k37`: "sE8", `k35`: "Frr3zQ", `k33`: 1835370901, `k34`: -1589869944, `k32`: -1858588838, `id`: 88});
CREATE (:__mg_vertex__:`L0`:`L1`:`L4` {__mg_id__: 19291, `k9`: false, `k7`: "s", `k8`: "Y", `k11`: true, `k10`: true, `k27`: 614203724, `k26`: false, `k25`: "MWBP", `k5`: true, `k1`: 281275775, `k28`: "Ul", `k31`: "RN", `k29`: "y", `k30`: 401664258, `k2`: false, `k4`: 2085497527, `id`: 89, `k3`: "fN2VE0z", `k0`: 354521897, `k12`: "GnBi6"});
CREATE (:__mg_vertex__:`L4` {__mg_id__: 19292, `k27`: -1047719313, `k26`: true, `k25`: "a", `k28`: "0Zaw", `k31`: "6RckjLlFg", `k29`: "M", `id`: 90});
CREATE (:__mg_vertex__:`L4` {__mg_id__: 19293, `k27`: -45129731, `k26`: false, `k25`: "1", `k28`: "C", `k31`: "4Yhr", `k29`: "kvgKLjc", `k30`: -493418617, `id`: 91});
CREATE (:__mg_vertex__:`L5` {__mg_id__: 19294, `k37`: "iZ2", `k36`: true, `k35`: "V", `k33`: -669890244, `k34`: -1589869944, `k32`: -1322066438, `id`: 92});
CREATE (:__mg_vertex__:`L1`:`L4`:`L0` {__mg_id__: 19295, `k9`: false, `k7`: "n", `k8`: "E", `k11`: false, `k10`: true, `k6`: -1314776358, `k27`: 1940872109, `k26`: true, `k25`: "P", `k5`: false, `k1`: -1530528041, `k28`: "Ul", `k31`: "C", `k29`: "O", `k30`: -493418617, `k2`: true, `k4`: -921067968, `id`: 93, `k3`: "fN2VE0z", `k0`: 354521897, `k12`: "16R"});
CREATE (:__mg_vertex__:`L0`:`L4`:`L1` {__mg_id__: 19296, `k9`: true, `k7`: "4", `k11`: true, `k10`: false, `k6`: -246352802, `k27`: 509477151, `k25`: "OHZa", `k5`: false, `k1`: 1519218911, `k28`: "Ul", `k31`: "8O", `k29`: "T", `k30`: 494826374, `k2`: false, `k4`: -1808693058, `id`: 94, `k3`: "pw", `k0`: -233123599, `k12`: "e"});
CREATE (:__mg_vertex__:`L2` {__mg_id__: 19297, `k17`: "e", `k18`: "uIcwsvCj", `k19`: "b", `k15`: "PU", `id`: 95, `k16`: false, `k14`: "eAGCveroS", `k13`: "z"});
CREATE (:__mg_vertex__:`L3`:`L2` {__mg_id__: 19298, `k23`: "V", `k24`: true, `k17`: "mfYmBbN9o", `k18`: "cduS2Ip", `k22`: true, `k21`: false, `k20`: true, `k19`: "uUT", `k15`: "n", `id`: 96, `k16`: false, `k14`: "EomLwo", `k13`: "K24EGsBEe"});
CREATE (:__mg_vertex__:`L0` {__mg_id__: 19299, `k5`: true, `k1`: 1251835577, `k2`: true, `k4`: 2085497527, `id`: 97, `k3`: "scIqd", `k0`: 354521897});
CREATE (:__mg_vertex__ {__mg_id__: 19300, `id`: 98});
CREATE (:__mg_vertex__:`L6` {__mg_id__: 19301, `k44`: "PmakkS0a", `k41`: true, `k43`: "DYYJ0", `k38`: "vm2WQeTDo", `id`: 99, `k39`: 224445823, `k42`: -1337216915});
CREATE (:__mg_vertex__:`L3` {__mg_id__: 19302, `k23`: "c", `k24`: true, `k22`: true, `k21`: false, `k20`: false, `id`: 100});
CREATE (:__mg_vertex__:`L5` {__mg_id__: 19303, `k37`: "s", `k36`: false, `k35`: "fCdELxb", `k33`: 1385909592, `k34`: -782836288, `k32`: -1924145230, `id`: 101});
CREATE (:__mg_vertex__:`L5`:`L4` {__mg_id__: 19304, `k27`: -1485087888, `k26`: true, `k25`: "j", `k37`: "R", `k36`: true, `k35`: "XQG", `k28`: "epHRW01bR", `k31`: "6RckjLlFg", `k33`: -717751638, `k34`: 457882215, `k29`: "T", `k30`: 952220280, `k32`: -1858588838, `id`: 102});
CREATE (:__mg_vertex__:`L0`:`L1` {__mg_id__: 19305, `k9`: true, `k7`: "b", `k8`: "U", `k11`: true, `k10`: true, `k6`: 1729252051, `k5`: true, `k1`: -1516850846, `k2`: true, `k4`: -767690197, `id`: 103, `k3`: "ST0ct", `k0`: 1189739604, `k12`: "eF"});
CREATE (:__mg_vertex__:`L3`:`L1`:`L0` {__mg_id__: 19306, `k23`: "P", `k9`: true, `k7`: "K", `k8`: "Y7d3t", `k11`: false, `k10`: true, `k6`: -1314776358, `k24`: true, `k22`: true, `k21`: true, `k20`: true, `k5`: true, `k1`: 2039056238, `k2`: false, `k4`: -283251413, `id`: 104, `k0`: 1174444236, `k12`: "EkKaXb5"});
CREATE (:__mg_vertex__:`L4`:`L6` {__mg_id__: 19307, `k27`: 1235261792, `k26`: true, `k25`: "d", `k44`: "EKquM", `k28`: "2E", `k31`: "k", `k40`: 2093434398, `k41`: false, `k30`: 494826374, `k43`: "MU", `k38`: "T", `id`: 105, `k39`: 1475487897, `k42`: 2020155542});
CREATE (:__mg_vertex__:`L6`:`L3` {__mg_id__: 19308, `k23`: "Tz5nlSCDz", `k24`: true, `k22`: true, `k21`: true, `k20`: true, `k40`: -1901155765, `k41`: true, `k43`: "w", `k38`: "fPz", `id`: 106, `k39`: 1153138864, `k42`: -1316421247});
CREATE (:__mg_vertex__ {__mg_id__: 19309, `id`: 107});
CREATE (:__mg_vertex__:`L1` {__mg_id__: 19310, `k9`: true, `k7`: "hl", `k8`: "c", `k11`: false, `k6`: -1626892726, `id`: 108, `k12`: "C"});
CREATE (:__mg_vertex__:`L1` {__mg_id__: 19311, `k9`: true, `k7`: "rsh", `k8`: "e", `k11`: false, `k10`: true, `k6`: -1314776358, `id`: 109, `k12`: "OCwk"});
CREATE (:__mg_vertex__:`L3` {__mg_id__: 19312, `k23`: "G", `k24`: false, `k22`: false, `k21`: true, `k20`: false, `id`: 110});
CREATE (:__mg_vertex__:`L2`:`L6`:`L1` {__mg_id__: 19313, `k9`: true, `k7`: "lHX", `k8`: "v3MSxcJ", `k11`: true, `k10`: false, `k6`: -246352802, `k18`: "mSVnT", `k19`: "0", `k44`: "dLTdf6J8L", `k15`: "o9", `k40`: -901932979, `k41`: true, `k43`: "3Ws", `k38`: "fPz", `id`: 111, `k39`: -1573087410, `k42`: 448753576, `k16`: true, `k13`: "4W"});
CREATE (:__mg_vertex__:`L3`:`L5` {__mg_id__: 19314, `k23`: "kA7w", `k24`: true, `k22`: true, `k21`: false, `k20`: false, `k37`: "UhrK", `k36`: false, `k35`: "uB", `k33`: 801285378, `k34`: -2052879399, `id`: 112});
CREATE (:__mg_vertex__:`L2`:`L1`:`L4` {__mg_id__: 19315, `k9`: true, `k7`: "b", `k11`: false, `k10`: false, `k6`: 1729252051, `k27`: 1239297093, `k26`: false, `k25`: "j", `k17`: "a", `k18`: "6P", `k19`: "v", `k15`: "Jrl", `k28`: "8", `k31`: "k", `k29`: "X", `k30`: 1904199489, `id`: 113, `k16`: false, `k14`: "8", `k13`: "HP", `k12`: "eF"});
CREATE (:__mg_vertex__:`L6`:`L0` {__mg_id__: 19316, `k5`: true, `k44`: "y", `k1`: -1749617873, `k40`: 1877416282, `k41`: true, `k43`: "V", `k38`: "Ds", `k2`: true, `k4`: -2045350376, `id`: 114, `k39`: -643358732, `k42`: -1912173590, `k0`: -228495972});
CREATE (:__mg_vertex__:`L2`:`L3` {__mg_id__: 19317, `k23`: "x", `k24`: true, `k17`: "e", `k18`: "RNb", `k22`: true, `k21`: true, `k20`: false, `k19`: "zs", `k15`: "f", `id`: 115, `k16`: false, `k14`: "w", `k13`: "3TwPJ"});
CREATE (:__mg_vertex__:`L4` {__mg_id__: 19318, `k27`: 509477151, `k26`: false, `k25`: "JzpT0ZP", `k28`: "V", `k31`: "k", `k29`: "UNM922zXT", `k30`: -251190027, `id`: 116});
CREATE (:__mg_vertex__:`L0`:`L3`:`L2` {__mg_id__: 19319, `k23`: "TStO", `k24`: false, `k17`: "X", `k18`: "1", `k22`: true, `k21`: true, `k20`: false, `k19`: "6s95cKv7C", `k5`: false, `k15`: "j", `k1`: 2039056238, `k2`: true, `k4`: -938136050, `id`: 117, `k3`: "scIqd", `k0`: -1071313286, `k16`: true, `k14`: "8", `k13`: "8XIK"});
CREATE (:__mg_vertex__:`L0`:`L1`:`L6` {__mg_id__: 19320, `k9`: false, `k8`: "k", `k11`: true, `k10`: true, `k6`: -1661375825, `k5`: true, `k44`: "y", `k1`: -685658229, `k40`: -1688467249, `k41`: true, `k38`: "D", `k2`: false, `k4`: -1683490527, `id`: 118, `k39`: -166181218, `k3`: "NOVXZlrn", `k42`: 1800288434, `k0`: 742163873, `k12`: "OCwk"});
CREATE (:__mg_vertex__:`L2`:`L6`:`L5` {__mg_id__: 19321, `k17`: "V", `k18`: "6P", `k19`: "zs", `k44`: "G", `k37`: "ikP", `k36`: true, `k35`: "Frr3zQ", `k15`: "j", `k40`: -901932979, `k33`: 1385909592, `k41`: true, `k34`: -1114049109, `k32`: -1924145230, `k43`: "QricRzgjv", `k38`: "D", `id`: 119, `k39`: 1693304460, `k42`: 984411101, `k16`: true, `k14`: "NDMcEAv", `k13`: "R"});
CREATE (:__mg_vertex__:`L1`:`L2` {__mg_id__: 19322, `k9`: true, `k7`: "Ue", `k8`: "W", `k11`: true, `k10`: false, `k6`: -1314776358, `k17`: "bF77O2", `k18`: "V", `k19`: "ZtLgKxWD5", `k15`: "e", `id`: 120, `k16`: false, `k14`: "H", `k13`: "v5", `k12`: "16R"});
CREATE (:__mg_vertex__:`L0`:`L2` {__mg_id__: 19323, `k17`: "7", `k18`: "uIcwsvCj", `k19`: "v", `k5`: true, `k15`: "t", `k1`: 2036775173, `k2`: false, `k4`: 515002271, `id`: 121, `k3`: "1LALOszao", `k0`: 31966412, `k16`: false, `k14`: "7Y0k", `k13`: "HP"});
CREATE (:__mg_vertex__:`L5`:`L0` {__mg_id__: 19324, `k5`: true, `k37`: "b", `k36`: false, `k35`: "jES6ClE", `k1`: 1322289593, `k33`: -1878758221, `k34`: -1589869944, `k32`: -1638442046, `k2`: true, `k4`: -209449241, `id`: 122, `k3`: "IvH", `k0`: 1609758154});
CREATE (:__mg_vertex__:`L3` {__mg_id__: 19325, `k23`: "WbY", `k24`: true, `k22`: false, `k21`: true, `k20`: false, `id`: 123});
CREATE (:__mg_vertex__:`L2`:`L0` {__mg_id__: 19326, `k17`: "3", `k18`: "4", `k19`: "SiRQ847yF", `k5`: false, `k15`: "81cehjISv", `k1`: 1251835577, `k2`: true, `k4`: -921067968, `id`: 124, `k3`: "ST0ct", `k0`: -1170819443, `k16`: false, `k14`: "8", `k13`: "Qk"});
CREATE (:__mg_vertex__ {__mg_id__: 19327, `id`: 125});
CREATE (:__mg_vertex__:`L2` {__mg_id__: 19328, `k17`: "mfYmBbN9o", `k18`: "8gZaWTOpf", `k19`: "b", `k15`: "5Q", `id`: 126, `k16`: false, `k14`: "8", `k13`: "3TwPJ"});
CREATE (:__mg_vertex__:`L5`:`L0` {__mg_id__: 19329, `k5`: true, `k37`: "1FQus", `k36`: false, `k35`: "Frr3zQ", `k1`: 2036775173, `k33`: -676140278, `k34`: -1589869944, `k32`: 1404136206, `k4`: 1818203929, `id`: 127, `k3`: "pw", `k0`: -1170819443});
MATCH (u:__mg_vertex__), (v:__mg_vertex__) WHERE u.__mg_id__ = 19202 AND v.__mg_id__ = 19240 CREATE (u)-[:`T4` {`k70`: "8Gb", `k72`: true, `k71`: true, `k69`: "WCnRUAkio", `id`: 135, `k74`: false, `k73`: 966142811}]->(v);
MATCH (u:__mg_vertex__), (v:__mg_vertex__) WHERE u.__mg_id__ = 19204 AND v.__mg_id__ = 19214 CREATE (u)-[:`T2` {`k60`: -1497076440, `k62`: true, `k61`: 1812782107, `id`: 182, `k58`: true}]->(v);
MATCH (u:__mg_vertex__), (v:__mg_vertex__) WHERE u.__mg_id__ = 19206 AND v.__mg_id__ = 19217 CREATE (u)-[:`T0` {`k46`: true, `id`: 280, `k45`: true, `k49`: 337262422, `k50`: 387364226, `k47`: "n7", `k48`: "U"}]->(v);
MATCH (u:__mg_vertex__), (v:__mg_vertex__) WHERE u.__mg_id__ = 19207 AND v.__mg_id__ = 19202 CREATE (u)-[:`T2` {`k60`: -1364905425, `k59`: false, `k62`: true, `k61`: 821573758, `id`: 302, `k58`: false}]->(v);
MATCH (u:__mg_vertex__), (v:__mg_vertex__) WHERE u.__mg_id__ = 19208 AND v.__mg_id__ = 19320 CREATE (u)-[:`T3` {`k67`: true, `k66`: "X6g1", `k68`: -420400350, `k64`: true, `k63`: 2146510914, `k65`: "7kX1TZd", `id`: 178}]->(v);
MATCH (u:__mg_vertex__), (v:__mg_vertex__) WHERE u.__mg_id__ = 19209 AND v.__mg_id__ = 19316 CREATE (u)-[:`T4` {`k70`: "TAocP", `k72`: false, `k71`: true, `k69`: "5", `id`: 224, `k74`: false, `k73`: 1009474669}]->(v);
MATCH (u:__mg_vertex__), (v:__mg_vertex__) WHERE u.__mg_id__ = 19209 AND v.__mg_id__ = 19327 CREATE (u)-[:`T3` {`k67`: false, `k66`: "7FbJ6P", `k68`: -1829588567, `k64`: true, `k63`: -532359519, `k65`: "LmwC", `id`: 263}]->(v);
MATCH (u:__mg_vertex__), (v:__mg_vertex__) WHERE u.__mg_id__ = 19210 AND v.__mg_id__ = 19214 CREATE (u)-[:`T1` {`id`: 235, `k52`: "BNkTi", `k55`: false, `k56`: true, `k54`: true, `k53`: "yrDFxsE", `k51`: "yL", `k57`: false}]->(v);
MATCH (u:__mg_vertex__), (v:__mg_vertex__) WHERE u.__mg_id__ = 19211 AND v.__mg_id__ = 19264 CREATE (u)-[:`T3` {`k67`: true, `k66`: "aj", `k68`: 1078071034, `k64`: true, `k63`: -1576943628, `k65`: "ibgdxp", `id`: 289}]->(v);
MATCH (u:__mg_vertex__), (v:__mg_vertex__) WHERE u.__mg_id__ = 19213 AND v.__mg_id__ = 19300 CREATE (u)-[:`T3` {`k67`: true, `k66`: "J", `k68`: 95301352, `k64`: false, `k63`: 430348289, `k65`: "oc", `id`: 139}]->(v);
MATCH (u:__mg_vertex__), (v:__mg_vertex__) WHERE u.__mg_id__ = 19213 AND v.__mg_id__ = 19248 CREATE (u)-[:`T0` {`k46`: true, `id`: 199, `k45`: false, `k49`: -1138884091, `k50`: -1366726634, `k47`: "n7", `k48`: "H"}]->(v);
MATCH (u:__mg_vertex__), (v:__mg_vertex__) WHERE u.__mg_id__ = 19213 AND v.__mg_id__ = 19271 CREATE (u)-[:`T1` {`id`: 285, `k52`: "lYC6Mn", `k56`: false, `k54`: true, `k53`: "X", `k51`: "NKiB", `k57`: false}]->(v);
MATCH (u:__mg_vertex__), (v:__mg_vertex__) WHERE u.__mg_id__ = 19216 AND v.__mg_id__ = 19299 CREATE (u)-[:`T3` {`k67`: false, `k66`: "zW", `k68`: -1829588567, `k64`: true, `k63`: -2119987339, `k65`: "w", `id`: 175}]->(v);
MATCH (u:__mg_vertex__), (v:__mg_vertex__) WHERE u.__mg_id__ = 19216 AND v.__mg_id__ = 19329 CREATE (u)-[:`T0` {`k46`: false, `id`: 241, `k45`: true, `k49`: 744100063, `k50`: 1484592728, `k47`: "0Xfs6h", `k48`: "t"}]->(v);
MATCH (u:__mg_vertex__), (v:__mg_vertex__) WHERE u.__mg_id__ = 19216 AND v.__mg_id__ = 19307 CREATE (u)-[:`T4` {`k70`: "R", `k72`: true, `k71`: true, `k69`: "t", `id`: 272, `k73`: -1450929817}]->(v);
MATCH (u:__mg_vertex__), (v:__mg_vertex__) WHERE u.__mg_id__ = 19216 AND v.__mg_id__ = 19298 CREATE (u)-[:`T3` {`k67`: true, `k66`: "KFiFpFn", `k68`: 1964884954, `k64`: false, `k63`: -1603612391, `k65`: "ibgdxp", `id`: 283}]->(v);
MATCH (u:__mg_vertex__), (v:__mg_vertex__) WHERE u.__mg_id__ = 19217 AND v.__mg_id__ = 19207 CREATE (u)-[:`T0` {`k46`: false, `id`: 265, `k45`: true, `k49`: -1380236810, `k50`: -553241034, `k47`: "x", `k48`: "T"}]->(v);
MATCH (u:__mg_vertex__), (v:__mg_vertex__) WHERE u.__mg_id__ = 19218 AND v.__mg_id__ = 19275 CREATE (u)-[:`T0` {`k46`: true, `id`: 212, `k45`: true, `k49`: -1044973017, `k50`: -1366726634, `k47`: "r", `k48`: "xpOtr"}]->(v);
MATCH (u:__mg_vertex__), (v:__mg_vertex__) WHERE u.__mg_id__ = 19218 AND v.__mg_id__ = 19245 CREATE (u)-[:`T4` {`k70`: "nbXBj4k", `k72`: false, `k71`: true, `k69`: "RYMqgmoKt", `id`: 216, `k74`: true, `k73`: -1059758452}]->(v);
MATCH (u:__mg_vertex__), (v:__mg_vertex__) WHERE u.__mg_id__ = 19218 AND v.__mg_id__ = 19289 CREATE (u)-[:`T3` {`k67`: false, `k66`: "c", `k68`: 1791824482, `k63`: -353636081, `k65`: "Tc9K9O", `id`: 258}]->(v);
MATCH (u:__mg_vertex__), (v:__mg_vertex__) WHERE u.__mg_id__ = 19219 AND v.__mg_id__ = 19245 CREATE (u)-[:`T2` {`k60`: -1665336398, `k59`: true, `k62`: true, `k61`: -1681353217, `id`: 142, `k58`: true}]->(v);
MATCH (u:__mg_vertex__), (v:__mg_vertex__) WHERE u.__mg_id__ = 19219 AND v.__mg_id__ = 19227 CREATE (u)-[:`T4` {`k70`: "ItNJDrYJ", `k72`: true, `k71`: true, `k69`: "Sge3", `id`: 147, `k74`: true, `k73`: 414481007}]->(v);
MATCH (u:__mg_vertex__), (v:__mg_vertex__) WHERE u.__mg_id__ = 19219 AND v.__mg_id__ = 19263 CREATE (u)-[:`T1` {`id`: 256, `k52`: "2", `k55`: true, `k56`: false, `k54`: false, `k53`: "1", `k51`: "j", `k57`: false}]->(v);
MATCH (u:__mg_vertex__), (v:__mg_vertex__) WHERE u.__mg_id__ = 19220 AND v.__mg_id__ = 19222 CREATE (u)-[:`T1` {`id`: 158, `k52`: "KxF", `k55`: false, `k56`: false, `k54`: false, `k53`: "n", `k51`: "l", `k57`: false}]->(v);
MATCH (u:__mg_vertex__), (v:__mg_vertex__) WHERE u.__mg_id__ = 19220 AND v.__mg_id__ = 19239 CREATE (u)-[:`T1` {`id`: 184, `k52`: "2", `k55`: true, `k56`: false, `k54`: true, `k53`: "L", `k51`: "j", `k57`: false}]->(v);
MATCH (u:__mg_vertex__), (v:__mg_vertex__) WHERE u.__mg_id__ = 19221 AND v.__mg_id__ = 19271 CREATE (u)-[:`T3` {`k67`: false, `k68`: 2063313861, `k63`: -2119987339, `k65`: "S", `id`: 188}]->(v);
MATCH (u:__mg_vertex__), (v:__mg_vertex__) WHERE u.__mg_id__ = 19222 AND v.__mg_id__ = 19227 CREATE (u)-[:`T4` {`k70`: "ISrJ", `k72`: false, `k71`: true, `k69`: "pai5P", `id`: 244, `k74`: true, `k73`: -38062328}]->(v);
MATCH (u:__mg_vertex__), (v:__mg_vertex__) WHERE u.__mg_id__ = 19223 AND v.__mg_id__ = 19317 CREATE (u)-[:`T1` {`id`: 172, `k52`: "7k", `k55`: true, `k56`: true, `k54`: true, `k51`: "yL", `k57`: true}]->(v);
MATCH (u:__mg_vertex__), (v:__mg_vertex__) WHERE u.__mg_id__ = 19223 AND v.__mg_id__ = 19305 CREATE (u)-[:`T4` {`k70`: "D8AvG", `k72`: true, `k71`: false, `k69`: "Sge3", `id`: 187, `k74`: true, `k73`: 1803149541}]->(v);
MATCH (u:__mg_vertex__), (v:__mg_vertex__) WHERE u.__mg_id__ = 19224 AND v.__mg_id__ = 19205 CREATE (u)-[:`T2` {`k60`: 1577879321, `k59`: true, `k62`: true, `k61`: -1521689523, `id`: 143}]->(v);
MATCH (u:__mg_vertex__), (v:__mg_vertex__) WHERE u.__mg_id__ = 19225 AND v.__mg_id__ = 19247 CREATE (u)-[:`T0` {`k46`: true, `id`: 247, `k45`: true, `k49`: -573491434, `k50`: 1988554443, `k47`: "qQUV0Jnko", `k48`: "LAkd12iM"}]->(v);
MATCH (u:__mg_vertex__), (v:__mg_vertex__) WHERE u.__mg_id__ = 19226 AND v.__mg_id__ = 19228 CREATE (u)-[:`T4` {`k72`: false, `k71`: true, `k69`: "s", `id`: 223, `k74`: false, `k73`: -1775464129}]->(v);
MATCH (u:__mg_vertex__), (v:__mg_vertex__) WHERE u.__mg_id__ = 19226 AND v.__mg_id__ = 19222 CREATE (u)-[:`T1` {`id`: 297, `k52`: "KxF", `k55`: true, `k56`: false, `k54`: false, `k53`: "COT", `k51`: "l", `k57`: true}]->(v);
MATCH (u:__mg_vertex__), (v:__mg_vertex__) WHERE u.__mg_id__ = 19227 AND v.__mg_id__ = 19220 CREATE (u)-[:`T2` {`k60`: -1655445419, `k59`: false, `k62`: false, `k61`: -1668549701, `id`: 136, `k58`: true}]->(v);
MATCH (u:__mg_vertex__), (v:__mg_vertex__) WHERE u.__mg_id__ = 19227 AND v.__mg_id__ = 19275 CREATE (u)-[:`T0` {`k46`: true, `id`: 270, `k45`: false, `k49`: -1003602134, `k50`: -1889800748, `k47`: "mhSn", `k48`: "LAkd12iM"}]->(v);
MATCH (u:__mg_vertex__), (v:__mg_vertex__) WHERE u.__mg_id__ = 19228 AND v.__mg_id__ = 19237 CREATE (u)-[:`T4` {`k70`: "D8AvG", `k72`: false, `k71`: false, `k69`: "Sge3", `id`: 166, `k74`: true, `k73`: 1009474669}]->(v);
MATCH (u:__mg_vertex__), (v:__mg_vertex__) WHERE u.__mg_id__ = 19229 AND v.__mg_id__ = 19297 CREATE (u)-[:`T0` {`k46`: true, `id`: 131, `k49`: -1044973017, `k50`: -2010328721, `k47`: "M", `k48`: "H"}]->(v);
MATCH (u:__mg_vertex__), (v:__mg_vertex__) WHERE u.__mg_id__ = 19229 AND v.__mg_id__ = 19253 CREATE (u)-[:`T2` {`k60`: -917714930, `k59`: false, `k62`: false, `k61`: 706320467, `id`: 156, `k58`: false}]->(v);
MATCH (u:__mg_vertex__), (v:__mg_vertex__) WHERE u.__mg_id__ = 19230 AND v.__mg_id__ = 19328 CREATE (u)-[:`T0` {`k46`: false, `id`: 144, `k45`: true, `k49`: -2143461991, `k50`: 132615817, `k47`: "M", `k48`: "uQ4nPj"}]->(v);
MATCH (u:__mg_vertex__), (v:__mg_vertex__) WHERE u.__mg_id__ = 19230 AND v.__mg_id__ = 19224 CREATE (u)-[:`T1` {`id`: 173, `k52`: "Z", `k55`: false, `k56`: false, `k54`: false, `k53`: "L", `k51`: "j", `k57`: true}]->(v);
MATCH (u:__mg_vertex__), (v:__mg_vertex__) WHERE u.__mg_id__ = 19233 AND v.__mg_id__ = 19221 CREATE (u)-[:`T4` {`k70`: "c32heT", `k72`: true, `k71`: false, `k69`: "pai5P", `id`: 133, `k74`: true, `k73`: -472330676}]->(v);
MATCH (u:__mg_vertex__), (v:__mg_vertex__) WHERE u.__mg_id__ = 19233 AND v.__mg_id__ = 19281 CREATE (u)-[:`T4` {`k70`: "w", `k72`: true, `k71`: false, `k69`: "A3qbq", `id`: 154, `k74`: true, `k73`: 139726635}]->(v);
MATCH (u:__mg_vertex__), (v:__mg_vertex__) WHERE u.__mg_id__ = 19233 AND v.__mg_id__ = 19289 CREATE (u)-[:`T3` {`k67`: false, `k66`: "F1", `k68`: 1303498188, `k64`: false, `k63`: -1603612391, `k65`: "LmwC", `id`: 160}]->(v);
MATCH (u:__mg_vertex__), (v:__mg_vertex__) WHERE u.__mg_id__ = 19233 AND v.__mg_id__ = 19271 CREATE (u)-[:`T3` {`k67`: true, `k66`: "fC", `k68`: 1791824482, `k64`: true, `k63`: 407191245, `k65`: "0P8UaVlP", `id`: 229}]->(v);
MATCH (u:__mg_vertex__), (v:__mg_vertex__) WHERE u.__mg_id__ = 19234 AND v.__mg_id__ = 19264 CREATE (u)-[:`T2` {`k60`: -1655445419, `k59`: true, `k62`: false, `k61`: 2075990605, `id`: 179, `k58`: true}]->(v);
MATCH (u:__mg_vertex__), (v:__mg_vertex__) WHERE u.__mg_id__ = 19235 AND v.__mg_id__ = 19306 CREATE (u)-[:`T0` {`k46`: true, `id`: 211, `k45`: true, `k49`: 744100063, `k50`: 387364226, `k47`: "r", `k48`: "T"}]->(v);
MATCH (u:__mg_vertex__), (v:__mg_vertex__) WHERE u.__mg_id__ = 19235 AND v.__mg_id__ = 19209 CREATE (u)-[:`T3` {`k67`: false, `k66`: "fC", `k68`: 2063313861, `k64`: false, `k63`: -427364434, `k65`: "8G4GIs9", `id`: 240}]->(v);
MATCH (u:__mg_vertex__), (v:__mg_vertex__) WHERE u.__mg_id__ = 19235 AND v.__mg_id__ = 19230 CREATE (u)-[:`T2` {`k60`: -644137786, `k59`: true, `k62`: true, `k61`: 118210237, `id`: 281, `k58`: true}]->(v);
MATCH (u:__mg_vertex__), (v:__mg_vertex__) WHERE u.__mg_id__ = 19236 AND v.__mg_id__ = 19310 CREATE (u)-[:`T0` {`k46`: true, `id`: 129, `k45`: true, `k49`: -1598597662, `k50`: 1068636303, `k47`: "3", `k48`: "U"}]->(v);
MATCH (u:__mg_vertex__), (v:__mg_vertex__) WHERE u.__mg_id__ = 19237 AND v.__mg_id__ = 19282 CREATE (u)-[:`T1` {`id`: 196, `k52`: "BNkTi", `k55`: false, `k56`: false, `k54`: true, `k53`: "yD", `k51`: "3WhT", `k57`: false}]->(v);
MATCH (u:__mg_vertex__), (v:__mg_vertex__) WHERE u.__mg_id__ = 19237 AND v.__mg_id__ = 19313 CREATE (u)-[:`T2` {`k60`: 531365505, `k59`: true, `k62`: false, `k61`: -1681353217, `id`: 236, `k58`: true}]->(v);
MATCH (u:__mg_vertex__), (v:__mg_vertex__) WHERE u.__mg_id__ = 19238 AND v.__mg_id__ = 19316 CREATE (u)-[:`T2` {`k60`: -1364905425, `k59`: false, `k62`: false, `k61`: 2075990605, `id`: 152, `k58`: false}]->(v);
MATCH (u:__mg_vertex__), (v:__mg_vertex__) WHERE u.__mg_id__ = 19238 AND v.__mg_id__ = 19276 CREATE (u)-[:`T0` {`k46`: true, `id`: 214, `k45`: false, `k49`: -1003602134, `k50`: -1690184011, `k47`: "0", `k48`: "U"}]->(v);
MATCH (u:__mg_vertex__), (v:__mg_vertex__) WHERE u.__mg_id__ = 19238 AND v.__mg_id__ = 19246 CREATE (u)-[:`T3` {`k67`: true, `k66`: "AI", `k68`: -420400350, `k64`: false, `k63`: 430348289, `k65`: "Rh", `id`: 262}]->(v);
MATCH (u:__mg_vertex__), (v:__mg_vertex__) WHERE u.__mg_id__ = 19239 AND v.__mg_id__ = 19288 CREATE (u)-[:`T2` {`k60`: 904865469, `k59`: true, `k62`: true, `k61`: 545374997, `id`: 291, `k58`: false}]->(v);
MATCH (u:__mg_vertex__), (v:__mg_vertex__) WHERE u.__mg_id__ = 19243 AND v.__mg_id__ = 19292 CREATE (u)-[:`T0` {`k46`: false, `id`: 194, `k45`: false, `k49`: 744100063, `k50`: 132615817, `k47`: "hi7QF", `k48`: "N4"}]->(v);
MATCH (u:__mg_vertex__), (v:__mg_vertex__) WHERE u.__mg_id__ = 19243 AND v.__mg_id__ = 19306 CREATE (u)-[:`T2` {`k60`: -87111947, `k59`: false, `k62`: true, `k61`: -914826062, `id`: 237, `k58`: false}]->(v);
MATCH (u:__mg_vertex__), (v:__mg_vertex__) WHERE u.__mg_id__ = 19244 AND v.__mg_id__ = 19309 CREATE (u)-[:`T1` {`id`: 148, `k52`: "lYC6Mn", `k55`: true, `k54`: true, `k53`: "1", `k51`: "NKiB", `k57`: false}]->(v);
MATCH (u:__mg_vertex__), (v:__mg_vertex__) WHERE u.__mg_id__ = 19244 AND v.__mg_id__ = 19227 CREATE (u)-[:`T2` {`k60`: -1122538184, `k59`: true, `k62`: true, `k61`: -1681353217, `id`: 204, `k58`: false}]->(v);
MATCH (u:__mg_vertex__), (v:__mg_vertex__) WHERE u.__mg_id__ = 19244 AND v.__mg_id__ = 19247 CREATE (u)-[:`T0` {`k46`: true, `id`: 274, `k45`: true, `k49`: -1423182128, `k50`: 387364226, `k48`: "U"}]->(v);
MATCH (u:__mg_vertex__), (v:__mg_vertex__) WHERE u.__mg_id__ = 19245 AND v.__mg_id__ = 19240 CREATE (u)-[:`T0` {`k46`: true, `id`: 209, `k45`: true, `k49`: -2143461991, `k50`: 940637347, `k47`: "6", `k48`: "UbEYSKzrD"}]->(v);
MATCH (u:__mg_vertex__), (v:__mg_vertex__) WHERE u.__mg_id__ = 19245 AND v.__mg_id__ = 19267 CREATE (u)-[:`T4` {`k70`: "w", `k72`: false, `k71`: false, `k69`: "RYMqgmoKt", `id`: 271, `k74`: false, `k73`: 108750410}]->(v);
MATCH (u:__mg_vertex__), (v:__mg_vertex__) WHERE u.__mg_id__ = 19246 AND v.__mg_id__ = 19276 CREATE (u)-[:`T2` {`k60`: -1122538184, `k59`: false, `k62`: false, `k61`: -1668549701, `id`: 202, `k58`: false}]->(v);
MATCH (u:__mg_vertex__), (v:__mg_vertex__) WHERE u.__mg_id__ = 19247 AND v.__mg_id__ = 19258 CREATE (u)-[:`T4` {`k70`: "Id", `k72`: false, `k71`: true, `k69`: "tBh8OoxB2", `id`: 282, `k74`: true, `k73`: 818406556}]->(v);
MATCH (u:__mg_vertex__), (v:__mg_vertex__) WHERE u.__mg_id__ = 19249 AND v.__mg_id__ = 19302 CREATE (u)-[:`T0` {`k46`: false, `id`: 207, `k45`: false, `k49`: 933666740, `k50`: -1889800748, `k47`: "6", `k48`: "LAkd12iM"}]->(v);
MATCH (u:__mg_vertex__), (v:__mg_vertex__) WHERE u.__mg_id__ = 19249 AND v.__mg_id__ = 19243 CREATE (u)-[:`T3` {`k67`: false, `k66`: "zW", `k68`: 2063313861, `k63`: 2146510914, `k65`: "3", `id`: 233}]->(v);
MATCH (u:__mg_vertex__), (v:__mg_vertex__) WHERE u.__mg_id__ = 19249 AND v.__mg_id__ = 19239 CREATE (u)-[:`T1` {`id`: 264, `k52`: "0", `k55`: false, `k56`: true, `k54`: false, `k53`: "yrDFxsE", `k51`: "M", `k57`: true}]->(v);
MATCH (u:__mg_vertex__), (v:__mg_vertex__) WHERE u.__mg_id__ = 19250 AND v.__mg_id__ = 19289 CREATE (u)-[:`T0` {`k46`: true, `id`: 190, `k45`: true, `k49`: 337262422, `k50`: 411283165, `k47`: "6VC"}]->(v);
MATCH (u:__mg_vertex__), (v:__mg_vertex__) WHERE u.__mg_id__ = 19251 AND v.__mg_id__ = 19319 CREATE (u)-[:`T3` {`k67`: true, `k66`: "72", `k64`: true, `k63`: -1576943628, `k65`: "NT", `id`: 150}]->(v);
MATCH (u:__mg_vertex__), (v:__mg_vertex__) WHERE u.__mg_id__ = 19251 AND v.__mg_id__ = 19259 CREATE (u)-[:`T0` {`k46`: true, `id`: 304, `k45`: true, `k49`: 1109744195, `k50`: 940637347, `k47`: "qQUV0Jnko"}]->(v);
MATCH (u:__mg_vertex__), (v:__mg_vertex__) WHERE u.__mg_id__ = 19253 AND v.__mg_id__ = 19252 CREATE (u)-[:`T3` {`k67`: true, `k66`: "F1", `k68`: -806316129, `k64`: false, `k63`: 152527701, `k65`: "w", `id`: 220}]->(v);
MATCH (u:__mg_vertex__), (v:__mg_vertex__) WHERE u.__mg_id__ = 19254 AND v.__mg_id__ = 19251 CREATE (u)-[:`T0` {`k46`: true, `id`: 140, `k45`: false, `k49`: -573491434, `k50`: -781830858, `k47`: "0Xfs6h", `k48`: "t"}]->(v);
MATCH (u:__mg_vertex__), (v:__mg_vertex__) WHERE u.__mg_id__ = 19254 AND v.__mg_id__ = 19232 CREATE (u)-[:`T2` {`k60`: -644137786, `k62`: true, `k61`: 2075990605, `id`: 192, `k58`: false}]->(v);
MATCH (u:__mg_vertex__), (v:__mg_vertex__) WHERE u.__mg_id__ = 19254 AND v.__mg_id__ = 19270 CREATE (u)-[:`T2` {`k60`: -87111947, `k59`: true, `k61`: -1494481935, `id`: 287, `k58`: false}]->(v);
MATCH (u:__mg_vertex__), (v:__mg_vertex__) WHERE u.__mg_id__ = 19255 AND v.__mg_id__ = 19227 CREATE (u)-[:`T2` {`k60`: 1577879321, `k59`: false, `k62`: true, `k61`: -2024039015, `id`: 228, `k58`: true}]->(v);
MATCH (u:__mg_vertex__), (v:__mg_vertex__) WHERE u.__mg_id__ = 19255 AND v.__mg_id__ = 19254 CREATE (u)-[:`T3` {`k67`: false, `k66`: "b", `k68`: 95301352, `k64`: true, `k63`: 152527701, `k65`: "LmwC", `id`: 259}]->(v);
MATCH (u:__mg_vertex__), (v:__mg_vertex__) WHERE u.__mg_id__ = 19255 AND v.__mg_id__ = 19266 CREATE (u)-[:`T1` {`id`: 299, `k55`: false, `k56`: true, `k54`: true, `k53`: "zx0XWiqr", `k51`: "9", `k57`: true}]->(v);
MATCH (u:__mg_vertex__), (v:__mg_vertex__) WHERE u.__mg_id__ = 19256 AND v.__mg_id__ = 19241 CREATE (u)-[:`T0` {`k46`: false, `id`: 306, `k45`: false, `k49`: -573491434, `k50`: 1988554443, `k47`: "6", `k48`: "xpOtr"}]->(v);
MATCH (u:__mg_vertex__), (v:__mg_vertex__) WHERE u.__mg_id__ = 19257 AND v.__mg_id__ = 19246 CREATE (u)-[:`T1` {`id`: 268, `k52`: "I", `k55`: false, `k56`: true, `k54`: false, `k53`: "2", `k51`: "2FJ7RJ", `k57`: false}]->(v);
MATCH (u:__mg_vertex__), (v:__mg_vertex__) WHERE u.__mg_id__ = 19257 AND v.__mg_id__ = 19293 CREATE (u)-[:`T1` {`id`: 269, `k52`: "KxF", `k55`: true, `k56`: true, `k54`: true, `k53`: "UfE", `k51`: "zMN", `k57`: true}]->(v);
MATCH (u:__mg_vertex__), (v:__mg_vertex__) WHERE u.__mg_id__ = 19257 AND v.__mg_id__ = 19278 CREATE (u)-[:`T2` {`k60`: -1115107956, `k59`: false, `k62`: true, `k61`: 808822836, `id`: 276, `k58`: false}]->(v);
MATCH (u:__mg_vertex__), (v:__mg_vertex__) WHERE u.__mg_id__ = 19258 AND v.__mg_id__ = 19218 CREATE (u)-[:`T1` {`id`: 300, `k52`: "luy93mKqj", `k55`: false, `k56`: true, `k54`: false, `k53`: "2", `k51`: "j", `k57`: true}]->(v);
MATCH (u:__mg_vertex__), (v:__mg_vertex__) WHERE u.__mg_id__ = 19260 AND v.__mg_id__ = 19319 CREATE (u)-[:`T4` {`k72`: true, `k71`: true, `k69`: "t", `id`: 169, `k74`: false, `k73`: -1450929817}]->(v);
MATCH (u:__mg_vertex__), (v:__mg_vertex__) WHERE u.__mg_id__ = 19260 AND v.__mg_id__ = 19238 CREATE (u)-[:`T2` {`k60`: -1497076440, `k59`: false, `k62`: false, `k61`: 720977549, `id`: 200, `k58`: false}]->(v);
MATCH (u:__mg_vertex__), (v:__mg_vertex__) WHERE u.__mg_id__ = 19262 AND v.__mg_id__ = 19206 CREATE (u)-[:`T1` {`id`: 151, `k52`: "orh", `k55`: false, `k56`: true, `k54`: true, `k53`: "XsAlxSi", `k51`: "Ytz5MNAQF", `k57`: false}]->(v);
MATCH (u:__mg_vertex__), (v:__mg_vertex__) WHERE u.__mg_id__ = 19262 AND v.__mg_id__ = 19279 CREATE (u)-[:`T2` {`k60`: -1749710617, `k59`: true, `k61`: -1494481935, `id`: 164, `k58`: true}]->(v);
MATCH (u:__mg_vertex__), (v:__mg_vertex__) WHERE u.__mg_id__ = 19262 AND v.__mg_id__ = 19256 CREATE (u)-[:`T2` {`k60`: 1872414857, `k59`: true, `k62`: false, `k61`: -1494481935, `id`: 219, `k58`: false}]->(v);
MATCH (u:__mg_vertex__), (v:__mg_vertex__) WHERE u.__mg_id__ = 19263 AND v.__mg_id__ = 19314 CREATE (u)-[:`T2` {`k59`: false, `k62`: true, `k61`: 808822836, `id`: 206, `k58`: true}]->(v);
MATCH (u:__mg_vertex__), (v:__mg_vertex__) WHERE u.__mg_id__ = 19263 AND v.__mg_id__ = 19214 CREATE (u)-[:`T1` {`id`: 295, `k52`: "KxF", `k55`: false, `k56`: true, `k54`: true, `k53`: "hSB", `k51`: "FhMS", `k57`: false}]->(v);
MATCH (u:__mg_vertex__), (v:__mg_vertex__) WHERE u.__mg_id__ = 19264 AND v.__mg_id__ = 19282 CREATE (u)-[:`T4` {`k70`: "K", `k72`: false, `k71`: false, `k69`: "s", `id`: 163, `k74`: false, `k73`: 1803149541}]->(v);
MATCH (u:__mg_vertex__), (v:__mg_vertex__) WHERE u.__mg_id__ = 19264 AND v.__mg_id__ = 19262 CREATE (u)-[:`T2` {`k60`: 1872414857, `k59`: true, `k62`: false, `k61`: 2075990605, `id`: 273, `k58`: true}]->(v);
MATCH (u:__mg_vertex__), (v:__mg_vertex__) WHERE u.__mg_id__ = 19265 AND v.__mg_id__ = 19325 CREATE (u)-[:`T3` {`k67`: false, `k68`: -1153945337, `k64`: false, `k63`: -353636081, `k65`: "ibgdxp", `id`: 225}]->(v);
MATCH (u:__mg_vertex__), (v:__mg_vertex__) WHERE u.__mg_id__ = 19266 AND v.__mg_id__ = 19222 CREATE (u)-[:`T3` {`k67`: false, `k66`: "72", `k68`: 1303498188, `k64`: false, `k63`: 1973459698, `k65`: "oc", `id`: 217}]->(v);
MATCH (u:__mg_vertex__), (v:__mg_vertex__) WHERE u.__mg_id__ = 19266 AND v.__mg_id__ = 19328 CREATE (u)-[:`T3` {`k67`: false, `k66`: "b", `k68`: 95301352, `k64`: false, `k63`: -876263357, `k65`: "r", `id`: 301}]->(v);
MATCH (u:__mg_vertex__), (v:__mg_vertex__) WHERE u.__mg_id__ = 19267 AND v.__mg_id__ = 19297 CREATE (u)-[:`T1` {`id`: 234, `k52`: "G", `k55`: false, `k56`: false, `k54`: true, `k53`: "X", `k51`: "2FJ7RJ", `k57`: true}]->(v);
MATCH (u:__mg_vertex__), (v:__mg_vertex__) WHERE u.__mg_id__ = 19267 AND v.__mg_id__ = 19277 CREATE (u)-[:`T2` {`k60`: -87111947, `k59`: true, `k62`: false, `k61`: -1521689523, `id`: 278, `k58`: false}]->(v);
MATCH (u:__mg_vertex__), (v:__mg_vertex__) WHERE u.__mg_id__ = 19268 AND v.__mg_id__ = 19269 CREATE (u)-[:`T2` {`k60`: 1577879321, `k59`: false, `k62`: false, `k61`: 118210237, `id`: 145, `k58`: false}]->(v);
MATCH (u:__mg_vertex__), (v:__mg_vertex__) WHERE u.__mg_id__ = 19268 AND v.__mg_id__ = 19293 CREATE (u)-[:`T3` {`k67`: true, `k66`: "c", `k68`: -1829588567, `k64`: false, `k63`: 687228980, `k65`: "bs", `id`: 266}]->(v);
MATCH (u:__mg_vertex__), (v:__mg_vertex__) WHERE u.__mg_id__ = 19269 AND v.__mg_id__ = 19285 CREATE (u)-[:`T1` {`id`: 186, `k52`: "1", `k55`: false, `k56`: true, `k54`: true, `k53`: "XsAlxSi", `k51`: "mC", `k57`: false}]->(v);
MATCH (u:__mg_vertex__), (v:__mg_vertex__) WHERE u.__mg_id__ = 19269 AND v.__mg_id__ = 19266 CREATE (u)-[:`T0` {`k46`: true, `id`: 221, `k45`: true, `k49`: -280249186, `k50`: -2010328721, `k47`: "6VC", `k48`: "N4"}]->(v);
MATCH (u:__mg_vertex__), (v:__mg_vertex__) WHERE u.__mg_id__ = 19271 AND v.__mg_id__ = 19282 CREATE (u)-[:`T0` {`k46`: true, `id`: 201, `k45`: false, `k49`: 2131821849, `k50`: -1690184011, `k48`: "LAkd12iM"}]->(v);
MATCH (u:__mg_vertex__), (v:__mg_vertex__) WHERE u.__mg_id__ = 19271 AND v.__mg_id__ = 19240 CREATE (u)-[:`T1` {`id`: 298, `k52`: "Y", `k55`: false, `k56`: true, `k54`: true, `k53`: "yrDFxsE", `k51`: "M", `k57`: false}]->(v);
MATCH (u:__mg_vertex__), (v:__mg_vertex__) WHERE u.__mg_id__ = 19272 AND v.__mg_id__ = 19308 CREATE (u)-[:`T0` {`k46`: true, `id`: 226, `k45`: true, `k49`: 505968148, `k50`: -781830858, `k47`: "Cl", `k48`: "xpOtr"}]->(v);
MATCH (u:__mg_vertex__), (v:__mg_vertex__) WHERE u.__mg_id__ = 19272 AND v.__mg_id__ = 19309 CREATE (u)-[:`T3` {`k67`: true, `k66`: "AI", `k68`: -1285503855, `k64`: true, `k63`: -427364434, `k65`: "ibgdxp", `id`: 255}]->(v);
MATCH (u:__mg_vertex__), (v:__mg_vertex__) WHERE u.__mg_id__ = 19272 AND v.__mg_id__ = 19211 CREATE (u)-[:`T4` {`k70`: "MvP", `k72`: true, `k71`: false, `k69`: "tBh8OoxB2", `id`: 261, `k74`: true, `k73`: 565061311}]->(v);
MATCH (u:__mg_vertex__), (v:__mg_vertex__) WHERE u.__mg_id__ = 19279 AND v.__mg_id__ = 19256 CREATE (u)-[:`T4` {`k70`: "R", `k72`: true, `k71`: false, `k69`: "5", `id`: 185, `k74`: false, `k73`: 1369818557}]->(v);
MATCH (u:__mg_vertex__), (v:__mg_vertex__) WHERE u.__mg_id__ = 19279 AND v.__mg_id__ = 19287 CREATE (u)-[:`T0` {`k46`: true, `id`: 294, `k45`: false, `k49`: -1423182128, `k50`: -1889800748, `k47`: "qQUV0Jnko", `k48`: "3Ege"}]->(v);
MATCH (u:__mg_vertex__), (v:__mg_vertex__) WHERE u.__mg_id__ = 19281 AND v.__mg_id__ = 19226 CREATE (u)-[:`T1` {`id`: 239, `k52`: "1", `k56`: true, `k54`: true, `k53`: "yrDFxsE", `k51`: "NKiB", `k57`: false}]->(v);
MATCH (u:__mg_vertex__), (v:__mg_vertex__) WHERE u.__mg_id__ = 19281 AND v.__mg_id__ = 19264 CREATE (u)-[:`T3` {`k67`: true, `k66`: "aj", `k68`: -1829588567, `k64`: true, `k63`: -2119987339, `k65`: "oc", `id`: 249}]->(v);
MATCH (u:__mg_vertex__), (v:__mg_vertex__) WHERE u.__mg_id__ = 19281 AND v.__mg_id__ = 19273 CREATE (u)-[:`T0` {`k46`: true, `id`: 279, `k45`: true, `k49`: -1598597662, `k50`: -1916041886, `k48`: "SVU"}]->(v);
MATCH (u:__mg_vertex__), (v:__mg_vertex__) WHERE u.__mg_id__ = 19282 AND v.__mg_id__ = 19216 CREATE (u)-[:`T1` {`id`: 138, `k55`: true, `k56`: true, `k54`: false, `k53`: "C", `k51`: "b", `k57`: false}]->(v);
MATCH (u:__mg_vertex__), (v:__mg_vertex__) WHERE u.__mg_id__ = 19282 AND v.__mg_id__ = 19276 CREATE (u)-[:`T2` {`k60`: -1364905425, `k59`: true, `k62`: false, `k61`: 1812782107, `id`: 159, `k58`: false}]->(v);
MATCH (u:__mg_vertex__), (v:__mg_vertex__) WHERE u.__mg_id__ = 19282 AND v.__mg_id__ = 19329 CREATE (u)-[:`T4` {`k70`: "Id", `k72`: true, `k71`: false, `k69`: "A3qbq", `id`: 254, `k74`: false, `k73`: 108750410}]->(v);
MATCH (u:__mg_vertex__), (v:__mg_vertex__) WHERE u.__mg_id__ = 19283 AND v.__mg_id__ = 19321 CREATE (u)-[:`T2` {`k60`: -1665336398, `k59`: true, `k62`: false, `k61`: 706320467, `id`: 198, `k58`: true}]->(v);
MATCH (u:__mg_vertex__), (v:__mg_vertex__) WHERE u.__mg_id__ = 19284 AND v.__mg_id__ = 19285 CREATE (u)-[:`T3` {`k67`: false, `k66`: "AI", `k68`: -605237296, `k64`: true, `k63`: 687228980, `k65`: "j7lV", `id`: 303}]->(v);
MATCH (u:__mg_vertex__), (v:__mg_vertex__) WHERE u.__mg_id__ = 19285 AND v.__mg_id__ = 19277 CREATE (u)-[:`T4` {`k70`: "5", `k72`: false, `k71`: true, `k69`: "5", `id`: 251, `k74`: true, `k73`: 1009474669}]->(v);
MATCH (u:__mg_vertex__), (v:__mg_vertex__) WHERE u.__mg_id__ = 19288 AND v.__mg_id__ = 19242 CREATE (u)-[:`T3` {`k67`: false, `k66`: "72", `k68`: -420400350, `k64`: false, `k63`: 687228980, `k65`: "bs", `id`: 193}]->(v);
MATCH (u:__mg_vertex__), (v:__mg_vertex__) WHERE u.__mg_id__ = 19288 AND v.__mg_id__ = 19318 CREATE (u)-[:`T3` {`k67`: false, `k66`: "zW", `k68`: 1303498188, `k64`: false, `k63`: -532359519, `k65`: "j7lV", `id`: 248}]->(v);
MATCH (u:__mg_vertex__), (v:__mg_vertex__) WHERE u.__mg_id__ = 19289 AND v.__mg_id__ = 19253 CREATE (u)-[:`T2` {`k60`: -1665336398, `k59`: false, `k62`: true, `k61`: -1494481935, `id`: 288, `k58`: false}]->(v);
MATCH (u:__mg_vertex__), (v:__mg_vertex__) WHERE u.__mg_id__ = 19293 AND v.__mg_id__ = 19326 CREATE (u)-[:`T2` {`k60`: 1872414857, `k62`: false, `k61`: 808822836, `id`: 189, `k58`: true}]->(v);
MATCH (u:__mg_vertex__), (v:__mg_vertex__) WHERE u.__mg_id__ = 19293 AND v.__mg_id__ = 19226 CREATE (u)-[:`T3` {`k67`: false, `k66`: "6", `k68`: 185575929, `k63`: -1576943628, `id`: 290}]->(v);
MATCH (u:__mg_vertex__), (v:__mg_vertex__) WHERE u.__mg_id__ = 19294 AND v.__mg_id__ = 19251 CREATE (u)-[:`T4` {`k70`: "MvP", `k71`: false, `k69`: "46hRK", `id`: 246, `k74`: true, `k73`: 1369818557}]->(v);
MATCH (u:__mg_vertex__), (v:__mg_vertex__) WHERE u.__mg_id__ = 19296 AND v.__mg_id__ = 19289 CREATE (u)-[:`T3` {`k67`: true, `k66`: "72", `k64`: false, `k63`: -65169760, `k65`: "S", `id`: 168}]->(v);
MATCH (u:__mg_vertex__), (v:__mg_vertex__) WHERE u.__mg_id__ = 19296 AND v.__mg_id__ = 19237 CREATE (u)-[:`T0` {`k46`: false, `id`: 183, `k45`: false, `k49`: 744100063, `k50`: -1071803674, `k48`: "3Ege"}]->(v);
MATCH (u:__mg_vertex__), (v:__mg_vertex__) WHERE u.__mg_id__ = 19296 AND v.__mg_id__ = 19273 CREATE (u)-[:`T3` {`k67`: true, `k66`: "gc", `k68`: 1182934914, `k64`: false, `k63`: -2119987339, `k65`: "NT", `id`: 275}]->(v);
MATCH (u:__mg_vertex__), (v:__mg_vertex__) WHERE u.__mg_id__ = 19298 AND v.__mg_id__ = 19280 CREATE (u)-[:`T3` {`k67`: false, `k66`: "7FbJ6P", `k68`: -1285503855, `k64`: false, `k63`: 687228980, `k65`: "jT", `id`: 146}]->(v);
MATCH (u:__mg_vertex__), (v:__mg_vertex__) WHERE u.__mg_id__ = 19298 AND v.__mg_id__ = 19225 CREATE (u)-[:`T3` {`k67`: true, `k66`: "c", `k68`: 297614715, `k64`: true, `k63`: 1265492726, `k65`: "n", `id`: 260}]->(v);
MATCH (u:__mg_vertex__), (v:__mg_vertex__) WHERE u.__mg_id__ = 19300 AND v.__mg_id__ = 19310 CREATE (u)-[:`T1` {`id`: 293, `k52`: "G", `k55`: true, `k56`: false, `k54`: false, `k53`: "T", `k51`: "zMN", `k57`: false}]->(v);
MATCH (u:__mg_vertex__), (v:__mg_vertex__) WHERE u.__mg_id__ = 19301 AND v.__mg_id__ = 19300 CREATE (u)-[:`T4` {`k70`: "K", `k72`: false, `k71`: true, `k69`: "WCnRUAkio", `id`: 157, `k73`: -1599423324}]->(v);
MATCH (u:__mg_vertex__), (v:__mg_vertex__) WHERE u.__mg_id__ = 19301 AND v.__mg_id__ = 19284 CREATE (u)-[:`T3` {`k67`: true, `k66`: "X6g1", `k68`: 297614715, `k64`: false, `k65`: "w", `id`: 174}]->(v);
MATCH (u:__mg_vertex__), (v:__mg_vertex__) WHERE u.__mg_id__ = 19301 AND v.__mg_id__ = 19303 CREATE (u)-[:`T3` {`k67`: true, `k66`: "7", `k68`: 297614715, `k64`: false, `k63`: -1013102395, `k65`: "n", `id`: 252}]->(v);
MATCH (u:__mg_vertex__), (v:__mg_vertex__) WHERE u.__mg_id__ = 19301 AND v.__mg_id__ = 19266 CREATE (u)-[:`T1` {`id`: 257, `k52`: "t", `k55`: true, `k56`: false, `k54`: false, `k53`: "T", `k51`: "l", `k57`: false}]->(v);
MATCH (u:__mg_vertex__), (v:__mg_vertex__) WHERE u.__mg_id__ = 19301 AND v.__mg_id__ = 19249 CREATE (u)-[:`T2` {`k60`: -576109046, `k59`: false, `k62`: false, `k61`: 821573758, `id`: 284, `k58`: false}]->(v);
MATCH (u:__mg_vertex__), (v:__mg_vertex__) WHERE u.__mg_id__ = 19302 AND v.__mg_id__ = 19219 CREATE (u)-[:`T3` {`k67`: true, `k66`: "6", `k68`: -420400350, `k63`: -427364434, `k65`: "O3QZ", `id`: 165}]->(v);
MATCH (u:__mg_vertex__), (v:__mg_vertex__) WHERE u.__mg_id__ = 19302 AND v.__mg_id__ = 19276 CREATE (u)-[:`T0` {`k46`: true, `id`: 203, `k45`: false, `k49`: 894644560, `k50`: -2010328721, `k47`: "mhSn", `k48`: "V6ybxDXp"}]->(v);
MATCH (u:__mg_vertex__), (v:__mg_vertex__) WHERE u.__mg_id__ = 19302 AND v.__mg_id__ = 19271 CREATE (u)-[:`T3` {`k67`: false, `k66`: "6", `k64`: false, `k63`: -1069362842, `k65`: "r", `id`: 305}]->(v);
MATCH (u:__mg_vertex__), (v:__mg_vertex__) WHERE u.__mg_id__ = 19303 AND v.__mg_id__ = 19214 CREATE (u)-[:`T2` {`k60`: -917714930, `k59`: false, `k62`: false, `k61`: 814603832, `id`: 197, `k58`: false}]->(v);
MATCH (u:__mg_vertex__), (v:__mg_vertex__) WHERE u.__mg_id__ = 19304 AND v.__mg_id__ = 19225 CREATE (u)-[:`T4` {`k70`: "MvP", `k72`: false, `k71`: true, `k69`: "q", `id`: 296, `k74`: false, `k73`: -38062328}]->(v);
MATCH (u:__mg_vertex__), (v:__mg_vertex__) WHERE u.__mg_id__ = 19305 AND v.__mg_id__ = 19311 CREATE (u)-[:`T2` {`k60`: 904865469, `k59`: true, `k62`: true, `k61`: -977530205, `id`: 149, `k58`: false}]->(v);
MATCH (u:__mg_vertex__), (v:__mg_vertex__) WHERE u.__mg_id__ = 19306 AND v.__mg_id__ = 19206 CREATE (u)-[:`T4` {`k70`: "9", `k72`: false, `k71`: true, `k69`: "s", `id`: 191, `k74`: false, `k73`: 414481007}]->(v);
MATCH (u:__mg_vertex__), (v:__mg_vertex__) WHERE u.__mg_id__ = 19306 AND v.__mg_id__ = 19269 CREATE (u)-[:`T1` {`id`: 232, `k52`: "KxF", `k55`: true, `k56`: false, `k54`: true, `k53`: "nqvlgZZ", `k51`: "98A", `k57`: false}]->(v);
MATCH (u:__mg_vertex__), (v:__mg_vertex__) WHERE u.__mg_id__ = 19307 AND v.__mg_id__ = 19327 CREATE (u)-[:`T4` {`k70`: "9", `k72`: true, `k71`: true, `k69`: "WCnRUAkio", `id`: 155, `k74`: true, `k73`: -982462804}]->(v);
MATCH (u:__mg_vertex__), (v:__mg_vertex__) WHERE u.__mg_id__ = 19308 AND v.__mg_id__ = 19225 CREATE (u)-[:`T3` {`k67`: false, `k66`: "zW", `k68`: 219713541, `k64`: false, `k63`: 1973459698, `k65`: "r", `id`: 245}]->(v);
MATCH (u:__mg_vertex__), (v:__mg_vertex__) WHERE u.__mg_id__ = 19309 AND v.__mg_id__ = 19226 CREATE (u)-[:`T1` {`id`: 141, `k52`: "r", `k55`: false, `k56`: false, `k54`: true, `k53`: "yD", `k51`: "j", `k57`: false}]->(v);
MATCH (u:__mg_vertex__), (v:__mg_vertex__) WHERE u.__mg_id__ = 19309 AND v.__mg_id__ = 19327 CREATE (u)-[:`T2` {`k60`: -87111947, `k59`: true, `k62`: true, `k61`: 808822836, `id`: 242, `k58`: false}]->(v);
MATCH (u:__mg_vertex__), (v:__mg_vertex__) WHERE u.__mg_id__ = 19309 AND v.__mg_id__ = 19232 CREATE (u)-[:`T1` {`id`: 243, `k52`: "7k", `k55`: false, `k56`: false, `k54`: false, `k53`: "mySETZ", `k51`: "I", `k57`: true}]->(v);
MATCH (u:__mg_vertex__), (v:__mg_vertex__) WHERE u.__mg_id__ = 19312 AND v.__mg_id__ = 19316 CREATE (u)-[:`T4` {`k70`: "R", `k72`: true, `k71`: true, `k69`: "t", `id`: 128, `k74`: true, `k73`: 1803149541}]->(v);
MATCH (u:__mg_vertex__), (v:__mg_vertex__) WHERE u.__mg_id__ = 19312 AND v.__mg_id__ = 19248 CREATE (u)-[:`T3` {`k67`: false, `k66`: "gc", `k68`: -1153945337, `k64`: false, `k63`: -1603612391, `k65`: "oc", `id`: 132}]->(v);
MATCH (u:__mg_vertex__), (v:__mg_vertex__) WHERE u.__mg_id__ = 19312 AND v.__mg_id__ = 19291 CREATE (u)-[:`T2` {`k60`: -1655445419, `k59`: true, `k62`: true, `k61`: -259107760, `id`: 176, `k58`: true}]->(v);
MATCH (u:__mg_vertex__), (v:__mg_vertex__) WHERE u.__mg_id__ = 19312 AND v.__mg_id__ = 19203 CREATE (u)-[:`T0` {`k46`: true, `id`: 231, `k45`: false, `k49`: 1109744195, `k50`: -1071803674, `k47`: "3", `k48`: "UbEYSKzrD"}]->(v);
MATCH (u:__mg_vertex__), (v:__mg_vertex__) WHERE u.__mg_id__ = 19314 AND v.__mg_id__ = 19277 CREATE (u)-[:`T0` {`k46`: true, `id`: 177, `k45`: false, `k49`: -2143461991, `k50`: -1366726634, `k47`: "3", `k48`: "3Ege"}]->(v);
MATCH (u:__mg_vertex__), (v:__mg_vertex__) WHERE u.__mg_id__ = 19315 AND v.__mg_id__ = 19312 CREATE (u)-[:`T2` {`k60`: -1749710617, `k59`: true, `k62`: true, `k61`: -1668549701, `id`: 171, `k58`: false}]->(v);
MATCH (u:__mg_vertex__), (v:__mg_vertex__) WHERE u.__mg_id__ = 19315 AND v.__mg_id__ = 19326 CREATE (u)-[:`T4` {`k70`: "TAocP", `k71`: false, `k69`: "46hRK", `id`: 215, `k74`: false, `k73`: -38062328}]->(v);
MATCH (u:__mg_vertex__), (v:__mg_vertex__) WHERE u.__mg_id__ = 19316 AND v.__mg_id__ = 19322 CREATE (u)-[:`T3` {`k67`: false, `k66`: "7", `k68`: -1829588567, `k64`: false, `k63`: 1973459698, `k65`: "n", `id`: 130}]->(v);
MATCH (u:__mg_vertex__), (v:__mg_vertex__) WHERE u.__mg_id__ = 19316 AND v.__mg_id__ = 19310 CREATE (u)-[:`T4` {`k70`: "MvP", `k72`: false, `k71`: false, `k69`: "pai5P", `id`: 230, `k74`: false, `k73`: 1803149541}]->(v);
MATCH (u:__mg_vertex__), (v:__mg_vertex__) WHERE u.__mg_id__ = 19316 AND v.__mg_id__ = 19306 CREATE (u)-[:`T4` {`k70`: "bkl", `k72`: false, `k71`: false, `k69`: "4", `id`: 277, `k74`: false, `k73`: 108750410}]->(v);
MATCH (u:__mg_vertex__), (v:__mg_vertex__) WHERE u.__mg_id__ = 19317 AND v.__mg_id__ = 19221 CREATE (u)-[:`T4` {`k70`: "R", `k72`: false, `k71`: true, `k69`: "4", `id`: 267, `k74`: false, `k73`: -1775464129}]->(v);
MATCH (u:__mg_vertex__), (v:__mg_vertex__) WHERE u.__mg_id__ = 19318 AND v.__mg_id__ = 19325 CREATE (u)-[:`T3` {`k67`: true, `k66`: "c", `k68`: -1972839310, `k64`: false, `k63`: -427364434, `k65`: "jT", `id`: 162}]->(v);
MATCH (u:__mg_vertex__), (v:__mg_vertex__) WHERE u.__mg_id__ = 19318 AND v.__mg_id__ = 19289 CREATE (u)-[:`T2` {`k60`: -1655445419, `k59`: true, `k62`: true, `k61`: -1668549701, `id`: 170, `k58`: false}]->(v);
MATCH (u:__mg_vertex__), (v:__mg_vertex__) WHERE u.__mg_id__ = 19319 AND v.__mg_id__ = 19309 CREATE (u)-[:`T4` {`k70`: "R", `k72`: false, `k71`: false, `k69`: "hziLgQ", `id`: 134, `k74`: false, `k73`: -1599423324}]->(v);
MATCH (u:__mg_vertex__), (v:__mg_vertex__) WHERE u.__mg_id__ = 19319 AND v.__mg_id__ = 19235 CREATE (u)-[:`T0` {`k46`: false, `id`: 180, `k45`: true, `k49`: -2143461991, `k50`: -1527835985, `k47`: "U", `k48`: "xaDVnjCT"}]->(v);
MATCH (u:__mg_vertex__), (v:__mg_vertex__) WHERE u.__mg_id__ = 19319 AND v.__mg_id__ = 19290 CREATE (u)-[:`T3` {`k67`: true, `k68`: 219713541, `k64`: false, `k63`: 687228980, `k65`: "j7lV", `id`: 205}]->(v);
MATCH (u:__mg_vertex__), (v:__mg_vertex__) WHERE u.__mg_id__ = 19319 AND v.__mg_id__ = 19311 CREATE (u)-[:`T3` {`k67`: false, `k66`: "q", `k68`: 798765722, `k64`: false, `k63`: -865832471, `k65`: "z7iYVEoP1", `id`: 238}]->(v);
MATCH (u:__mg_vertex__), (v:__mg_vertex__) WHERE u.__mg_id__ = 19319 AND v.__mg_id__ = 19246 CREATE (u)-[:`T1` {`id`: 286, `k52`: "r", `k55`: false, `k56`: true, `k54`: false, `k53`: "E", `k57`: false}]->(v);
MATCH (u:__mg_vertex__), (v:__mg_vertex__) WHERE u.__mg_id__ = 19320 AND v.__mg_id__ = 19280 CREATE (u)-[:`T1` {`id`: 222, `k52`: "0", `k55`: false, `k56`: true, `k54`: false, `k53`: "COT", `k51`: "mC", `k57`: true}]->(v);
MATCH (u:__mg_vertex__), (v:__mg_vertex__) WHERE u.__mg_id__ = 19320 AND v.__mg_id__ = 19266 CREATE (u)-[:`T4` {`k70`: "R", `k72`: false, `k71`: true, `k69`: "d5", `id`: 292, `k74`: true, `k73`: 414481007}]->(v);
MATCH (u:__mg_vertex__), (v:__mg_vertex__) WHERE u.__mg_id__ = 19321 AND v.__mg_id__ = 19248 CREATE (u)-[:`T2` {`k60`: -1680733121, `k59`: true, `k62`: true, `k61`: -1681353217, `id`: 218, `k58`: true}]->(v);
MATCH (u:__mg_vertex__), (v:__mg_vertex__) WHERE u.__mg_id__ = 19321 AND v.__mg_id__ = 19204 CREATE (u)-[:`T4` {`k70`: "MvP", `k72`: true, `k71`: false, `k69`: "WCnRUAkio", `id`: 253, `k74`: true, `k73`: -472330676}]->(v);
MATCH (u:__mg_vertex__), (v:__mg_vertex__) WHERE u.__mg_id__ = 19322 AND v.__mg_id__ = 19325 CREATE (u)-[:`T2` {`k60`: 538532364, `k59`: false, `k62`: true, `id`: 137, `k58`: true}]->(v);
MATCH (u:__mg_vertex__), (v:__mg_vertex__) WHERE u.__mg_id__ = 19322 AND v.__mg_id__ = 19205 CREATE (u)-[:`T1` {`id`: 250, `k52`: "luy93mKqj", `k55`: true, `k56`: true, `k54`: false, `k53`: "yD", `k51`: "l", `k57`: true}]->(v);
MATCH (u:__mg_vertex__), (v:__mg_vertex__) WHERE u.__mg_id__ = 19324 AND v.__mg_id__ = 19321 CREATE (u)-[:`T3` {`k67`: false, `k66`: "7FbJ6P", `k68`: -1972839310, `k64`: false, `k63`: 430348289, `k65`: "jT", `id`: 210}]->(v);
MATCH (u:__mg_vertex__), (v:__mg_vertex__) WHERE u.__mg_id__ = 19324 AND v.__mg_id__ = 19283 CREATE (u)-[:`T3` {`k67`: true, `k66`: "AI", `k68`: 1182934914, `k64`: true, `k63`: -2119987339, `k65`: "0P8UaVlP", `id`: 213}]->(v);
MATCH (u:__mg_vertex__), (v:__mg_vertex__) WHERE u.__mg_id__ = 19326 AND v.__mg_id__ = 19270 CREATE (u)-[:`T3` {`k67`: true, `k66`: "S", `k68`: 219713541, `k64`: true, `k63`: 152527701, `k65`: "n", `id`: 227}]->(v);
MATCH (u:__mg_vertex__), (v:__mg_vertex__) WHERE u.__mg_id__ = 19328 AND v.__mg_id__ = 19232 CREATE (u)-[:`T3` {`k67`: false, `k66`: "72", `k68`: 2063313861, `k64`: false, `k63`: 1973459698, `k65`: "LmwC", `id`: 153}]->(v);
MATCH (u:__mg_vertex__), (v:__mg_vertex__) WHERE u.__mg_id__ = 19328 AND v.__mg_id__ = 19286 CREATE (u)-[:`T3` {`k67`: false, `k66`: "fC", `k68`: 1303498188, `k64`: true, `k63`: -353636081, `k65`: "w", `id`: 161}]->(v);
MATCH (u:__mg_vertex__), (v:__mg_vertex__) WHERE u.__mg_id__ = 19328 AND v.__mg_id__ = 19275 CREATE (u)-[:`T4` {`k70`: "bkl", `k72`: false, `k71`: false, `id`: 167, `k74`: false, `k73`: -1599423324}]->(v);
MATCH (u:__mg_vertex__), (v:__mg_vertex__) WHERE u.__mg_id__ = 19328 AND v.__mg_id__ = 19239 CREATE (u)-[:`T2` {`k60`: -1179636605, `k59`: true, `k62`: false, `k61`: 706320467, `id`: 181}]->(v);
MATCH (u:__mg_vertex__), (v:__mg_vertex__) WHERE u.__mg_id__ = 19329 AND v.__mg_id__ = 19221 CREATE (u)-[:`T1` {`id`: 195, `k55`: false, `k56`: false, `k54`: false, `k53`: "dT", `k51`: "l", `k57`: false}]->(v);
MATCH (u:__mg_vertex__), (v:__mg_vertex__) WHERE u.__mg_id__ = 19329 AND v.__mg_id__ = 19235 CREATE (u)-[:`T3` {`k67`: true, `k66`: "L", `k68`: -806316129, `k64`: true, `k63`: -1576943628, `k65`: "NT", `id`: 208}]->(v);
DROP INDEX ON :__mg_vertex__(__mg_id__);
MATCH (u) REMOVE u:__mg_vertex__, u.__mg_id__;